<testsuites id="" name="" tests="162" failures="103" skipped="0" errors="0" time="13.485903">
<testsuite name="critical-requirements\audit-trail.spec.ts" timestamp="2026-02-03T14:11:50.997Z" hostname="chromium" tests="5" failures="5" skipped="0" time="0.588" errors="0">
<testcase name="Critical Requirement: Audit Trail (Immutable PostgreSQL Logs) › User Action Logging › Should log user registration" classname="critical-requirements\audit-trail.spec.ts" time="0.1">
<failure message="audit-trail.spec.ts:7:9 Should log user registration" type="FAILURE">
<![CDATA[  [chromium] › critical-requirements\audit-trail.spec.ts:7:9 › Critical Requirement: Audit Trail (Immutable PostgreSQL Logs) › User Action Logging › Should log user registration 

    Error: expect(received).toBeDefined()

    Received: undefined

      20 |
      21 |       expect(registerResponse.ok).toBe(true);
    > 22 |       expect(registerResponse.data?.userId).toBeDefined();
         |                                             ^
      23 |       console.log(`✓ Registration logged for user: ${testUser.email}`);
      24 |
      25 |       // Verify audit log exists
        at C:\repos\patriotchat\apps\api-e2e\src\critical-requirements\audit-trail.spec.ts:22:45
]]>
</failure>
</testcase>
<testcase name="Critical Requirement: Audit Trail (Immutable PostgreSQL Logs) › User Action Logging › Should log user login" classname="critical-requirements\audit-trail.spec.ts" time="0.166">
<failure message="audit-trail.spec.ts:39:9 Should log user login" type="FAILURE">
<![CDATA[  [chromium] › critical-requirements\audit-trail.spec.ts:39:9 › Critical Requirement: Audit Trail (Immutable PostgreSQL Logs) › User Action Logging › Should log user login 

    Error: expect(received).toBe(expected) // Object.is equality

    Expected: true
    Received: false

      75 |       });
      76 |
    > 77 |       expect(auditResponse.ok).toBe(true);
         |                                ^
      78 |       const logs = auditResponse.data?.logs || [];
      79 |       expect(logs.length).toBeGreaterThan(0);
      80 |       console.log(
        at C:\repos\patriotchat\apps\api-e2e\src\critical-requirements\audit-trail.spec.ts:77:32
]]>
</failure>
<system-out>
<![CDATA[✓ Login logged for user: testuser_1770127912330_1@test.patriotchat.com
]]>
</system-out>
</testcase>
<testcase name="Critical Requirement: Audit Trail (Immutable PostgreSQL Logs) › Query Tracking › Should track LLM inference queries" classname="critical-requirements\audit-trail.spec.ts" time="0.107">
<failure message="audit-trail.spec.ts:87:9 Should track LLM inference queries" type="FAILURE">
<![CDATA[  [chromium] › critical-requirements\audit-trail.spec.ts:87:9 › Critical Requirement: Audit Trail (Immutable PostgreSQL Logs) › Query Tracking › Should track LLM inference queries 

    Error: expect(received).toBe(expected) // Object.is equality

    Expected: true
    Received: false

      115 |       });
      116 |
    > 117 |       expect(inferenceResponse.ok).toBe(true);
          |                                    ^
      118 |       console.log(`✓ Inference query executed and tracked`);
      119 |
      120 |       // Verify tracking in analytics
        at C:\repos\patriotchat\apps\api-e2e\src\critical-requirements\audit-trail.spec.ts:117:36
]]>
</failure>
</testcase>
<testcase name="Critical Requirement: Audit Trail (Immutable PostgreSQL Logs) › Log Integrity › Logs should be immutable (no modification possible)" classname="critical-requirements\audit-trail.spec.ts" time="0.116">
<failure message="audit-trail.spec.ts:133:9 Logs should be immutable (no modification possible)" type="FAILURE">
<![CDATA[  [chromium] › critical-requirements\audit-trail.spec.ts:133:9 › Critical Requirement: Audit Trail (Immutable PostgreSQL Logs) › Log Integrity › Logs should be immutable (no modification possible) 

    Error: expect(received).toBe(expected) // Object.is equality

    Expected: 403
    Received: 404

      159 |
      160 |       // Should be forbidden
    > 161 |       expect(modifyResponse.status).toBe(403);
          |                                     ^
      162 |       console.log(
      163 |         `✓ Audit logs are protected from modification (status: ${modifyResponse.status})`,
      164 |       );
        at C:\repos\patriotchat\apps\api-e2e\src\critical-requirements\audit-trail.spec.ts:161:37
]]>
</failure>
</testcase>
<testcase name="Critical Requirement: Audit Trail (Immutable PostgreSQL Logs) › Log Integrity › All audit operations should be timestamped" classname="critical-requirements\audit-trail.spec.ts" time="0.099">
<failure message="audit-trail.spec.ts:167:9 All audit operations should be timestamped" type="FAILURE">
<![CDATA[  [chromium] › critical-requirements\audit-trail.spec.ts:167:9 › Critical Requirement: Audit Trail (Immutable PostgreSQL Logs) › Log Integrity › All audit operations should be timestamped 

    Error: expect(received).toBe(expected) // Object.is equality

    Expected: true
    Received: false

      188 |       });
      189 |
    > 190 |       expect(auditResponse.ok).toBe(true);
          |                                ^
      191 |       const logs = auditResponse.data?.logs || [];
      192 |
      193 |       // Verify all logs have timestamps
        at C:\repos\patriotchat\apps\api-e2e\src\critical-requirements\audit-trail.spec.ts:190:32
]]>
</failure>
</testcase>
</testsuite>
<testsuite name="critical-requirements\database.spec.ts" timestamp="2026-02-03T14:11:50.997Z" hostname="chromium" tests="7" failures="5" skipped="0" time="0.819" errors="0">
<testcase name="Critical Requirement: Database (PostgreSQL with Connection Pooling) › Connection Pooling › Should handle concurrent requests efficiently" classname="critical-requirements\database.spec.ts" time="0.162">
<system-out>
<![CDATA[✓ All 10 concurrent requests succeeded
]]>
</system-out>
</testcase>
<testcase name="Critical Requirement: Database (PostgreSQL with Connection Pooling) › Connection Pooling › Connection pool should recover after spike" classname="critical-requirements\database.spec.ts" time="0.278">
<system-out>
<![CDATA[✓ First spike succeeded (5 requests)
✓ Pool recovered - second spike succeeded (5 requests)
]]>
</system-out>
</testcase>
<testcase name="Critical Requirement: Database (PostgreSQL with Connection Pooling) › Data Persistence › Stored data should persist across requests" classname="critical-requirements\database.spec.ts" time="0.098">
<failure message="database.spec.ts:90:9 Stored data should persist across requests" type="FAILURE">
<![CDATA[  [chromium] › critical-requirements\database.spec.ts:90:9 › Critical Requirement: Database (PostgreSQL with Connection Pooling) › Data Persistence › Stored data should persist across requests 

    Error: expect(received).toBe(expected) // Object.is equality

    Expected: true
    Received: false

      114 |       });
      115 |
    > 116 |       expect(profileResponse.ok).toBe(true);
          |                                  ^
      117 |       expect(profileResponse.data?.email).toBe(email);
      118 |       console.log(`✓ User data persisted: ${email}`);
      119 |     });
        at C:\repos\patriotchat\apps\api-e2e\src\critical-requirements\database.spec.ts:116:34
]]>
</failure>
</testcase>
<testcase name="Critical Requirement: Database (PostgreSQL with Connection Pooling) › Data Persistence › Multiple database operations should maintain consistency" classname="critical-requirements\database.spec.ts" time="0.1">
<failure message="database.spec.ts:121:9 Multiple database operations should maintain consistency" type="FAILURE">
<![CDATA[  [chromium] › critical-requirements\database.spec.ts:121:9 › Critical Requirement: Database (PostgreSQL with Connection Pooling) › Data Persistence › Multiple database operations should maintain consistency 

    Error: expect(received).toBe(expected) // Object.is equality

    Expected: true
    Received: false

      147 |       });
      148 |
    > 149 |       expect(updateResponse.ok).toBe(true);
          |                                 ^
      150 |
      151 |       // Operation 3: Verify update
      152 |       const profileResponse = await apiRequest({
        at C:\repos\patriotchat\apps\api-e2e\src\critical-requirements\database.spec.ts:149:33
]]>
</failure>
</testcase>
<testcase name="Critical Requirement: Database (PostgreSQL with Connection Pooling) › Query Performance › Database queries should execute quickly" classname="critical-requirements\database.spec.ts" time="0.096">
<failure message="database.spec.ts:165:9 Database queries should execute quickly" type="FAILURE">
<![CDATA[  [chromium] › critical-requirements\database.spec.ts:165:9 › Critical Requirement: Database (PostgreSQL with Connection Pooling) › Query Performance › Database queries should execute quickly 

    Error: expect(received).toBe(expected) // Object.is equality

    Expected: true
    Received: false

      192 |       const queryTime = performance.now() - startTime;
      193 |
    > 194 |       expect(profileResponse.ok).toBe(true);
          |                                  ^
      195 |       expect(queryTime).toBeLessThan(500); // Should be under 500ms
      196 |       console.log(`✓ Query executed in ${queryTime.toFixed(2)}ms`);
      197 |     });
        at C:\repos\patriotchat\apps\api-e2e\src\critical-requirements\database.spec.ts:194:34
]]>
</failure>
</testcase>
<testcase name="Critical Requirement: Database (PostgreSQL with Connection Pooling) › Database Health › PostgreSQL connection should be healthy" classname="critical-requirements\database.spec.ts" time="0.04">
<failure message="database.spec.ts:201:9 PostgreSQL connection should be healthy" type="FAILURE">
<![CDATA[  [chromium] › critical-requirements\database.spec.ts:201:9 › Critical Requirement: Database (PostgreSQL with Connection Pooling) › Database Health › PostgreSQL connection should be healthy 

    Error: expect(received).toBeDefined()

    Received: undefined

      207 |
      208 |       expect(response.ok).toBe(true);
    > 209 |       expect(response.data?.database).toBeDefined();
          |                                       ^
      210 |       console.log(`✓ Database health: OK`);
      211 |     });
      212 |
        at C:\repos\patriotchat\apps\api-e2e\src\critical-requirements\database.spec.ts:209:39
]]>
</failure>
</testcase>
<testcase name="Critical Requirement: Database (PostgreSQL with Connection Pooling) › Database Health › Connection pool status should be available" classname="critical-requirements\database.spec.ts" time="0.045">
<failure message="database.spec.ts:213:9 Connection pool status should be available" type="FAILURE">
<![CDATA[  [chromium] › critical-requirements\database.spec.ts:213:9 › Critical Requirement: Database (PostgreSQL with Connection Pooling) › Database Health › Connection pool status should be available 

    Error: expect(received).toBe(expected) // Object.is equality

    Expected: true
    Received: false

      218 |       });
      219 |
    > 220 |       expect(response.ok).toBe(true);
          |                           ^
      221 |       expect(response.data?.poolSize).toBeDefined();
      222 |       expect(response.data?.activeConnections).toBeDefined();
      223 |       console.log(
        at C:\repos\patriotchat\apps\api-e2e\src\critical-requirements\database.spec.ts:220:27
]]>
</failure>
</testcase>
</testsuite>
<testsuite name="critical-requirements\llm-selector.spec.ts" timestamp="2026-02-03T14:11:50.997Z" hostname="chromium" tests="10" failures="6" skipped="0" time="0.588" errors="0">
<testcase name="Critical Requirement: LLM Model Selector › Model Availability › Should list available LLM models" classname="critical-requirements\llm-selector.spec.ts" time="0.03">
<system-out>
<![CDATA[✓ Available models: llama2, mistral, neural-chat
]]>
</system-out>
</testcase>
<testcase name="Critical Requirement: LLM Model Selector › Model Availability › Should include required models" classname="critical-requirements\llm-selector.spec.ts" time="0.028">
<system-out>
<![CDATA[✓ All required models present: llama2, mistral, neural-chat
]]>
</system-out>
</testcase>
<testcase name="Critical Requirement: LLM Model Selector › Model Availability › Model selector should be accessible via API" classname="critical-requirements\llm-selector.spec.ts" time="0.028">
<system-out>
<![CDATA[✓ Model selector API operational
]]>
</system-out>
</testcase>
<testcase name="Critical Requirement: LLM Model Selector › Model Selection › Should execute inference with llama2 model" classname="critical-requirements\llm-selector.spec.ts" time="0.094">
<failure message="llm-selector.spec.ts:57:9 Should execute inference with llama2 model" type="FAILURE">
<![CDATA[  [chromium] › critical-requirements\llm-selector.spec.ts:57:9 › Critical Requirement: LLM Model Selector › Model Selection › Should execute inference with llama2 model 

    Error: expect(received).toBe(expected) // Object.is equality

    Expected: true
    Received: false

      85 |       });
      86 |
    > 87 |       expect(queryResponse.ok).toBe(true);
         |                                ^
      88 |       expect(queryResponse.data?.response).toBeDefined();
      89 |       console.log(`✓ Inference successful with llama2 model`);
      90 |     });
        at C:\repos\patriotchat\apps\api-e2e\src\critical-requirements\llm-selector.spec.ts:87:32
]]>
</failure>
</testcase>
<testcase name="Critical Requirement: LLM Model Selector › Model Selection › Should execute inference with mistral model" classname="critical-requirements\llm-selector.spec.ts" time="0.062">
<failure message="llm-selector.spec.ts:92:9 Should execute inference with mistral model" type="FAILURE">
<![CDATA[  [chromium] › critical-requirements\llm-selector.spec.ts:92:9 › Critical Requirement: LLM Model Selector › Model Selection › Should execute inference with mistral model 

    Error: expect(received).toBe(expected) // Object.is equality

    Expected: true
    Received: false

      120 |       });
      121 |
    > 122 |       expect(queryResponse.ok).toBe(true);
          |                                ^
      123 |       expect(queryResponse.data?.response).toBeDefined();
      124 |       console.log(`✓ Inference successful with mistral model`);
      125 |     });
        at C:\repos\patriotchat\apps\api-e2e\src\critical-requirements\llm-selector.spec.ts:122:32
]]>
</failure>
</testcase>
<testcase name="Critical Requirement: LLM Model Selector › Model Selection › Should execute inference with neural-chat model" classname="critical-requirements\llm-selector.spec.ts" time="0.1">
<failure message="llm-selector.spec.ts:127:9 Should execute inference with neural-chat model" type="FAILURE">
<![CDATA[  [chromium] › critical-requirements\llm-selector.spec.ts:127:9 › Critical Requirement: LLM Model Selector › Model Selection › Should execute inference with neural-chat model 

    Error: expect(received).toBe(expected) // Object.is equality

    Expected: true
    Received: false

      155 |       });
      156 |
    > 157 |       expect(queryResponse.ok).toBe(true);
          |                                ^
      158 |       expect(queryResponse.data?.response).toBeDefined();
      159 |       console.log(`✓ Inference successful with neural-chat model`);
      160 |     });
        at C:\repos\patriotchat\apps\api-e2e\src\critical-requirements\llm-selector.spec.ts:157:32
]]>
</failure>
</testcase>
<testcase name="Critical Requirement: LLM Model Selector › Model Configuration › Should handle invalid model gracefully" classname="critical-requirements\llm-selector.spec.ts" time="0.093">
<failure message="llm-selector.spec.ts:164:9 Should handle invalid model gracefully" type="FAILURE">
<![CDATA[  [chromium] › critical-requirements\llm-selector.spec.ts:164:9 › Critical Requirement: LLM Model Selector › Model Configuration › Should handle invalid model gracefully 

    Error: expect(received).toBe(expected) // Object.is equality

    Expected: 400
    Received: 404

      193 |
      194 |       expect(queryResponse.ok).toBe(false);
    > 195 |       expect(queryResponse.status).toBe(400);
          |                                    ^
      196 |       console.log(
      197 |         `✓ Invalid model rejected with status ${queryResponse.status}`,
      198 |       );
        at C:\repos\patriotchat\apps\api-e2e\src\critical-requirements\llm-selector.spec.ts:195:36
]]>
</failure>
</testcase>
<testcase name="Critical Requirement: LLM Model Selector › Model Configuration › Model metadata should be available" classname="critical-requirements\llm-selector.spec.ts" time="0.029">
<failure message="llm-selector.spec.ts:201:9 Model metadata should be available" type="FAILURE">
<![CDATA[  [chromium] › critical-requirements\llm-selector.spec.ts:201:9 › Critical Requirement: LLM Model Selector › Model Configuration › Model metadata should be available 

    Error: expect(received).toBe(expected) // Object.is equality

    Expected: true
    Received: false

      206 |       });
      207 |
    > 208 |       expect(response.ok).toBe(true);
          |                           ^
      209 |       expect(response.data?.models).toBeDefined();
      210 |       expect(Array.isArray(response.data?.models)).toBe(true);
      211 |
        at C:\repos\patriotchat\apps\api-e2e\src\critical-requirements\llm-selector.spec.ts:208:27
]]>
</failure>
</testcase>
<testcase name="Critical Requirement: LLM Model Selector › Frontend Integration › Model selector should be available on frontend" classname="critical-requirements\llm-selector.spec.ts" time="0.029">
<system-out>
<![CDATA[✓ Model selector backend API available for frontend integration
]]>
</system-out>
</testcase>
<testcase name="Critical Requirement: LLM Model Selector › Frontend Integration › Should support model switching during session" classname="critical-requirements\llm-selector.spec.ts" time="0.095">
<failure message="llm-selector.spec.ts:240:9 Should support model switching during session" type="FAILURE">
<![CDATA[  [chromium] › critical-requirements\llm-selector.spec.ts:240:9 › Critical Requirement: LLM Model Selector › Frontend Integration › Should support model switching during session 

    Error: expect(received).toBe(expected) // Object.is equality

    Expected: true
    Received: false

      268 |       });
      269 |
    > 270 |       expect(query1.ok).toBe(true);
          |                         ^
      271 |
      272 |       // Query with model 2 (switch)
      273 |       const query2 = await apiRequest({
        at C:\repos\patriotchat\apps\api-e2e\src\critical-requirements\llm-selector.spec.ts:270:25
]]>
</failure>
</testcase>
</testsuite>
<testsuite name="critical-requirements\performance.spec.ts" timestamp="2026-02-03T14:11:50.997Z" hostname="chromium" tests="8" failures="6" skipped="0" time="0.16" errors="0">
<testcase name="Critical Requirement: Performance (Auth &lt; 100ms) › Service Latency › Auth service should respond in under 100ms" classname="critical-requirements\performance.spec.ts" time="0.025">
<failure message="performance.spec.ts:7:9 Auth service should respond in under 100ms" type="FAILURE">
<![CDATA[  [chromium] › critical-requirements\performance.spec.ts:7:9 › Critical Requirement: Performance (Auth < 100ms) › Service Latency › Auth service should respond in under 100ms 

    Error: expect(received).toBe(expected) // Object.is equality

    Expected: true
    Received: false

      12 |       });
      13 |
    > 14 |       expect(response.ok).toBe(true);
         |                           ^
      15 |       expect(latency).toBeLessThan(TEST_DATA.PERFORMANCE_THRESHOLD_MS);
      16 |       console.log(`✓ Auth latency: ${latency.toFixed(2)}ms`);
      17 |     });
        at C:\repos\patriotchat\apps\api-e2e\src\critical-requirements\performance.spec.ts:14:27
]]>
</failure>
</testcase>
<testcase name="Critical Requirement: Performance (Auth &lt; 100ms) › Service Latency › API Gateway should respond in under 100ms" classname="critical-requirements\performance.spec.ts" time="0.032">
<system-out>
<![CDATA[✓ Gateway latency: 24.64ms
]]>
</system-out>
</testcase>
<testcase name="Critical Requirement: Performance (Auth &lt; 100ms) › Service Latency › Funding service should respond in under 100ms" classname="critical-requirements\performance.spec.ts" time="0.009">
<failure message="performance.spec.ts:31:9 Funding service should respond in under 100ms" type="FAILURE">
<![CDATA[  [chromium] › critical-requirements\performance.spec.ts:31:9 › Critical Requirement: Performance (Auth < 100ms) › Service Latency › Funding service should respond in under 100ms 

    Error: expect(received).toBe(expected) // Object.is equality

    Expected: true
    Received: false

      36 |       });
      37 |
    > 38 |       expect(response.ok).toBe(true);
         |                           ^
      39 |       expect(latency).toBeLessThan(TEST_DATA.PERFORMANCE_THRESHOLD_MS);
      40 |       console.log(`✓ Funding latency: ${latency.toFixed(2)}ms`);
      41 |     });
        at C:\repos\patriotchat\apps\api-e2e\src\critical-requirements\performance.spec.ts:38:27
]]>
</failure>
</testcase>
<testcase name="Critical Requirement: Performance (Auth &lt; 100ms) › Service Latency › Policy service should respond in under 100ms" classname="critical-requirements\performance.spec.ts" time="0.028">
<failure message="performance.spec.ts:43:9 Policy service should respond in under 100ms" type="FAILURE">
<![CDATA[  [chromium] › critical-requirements\performance.spec.ts:43:9 › Critical Requirement: Performance (Auth < 100ms) › Service Latency › Policy service should respond in under 100ms 

    Error: expect(received).toBe(expected) // Object.is equality

    Expected: true
    Received: false

      48 |       });
      49 |
    > 50 |       expect(response.ok).toBe(true);
         |                           ^
      51 |       expect(latency).toBeLessThan(TEST_DATA.PERFORMANCE_THRESHOLD_MS);
      52 |       console.log(`✓ Policy latency: ${latency.toFixed(2)}ms`);
      53 |     });
        at C:\repos\patriotchat\apps\api-e2e\src\critical-requirements\performance.spec.ts:50:27
]]>
</failure>
</testcase>
<testcase name="Critical Requirement: Performance (Auth &lt; 100ms) › Service Latency › LLM service should respond in under 100ms" classname="critical-requirements\performance.spec.ts" time="0.005">
<failure message="performance.spec.ts:55:9 LLM service should respond in under 100ms" type="FAILURE">
<![CDATA[  [chromium] › critical-requirements\performance.spec.ts:55:9 › Critical Requirement: Performance (Auth < 100ms) › Service Latency › LLM service should respond in under 100ms 

    Error: expect(received).toBe(expected) // Object.is equality

    Expected: true
    Received: false

      60 |       });
      61 |
    > 62 |       expect(response.ok).toBe(true);
         |                           ^
      63 |       expect(latency).toBeLessThan(TEST_DATA.PERFORMANCE_THRESHOLD_MS);
      64 |       console.log(`✓ LLM latency: ${latency.toFixed(2)}ms`);
      65 |     });
        at C:\repos\patriotchat\apps\api-e2e\src\critical-requirements\performance.spec.ts:62:27
]]>
</failure>
</testcase>
<testcase name="Critical Requirement: Performance (Auth &lt; 100ms) › Service Latency › Analytics service should respond in under 100ms" classname="critical-requirements\performance.spec.ts" time="0.027">
<failure message="performance.spec.ts:67:9 Analytics service should respond in under 100ms" type="FAILURE">
<![CDATA[  [chromium] › critical-requirements\performance.spec.ts:67:9 › Critical Requirement: Performance (Auth < 100ms) › Service Latency › Analytics service should respond in under 100ms 

    Error: expect(received).toBe(expected) // Object.is equality

    Expected: true
    Received: false

      72 |       });
      73 |
    > 74 |       expect(response.ok).toBe(true);
         |                           ^
      75 |       expect(latency).toBeLessThan(TEST_DATA.PERFORMANCE_THRESHOLD_MS);
      76 |       console.log(`✓ Analytics latency: ${latency.toFixed(2)}ms`);
      77 |     });
        at C:\repos\patriotchat\apps\api-e2e\src\critical-requirements\performance.spec.ts:74:27
]]>
</failure>
</testcase>
<testcase name="Critical Requirement: Performance (Auth &lt; 100ms) › Performance Baseline › Should maintain consistent response times under load" classname="critical-requirements\performance.spec.ts" time="0.011">
<system-out>
<![CDATA[✓ Avg latency: 1.54ms, Max: 2.48ms
]]>
</system-out>
</testcase>
<testcase name="Critical Requirement: Performance (Auth &lt; 100ms) › Performance Baseline › All services should be operational" classname="critical-requirements\performance.spec.ts" time="0.023">
<failure message="performance.spec.ts:104:9 All services should be operational" type="FAILURE">
<![CDATA[  [chromium] › critical-requirements\performance.spec.ts:104:9 › Critical Requirement: Performance (Auth < 100ms) › Performance Baseline › All services should be operational 

    Error: expect(received).toBe(expected) // Object.is equality

    Expected: true
    Received: false

      119 |         });
      120 |
    > 121 |         expect(response.ok).toBe(true);
          |                             ^
      122 |       }
      123 |
      124 |       console.log(`✓ All ${services.length} services operational`);
        at C:\repos\patriotchat\apps\api-e2e\src\critical-requirements\performance.spec.ts:121:29
]]>
</failure>
</testcase>
</testsuite>
<testsuite name="critical-requirements\rate-limiting.spec.ts" timestamp="2026-02-03T14:11:50.997Z" hostname="chromium" tests="6" failures="5" skipped="0" time="0.525" errors="0">
<testcase name="Critical Requirement: Rate Limiting (4-Dimensional Guards) › Per-User Rate Limiting › Should track requests per user" classname="critical-requirements\rate-limiting.spec.ts" time="0.066">
<failure message="rate-limiting.spec.ts:7:9 Should track requests per user" type="FAILURE">
<![CDATA[  [chromium] › critical-requirements\rate-limiting.spec.ts:7:9 › Critical Requirement: Rate Limiting (4-Dimensional Guards) › Per-User Rate Limiting › Should track requests per user 

    Error: expect(received).toBe(expected) // Object.is equality

    Expected: true
    Received: false

      35 |       });
      36 |
    > 37 |       expect(response.ok).toBe(true);
         |                           ^
      38 |       // Check for rate limit headers
      39 |       const rateLimitLimit = response.headers['x-ratelimit-limit'];
      40 |       const rateLimitRemaining = response.headers['x-ratelimit-remaining'];
        at C:\repos\patriotchat\apps\api-e2e\src\critical-requirements\rate-limiting.spec.ts:37:27
]]>
</failure>
</testcase>
<testcase name="Critical Requirement: Rate Limiting (4-Dimensional Guards) › Per-IP Rate Limiting › Should limit requests from same IP" classname="critical-requirements\rate-limiting.spec.ts" time="0.124">
<system-out>
<![CDATA[✓ Per-IP rate limiting configured (no block within 10 requests)
]]>
</system-out>
</testcase>
<testcase name="Critical Requirement: Rate Limiting (4-Dimensional Guards) › Per-Endpoint Rate Limiting › Should apply endpoint-specific limits" classname="critical-requirements\rate-limiting.spec.ts" time="0.063">
<failure message="rate-limiting.spec.ts:105:9 Should apply endpoint-specific limits" type="FAILURE">
<![CDATA[  [chromium] › critical-requirements\rate-limiting.spec.ts:105:9 › Critical Requirement: Rate Limiting (4-Dimensional Guards) › Per-Endpoint Rate Limiting › Should apply endpoint-specific limits 

    Error: expect(received).toBe(expected) // Object.is equality

    Expected: true
    Received: false

      133 |       });
      134 |
    > 135 |       expect(inferenceResponse.ok).toBe(true);
          |                                    ^
      136 |
      137 |       // Test profile endpoint (different limit)
      138 |       const profileResponse = await apiRequest({
        at C:\repos\patriotchat\apps\api-e2e\src\critical-requirements\rate-limiting.spec.ts:135:36
]]>
</failure>
</testcase>
<testcase name="Critical Requirement: Rate Limiting (4-Dimensional Guards) › Time-Window Rate Limiting › Should reset limits on time window" classname="critical-requirements\rate-limiting.spec.ts" time="0.082">
<failure message="rate-limiting.spec.ts:151:9 Should reset limits on time window" type="FAILURE">
<![CDATA[  [chromium] › critical-requirements\rate-limiting.spec.ts:151:9 › Critical Requirement: Rate Limiting (4-Dimensional Guards) › Time-Window Rate Limiting › Should reset limits on time window 

    Error: expect(received).toBe(expected) // Object.is equality

    Expected: true
    Received: false

      164 |       });
      165 |
    > 166 |       expect(registerResponse.ok).toBe(true);
          |                                   ^
      167 |       const token = registerResponse.data?.token;
      168 |
      169 |       // Make request
        at C:\repos\patriotchat\apps\api-e2e\src\critical-requirements\rate-limiting.spec.ts:166:35
]]>
</failure>
</testcase>
<testcase name="Critical Requirement: Rate Limiting (4-Dimensional Guards) › Rate Limit Headers › Should include rate limit information in response headers" classname="critical-requirements\rate-limiting.spec.ts" time="0.095">
<failure message="rate-limiting.spec.ts:203:9 Should include rate limit information in response headers" type="FAILURE">
<![CDATA[  [chromium] › critical-requirements\rate-limiting.spec.ts:203:9 › Critical Requirement: Rate Limiting (4-Dimensional Guards) › Rate Limit Headers › Should include rate limit information in response headers 

    Error: expect(received).toBe(expected) // Object.is equality

    Expected: true
    Received: false

      231 |       });
      232 |
    > 233 |       expect(response.ok).toBe(true);
          |                           ^
      234 |
      235 |       // Check for standard rate limit headers
      236 |       const hasRateLimitHeaders =
        at C:\repos\patriotchat\apps\api-e2e\src\critical-requirements\rate-limiting.spec.ts:233:27
]]>
</failure>
</testcase>
<testcase name="Critical Requirement: Rate Limiting (4-Dimensional Guards) › Rate Limit Protection › Should protect against denial of service" classname="critical-requirements\rate-limiting.spec.ts" time="0.095">
<failure message="rate-limiting.spec.ts:250:9 Should protect against denial of service" type="FAILURE">
<![CDATA[  [chromium] › critical-requirements\rate-limiting.spec.ts:250:9 › Critical Requirement: Rate Limiting (4-Dimensional Guards) › Rate Limit Protection › Should protect against denial of service 

    Error: expect(received).toBeGreaterThan(expected)

    Expected: > 0
    Received:   0

      287 |       // At least most should succeed (rate limit protection doesn't reject all)
      288 |       const successCount = results.filter((r) => r.ok).length;
    > 289 |       expect(successCount).toBeGreaterThan(0);
          |                            ^
      290 |
      291 |       console.log(
      292 |         `✓ Rate limiting protects service (${successCount}/5 requests succeeded)`,
        at C:\repos\patriotchat\apps\api-e2e\src\critical-requirements\rate-limiting.spec.ts:289:28
]]>
</failure>
</testcase>
</testsuite>
<testsuite name="performance\service-latency.spec.ts" timestamp="2026-02-03T14:11:50.997Z" hostname="chromium" tests="9" failures="0" skipped="0" time="0.255" errors="0">
<testcase name="Performance Tests › Service Latency Benchmarks › Should measure auth service latency" classname="performance\service-latency.spec.ts" time="0.018">
<system-out>
<![CDATA[Auth Service Latency:
  Average: 1.53ms
  Min: 0.57ms
  Max: 5.00ms
]]>
</system-out>
</testcase>
<testcase name="Performance Tests › Service Latency Benchmarks › Should measure gateway latency" classname="performance\service-latency.spec.ts" time="0.036">
<system-out>
<![CDATA[Gateway Latency:
  Average: 3.35ms
  Min: 2.53ms
  Max: 5.24ms
]]>
</system-out>
</testcase>
<testcase name="Performance Tests › Service Latency Benchmarks › Should measure funding service latency" classname="performance\service-latency.spec.ts" time="0.023">
<system-out>
<![CDATA[Funding Service Latency:
  Average: 1.95ms
  Min: 0.97ms
  Max: 5.00ms
]]>
</system-out>
</testcase>
<testcase name="Performance Tests › Service Latency Benchmarks › Should measure policy service latency" classname="performance\service-latency.spec.ts" time="0.048">
<system-out>
<![CDATA[Policy Service Latency:
  Average: 4.08ms
  Min: 1.62ms
  Max: 20.74ms
]]>
</system-out>
</testcase>
<testcase name="Performance Tests › Service Latency Benchmarks › Should measure LLM service latency" classname="performance\service-latency.spec.ts" time="0.036">
<system-out>
<![CDATA[LLM Service Latency:
  Average: 3.15ms
  Min: 0.98ms
  Max: 16.33ms
]]>
</system-out>
</testcase>
<testcase name="Performance Tests › Service Latency Benchmarks › Should measure analytics service latency" classname="performance\service-latency.spec.ts" time="0.045">
<system-out>
<![CDATA[Analytics Service Latency:
  Average: 3.88ms
  Min: 1.25ms
  Max: 21.26ms
]]>
</system-out>
</testcase>
<testcase name="Performance Tests › Throughput Benchmarks › Should handle concurrent requests efficiently" classname="performance\service-latency.spec.ts" time="0.013">
<system-out>
<![CDATA[Concurrent Request Performance (10 requests):
  Total time: 10.66ms
  Average latency: 6.95ms
  Max latency: 8.32ms
  Throughput: 938.04 req/s
]]>
</system-out>
</testcase>
<testcase name="Performance Tests › Database Query Performance › Should execute queries within acceptable time" classname="performance\service-latency.spec.ts" time="0.012">
<system-out>
<![CDATA[Database Query Performance:
  Average: 1.96ms
]]>
</system-out>
</testcase>
<testcase name="Performance Tests › API Response Times › Health check responses should be fast" classname="performance\service-latency.spec.ts" time="0.024">
<system-out>
<![CDATA[Health Check Response Times:
  Auth: 3.75ms
  Gateway: 3.45ms
  Funding: 1.07ms
  Policy: 3.66ms
  LLM: 1.52ms
  Analytics: 3.80ms
]]>
</system-out>
</testcase>
</testsuite>
<testsuite name="workflows\user-journey.spec.ts" timestamp="2026-02-03T14:11:50.997Z" hostname="chromium" tests="9" failures="7" skipped="0" time="0.874" errors="0">
<testcase name="E2E Workflows › User Registration &amp; Login Flow › Should complete full registration workflow" classname="workflows\user-journey.spec.ts" time="0.074">
<failure message="user-journey.spec.ts:7:9 Should complete full registration workflow" type="FAILURE">
<![CDATA[  [chromium] › workflows\user-journey.spec.ts:7:9 › E2E Workflows › User Registration & Login Flow › Should complete full registration workflow 

    Error: expect(received).toBeDefined()

    Received: undefined

      21 |
      22 |       expect(registerResponse.ok).toBe(true);
    > 23 |       expect(registerResponse.data?.userId).toBeDefined();
         |                                             ^
      24 |       expect(registerResponse.data?.token).toBeDefined();
      25 |       console.log(`✓ User registered: ${testUser.email}`);
      26 |
        at C:\repos\patriotchat\apps\api-e2e\src\workflows\user-journey.spec.ts:23:45
]]>
</failure>
</testcase>
<testcase name="E2E Workflows › User Registration &amp; Login Flow › Should complete full login workflow" classname="workflows\user-journey.spec.ts" time="0.155">
<failure message="user-journey.spec.ts:43:9 Should complete full login workflow" type="FAILURE">
<![CDATA[  [chromium] › workflows\user-journey.spec.ts:43:9 › E2E Workflows › User Registration & Login Flow › Should complete full login workflow 

    Error: expect(received).toBe(expected) // Object.is equality

    Expected: true
    Received: false

      84 |       });
      85 |
    > 86 |       expect(profileResponse.ok).toBe(true);
         |                                  ^
      87 |       console.log(`✓ Authenticated request successful`);
      88 |     });
      89 |   });
        at C:\repos\patriotchat\apps\api-e2e\src\workflows\user-journey.spec.ts:86:34
]]>
</failure>
<system-out>
<![CDATA[✓ User registered
✓ User logged in successfully
]]>
</system-out>
</testcase>
<testcase name="E2E Workflows › Query &amp; Inference Workflow › Should execute complete query workflow" classname="workflows\user-journey.spec.ts" time="0.066">
<failure message="user-journey.spec.ts:92:9 Should execute complete query workflow" type="FAILURE">
<![CDATA[  [chromium] › workflows\user-journey.spec.ts:92:9 › E2E Workflows › Query & Inference Workflow › Should execute complete query workflow 

    Error: expect(received).toBe(expected) // Object.is equality

    Expected: true
    Received: false

      122 |       });
      123 |
    > 124 |       expect(queryResponse.ok).toBe(true);
          |                                ^
      125 |       expect(queryResponse.data?.response).toBeDefined();
      126 |       console.log(`✓ Inference executed with ${testQuery.model}`);
      127 |
        at C:\repos\patriotchat\apps\api-e2e\src\workflows\user-journey.spec.ts:124:32
]]>
</failure>
<system-out>
<![CDATA[✓ User authenticated
]]>
</system-out>
</testcase>
<testcase name="E2E Workflows › Query &amp; Inference Workflow › Should support multiple queries in session" classname="workflows\user-journey.spec.ts" time="0.089">
<failure message="user-journey.spec.ts:139:9 Should support multiple queries in session" type="FAILURE">
<![CDATA[  [chromium] › workflows\user-journey.spec.ts:139:9 › E2E Workflows › Query & Inference Workflow › Should support multiple queries in session 

    Error: expect(received).toBe(expected) // Object.is equality

    Expected: true
    Received: false

      174 |         });
      175 |
    > 176 |         expect(queryResponse.ok).toBe(true);
          |                                  ^
      177 |         queryResults.push(queryResponse.data);
      178 |         console.log(`✓ Query ${i + 1} executed with ${query.model}`);
      179 |       }
        at C:\repos\patriotchat\apps\api-e2e\src\workflows\user-journey.spec.ts:176:34
]]>
</failure>
</testcase>
<testcase name="E2E Workflows › Cross-Service Integration › Should coordinate between auth and inference services" classname="workflows\user-journey.spec.ts" time="0.087">
<failure message="user-journey.spec.ts:197:9 Should coordinate between auth and inference services" type="FAILURE">
<![CDATA[  [chromium] › workflows\user-journey.spec.ts:197:9 › E2E Workflows › Cross-Service Integration › Should coordinate between auth and inference services 

    Error: expect(received).toBe(expected) // Object.is equality

    Expected: true
    Received: false

      226 |       });
      227 |
    > 228 |       expect(queryResponse.ok).toBe(true);
          |                                ^
      229 |       console.log(`✓ LLM service: Query executed`);
      230 |
      231 |       // Step 3: Analytics service - Track
        at C:\repos\patriotchat\apps\api-e2e\src\workflows\user-journey.spec.ts:228:32
]]>
</failure>
<system-out>
<![CDATA[✓ Auth service: User registered
]]>
</system-out>
</testcase>
<testcase name="E2E Workflows › Cross-Service Integration › Should maintain session across services" classname="workflows\user-journey.spec.ts" time="0.102">
<failure message="user-journey.spec.ts:242:9 Should maintain session across services" type="FAILURE">
<![CDATA[  [chromium] › workflows\user-journey.spec.ts:242:9 › E2E Workflows › Cross-Service Integration › Should maintain session across services 

    Error: expect(received).toBe(expected) // Object.is equality

    Expected: true
    Received: false

      267 |       });
      268 |
    > 269 |       expect(authCheck.ok).toBe(true);
          |                            ^
      270 |
      271 |       const query = await apiRequest({
      272 |         method: 'POST',
        at C:\repos\patriotchat\apps\api-e2e\src\workflows\user-journey.spec.ts:269:28
]]>
</failure>
</testcase>
<testcase name="E2E Workflows › Error Handling &amp; Recovery › Should handle invalid credentials gracefully" classname="workflows\user-journey.spec.ts" time="0.152">
<system-out>
<![CDATA[✓ Invalid credentials rejected (status: 401)
]]>
</system-out>
</testcase>
<testcase name="E2E Workflows › Error Handling &amp; Recovery › Should recover from service failures" classname="workflows\user-journey.spec.ts" time="0.063">
<system-out>
<![CDATA[✓ Service handled response appropriately (status: 404)
]]>
</system-out>
</testcase>
<testcase name="E2E Workflows › Error Handling &amp; Recovery › Should handle invalid requests properly" classname="workflows\user-journey.spec.ts" time="0.086">
<failure message="user-journey.spec.ts:370:9 Should handle invalid requests properly" type="FAILURE">
<![CDATA[  [chromium] › workflows\user-journey.spec.ts:370:9 › E2E Workflows › Error Handling & Recovery › Should handle invalid requests properly 

    Error: expect(received).toBe(expected) // Object.is equality

    Expected: 400
    Received: 404

      398 |
      399 |       expect(invalidQuery.ok).toBe(false);
    > 400 |       expect(invalidQuery.status).toBe(400);
          |                                   ^
      401 |       console.log(
      402 |         `✓ Invalid request rejected (status: ${invalidQuery.status})`,
      403 |       );
        at C:\repos\patriotchat\apps\api-e2e\src\workflows\user-journey.spec.ts:400:35
]]>
</failure>
</testcase>
</testsuite>
<testsuite name="critical-requirements\audit-trail.spec.ts" timestamp="2026-02-03T14:11:50.997Z" hostname="firefox" tests="5" failures="5" skipped="0" time="0.523" errors="0">
<testcase name="Critical Requirement: Audit Trail (Immutable PostgreSQL Logs) › User Action Logging › Should log user registration" classname="critical-requirements\audit-trail.spec.ts" time="0.085">
<failure message="audit-trail.spec.ts:7:9 Should log user registration" type="FAILURE">
<![CDATA[  [firefox] › critical-requirements\audit-trail.spec.ts:7:9 › Critical Requirement: Audit Trail (Immutable PostgreSQL Logs) › User Action Logging › Should log user registration 

    Error: expect(received).toBeDefined()

    Received: undefined

      20 |
      21 |       expect(registerResponse.ok).toBe(true);
    > 22 |       expect(registerResponse.data?.userId).toBeDefined();
         |                                             ^
      23 |       console.log(`✓ Registration logged for user: ${testUser.email}`);
      24 |
      25 |       // Verify audit log exists
        at C:\repos\patriotchat\apps\api-e2e\src\critical-requirements\audit-trail.spec.ts:22:45
]]>
</failure>
</testcase>
<testcase name="Critical Requirement: Audit Trail (Immutable PostgreSQL Logs) › User Action Logging › Should log user login" classname="critical-requirements\audit-trail.spec.ts" time="0.159">
<failure message="audit-trail.spec.ts:39:9 Should log user login" type="FAILURE">
<![CDATA[  [firefox] › critical-requirements\audit-trail.spec.ts:39:9 › Critical Requirement: Audit Trail (Immutable PostgreSQL Logs) › User Action Logging › Should log user login 

    Error: expect(received).toBe(expected) // Object.is equality

    Expected: true
    Received: false

      75 |       });
      76 |
    > 77 |       expect(auditResponse.ok).toBe(true);
         |                                ^
      78 |       const logs = auditResponse.data?.logs || [];
      79 |       expect(logs.length).toBeGreaterThan(0);
      80 |       console.log(
        at C:\repos\patriotchat\apps\api-e2e\src\critical-requirements\audit-trail.spec.ts:77:32
]]>
</failure>
<system-out>
<![CDATA[✓ Login logged for user: testuser_1770127916450_1@test.patriotchat.com
]]>
</system-out>
</testcase>
<testcase name="Critical Requirement: Audit Trail (Immutable PostgreSQL Logs) › Query Tracking › Should track LLM inference queries" classname="critical-requirements\audit-trail.spec.ts" time="0.087">
<failure message="audit-trail.spec.ts:87:9 Should track LLM inference queries" type="FAILURE">
<![CDATA[  [firefox] › critical-requirements\audit-trail.spec.ts:87:9 › Critical Requirement: Audit Trail (Immutable PostgreSQL Logs) › Query Tracking › Should track LLM inference queries 

    Error: expect(received).toBe(expected) // Object.is equality

    Expected: true
    Received: false

      115 |       });
      116 |
    > 117 |       expect(inferenceResponse.ok).toBe(true);
          |                                    ^
      118 |       console.log(`✓ Inference query executed and tracked`);
      119 |
      120 |       // Verify tracking in analytics
        at C:\repos\patriotchat\apps\api-e2e\src\critical-requirements\audit-trail.spec.ts:117:36
]]>
</failure>
</testcase>
<testcase name="Critical Requirement: Audit Trail (Immutable PostgreSQL Logs) › Log Integrity › Logs should be immutable (no modification possible)" classname="critical-requirements\audit-trail.spec.ts" time="0.1">
<failure message="audit-trail.spec.ts:133:9 Logs should be immutable (no modification possible)" type="FAILURE">
<![CDATA[  [firefox] › critical-requirements\audit-trail.spec.ts:133:9 › Critical Requirement: Audit Trail (Immutable PostgreSQL Logs) › Log Integrity › Logs should be immutable (no modification possible) 

    Error: expect(received).toBe(expected) // Object.is equality

    Expected: 403
    Received: 404

      159 |
      160 |       // Should be forbidden
    > 161 |       expect(modifyResponse.status).toBe(403);
          |                                     ^
      162 |       console.log(
      163 |         `✓ Audit logs are protected from modification (status: ${modifyResponse.status})`,
      164 |       );
        at C:\repos\patriotchat\apps\api-e2e\src\critical-requirements\audit-trail.spec.ts:161:37
]]>
</failure>
</testcase>
<testcase name="Critical Requirement: Audit Trail (Immutable PostgreSQL Logs) › Log Integrity › All audit operations should be timestamped" classname="critical-requirements\audit-trail.spec.ts" time="0.092">
<failure message="audit-trail.spec.ts:167:9 All audit operations should be timestamped" type="FAILURE">
<![CDATA[  [firefox] › critical-requirements\audit-trail.spec.ts:167:9 › Critical Requirement: Audit Trail (Immutable PostgreSQL Logs) › Log Integrity › All audit operations should be timestamped 

    Error: expect(received).toBe(expected) // Object.is equality

    Expected: true
    Received: false

      188 |       });
      189 |
    > 190 |       expect(auditResponse.ok).toBe(true);
          |                                ^
      191 |       const logs = auditResponse.data?.logs || [];
      192 |
      193 |       // Verify all logs have timestamps
        at C:\repos\patriotchat\apps\api-e2e\src\critical-requirements\audit-trail.spec.ts:190:32
]]>
</failure>
</testcase>
</testsuite>
<testsuite name="critical-requirements\database.spec.ts" timestamp="2026-02-03T14:11:50.997Z" hostname="firefox" tests="7" failures="5" skipped="0" time="0.732" errors="0">
<testcase name="Critical Requirement: Database (PostgreSQL with Connection Pooling) › Connection Pooling › Should handle concurrent requests efficiently" classname="critical-requirements\database.spec.ts" time="0.114">
<system-out>
<![CDATA[✓ All 10 concurrent requests succeeded
]]>
</system-out>
</testcase>
<testcase name="Critical Requirement: Database (PostgreSQL with Connection Pooling) › Connection Pooling › Connection pool should recover after spike" classname="critical-requirements\database.spec.ts" time="0.28">
<system-out>
<![CDATA[✓ First spike succeeded (5 requests)
✓ Pool recovered - second spike succeeded (5 requests)
]]>
</system-out>
</testcase>
<testcase name="Critical Requirement: Database (PostgreSQL with Connection Pooling) › Data Persistence › Stored data should persist across requests" classname="critical-requirements\database.spec.ts" time="0.091">
<failure message="database.spec.ts:90:9 Stored data should persist across requests" type="FAILURE">
<![CDATA[  [firefox] › critical-requirements\database.spec.ts:90:9 › Critical Requirement: Database (PostgreSQL with Connection Pooling) › Data Persistence › Stored data should persist across requests 

    Error: expect(received).toBe(expected) // Object.is equality

    Expected: true
    Received: false

      114 |       });
      115 |
    > 116 |       expect(profileResponse.ok).toBe(true);
          |                                  ^
      117 |       expect(profileResponse.data?.email).toBe(email);
      118 |       console.log(`✓ User data persisted: ${email}`);
      119 |     });
        at C:\repos\patriotchat\apps\api-e2e\src\critical-requirements\database.spec.ts:116:34
]]>
</failure>
</testcase>
<testcase name="Critical Requirement: Database (PostgreSQL with Connection Pooling) › Data Persistence › Multiple database operations should maintain consistency" classname="critical-requirements\database.spec.ts" time="0.087">
<failure message="database.spec.ts:121:9 Multiple database operations should maintain consistency" type="FAILURE">
<![CDATA[  [firefox] › critical-requirements\database.spec.ts:121:9 › Critical Requirement: Database (PostgreSQL with Connection Pooling) › Data Persistence › Multiple database operations should maintain consistency 

    Error: expect(received).toBe(expected) // Object.is equality

    Expected: true
    Received: false

      147 |       });
      148 |
    > 149 |       expect(updateResponse.ok).toBe(true);
          |                                 ^
      150 |
      151 |       // Operation 3: Verify update
      152 |       const profileResponse = await apiRequest({
        at C:\repos\patriotchat\apps\api-e2e\src\critical-requirements\database.spec.ts:149:33
]]>
</failure>
</testcase>
<testcase name="Critical Requirement: Database (PostgreSQL with Connection Pooling) › Query Performance › Database queries should execute quickly" classname="critical-requirements\database.spec.ts" time="0.1">
<failure message="database.spec.ts:165:9 Database queries should execute quickly" type="FAILURE">
<![CDATA[  [firefox] › critical-requirements\database.spec.ts:165:9 › Critical Requirement: Database (PostgreSQL with Connection Pooling) › Query Performance › Database queries should execute quickly 

    Error: expect(received).toBe(expected) // Object.is equality

    Expected: true
    Received: false

      192 |       const queryTime = performance.now() - startTime;
      193 |
    > 194 |       expect(profileResponse.ok).toBe(true);
          |                                  ^
      195 |       expect(queryTime).toBeLessThan(500); // Should be under 500ms
      196 |       console.log(`✓ Query executed in ${queryTime.toFixed(2)}ms`);
      197 |     });
        at C:\repos\patriotchat\apps\api-e2e\src\critical-requirements\database.spec.ts:194:34
]]>
</failure>
</testcase>
<testcase name="Critical Requirement: Database (PostgreSQL with Connection Pooling) › Database Health › PostgreSQL connection should be healthy" classname="critical-requirements\database.spec.ts" time="0.031">
<failure message="database.spec.ts:201:9 PostgreSQL connection should be healthy" type="FAILURE">
<![CDATA[  [firefox] › critical-requirements\database.spec.ts:201:9 › Critical Requirement: Database (PostgreSQL with Connection Pooling) › Database Health › PostgreSQL connection should be healthy 

    Error: expect(received).toBeDefined()

    Received: undefined

      207 |
      208 |       expect(response.ok).toBe(true);
    > 209 |       expect(response.data?.database).toBeDefined();
          |                                       ^
      210 |       console.log(`✓ Database health: OK`);
      211 |     });
      212 |
        at C:\repos\patriotchat\apps\api-e2e\src\critical-requirements\database.spec.ts:209:39
]]>
</failure>
</testcase>
<testcase name="Critical Requirement: Database (PostgreSQL with Connection Pooling) › Database Health › Connection pool status should be available" classname="critical-requirements\database.spec.ts" time="0.029">
<failure message="database.spec.ts:213:9 Connection pool status should be available" type="FAILURE">
<![CDATA[  [firefox] › critical-requirements\database.spec.ts:213:9 › Critical Requirement: Database (PostgreSQL with Connection Pooling) › Database Health › Connection pool status should be available 

    Error: expect(received).toBe(expected) // Object.is equality

    Expected: true
    Received: false

      218 |       });
      219 |
    > 220 |       expect(response.ok).toBe(true);
          |                           ^
      221 |       expect(response.data?.poolSize).toBeDefined();
      222 |       expect(response.data?.activeConnections).toBeDefined();
      223 |       console.log(
        at C:\repos\patriotchat\apps\api-e2e\src\critical-requirements\database.spec.ts:220:27
]]>
</failure>
</testcase>
</testsuite>
<testsuite name="critical-requirements\llm-selector.spec.ts" timestamp="2026-02-03T14:11:50.997Z" hostname="firefox" tests="10" failures="6" skipped="0" time="0.586" errors="0">
<testcase name="Critical Requirement: LLM Model Selector › Model Availability › Should list available LLM models" classname="critical-requirements\llm-selector.spec.ts" time="0.027">
<system-out>
<![CDATA[✓ Available models: llama2, mistral, neural-chat
]]>
</system-out>
</testcase>
<testcase name="Critical Requirement: LLM Model Selector › Model Availability › Should include required models" classname="critical-requirements\llm-selector.spec.ts" time="0.032">
<system-out>
<![CDATA[✓ All required models present: llama2, mistral, neural-chat
]]>
</system-out>
</testcase>
<testcase name="Critical Requirement: LLM Model Selector › Model Availability › Model selector should be accessible via API" classname="critical-requirements\llm-selector.spec.ts" time="0.035">
<system-out>
<![CDATA[✓ Model selector API operational
]]>
</system-out>
</testcase>
<testcase name="Critical Requirement: LLM Model Selector › Model Selection › Should execute inference with llama2 model" classname="critical-requirements\llm-selector.spec.ts" time="0.107">
<failure message="llm-selector.spec.ts:57:9 Should execute inference with llama2 model" type="FAILURE">
<![CDATA[  [firefox] › critical-requirements\llm-selector.spec.ts:57:9 › Critical Requirement: LLM Model Selector › Model Selection › Should execute inference with llama2 model 

    Error: expect(received).toBe(expected) // Object.is equality

    Expected: true
    Received: false

      85 |       });
      86 |
    > 87 |       expect(queryResponse.ok).toBe(true);
         |                                ^
      88 |       expect(queryResponse.data?.response).toBeDefined();
      89 |       console.log(`✓ Inference successful with llama2 model`);
      90 |     });
        at C:\repos\patriotchat\apps\api-e2e\src\critical-requirements\llm-selector.spec.ts:87:32
]]>
</failure>
</testcase>
<testcase name="Critical Requirement: LLM Model Selector › Model Selection › Should execute inference with mistral model" classname="critical-requirements\llm-selector.spec.ts" time="0.091">
<failure message="llm-selector.spec.ts:92:9 Should execute inference with mistral model" type="FAILURE">
<![CDATA[  [firefox] › critical-requirements\llm-selector.spec.ts:92:9 › Critical Requirement: LLM Model Selector › Model Selection › Should execute inference with mistral model 

    Error: expect(received).toBe(expected) // Object.is equality

    Expected: true
    Received: false

      120 |       });
      121 |
    > 122 |       expect(queryResponse.ok).toBe(true);
          |                                ^
      123 |       expect(queryResponse.data?.response).toBeDefined();
      124 |       console.log(`✓ Inference successful with mistral model`);
      125 |     });
        at C:\repos\patriotchat\apps\api-e2e\src\critical-requirements\llm-selector.spec.ts:122:32
]]>
</failure>
</testcase>
<testcase name="Critical Requirement: LLM Model Selector › Model Selection › Should execute inference with neural-chat model" classname="critical-requirements\llm-selector.spec.ts" time="0.063">
<failure message="llm-selector.spec.ts:127:9 Should execute inference with neural-chat model" type="FAILURE">
<![CDATA[  [firefox] › critical-requirements\llm-selector.spec.ts:127:9 › Critical Requirement: LLM Model Selector › Model Selection › Should execute inference with neural-chat model 

    Error: expect(received).toBe(expected) // Object.is equality

    Expected: true
    Received: false

      155 |       });
      156 |
    > 157 |       expect(queryResponse.ok).toBe(true);
          |                                ^
      158 |       expect(queryResponse.data?.response).toBeDefined();
      159 |       console.log(`✓ Inference successful with neural-chat model`);
      160 |     });
        at C:\repos\patriotchat\apps\api-e2e\src\critical-requirements\llm-selector.spec.ts:157:32
]]>
</failure>
</testcase>
<testcase name="Critical Requirement: LLM Model Selector › Model Configuration › Should handle invalid model gracefully" classname="critical-requirements\llm-selector.spec.ts" time="0.105">
<failure message="llm-selector.spec.ts:164:9 Should handle invalid model gracefully" type="FAILURE">
<![CDATA[  [firefox] › critical-requirements\llm-selector.spec.ts:164:9 › Critical Requirement: LLM Model Selector › Model Configuration › Should handle invalid model gracefully 

    Error: expect(received).toBe(expected) // Object.is equality

    Expected: 400
    Received: 404

      193 |
      194 |       expect(queryResponse.ok).toBe(false);
    > 195 |       expect(queryResponse.status).toBe(400);
          |                                    ^
      196 |       console.log(
      197 |         `✓ Invalid model rejected with status ${queryResponse.status}`,
      198 |       );
        at C:\repos\patriotchat\apps\api-e2e\src\critical-requirements\llm-selector.spec.ts:195:36
]]>
</failure>
</testcase>
<testcase name="Critical Requirement: LLM Model Selector › Model Configuration › Model metadata should be available" classname="critical-requirements\llm-selector.spec.ts" time="0.027">
<failure message="llm-selector.spec.ts:201:9 Model metadata should be available" type="FAILURE">
<![CDATA[  [firefox] › critical-requirements\llm-selector.spec.ts:201:9 › Critical Requirement: LLM Model Selector › Model Configuration › Model metadata should be available 

    Error: expect(received).toBe(expected) // Object.is equality

    Expected: true
    Received: false

      206 |       });
      207 |
    > 208 |       expect(response.ok).toBe(true);
          |                           ^
      209 |       expect(response.data?.models).toBeDefined();
      210 |       expect(Array.isArray(response.data?.models)).toBe(true);
      211 |
        at C:\repos\patriotchat\apps\api-e2e\src\critical-requirements\llm-selector.spec.ts:208:27
]]>
</failure>
</testcase>
<testcase name="Critical Requirement: LLM Model Selector › Frontend Integration › Model selector should be available on frontend" classname="critical-requirements\llm-selector.spec.ts" time="0.029">
<system-out>
<![CDATA[✓ Model selector backend API available for frontend integration
]]>
</system-out>
</testcase>
<testcase name="Critical Requirement: LLM Model Selector › Frontend Integration › Should support model switching during session" classname="critical-requirements\llm-selector.spec.ts" time="0.07">
<failure message="llm-selector.spec.ts:240:9 Should support model switching during session" type="FAILURE">
<![CDATA[  [firefox] › critical-requirements\llm-selector.spec.ts:240:9 › Critical Requirement: LLM Model Selector › Frontend Integration › Should support model switching during session 

    Error: expect(received).toBe(expected) // Object.is equality

    Expected: true
    Received: false

      268 |       });
      269 |
    > 270 |       expect(query1.ok).toBe(true);
          |                         ^
      271 |
      272 |       // Query with model 2 (switch)
      273 |       const query2 = await apiRequest({
        at C:\repos\patriotchat\apps\api-e2e\src\critical-requirements\llm-selector.spec.ts:270:25
]]>
</failure>
</testcase>
</testsuite>
<testsuite name="critical-requirements\performance.spec.ts" timestamp="2026-02-03T14:11:50.997Z" hostname="firefox" tests="8" failures="6" skipped="0" time="0.168" errors="0">
<testcase name="Critical Requirement: Performance (Auth &lt; 100ms) › Service Latency › Auth service should respond in under 100ms" classname="critical-requirements\performance.spec.ts" time="0.028">
<failure message="performance.spec.ts:7:9 Auth service should respond in under 100ms" type="FAILURE">
<![CDATA[  [firefox] › critical-requirements\performance.spec.ts:7:9 › Critical Requirement: Performance (Auth < 100ms) › Service Latency › Auth service should respond in under 100ms 

    Error: expect(received).toBe(expected) // Object.is equality

    Expected: true
    Received: false

      12 |       });
      13 |
    > 14 |       expect(response.ok).toBe(true);
         |                           ^
      15 |       expect(latency).toBeLessThan(TEST_DATA.PERFORMANCE_THRESHOLD_MS);
      16 |       console.log(`✓ Auth latency: ${latency.toFixed(2)}ms`);
      17 |     });
        at C:\repos\patriotchat\apps\api-e2e\src\critical-requirements\performance.spec.ts:14:27
]]>
</failure>
</testcase>
<testcase name="Critical Requirement: Performance (Auth &lt; 100ms) › Service Latency › API Gateway should respond in under 100ms" classname="critical-requirements\performance.spec.ts" time="0.023">
<system-out>
<![CDATA[✓ Gateway latency: 18.21ms
]]>
</system-out>
</testcase>
<testcase name="Critical Requirement: Performance (Auth &lt; 100ms) › Service Latency › Funding service should respond in under 100ms" classname="critical-requirements\performance.spec.ts" time="0.011">
<failure message="performance.spec.ts:31:9 Funding service should respond in under 100ms" type="FAILURE">
<![CDATA[  [firefox] › critical-requirements\performance.spec.ts:31:9 › Critical Requirement: Performance (Auth < 100ms) › Service Latency › Funding service should respond in under 100ms 

    Error: expect(received).toBe(expected) // Object.is equality

    Expected: true
    Received: false

      36 |       });
      37 |
    > 38 |       expect(response.ok).toBe(true);
         |                           ^
      39 |       expect(latency).toBeLessThan(TEST_DATA.PERFORMANCE_THRESHOLD_MS);
      40 |       console.log(`✓ Funding latency: ${latency.toFixed(2)}ms`);
      41 |     });
        at C:\repos\patriotchat\apps\api-e2e\src\critical-requirements\performance.spec.ts:38:27
]]>
</failure>
</testcase>
<testcase name="Critical Requirement: Performance (Auth &lt; 100ms) › Service Latency › Policy service should respond in under 100ms" classname="critical-requirements\performance.spec.ts" time="0.029">
<failure message="performance.spec.ts:43:9 Policy service should respond in under 100ms" type="FAILURE">
<![CDATA[  [firefox] › critical-requirements\performance.spec.ts:43:9 › Critical Requirement: Performance (Auth < 100ms) › Service Latency › Policy service should respond in under 100ms 

    Error: expect(received).toBe(expected) // Object.is equality

    Expected: true
    Received: false

      48 |       });
      49 |
    > 50 |       expect(response.ok).toBe(true);
         |                           ^
      51 |       expect(latency).toBeLessThan(TEST_DATA.PERFORMANCE_THRESHOLD_MS);
      52 |       console.log(`✓ Policy latency: ${latency.toFixed(2)}ms`);
      53 |     });
        at C:\repos\patriotchat\apps\api-e2e\src\critical-requirements\performance.spec.ts:50:27
]]>
</failure>
</testcase>
<testcase name="Critical Requirement: Performance (Auth &lt; 100ms) › Service Latency › LLM service should respond in under 100ms" classname="critical-requirements\performance.spec.ts" time="0.03">
<failure message="performance.spec.ts:55:9 LLM service should respond in under 100ms" type="FAILURE">
<![CDATA[  [firefox] › critical-requirements\performance.spec.ts:55:9 › Critical Requirement: Performance (Auth < 100ms) › Service Latency › LLM service should respond in under 100ms 

    Error: expect(received).toBe(expected) // Object.is equality

    Expected: true
    Received: false

      60 |       });
      61 |
    > 62 |       expect(response.ok).toBe(true);
         |                           ^
      63 |       expect(latency).toBeLessThan(TEST_DATA.PERFORMANCE_THRESHOLD_MS);
      64 |       console.log(`✓ LLM latency: ${latency.toFixed(2)}ms`);
      65 |     });
        at C:\repos\patriotchat\apps\api-e2e\src\critical-requirements\performance.spec.ts:62:27
]]>
</failure>
</testcase>
<testcase name="Critical Requirement: Performance (Auth &lt; 100ms) › Service Latency › Analytics service should respond in under 100ms" classname="critical-requirements\performance.spec.ts" time="0.024">
<failure message="performance.spec.ts:67:9 Analytics service should respond in under 100ms" type="FAILURE">
<![CDATA[  [firefox] › critical-requirements\performance.spec.ts:67:9 › Critical Requirement: Performance (Auth < 100ms) › Service Latency › Analytics service should respond in under 100ms 

    Error: expect(received).toBe(expected) // Object.is equality

    Expected: true
    Received: false

      72 |       });
      73 |
    > 74 |       expect(response.ok).toBe(true);
         |                           ^
      75 |       expect(latency).toBeLessThan(TEST_DATA.PERFORMANCE_THRESHOLD_MS);
      76 |       console.log(`✓ Analytics latency: ${latency.toFixed(2)}ms`);
      77 |     });
        at C:\repos\patriotchat\apps\api-e2e\src\critical-requirements\performance.spec.ts:74:27
]]>
</failure>
</testcase>
<testcase name="Critical Requirement: Performance (Auth &lt; 100ms) › Performance Baseline › Should maintain consistent response times under load" classname="critical-requirements\performance.spec.ts" time="0.014">
<system-out>
<![CDATA[✓ Avg latency: 1.98ms, Max: 2.89ms
]]>
</system-out>
</testcase>
<testcase name="Critical Requirement: Performance (Auth &lt; 100ms) › Performance Baseline › All services should be operational" classname="critical-requirements\performance.spec.ts" time="0.009">
<failure message="performance.spec.ts:104:9 All services should be operational" type="FAILURE">
<![CDATA[  [firefox] › critical-requirements\performance.spec.ts:104:9 › Critical Requirement: Performance (Auth < 100ms) › Performance Baseline › All services should be operational 

    Error: expect(received).toBe(expected) // Object.is equality

    Expected: true
    Received: false

      119 |         });
      120 |
    > 121 |         expect(response.ok).toBe(true);
          |                             ^
      122 |       }
      123 |
      124 |       console.log(`✓ All ${services.length} services operational`);
        at C:\repos\patriotchat\apps\api-e2e\src\critical-requirements\performance.spec.ts:121:29
]]>
</failure>
</testcase>
</testsuite>
<testsuite name="critical-requirements\rate-limiting.spec.ts" timestamp="2026-02-03T14:11:50.997Z" hostname="firefox" tests="6" failures="5" skipped="0" time="0.555" errors="0">
<testcase name="Critical Requirement: Rate Limiting (4-Dimensional Guards) › Per-User Rate Limiting › Should track requests per user" classname="critical-requirements\rate-limiting.spec.ts" time="0.067">
<failure message="rate-limiting.spec.ts:7:9 Should track requests per user" type="FAILURE">
<![CDATA[  [firefox] › critical-requirements\rate-limiting.spec.ts:7:9 › Critical Requirement: Rate Limiting (4-Dimensional Guards) › Per-User Rate Limiting › Should track requests per user 

    Error: expect(received).toBe(expected) // Object.is equality

    Expected: true
    Received: false

      35 |       });
      36 |
    > 37 |       expect(response.ok).toBe(true);
         |                           ^
      38 |       // Check for rate limit headers
      39 |       const rateLimitLimit = response.headers['x-ratelimit-limit'];
      40 |       const rateLimitRemaining = response.headers['x-ratelimit-remaining'];
        at C:\repos\patriotchat\apps\api-e2e\src\critical-requirements\rate-limiting.spec.ts:37:27
]]>
</failure>
</testcase>
<testcase name="Critical Requirement: Rate Limiting (4-Dimensional Guards) › Per-IP Rate Limiting › Should limit requests from same IP" classname="critical-requirements\rate-limiting.spec.ts" time="0.12">
<system-out>
<![CDATA[✓ Per-IP rate limiting configured (no block within 10 requests)
]]>
</system-out>
</testcase>
<testcase name="Critical Requirement: Rate Limiting (4-Dimensional Guards) › Per-Endpoint Rate Limiting › Should apply endpoint-specific limits" classname="critical-requirements\rate-limiting.spec.ts" time="0.089">
<failure message="rate-limiting.spec.ts:105:9 Should apply endpoint-specific limits" type="FAILURE">
<![CDATA[  [firefox] › critical-requirements\rate-limiting.spec.ts:105:9 › Critical Requirement: Rate Limiting (4-Dimensional Guards) › Per-Endpoint Rate Limiting › Should apply endpoint-specific limits 

    Error: expect(received).toBe(expected) // Object.is equality

    Expected: true
    Received: false

      133 |       });
      134 |
    > 135 |       expect(inferenceResponse.ok).toBe(true);
          |                                    ^
      136 |
      137 |       // Test profile endpoint (different limit)
      138 |       const profileResponse = await apiRequest({
        at C:\repos\patriotchat\apps\api-e2e\src\critical-requirements\rate-limiting.spec.ts:135:36
]]>
</failure>
</testcase>
<testcase name="Critical Requirement: Rate Limiting (4-Dimensional Guards) › Time-Window Rate Limiting › Should reset limits on time window" classname="critical-requirements\rate-limiting.spec.ts" time="0.088">
<failure message="rate-limiting.spec.ts:151:9 Should reset limits on time window" type="FAILURE">
<![CDATA[  [firefox] › critical-requirements\rate-limiting.spec.ts:151:9 › Critical Requirement: Rate Limiting (4-Dimensional Guards) › Time-Window Rate Limiting › Should reset limits on time window 

    Error: expect(received).toBe(expected) // Object.is equality

    Expected: true
    Received: false

      179 |       });
      180 |
    > 181 |       expect(response1.ok).toBe(true);
          |                            ^
      182 |
      183 |       // Wait and make another request in new window
      184 |       await new Promise((resolve) => setTimeout(resolve, 1100));
        at C:\repos\patriotchat\apps\api-e2e\src\critical-requirements\rate-limiting.spec.ts:181:28
]]>
</failure>
</testcase>
<testcase name="Critical Requirement: Rate Limiting (4-Dimensional Guards) › Rate Limit Headers › Should include rate limit information in response headers" classname="critical-requirements\rate-limiting.spec.ts" time="0.094">
<failure message="rate-limiting.spec.ts:203:9 Should include rate limit information in response headers" type="FAILURE">
<![CDATA[  [firefox] › critical-requirements\rate-limiting.spec.ts:203:9 › Critical Requirement: Rate Limiting (4-Dimensional Guards) › Rate Limit Headers › Should include rate limit information in response headers 

    Error: expect(received).toBe(expected) // Object.is equality

    Expected: true
    Received: false

      231 |       });
      232 |
    > 233 |       expect(response.ok).toBe(true);
          |                           ^
      234 |
      235 |       // Check for standard rate limit headers
      236 |       const hasRateLimitHeaders =
        at C:\repos\patriotchat\apps\api-e2e\src\critical-requirements\rate-limiting.spec.ts:233:27
]]>
</failure>
</testcase>
<testcase name="Critical Requirement: Rate Limiting (4-Dimensional Guards) › Rate Limit Protection › Should protect against denial of service" classname="critical-requirements\rate-limiting.spec.ts" time="0.097">
<failure message="rate-limiting.spec.ts:250:9 Should protect against denial of service" type="FAILURE">
<![CDATA[  [firefox] › critical-requirements\rate-limiting.spec.ts:250:9 › Critical Requirement: Rate Limiting (4-Dimensional Guards) › Rate Limit Protection › Should protect against denial of service 

    Error: expect(received).toBeGreaterThan(expected)

    Expected: > 0
    Received:   0

      287 |       // At least most should succeed (rate limit protection doesn't reject all)
      288 |       const successCount = results.filter((r) => r.ok).length;
    > 289 |       expect(successCount).toBeGreaterThan(0);
          |                            ^
      290 |
      291 |       console.log(
      292 |         `✓ Rate limiting protects service (${successCount}/5 requests succeeded)`,
        at C:\repos\patriotchat\apps\api-e2e\src\critical-requirements\rate-limiting.spec.ts:289:28
]]>
</failure>
</testcase>
</testsuite>
<testsuite name="performance\service-latency.spec.ts" timestamp="2026-02-03T14:11:50.997Z" hostname="firefox" tests="9" failures="0" skipped="0" time="0.217" errors="0">
<testcase name="Performance Tests › Service Latency Benchmarks › Should measure auth service latency" classname="performance\service-latency.spec.ts" time="0.018">
<system-out>
<![CDATA[Auth Service Latency:
  Average: 1.57ms
  Min: 0.60ms
  Max: 4.81ms
]]>
</system-out>
</testcase>
<testcase name="Performance Tests › Service Latency Benchmarks › Should measure gateway latency" classname="performance\service-latency.spec.ts" time="0.024">
<system-out>
<![CDATA[Gateway Latency:
  Average: 2.13ms
  Min: 1.43ms
  Max: 4.19ms
]]>
</system-out>
</testcase>
<testcase name="Performance Tests › Service Latency Benchmarks › Should measure funding service latency" classname="performance\service-latency.spec.ts" time="0.041">
<system-out>
<![CDATA[Funding Service Latency:
  Average: 3.58ms
  Min: 1.28ms
  Max: 16.73ms
]]>
</system-out>
</testcase>
<testcase name="Performance Tests › Service Latency Benchmarks › Should measure policy service latency" classname="performance\service-latency.spec.ts" time="0.02">
<system-out>
<![CDATA[Policy Service Latency:
  Average: 1.70ms
  Min: 0.87ms
  Max: 4.20ms
]]>
</system-out>
</testcase>
<testcase name="Performance Tests › Service Latency Benchmarks › Should measure LLM service latency" classname="performance\service-latency.spec.ts" time="0.017">
<system-out>
<![CDATA[LLM Service Latency:
  Average: 1.52ms
  Min: 0.75ms
  Max: 3.79ms
]]>
</system-out>
</testcase>
<testcase name="Performance Tests › Service Latency Benchmarks › Should measure analytics service latency" classname="performance\service-latency.spec.ts" time="0.051">
<system-out>
<![CDATA[Analytics Service Latency:
  Average: 4.28ms
  Min: 1.65ms
  Max: 23.00ms
]]>
</system-out>
</testcase>
<testcase name="Performance Tests › Throughput Benchmarks › Should handle concurrent requests efficiently" classname="performance\service-latency.spec.ts" time="0.013">
<system-out>
<![CDATA[Concurrent Request Performance (10 requests):
  Total time: 10.40ms
  Average latency: 6.78ms
  Max latency: 8.21ms
  Throughput: 961.23 req/s
]]>
</system-out>
</testcase>
<testcase name="Performance Tests › Database Query Performance › Should execute queries within acceptable time" classname="performance\service-latency.spec.ts" time="0.011">
<system-out>
<![CDATA[Database Query Performance:
  Average: 1.75ms
]]>
</system-out>
</testcase>
<testcase name="Performance Tests › API Response Times › Health check responses should be fast" classname="performance\service-latency.spec.ts" time="0.022">
<system-out>
<![CDATA[Health Check Response Times:
  Auth: 2.81ms
  Gateway: 1.92ms
  Funding: 4.36ms
  Policy: 1.39ms
  LLM: 1.37ms
  Analytics: 4.00ms
]]>
</system-out>
</testcase>
</testsuite>
<testsuite name="workflows\user-journey.spec.ts" timestamp="2026-02-03T14:11:50.997Z" hostname="firefox" tests="9" failures="7" skipped="0" time="0.878" errors="0">
<testcase name="E2E Workflows › User Registration &amp; Login Flow › Should complete full registration workflow" classname="workflows\user-journey.spec.ts" time="0.06">
<failure message="user-journey.spec.ts:7:9 Should complete full registration workflow" type="FAILURE">
<![CDATA[  [firefox] › workflows\user-journey.spec.ts:7:9 › E2E Workflows › User Registration & Login Flow › Should complete full registration workflow 

    Error: expect(received).toBeDefined()

    Received: undefined

      21 |
      22 |       expect(registerResponse.ok).toBe(true);
    > 23 |       expect(registerResponse.data?.userId).toBeDefined();
         |                                             ^
      24 |       expect(registerResponse.data?.token).toBeDefined();
      25 |       console.log(`✓ User registered: ${testUser.email}`);
      26 |
        at C:\repos\patriotchat\apps\api-e2e\src\workflows\user-journey.spec.ts:23:45
]]>
</failure>
</testcase>
<testcase name="E2E Workflows › User Registration &amp; Login Flow › Should complete full login workflow" classname="workflows\user-journey.spec.ts" time="0.164">
<failure message="user-journey.spec.ts:43:9 Should complete full login workflow" type="FAILURE">
<![CDATA[  [firefox] › workflows\user-journey.spec.ts:43:9 › E2E Workflows › User Registration & Login Flow › Should complete full login workflow 

    Error: expect(received).toBe(expected) // Object.is equality

    Expected: true
    Received: false

      84 |       });
      85 |
    > 86 |       expect(profileResponse.ok).toBe(true);
         |                                  ^
      87 |       console.log(`✓ Authenticated request successful`);
      88 |     });
      89 |   });
        at C:\repos\patriotchat\apps\api-e2e\src\workflows\user-journey.spec.ts:86:34
]]>
</failure>
<system-out>
<![CDATA[✓ User registered
✓ User logged in successfully
]]>
</system-out>
</testcase>
<testcase name="E2E Workflows › Query &amp; Inference Workflow › Should execute complete query workflow" classname="workflows\user-journey.spec.ts" time="0.079">
<failure message="user-journey.spec.ts:92:9 Should execute complete query workflow" type="FAILURE">
<![CDATA[  [firefox] › workflows\user-journey.spec.ts:92:9 › E2E Workflows › Query & Inference Workflow › Should execute complete query workflow 

    Error: expect(received).toBe(expected) // Object.is equality

    Expected: true
    Received: false

      122 |       });
      123 |
    > 124 |       expect(queryResponse.ok).toBe(true);
          |                                ^
      125 |       expect(queryResponse.data?.response).toBeDefined();
      126 |       console.log(`✓ Inference executed with ${testQuery.model}`);
      127 |
        at C:\repos\patriotchat\apps\api-e2e\src\workflows\user-journey.spec.ts:124:32
]]>
</failure>
<system-out>
<![CDATA[✓ User authenticated
]]>
</system-out>
</testcase>
<testcase name="E2E Workflows › Query &amp; Inference Workflow › Should support multiple queries in session" classname="workflows\user-journey.spec.ts" time="0.096">
<failure message="user-journey.spec.ts:139:9 Should support multiple queries in session" type="FAILURE">
<![CDATA[  [firefox] › workflows\user-journey.spec.ts:139:9 › E2E Workflows › Query & Inference Workflow › Should support multiple queries in session 

    Error: expect(received).toBe(expected) // Object.is equality

    Expected: true
    Received: false

      174 |         });
      175 |
    > 176 |         expect(queryResponse.ok).toBe(true);
          |                                  ^
      177 |         queryResults.push(queryResponse.data);
      178 |         console.log(`✓ Query ${i + 1} executed with ${query.model}`);
      179 |       }
        at C:\repos\patriotchat\apps\api-e2e\src\workflows\user-journey.spec.ts:176:34
]]>
</failure>
</testcase>
[...]

    Error: expect(received).toBe(expected) // Object.is equality

    Expected: true
    Received: false

      48 |       });
      49 |
    > 50 |       expect(response.ok).toBe(true);
         |                           ^
      51 |       expect(latency).toBeLessThan(TEST_DATA.PERFORMANCE_THRESHOLD_MS);
      52 |       console.log(`✓ Policy latency: ${latency.toFixed(2)}ms`);
      53 |     });
        at C:\repos\patriotchat\apps\api-e2e\src\critical-requirements\performance.spec.ts:50:27
]]>
</failure>
</testcase>
<testcase name="Critical Requirement: Performance (Auth &lt; 100ms) › Service Latency › LLM service should respond in under 100ms" classname="critical-requirements\performance.spec.ts" time="0.029">
<failure message="performance.spec.ts:55:9 LLM service should respond in under 100ms" type="FAILURE">
<![CDATA[  [webkit] › critical-requirements\performance.spec.ts:55:9 › Critical Requirement: Performance (Auth < 100ms) › Service Latency › LLM service should respond in under 100ms 

    Error: expect(received).toBe(expected) // Object.is equality

    Expected: true
    Received: false

      60 |       });
      61 |
    > 62 |       expect(response.ok).toBe(true);
         |                           ^
      63 |       expect(latency).toBeLessThan(TEST_DATA.PERFORMANCE_THRESHOLD_MS);
      64 |       console.log(`✓ LLM latency: ${latency.toFixed(2)}ms`);
      65 |     });
        at C:\repos\patriotchat\apps\api-e2e\src\critical-requirements\performance.spec.ts:62:27
]]>
</failure>
</testcase>
<testcase name="Critical Requirement: Performance (Auth &lt; 100ms) › Service Latency › Analytics service should respond in under 100ms" classname="critical-requirements\performance.spec.ts" time="0.009">
<failure message="performance.spec.ts:67:9 Analytics service should respond in under 100ms" type="FAILURE">
<![CDATA[  [webkit] › critical-requirements\performance.spec.ts:67:9 › Critical Requirement: Performance (Auth < 100ms) › Service Latency › Analytics service should respond in under 100ms 

    Error: expect(received).toBe(expected) // Object.is equality

    Expected: true
    Received: false

      72 |       });
      73 |
    > 74 |       expect(response.ok).toBe(true);
         |                           ^
      75 |       expect(latency).toBeLessThan(TEST_DATA.PERFORMANCE_THRESHOLD_MS);
      76 |       console.log(`✓ Analytics latency: ${latency.toFixed(2)}ms`);
      77 |     });
        at C:\repos\patriotchat\apps\api-e2e\src\critical-requirements\performance.spec.ts:74:27
]]>
</failure>
</testcase>
<testcase name="Critical Requirement: Performance (Auth &lt; 100ms) › Performance Baseline › Should maintain consistent response times under load" classname="critical-requirements\performance.spec.ts" time="0.011">
<system-out>
<![CDATA[✓ Avg latency: 1.61ms, Max: 2.52ms
]]>
</system-out>
</testcase>
<testcase name="Critical Requirement: Performance (Auth &lt; 100ms) › Performance Baseline › All services should be operational" classname="critical-requirements\performance.spec.ts" time="0.025">
<failure message="performance.spec.ts:104:9 All services should be operational" type="FAILURE">
<![CDATA[  [webkit] › critical-requirements\performance.spec.ts:104:9 › Critical Requirement: Performance (Auth < 100ms) › Performance Baseline › All services should be operational 

    Error: expect(received).toBe(expected) // Object.is equality

    Expected: true
    Received: false

      119 |         });
      120 |
    > 121 |         expect(response.ok).toBe(true);
          |                             ^
      122 |       }
      123 |
      124 |       console.log(`✓ All ${services.length} services operational`);
        at C:\repos\patriotchat\apps\api-e2e\src\critical-requirements\performance.spec.ts:121:29
]]>
</failure>
</testcase>
</testsuite>
<testsuite name="critical-requirements\rate-limiting.spec.ts" timestamp="2026-02-03T14:11:50.997Z" hostname="webkit" tests="6" failures="5" skipped="0" time="0.541" errors="0">
<testcase name="Critical Requirement: Rate Limiting (4-Dimensional Guards) › Per-User Rate Limiting › Should track requests per user" classname="critical-requirements\rate-limiting.spec.ts" time="0.064">
<failure message="rate-limiting.spec.ts:7:9 Should track requests per user" type="FAILURE">
<![CDATA[  [webkit] › critical-requirements\rate-limiting.spec.ts:7:9 › Critical Requirement: Rate Limiting (4-Dimensional Guards) › Per-User Rate Limiting › Should track requests per user 

    Error: expect(received).toBe(expected) // Object.is equality

    Expected: true
    Received: false

      35 |       });
      36 |
    > 37 |       expect(response.ok).toBe(true);
         |                           ^
      38 |       // Check for rate limit headers
      39 |       const rateLimitLimit = response.headers['x-ratelimit-limit'];
      40 |       const rateLimitRemaining = response.headers['x-ratelimit-remaining'];
        at C:\repos\patriotchat\apps\api-e2e\src\critical-requirements\rate-limiting.spec.ts:37:27
]]>
</failure>
</testcase>
<testcase name="Critical Requirement: Rate Limiting (4-Dimensional Guards) › Per-IP Rate Limiting › Should limit requests from same IP" classname="critical-requirements\rate-limiting.spec.ts" time="0.108">
<system-out>
<![CDATA[✓ Per-IP rate limiting configured (no block within 10 requests)
]]>
</system-out>
</testcase>
<testcase name="Critical Requirement: Rate Limiting (4-Dimensional Guards) › Per-Endpoint Rate Limiting › Should apply endpoint-specific limits" classname="critical-requirements\rate-limiting.spec.ts" time="0.09">
<failure message="rate-limiting.spec.ts:105:9 Should apply endpoint-specific limits" type="FAILURE">
<![CDATA[  [webkit] › critical-requirements\rate-limiting.spec.ts:105:9 › Critical Requirement: Rate Limiting (4-Dimensional Guards) › Per-Endpoint Rate Limiting › Should apply endpoint-specific limits 

    Error: expect(received).toBe(expected) // Object.is equality

    Expected: true
    Received: false

      133 |       });
      134 |
    > 135 |       expect(inferenceResponse.ok).toBe(true);
          |                                    ^
      136 |
      137 |       // Test profile endpoint (different limit)
      138 |       const profileResponse = await apiRequest({
        at C:\repos\patriotchat\apps\api-e2e\src\critical-requirements\rate-limiting.spec.ts:135:36
]]>
</failure>
</testcase>
<testcase name="Critical Requirement: Rate Limiting (4-Dimensional Guards) › Time-Window Rate Limiting › Should reset limits on time window" classname="critical-requirements\rate-limiting.spec.ts" time="0.09">
<failure message="rate-limiting.spec.ts:151:9 Should reset limits on time window" type="FAILURE">
<![CDATA[  [webkit] › critical-requirements\rate-limiting.spec.ts:151:9 › Critical Requirement: Rate Limiting (4-Dimensional Guards) › Time-Window Rate Limiting › Should reset limits on time window 

    Error: expect(received).toBe(expected) // Object.is equality

    Expected: true
    Received: false

      179 |       });
      180 |
    > 181 |       expect(response1.ok).toBe(true);
          |                            ^
      182 |
      183 |       // Wait and make another request in new window
      184 |       await new Promise((resolve) => setTimeout(resolve, 1100));
        at C:\repos\patriotchat\apps\api-e2e\src\critical-requirements\rate-limiting.spec.ts:181:28
]]>
</failure>
</testcase>
<testcase name="Critical Requirement: Rate Limiting (4-Dimensional Guards) › Rate Limit Headers › Should include rate limit information in response headers" classname="critical-requirements\rate-limiting.spec.ts" time="0.09">
<failure message="rate-limiting.spec.ts:203:9 Should include rate limit information in response headers" type="FAILURE">
<![CDATA[  [webkit] › critical-requirements\rate-limiting.spec.ts:203:9 › Critical Requirement: Rate Limiting (4-Dimensional Guards) › Rate Limit Headers › Should include rate limit information in response headers 

    Error: expect(received).toBe(expected) // Object.is equality

    Expected: true
    Received: false

      231 |       });
      232 |
    > 233 |       expect(response.ok).toBe(true);
          |                           ^
      234 |
      235 |       // Check for standard rate limit headers
      236 |       const hasRateLimitHeaders =
        at C:\repos\patriotchat\apps\api-e2e\src\critical-requirements\rate-limiting.spec.ts:233:27
]]>
</failure>
</testcase>
<testcase name="Critical Requirement: Rate Limiting (4-Dimensional Guards) › Rate Limit Protection › Should protect against denial of service" classname="critical-requirements\rate-limiting.spec.ts" time="0.099">
<failure message="rate-limiting.spec.ts:250:9 Should protect against denial of service" type="FAILURE">
<![CDATA[  [webkit] › critical-requirements\rate-limiting.spec.ts:250:9 › Critical Requirement: Rate Limiting (4-Dimensional Guards) › Rate Limit Protection › Should protect against denial of service 

    Error: expect(received).toBeGreaterThan(expected)

    Expected: > 0
    Received:   0

      287 |       // At least most should succeed (rate limit protection doesn't reject all)
      288 |       const successCount = results.filter((r) => r.ok).length;
    > 289 |       expect(successCount).toBeGreaterThan(0);
          |                            ^
      290 |
      291 |       console.log(
      292 |         `✓ Rate limiting protects service (${successCount}/5 requests succeeded)`,
        at C:\repos\patriotchat\apps\api-e2e\src\critical-requirements\rate-limiting.spec.ts:289:28
]]>
</failure>
</testcase>
</testsuite>
<testsuite name="performance\service-latency.spec.ts" timestamp="2026-02-03T14:11:50.997Z" hostname="webkit" tests="9" failures="0" skipped="0" time="0.218" errors="0">
<testcase name="Performance Tests › Service Latency Benchmarks › Should measure auth service latency" classname="performance\service-latency.spec.ts" time="0.021">
<system-out>
<![CDATA[Auth Service Latency:
  Average: 1.82ms
  Min: 0.70ms
  Max: 5.50ms
]]>
</system-out>
</testcase>
<testcase name="Performance Tests › Service Latency Benchmarks › Should measure gateway latency" classname="performance\service-latency.spec.ts" time="0.023">
<system-out>
<![CDATA[Gateway Latency:
  Average: 2.09ms
  Min: 1.32ms
  Max: 3.90ms
]]>
</system-out>
</testcase>
<testcase name="Performance Tests › Service Latency Benchmarks › Should measure funding service latency" classname="performance\service-latency.spec.ts" time="0.02">
<system-out>
<![CDATA[Funding Service Latency:
  Average: 1.74ms
  Min: 0.87ms
  Max: 4.46ms
]]>
</system-out>
</testcase>
<testcase name="Performance Tests › Service Latency Benchmarks › Should measure policy service latency" classname="performance\service-latency.spec.ts" time="0.043">
<system-out>
<![CDATA[Policy Service Latency:
  Average: 3.73ms
  Min: 0.87ms
  Max: 22.25ms
]]>
</system-out>
</testcase>
<testcase name="Performance Tests › Service Latency Benchmarks › Should measure LLM service latency" classname="performance\service-latency.spec.ts" time="0.02">
<system-out>
<![CDATA[LLM Service Latency:
  Average: 1.81ms
  Min: 1.01ms
  Max: 4.10ms
]]>
</system-out>
</testcase>
<testcase name="Performance Tests › Service Latency Benchmarks › Should measure analytics service latency" classname="performance\service-latency.spec.ts" time="0.03">
<system-out>
<![CDATA[Analytics Service Latency:
  Average: 2.80ms
  Min: 1.34ms
  Max: 7.49ms
]]>
</system-out>
</testcase>
<testcase name="Performance Tests › Throughput Benchmarks › Should handle concurrent requests efficiently" classname="performance\service-latency.spec.ts" time="0.033">
<system-out>
<![CDATA[Concurrent Request Performance (10 requests):
  Total time: 27.90ms
  Average latency: 17.25ms
  Max latency: 23.81ms
  Throughput: 358.44 req/s
]]>
</system-out>
</testcase>
<testcase name="Performance Tests › Database Query Performance › Should execute queries within acceptable time" classname="performance\service-latency.spec.ts" time="0.01">
<system-out>
<![CDATA[Database Query Performance:
  Average: 1.66ms
]]>
</system-out>
</testcase>
<testcase name="Performance Tests › API Response Times › Health check responses should be fast" classname="performance\service-latency.spec.ts" time="0.018">
<system-out>
<![CDATA[Health Check Response Times:
  Auth: 1.03ms
  Gateway: 1.61ms
  Funding: 1.59ms
  Policy: 3.64ms
  LLM: 1.68ms
  Analytics: 3.57ms
]]>
</system-out>
</testcase>
</testsuite>
<testsuite name="workflows\user-journey.spec.ts" timestamp="2026-02-03T14:11:50.997Z" hostname="webkit" tests="9" failures="7" skipped="0" time="0.803" errors="0">
<testcase name="E2E Workflows › User Registration &amp; Login Flow › Should complete full registration workflow" classname="workflows\user-journey.spec.ts" time="0.071">
<failure message="user-journey.spec.ts:7:9 Should complete full registration workflow" type="FAILURE">
<![CDATA[  [webkit] › workflows\user-journey.spec.ts:7:9 › E2E Workflows › User Registration & Login Flow › Should complete full registration workflow 

    Error: expect(received).toBeDefined()

    Received: undefined

      21 |
      22 |       expect(registerResponse.ok).toBe(true);
    > 23 |       expect(registerResponse.data?.userId).toBeDefined();
         |                                             ^
      24 |       expect(registerResponse.data?.token).toBeDefined();
      25 |       console.log(`✓ User registered: ${testUser.email}`);
      26 |
        at C:\repos\patriotchat\apps\api-e2e\src\workflows\user-journey.spec.ts:23:45
]]>
</failure>
</testcase>
<testcase name="E2E Workflows › User Registration &amp; Login Flow › Should complete full login workflow" classname="workflows\user-journey.spec.ts" time="0.117">
<failure message="user-journey.spec.ts:43:9 Should complete full login workflow" type="FAILURE">
<![CDATA[  [webkit] › workflows\user-journey.spec.ts:43:9 › E2E Workflows › User Registration & Login Flow › Should complete full login workflow 

    Error: expect(received).toBe(expected) // Object.is equality

    Expected: true
    Received: false

      84 |       });
      85 |
    > 86 |       expect(profileResponse.ok).toBe(true);
         |                                  ^
      87 |       console.log(`✓ Authenticated request successful`);
      88 |     });
      89 |   });
        at C:\repos\patriotchat\apps\api-e2e\src\workflows\user-journey.spec.ts:86:34
]]>
</failure>
<system-out>
<![CDATA[✓ User registered
✓ User logged in successfully
]]>
</system-out>
</testcase>
<testcase name="E2E Workflows › Query &amp; Inference Workflow › Should execute complete query workflow" classname="workflows\user-journey.spec.ts" time="0.094">
<failure message="user-journey.spec.ts:92:9 Should execute complete query workflow" type="FAILURE">
<![CDATA[  [webkit] › workflows\user-journey.spec.ts:92:9 › E2E Workflows › Query & Inference Workflow › Should execute complete query workflow 

    Error: expect(received).toBe(expected) // Object.is equality

    Expected: true
    Received: false

      122 |       });
      123 |
    > 124 |       expect(queryResponse.ok).toBe(true);
          |                                ^
      125 |       expect(queryResponse.data?.response).toBeDefined();
      126 |       console.log(`✓ Inference executed with ${testQuery.model}`);
      127 |
        at C:\repos\patriotchat\apps\api-e2e\src\workflows\user-journey.spec.ts:124:32
]]>
</failure>
<system-out>
<![CDATA[✓ User authenticated
]]>
</system-out>
</testcase>
<testcase name="E2E Workflows › Query &amp; Inference Workflow › Should support multiple queries in session" classname="workflows\user-journey.spec.ts" time="0.094">
<failure message="user-journey.spec.ts:139:9 Should support multiple queries in session" type="FAILURE">
<![CDATA[  [webkit] › workflows\user-journey.spec.ts:139:9 › E2E Workflows › Query & Inference Workflow › Should support multiple queries in session 

    Error: expect(received).toBe(expected) // Object.is equality

    Expected: true
    Received: false

      174 |         });
      175 |
    > 176 |         expect(queryResponse.ok).toBe(true);
          |                                  ^
      177 |         queryResults.push(queryResponse.data);
      178 |         console.log(`✓ Query ${i + 1} executed with ${query.model}`);
      179 |       }
        at C:\repos\patriotchat\apps\api-e2e\src\workflows\user-journey.spec.ts:176:34
]]>
</failure>
</testcase>
<testcase name="E2E Workflows › Cross-Service Integration › Should coordinate between auth and inference services" classname="workflows\user-journey.spec.ts" time="0.079">
<failure message="user-journey.spec.ts:197:9 Should coordinate between auth and inference services" type="FAILURE">
<![CDATA[  [webkit] › workflows\user-journey.spec.ts:197:9 › E2E Workflows › Cross-Service Integration › Should coordinate between auth and inference services 

    Error: expect(received).toBe(expected) // Object.is equality

    Expected: true
    Received: false

      226 |       });
      227 |
    > 228 |       expect(queryResponse.ok).toBe(true);
          |                                ^
      229 |       console.log(`✓ LLM service: Query executed`);
      230 |
      231 |       // Step 3: Analytics service - Track
        at C:\repos\patriotchat\apps\api-e2e\src\workflows\user-journey.spec.ts:228:32
]]>
</failure>
<system-out>
<![CDATA[✓ Auth service: User registered
]]>
</system-out>
</testcase>
<testcase name="E2E Workflows › Cross-Service Integration › Should maintain session across services" classname="workflows\user-journey.spec.ts" time="0.078">
<failure message="user-journey.spec.ts:242:9 Should maintain session across services" type="FAILURE">
<![CDATA[  [webkit] › workflows\user-journey.spec.ts:242:9 › E2E Workflows › Cross-Service Integration › Should maintain session across services 

    Error: expect(received).toBe(expected) // Object.is equality

    Expected: true
    Received: false

      267 |       });
      268 |
    > 269 |       expect(authCheck.ok).toBe(true);
          |                            ^
      270 |
      271 |       const query = await apiRequest({
      272 |         method: 'POST',
        at C:\repos\patriotchat\apps\api-e2e\src\workflows\user-journey.spec.ts:269:28
]]>
</failure>
</testcase>
<testcase name="E2E Workflows › Error Handling &amp; Recovery › Should handle invalid credentials gracefully" classname="workflows\user-journey.spec.ts" time="0.13">
<system-out>
<![CDATA[✓ Invalid credentials rejected (status: 401)
]]>
</system-out>
</testcase>
<testcase name="E2E Workflows › Error Handling &amp; Recovery › Should recover from service failures" classname="workflows\user-journey.spec.ts" time="0.078">
<system-out>
<![CDATA[✓ Service handled response appropriately (status: 404)
]]>
</system-out>
</testcase>
<testcase name="E2E Workflows › Error Handling &amp; Recovery › Should handle invalid requests properly" classname="workflows\user-journey.spec.ts" time="0.062">
<failure message="user-journey.spec.ts:370:9 Should handle invalid requests properly" type="FAILURE">
<![CDATA[  [webkit] › workflows\user-journey.spec.ts:370:9 › E2E Workflows › Error Handling & Recovery › Should handle invalid requests properly 

    Error: expect(received).toBe(expected) // Object.is equality

    Expected: 400
    Received: 404

      398 |
      399 |       expect(invalidQuery.ok).toBe(false);
    > 400 |       expect(invalidQuery.status).toBe(400);
          |                                   ^
      401 |       console.log(
      402 |         `✓ Invalid request rejected (status: ${invalidQuery.status})`,
      403 |       );
        at C:\repos\patriotchat\apps\api-e2e\src\workflows\user-journey.spec.ts:400:35
]]>
</failure>
</testcase>
</testsuite>
</testsuites>