<testsuites id="" name="" tests="291" failures="177" skipped="0" errors="0" time="161.455566">
<testsuite name="critical-requirements\audit-trail.spec.ts" timestamp="2026-02-05T21:00:08.601Z" hostname="chromium" tests="5" failures="5" skipped="0" time="1.869" errors="0">
<testcase name="Critical Requirement: Audit Trail (Immutable PostgreSQL Logs) › User Action Logging › Should log user registration" classname="critical-requirements\audit-trail.spec.ts" time="0.171">
<failure message="audit-trail.spec.ts:7:9 Should log user registration" type="FAILURE">
<![CDATA[  [chromium] › critical-requirements\audit-trail.spec.ts:7:9 › Critical Requirement: Audit Trail (Immutable PostgreSQL Logs) › User Action Logging › Should log user registration 

    Error: expect(received).toBeDefined()

    Received: undefined

      20 |
      21 |       expect(registerResponse.ok).toBe(true);
    > 22 |       expect(registerResponse.data?.userId).toBeDefined();
         |                                             ^
      23 |       console.log(`✓ Registration logged for user: ${testUser.email}`);
      24 |
      25 |       // Verify audit log exists
        at C:\repos\patriotchat\apps\api-e2e\src\critical-requirements\audit-trail.spec.ts:22:45
]]>
</failure>
</testcase>
<testcase name="Critical Requirement: Audit Trail (Immutable PostgreSQL Logs) › User Action Logging › Should log user login" classname="critical-requirements\audit-trail.spec.ts" time="0.54">
<failure message="audit-trail.spec.ts:39:9 Should log user login" type="FAILURE">
<![CDATA[  [chromium] › critical-requirements\audit-trail.spec.ts:39:9 › Critical Requirement: Audit Trail (Immutable PostgreSQL Logs) › User Action Logging › Should log user login 

    Error: expect(received).toBe(expected) // Object.is equality

    Expected: true
    Received: false

      75 |       });
      76 |
    > 77 |       expect(auditResponse.ok).toBe(true);
         |                                ^
      78 |       const logs = auditResponse.data?.logs || [];
      79 |       expect(logs.length).toBeGreaterThan(0);
      80 |       console.log(
        at C:\repos\patriotchat\apps\api-e2e\src\critical-requirements\audit-trail.spec.ts:77:32
]]>
</failure>
<system-out>
<![CDATA[✓ Login logged for user: testuser_1770325210282_1@test.patriotchat.com
]]>
</system-out>
</testcase>
<testcase name="Critical Requirement: Audit Trail (Immutable PostgreSQL Logs) › Query Tracking › Should track LLM inference queries" classname="critical-requirements\audit-trail.spec.ts" time="0.379">
<failure message="audit-trail.spec.ts:87:9 Should track LLM inference queries" type="FAILURE">
<![CDATA[  [chromium] › critical-requirements\audit-trail.spec.ts:87:9 › Critical Requirement: Audit Trail (Immutable PostgreSQL Logs) › Query Tracking › Should track LLM inference queries 

    Error: expect(received).toBe(expected) // Object.is equality

    Expected: true
    Received: false

      115 |       });
      116 |
    > 117 |       expect(inferenceResponse.ok).toBe(true);
          |                                    ^
      118 |       console.log(`✓ Inference query executed and tracked`);
      119 |
      120 |       // Verify tracking in analytics
        at C:\repos\patriotchat\apps\api-e2e\src\critical-requirements\audit-trail.spec.ts:117:36
]]>
</failure>
</testcase>
<testcase name="Critical Requirement: Audit Trail (Immutable PostgreSQL Logs) › Log Integrity › Logs should be immutable (no modification possible)" classname="critical-requirements\audit-trail.spec.ts" time="0.346">
<failure message="audit-trail.spec.ts:133:9 Logs should be immutable (no modification possible)" type="FAILURE">
<![CDATA[  [chromium] › critical-requirements\audit-trail.spec.ts:133:9 › Critical Requirement: Audit Trail (Immutable PostgreSQL Logs) › Log Integrity › Logs should be immutable (no modification possible) 

    Error: expect(received).toBe(expected) // Object.is equality

    Expected: 403
    Received: 404

      159 |
      160 |       // Should be forbidden
    > 161 |       expect(modifyResponse.status).toBe(403);
          |                                     ^
      162 |       console.log(
      163 |         `✓ Audit logs are protected from modification (status: ${modifyResponse.status})`,
      164 |       );
        at C:\repos\patriotchat\apps\api-e2e\src\critical-requirements\audit-trail.spec.ts:161:37
]]>
</failure>
</testcase>
<testcase name="Critical Requirement: Audit Trail (Immutable PostgreSQL Logs) › Log Integrity › All audit operations should be timestamped" classname="critical-requirements\audit-trail.spec.ts" time="0.433">
<failure message="audit-trail.spec.ts:167:9 All audit operations should be timestamped" type="FAILURE">
<![CDATA[  [chromium] › critical-requirements\audit-trail.spec.ts:167:9 › Critical Requirement: Audit Trail (Immutable PostgreSQL Logs) › Log Integrity › All audit operations should be timestamped 

    Error: expect(received).toBe(expected) // Object.is equality

    Expected: true
    Received: false

      188 |       });
      189 |
    > 190 |       expect(auditResponse.ok).toBe(true);
          |                                ^
      191 |       const logs = auditResponse.data?.logs || [];
      192 |
      193 |       // Verify all logs have timestamps
        at C:\repos\patriotchat\apps\api-e2e\src\critical-requirements\audit-trail.spec.ts:190:32
]]>
</failure>
</testcase>
</testsuite>
<testsuite name="critical-requirements\database.spec.ts" timestamp="2026-02-05T21:00:08.601Z" hostname="chromium" tests="7" failures="5" skipped="0" time="2.266" errors="0">
<testcase name="Critical Requirement: Database (PostgreSQL with Connection Pooling) › Connection Pooling › Should handle concurrent requests efficiently" classname="critical-requirements\database.spec.ts" time="0.524">
<system-out>
<![CDATA[✓ All 10 concurrent requests succeeded
]]>
</system-out>
</testcase>
<testcase name="Critical Requirement: Database (PostgreSQL with Connection Pooling) › Connection Pooling › Connection pool should recover after spike" classname="critical-requirements\database.spec.ts" time="0.735">
<system-out>
<![CDATA[✓ First spike succeeded (5 requests)
✓ Pool recovered - second spike succeeded (5 requests)
]]>
</system-out>
</testcase>
<testcase name="Critical Requirement: Database (PostgreSQL with Connection Pooling) › Data Persistence › Stored data should persist across requests" classname="critical-requirements\database.spec.ts" time="0.243">
<failure message="database.spec.ts:90:9 Stored data should persist across requests" type="FAILURE">
<![CDATA[  [chromium] › critical-requirements\database.spec.ts:90:9 › Critical Requirement: Database (PostgreSQL with Connection Pooling) › Data Persistence › Stored data should persist across requests 

    Error: expect(received).toBe(expected) // Object.is equality

    Expected: true
    Received: false

      114 |       });
      115 |
    > 116 |       expect(profileResponse.ok).toBe(true);
          |                                  ^
      117 |       expect(profileResponse.data?.email).toBe(email);
      118 |       console.log(`✓ User data persisted: ${email}`);
      119 |     });
        at C:\repos\patriotchat\apps\api-e2e\src\critical-requirements\database.spec.ts:116:34
]]>
</failure>
</testcase>
<testcase name="Critical Requirement: Database (PostgreSQL with Connection Pooling) › Data Persistence › Multiple database operations should maintain consistency" classname="critical-requirements\database.spec.ts" time="0.317">
<failure message="database.spec.ts:121:9 Multiple database operations should maintain consistency" type="FAILURE">
<![CDATA[  [chromium] › critical-requirements\database.spec.ts:121:9 › Critical Requirement: Database (PostgreSQL with Connection Pooling) › Data Persistence › Multiple database operations should maintain consistency 

    Error: expect(received).toBe(expected) // Object.is equality

    Expected: true
    Received: false

      147 |       });
      148 |
    > 149 |       expect(updateResponse.ok).toBe(true);
          |                                 ^
      150 |
      151 |       // Operation 3: Verify update
      152 |       const profileResponse = await apiRequest({
        at C:\repos\patriotchat\apps\api-e2e\src\critical-requirements\database.spec.ts:149:33
]]>
</failure>
</testcase>
<testcase name="Critical Requirement: Database (PostgreSQL with Connection Pooling) › Query Performance › Database queries should execute quickly" classname="critical-requirements\database.spec.ts" time="0.394">
<failure message="database.spec.ts:165:9 Database queries should execute quickly" type="FAILURE">
<![CDATA[  [chromium] › critical-requirements\database.spec.ts:165:9 › Critical Requirement: Database (PostgreSQL with Connection Pooling) › Query Performance › Database queries should execute quickly 

    Error: expect(received).toBe(expected) // Object.is equality

    Expected: true
    Received: false

      192 |       const queryTime = performance.now() - startTime;
      193 |
    > 194 |       expect(profileResponse.ok).toBe(true);
          |                                  ^
      195 |       expect(queryTime).toBeLessThan(500); // Should be under 500ms
      196 |       console.log(`✓ Query executed in ${queryTime.toFixed(2)}ms`);
      197 |     });
        at C:\repos\patriotchat\apps\api-e2e\src\critical-requirements\database.spec.ts:194:34
]]>
</failure>
</testcase>
<testcase name="Critical Requirement: Database (PostgreSQL with Connection Pooling) › Database Health › PostgreSQL connection should be healthy" classname="critical-requirements\database.spec.ts" time="0.026">
<failure message="database.spec.ts:201:9 PostgreSQL connection should be healthy" type="FAILURE">
<![CDATA[  [chromium] › critical-requirements\database.spec.ts:201:9 › Critical Requirement: Database (PostgreSQL with Connection Pooling) › Database Health › PostgreSQL connection should be healthy 

    Error: expect(received).toBeDefined()

    Received: undefined

      207 |
      208 |       expect(response.ok).toBe(true);
    > 209 |       expect(response.data?.database).toBeDefined();
          |                                       ^
      210 |       console.log(`✓ Database health: OK`);
      211 |     });
      212 |
        at C:\repos\patriotchat\apps\api-e2e\src\critical-requirements\database.spec.ts:209:39
]]>
</failure>
</testcase>
<testcase name="Critical Requirement: Database (PostgreSQL with Connection Pooling) › Database Health › Connection pool status should be available" classname="critical-requirements\database.spec.ts" time="0.027">
<failure message="database.spec.ts:213:9 Connection pool status should be available" type="FAILURE">
<![CDATA[  [chromium] › critical-requirements\database.spec.ts:213:9 › Critical Requirement: Database (PostgreSQL with Connection Pooling) › Database Health › Connection pool status should be available 

    Error: expect(received).toBe(expected) // Object.is equality

    Expected: true
    Received: false

      218 |       });
      219 |
    > 220 |       expect(response.ok).toBe(true);
          |                           ^
      221 |       expect(response.data?.poolSize).toBeDefined();
      222 |       expect(response.data?.activeConnections).toBeDefined();
      223 |       console.log(
        at C:\repos\patriotchat\apps\api-e2e\src\critical-requirements\database.spec.ts:220:27
]]>
</failure>
</testcase>
</testsuite>
<testsuite name="critical-requirements\llm-selector.spec.ts" timestamp="2026-02-05T21:00:08.601Z" hostname="chromium" tests="10" failures="7" skipped="0" time="0.794" errors="0">
<testcase name="Critical Requirement: LLM Model Selector › Model Availability › Should list available LLM models" classname="critical-requirements\llm-selector.spec.ts" time="0.044">
<system-out>
<![CDATA[✓ Available models: [object Object], [object Object], [object Object], [object Object]
]]>
</system-out>
</testcase>
<testcase name="Critical Requirement: LLM Model Selector › Model Availability › Should include required models" classname="critical-requirements\llm-selector.spec.ts" time="0.051">
<failure message="llm-selector.spec.ts:22:9 Should include required models" type="FAILURE">
<![CDATA[  [chromium] › critical-requirements\llm-selector.spec.ts:22:9 › Critical Requirement: LLM Model Selector › Model Availability › Should include required models 

    Error: expect(received).toContain(expected) // indexOf

    Expected value: "llama2"
    Received array: [{"contextWindow": 8192, "description": "Values-first constitutional reasoning with enumerated powers citations", "id": "liberty-mistral-v1.0", "name": "Liberty Mistral v1.0", "provider": "local"}, {"contextWindow": 8192, "description": "General-styled Mistral instruct model", "id": "mistral", "name": "Mistral 7B Instruct (Ollama)", "provider": "ollama-maintained"}, {"contextWindow": 4096, "description": "Ollama-hosted Llama 2 baseline", "id": "llama2", "name": "Llama 2", "provider": "ollama"}, {"contextWindow": 4096, "description": "Legacy Neural Chat endpoint", "id": "neural-chat", "name": "Neural Chat", "provider": "ollama"}]

      32 |       // Verify expected models are available
      33 |       for (const model of TEST_DATA.AVAILABLE_MODELS) {
    > 34 |         expect(models).toContain(model);
         |                        ^
      35 |       }
      36 |
      37 |       console.log(
        at C:\repos\patriotchat\apps\api-e2e\src\critical-requirements\llm-selector.spec.ts:34:24
]]>
</failure>
</testcase>
<testcase name="Critical Requirement: LLM Model Selector › Model Availability › Model selector should be accessible via API" classname="critical-requirements\llm-selector.spec.ts" time="0.041">
<system-out>
<![CDATA[✓ Model selector API operational
]]>
</system-out>
</testcase>
<testcase name="Critical Requirement: LLM Model Selector › Model Selection › Should execute inference with llama2 model" classname="critical-requirements\llm-selector.spec.ts" time="0.134">
<failure message="llm-selector.spec.ts:57:9 Should execute inference with llama2 model" type="FAILURE">
<![CDATA[  [chromium] › critical-requirements\llm-selector.spec.ts:57:9 › Critical Requirement: LLM Model Selector › Model Selection › Should execute inference with llama2 model 

    Error: expect(received).toBe(expected) // Object.is equality

    Expected: true
    Received: false

      85 |       });
      86 |
    > 87 |       expect(queryResponse.ok).toBe(true);
         |                                ^
      88 |       expect(queryResponse.data?.response).toBeDefined();
      89 |       console.log(`✓ Inference successful with llama2 model`);
      90 |     });
        at C:\repos\patriotchat\apps\api-e2e\src\critical-requirements\llm-selector.spec.ts:87:32
]]>
</failure>
</testcase>
<testcase name="Critical Requirement: LLM Model Selector › Model Selection › Should execute inference with mistral model" classname="critical-requirements\llm-selector.spec.ts" time="0.106">
<failure message="llm-selector.spec.ts:92:9 Should execute inference with mistral model" type="FAILURE">
<![CDATA[  [chromium] › critical-requirements\llm-selector.spec.ts:92:9 › Critical Requirement: LLM Model Selector › Model Selection › Should execute inference with mistral model 

    Error: expect(received).toBe(expected) // Object.is equality

    Expected: true
    Received: false

      120 |       });
      121 |
    > 122 |       expect(queryResponse.ok).toBe(true);
          |                                ^
      123 |       expect(queryResponse.data?.response).toBeDefined();
      124 |       console.log(`✓ Inference successful with mistral model`);
      125 |     });
        at C:\repos\patriotchat\apps\api-e2e\src\critical-requirements\llm-selector.spec.ts:122:32
]]>
</failure>
</testcase>
<testcase name="Critical Requirement: LLM Model Selector › Model Selection › Should execute inference with neural-chat model" classname="critical-requirements\llm-selector.spec.ts" time="0.118">
<failure message="llm-selector.spec.ts:127:9 Should execute inference with neural-chat model" type="FAILURE">
<![CDATA[  [chromium] › critical-requirements\llm-selector.spec.ts:127:9 › Critical Requirement: LLM Model Selector › Model Selection › Should execute inference with neural-chat model 

    Error: expect(received).toBe(expected) // Object.is equality

    Expected: true
    Received: false

      155 |       });
      156 |
    > 157 |       expect(queryResponse.ok).toBe(true);
          |                                ^
      158 |       expect(queryResponse.data?.response).toBeDefined();
      159 |       console.log(`✓ Inference successful with neural-chat model`);
      160 |     });
        at C:\repos\patriotchat\apps\api-e2e\src\critical-requirements\llm-selector.spec.ts:157:32
]]>
</failure>
</testcase>
<testcase name="Critical Requirement: LLM Model Selector › Model Configuration › Should handle invalid model gracefully" classname="critical-requirements\llm-selector.spec.ts" time="0.104">
<failure message="llm-selector.spec.ts:164:9 Should handle invalid model gracefully" type="FAILURE">
<![CDATA[  [chromium] › critical-requirements\llm-selector.spec.ts:164:9 › Critical Requirement: LLM Model Selector › Model Configuration › Should handle invalid model gracefully 

    Error: expect(received).toBe(expected) // Object.is equality

    Expected: 400
    Received: 404

      193 |
      194 |       expect(queryResponse.ok).toBe(false);
    > 195 |       expect(queryResponse.status).toBe(400);
          |                                    ^
      196 |       console.log(
      197 |         `✓ Invalid model rejected with status ${queryResponse.status}`,
      198 |       );
        at C:\repos\patriotchat\apps\api-e2e\src\critical-requirements\llm-selector.spec.ts:195:36
]]>
</failure>
</testcase>
<testcase name="Critical Requirement: LLM Model Selector › Model Configuration › Model metadata should be available" classname="critical-requirements\llm-selector.spec.ts" time="0.035">
<failure message="llm-selector.spec.ts:201:9 Model metadata should be available" type="FAILURE">
<![CDATA[  [chromium] › critical-requirements\llm-selector.spec.ts:201:9 › Critical Requirement: LLM Model Selector › Model Configuration › Model metadata should be available 

    Error: expect(received).toBe(expected) // Object.is equality

    Expected: true
    Received: false

      206 |       });
      207 |
    > 208 |       expect(response.ok).toBe(true);
          |                           ^
      209 |       expect(response.data?.models).toBeDefined();
      210 |       expect(Array.isArray(response.data?.models)).toBe(true);
      211 |
        at C:\repos\patriotchat\apps\api-e2e\src\critical-requirements\llm-selector.spec.ts:208:27
]]>
</failure>
</testcase>
<testcase name="Critical Requirement: LLM Model Selector › Frontend Integration › Model selector should be available on frontend" classname="critical-requirements\llm-selector.spec.ts" time="0.035">
<system-out>
<![CDATA[✓ Model selector backend API available for frontend integration
]]>
</system-out>
</testcase>
<testcase name="Critical Requirement: LLM Model Selector › Frontend Integration › Should support model switching during session" classname="critical-requirements\llm-selector.spec.ts" time="0.126">
<failure message="llm-selector.spec.ts:240:9 Should support model switching during session" type="FAILURE">
<![CDATA[  [chromium] › critical-requirements\llm-selector.spec.ts:240:9 › Critical Requirement: LLM Model Selector › Frontend Integration › Should support model switching during session 

    Error: expect(received).toBe(expected) // Object.is equality

    Expected: true
    Received: false

      268 |       });
      269 |
    > 270 |       expect(query1.ok).toBe(true);
          |                         ^
      271 |
      272 |       // Query with model 2 (switch)
      273 |       const query2 = await apiRequest({
        at C:\repos\patriotchat\apps\api-e2e\src\critical-requirements\llm-selector.spec.ts:270:25
]]>
</failure>
</testcase>
</testsuite>
<testsuite name="critical-requirements\performance.spec.ts" timestamp="2026-02-05T21:00:08.601Z" hostname="chromium" tests="8" failures="6" skipped="0" time="0.239" errors="0">
<testcase name="Critical Requirement: Performance (Auth &lt; 100ms) › Service Latency › Auth service should respond in under 100ms" classname="critical-requirements\performance.spec.ts" time="0.008">
<failure message="performance.spec.ts:7:9 Auth service should respond in under 100ms" type="FAILURE">
<![CDATA[  [chromium] › critical-requirements\performance.spec.ts:7:9 › Critical Requirement: Performance (Auth < 100ms) › Service Latency › Auth service should respond in under 100ms 

    Error: expect(received).toBe(expected) // Object.is equality

    Expected: true
    Received: false

      12 |       });
      13 |
    > 14 |       expect(response.ok).toBe(true);
         |                           ^
      15 |       expect(latency).toBeLessThan(TEST_DATA.PERFORMANCE_THRESHOLD_MS);
      16 |       console.log(`✓ Auth latency: ${latency.toFixed(2)}ms`);
      17 |     });
        at C:\repos\patriotchat\apps\api-e2e\src\critical-requirements\performance.spec.ts:14:27
]]>
</failure>
</testcase>
<testcase name="Critical Requirement: Performance (Auth &lt; 100ms) › Service Latency › API Gateway should respond in under 100ms" classname="critical-requirements\performance.spec.ts" time="0.034">
<system-out>
<![CDATA[✓ Gateway latency: 26.83ms
]]>
</system-out>
</testcase>
<testcase name="Critical Requirement: Performance (Auth &lt; 100ms) › Service Latency › Funding service should respond in under 100ms" classname="critical-requirements\performance.spec.ts" time="0.011">
<failure message="performance.spec.ts:31:9 Funding service should respond in under 100ms" type="FAILURE">
<![CDATA[  [chromium] › critical-requirements\performance.spec.ts:31:9 › Critical Requirement: Performance (Auth < 100ms) › Service Latency › Funding service should respond in under 100ms 

    Error: expect(received).toBe(expected) // Object.is equality

    Expected: true
    Received: false

      36 |       });
      37 |
    > 38 |       expect(response.ok).toBe(true);
         |                           ^
      39 |       expect(latency).toBeLessThan(TEST_DATA.PERFORMANCE_THRESHOLD_MS);
      40 |       console.log(`✓ Funding latency: ${latency.toFixed(2)}ms`);
      41 |     });
        at C:\repos\patriotchat\apps\api-e2e\src\critical-requirements\performance.spec.ts:38:27
]]>
</failure>
</testcase>
<testcase name="Critical Requirement: Performance (Auth &lt; 100ms) › Service Latency › Policy service should respond in under 100ms" classname="critical-requirements\performance.spec.ts" time="0.053">
<failure message="performance.spec.ts:43:9 Policy service should respond in under 100ms" type="FAILURE">
<![CDATA[  [chromium] › critical-requirements\performance.spec.ts:43:9 › Critical Requirement: Performance (Auth < 100ms) › Service Latency › Policy service should respond in under 100ms 

    Error: expect(received).toBe(expected) // Object.is equality

    Expected: true
    Received: false

      48 |       });
      49 |
    > 50 |       expect(response.ok).toBe(true);
         |                           ^
      51 |       expect(latency).toBeLessThan(TEST_DATA.PERFORMANCE_THRESHOLD_MS);
      52 |       console.log(`✓ Policy latency: ${latency.toFixed(2)}ms`);
      53 |     });
        at C:\repos\patriotchat\apps\api-e2e\src\critical-requirements\performance.spec.ts:50:27
]]>
</failure>
</testcase>
<testcase name="Critical Requirement: Performance (Auth &lt; 100ms) › Service Latency › LLM service should respond in under 100ms" classname="critical-requirements\performance.spec.ts" time="0.01">
<failure message="performance.spec.ts:55:9 LLM service should respond in under 100ms" type="FAILURE">
<![CDATA[  [chromium] › critical-requirements\performance.spec.ts:55:9 › Critical Requirement: Performance (Auth < 100ms) › Service Latency › LLM service should respond in under 100ms 

    Error: expect(received).toBe(expected) // Object.is equality

    Expected: true
    Received: false

      60 |       });
      61 |
    > 62 |       expect(response.ok).toBe(true);
         |                           ^
      63 |       expect(latency).toBeLessThan(TEST_DATA.PERFORMANCE_THRESHOLD_MS);
      64 |       console.log(`✓ LLM latency: ${latency.toFixed(2)}ms`);
      65 |     });
        at C:\repos\patriotchat\apps\api-e2e\src\critical-requirements\performance.spec.ts:62:27
]]>
</failure>
</testcase>
<testcase name="Critical Requirement: Performance (Auth &lt; 100ms) › Service Latency › Analytics service should respond in under 100ms" classname="critical-requirements\performance.spec.ts" time="0.033">
<failure message="performance.spec.ts:67:9 Analytics service should respond in under 100ms" type="FAILURE">
<![CDATA[  [chromium] › critical-requirements\performance.spec.ts:67:9 › Critical Requirement: Performance (Auth < 100ms) › Service Latency › Analytics service should respond in under 100ms 

    Error: expect(received).toBe(expected) // Object.is equality

    Expected: true
    Received: false

      72 |       });
      73 |
    > 74 |       expect(response.ok).toBe(true);
         |                           ^
      75 |       expect(latency).toBeLessThan(TEST_DATA.PERFORMANCE_THRESHOLD_MS);
      76 |       console.log(`✓ Analytics latency: ${latency.toFixed(2)}ms`);
      77 |     });
        at C:\repos\patriotchat\apps\api-e2e\src\critical-requirements\performance.spec.ts:74:27
]]>
</failure>
</testcase>
<testcase name="Critical Requirement: Performance (Auth &lt; 100ms) › Performance Baseline › Should maintain consistent response times under load" classname="critical-requirements\performance.spec.ts" time="0.073">
<system-out>
<![CDATA[✓ Avg latency: 13.11ms, Max: 33.89ms
]]>
</system-out>
</testcase>
<testcase name="Critical Requirement: Performance (Auth &lt; 100ms) › Performance Baseline › All services should be operational" classname="critical-requirements\performance.spec.ts" time="0.017">
<failure message="performance.spec.ts:104:9 All services should be operational" type="FAILURE">
<![CDATA[  [chromium] › critical-requirements\performance.spec.ts:104:9 › Critical Requirement: Performance (Auth < 100ms) › Performance Baseline › All services should be operational 

    Error: expect(received).toBe(expected) // Object.is equality

    Expected: true
    Received: false

      119 |         });
      120 |
    > 121 |         expect(response.ok).toBe(true);
          |                             ^
      122 |       }
      123 |
      124 |       console.log(`✓ All ${services.length} services operational`);
        at C:\repos\patriotchat\apps\api-e2e\src\critical-requirements\performance.spec.ts:121:29
]]>
</failure>
</testcase>
</testsuite>
<testsuite name="critical-requirements\rate-limiting.spec.ts" timestamp="2026-02-05T21:00:08.601Z" hostname="chromium" tests="6" failures="5" skipped="0" time="0.947" errors="0">
<testcase name="Critical Requirement: Rate Limiting (4-Dimensional Guards) › Per-User Rate Limiting › Should track requests per user" classname="critical-requirements\rate-limiting.spec.ts" time="0.137">
<failure message="rate-limiting.spec.ts:7:9 Should track requests per user" type="FAILURE">
<![CDATA[  [chromium] › critical-requirements\rate-limiting.spec.ts:7:9 › Critical Requirement: Rate Limiting (4-Dimensional Guards) › Per-User Rate Limiting › Should track requests per user 

    Error: expect(received).toBe(expected) // Object.is equality

    Expected: true
    Received: false

      35 |       });
      36 |
    > 37 |       expect(response.ok).toBe(true);
         |                           ^
      38 |       // Check for rate limit headers
      39 |       const rateLimitLimit = response.headers['x-ratelimit-limit'];
      40 |       const rateLimitRemaining = response.headers['x-ratelimit-remaining'];
        at C:\repos\patriotchat\apps\api-e2e\src\critical-requirements\rate-limiting.spec.ts:37:27
]]>
</failure>
</testcase>
<testcase name="Critical Requirement: Rate Limiting (4-Dimensional Guards) › Per-IP Rate Limiting › Should limit requests from same IP" classname="critical-requirements\rate-limiting.spec.ts" time="0.247">
<system-out>
<![CDATA[✓ Per-IP rate limiting configured (no block within 10 requests)
]]>
</system-out>
</testcase>
<testcase name="Critical Requirement: Rate Limiting (4-Dimensional Guards) › Per-Endpoint Rate Limiting › Should apply endpoint-specific limits" classname="critical-requirements\rate-limiting.spec.ts" time="0.15">
<failure message="rate-limiting.spec.ts:105:9 Should apply endpoint-specific limits" type="FAILURE">
<![CDATA[  [chromium] › critical-requirements\rate-limiting.spec.ts:105:9 › Critical Requirement: Rate Limiting (4-Dimensional Guards) › Per-Endpoint Rate Limiting › Should apply endpoint-specific limits 

    Error: expect(received).toBe(expected) // Object.is equality

    Expected: true
    Received: false

      133 |       });
      134 |
    > 135 |       expect(inferenceResponse.ok).toBe(true);
          |                                    ^
      136 |
      137 |       // Test profile endpoint (different limit)
      138 |       const profileResponse = await apiRequest({
        at C:\repos\patriotchat\apps\api-e2e\src\critical-requirements\rate-limiting.spec.ts:135:36
]]>
</failure>
</testcase>
<testcase name="Critical Requirement: Rate Limiting (4-Dimensional Guards) › Time-Window Rate Limiting › Should reset limits on time window" classname="critical-requirements\rate-limiting.spec.ts" time="0.13">
<failure message="rate-limiting.spec.ts:151:9 Should reset limits on time window" type="FAILURE">
<![CDATA[  [chromium] › critical-requirements\rate-limiting.spec.ts:151:9 › Critical Requirement: Rate Limiting (4-Dimensional Guards) › Time-Window Rate Limiting › Should reset limits on time window 

    Error: expect(received).toBe(expected) // Object.is equality

    Expected: true
    Received: false

      179 |       });
      180 |
    > 181 |       expect(response1.ok).toBe(true);
          |                            ^
      182 |
      183 |       // Wait and make another request in new window
      184 |       await new Promise((resolve) => setTimeout(resolve, 1100));
        at C:\repos\patriotchat\apps\api-e2e\src\critical-requirements\rate-limiting.spec.ts:181:28
]]>
</failure>
</testcase>
<testcase name="Critical Requirement: Rate Limiting (4-Dimensional Guards) › Rate Limit Headers › Should include rate limit information in response headers" classname="critical-requirements\rate-limiting.spec.ts" time="0.151">
<failure message="rate-limiting.spec.ts:203:9 Should include rate limit information in response headers" type="FAILURE">
<![CDATA[  [chromium] › critical-requirements\rate-limiting.spec.ts:203:9 › Critical Requirement: Rate Limiting (4-Dimensional Guards) › Rate Limit Headers › Should include rate limit information in response headers 

    Error: expect(received).toBe(expected) // Object.is equality

    Expected: true
    Received: false

      231 |       });
      232 |
    > 233 |       expect(response.ok).toBe(true);
          |                           ^
      234 |
      235 |       // Check for standard rate limit headers
      236 |       const hasRateLimitHeaders =
        at C:\repos\patriotchat\apps\api-e2e\src\critical-requirements\rate-limiting.spec.ts:233:27
]]>
</failure>
</testcase>
<testcase name="Critical Requirement: Rate Limiting (4-Dimensional Guards) › Rate Limit Protection › Should protect against denial of service" classname="critical-requirements\rate-limiting.spec.ts" time="0.132">
<failure message="rate-limiting.spec.ts:250:9 Should protect against denial of service" type="FAILURE">
<![CDATA[  [chromium] › critical-requirements\rate-limiting.spec.ts:250:9 › Critical Requirement: Rate Limiting (4-Dimensional Guards) › Rate Limit Protection › Should protect against denial of service 

    Error: expect(received).toBeGreaterThan(expected)

    Expected: > 0
    Received:   0

      287 |       // At least most should succeed (rate limit protection doesn't reject all)
      288 |       const successCount = results.filter((r) => r.ok).length;
    > 289 |       expect(successCount).toBeGreaterThan(0);
          |                            ^
      290 |
      291 |       console.log(
      292 |         `✓ Rate limiting protects service (${successCount}/5 requests succeeded)`,
        at C:\repos\patriotchat\apps\api-e2e\src\critical-requirements\rate-limiting.spec.ts:289:28
]]>
</failure>
</testcase>
</testsuite>
<testsuite name="performance\service-latency.spec.ts" timestamp="2026-02-05T21:00:08.601Z" hostname="chromium" tests="9" failures="0" skipped="0" time="0.441" errors="0">
<testcase name="Performance Tests › Service Latency Benchmarks › Should measure auth service latency" classname="performance\service-latency.spec.ts" time="0.063">
<system-out>
<![CDATA[Auth Service Latency:
  Average: 5.45ms
  Min: 1.18ms
  Max: 31.25ms
]]>
</system-out>
</testcase>
<testcase name="Performance Tests › Service Latency Benchmarks › Should measure gateway latency" classname="performance\service-latency.spec.ts" time="0.035">
<system-out>
<![CDATA[Gateway Latency:
  Average: 3.19ms
  Min: 2.26ms
  Max: 4.52ms
]]>
</system-out>
</testcase>
<testcase name="Performance Tests › Service Latency Benchmarks › Should measure funding service latency" classname="performance\service-latency.spec.ts" time="0.061">
<system-out>
<![CDATA[Funding Service Latency:
  Average: 5.19ms
  Min: 1.65ms
  Max: 24.37ms
]]>
</system-out>
</testcase>
<testcase name="Performance Tests › Service Latency Benchmarks › Should measure policy service latency" classname="performance\service-latency.spec.ts" time="0.037">
<system-out>
<![CDATA[Policy Service Latency:
  Average: 3.37ms
  Min: 1.21ms
  Max: 11.91ms
]]>
</system-out>
</testcase>
<testcase name="Performance Tests › Service Latency Benchmarks › Should measure LLM service latency" classname="performance\service-latency.spec.ts" time="0.062">
<system-out>
<![CDATA[LLM Service Latency:
  Average: 5.36ms
  Min: 1.49ms
  Max: 26.31ms
]]>
</system-out>
</testcase>
<testcase name="Performance Tests › Service Latency Benchmarks › Should measure analytics service latency" classname="performance\service-latency.spec.ts" time="0.041">
<system-out>
<![CDATA[Analytics Service Latency:
  Average: 3.82ms
  Min: 0.97ms
  Max: 16.21ms
]]>
</system-out>
</testcase>
<testcase name="Performance Tests › Throughput Benchmarks › Should handle concurrent requests efficiently" classname="performance\service-latency.spec.ts" time="0.054">
<system-out>
<![CDATA[Concurrent Request Performance (10 requests):
  Total time: 51.68ms
  Average latency: 23.16ms
  Max latency: 48.98ms
  Throughput: 193.48 req/s
]]>
</system-out>
</testcase>
<testcase name="Performance Tests › Database Query Performance › Should execute queries within acceptable time" classname="performance\service-latency.spec.ts" time="0.015">
<system-out>
<![CDATA[Database Query Performance:
  Average: 2.48ms
]]>
</system-out>
</testcase>
<testcase name="Performance Tests › API Response Times › Health check responses should be fast" classname="performance\service-latency.spec.ts" time="0.073">
<system-out>
<![CDATA[Health Check Response Times:
  Auth: 31.13ms
  Gateway: 6.76ms
  Funding: 5.63ms
  Policy: 6.73ms
  LLM: 4.93ms
  Analytics: 4.66ms
]]>
</system-out>
</testcase>
</testsuite>
<testsuite name="workflows\model-switching.spec.ts" timestamp="2026-02-05T21:00:08.601Z" hostname="chromium" tests="16" failures="11" skipped="0" time="210.757" errors="0">
<testcase name="Model Switching and Multi-Model Queries › Model Availability and Switching › Should retrieve list of 4 available models" classname="workflows\model-switching.spec.ts" time="0.016">
<system-out>
<![CDATA[✓ Available models (4): liberty-mistral-v1.0, mistral, llama2, neural-chat
]]>
</system-out>
</testcase>
<testcase name="Model Switching and Multi-Model Queries › Model Availability and Switching › Should have expected model properties" classname="workflows\model-switching.spec.ts" time="0.018">
<system-out>
<![CDATA[✓ All models have required properties (id, name)
]]>
</system-out>
</testcase>
<testcase name="Model Switching and Multi-Model Queries › Model Availability and Switching › Should include expected models: llama2, mistral, neural-chat" classname="workflows\model-switching.spec.ts" time="0.022">
<system-out>
<![CDATA[✓ All expected models present: llama2, mistral, neural-chat
]]>
</system-out>
</testcase>
<testcase name="Model Switching and Multi-Model Queries › Single Model Query Execution › Should execute query successfully with llama2 model" classname="workflows\model-switching.spec.ts" time="0.15">
<failure message="model-switching.spec.ts:120:9 Should execute query successfully with llama2 model" type="FAILURE">
<![CDATA[  [chromium] › workflows\model-switching.spec.ts:120:9 › Model Switching and Multi-Model Queries › Single Model Query Execution › Should execute query successfully with llama2 model 

    Error: expect(received).toBe(expected) // Object.is equality

    Expected: true
    Received: false

      133 |       });
      134 |
    > 135 |       expect(response.ok).toBe(true);
          |                           ^
      136 |       expect(response.data).toBeDefined();
      137 |
      138 |       // Validate response structure
        at C:\repos\patriotchat\apps\api-e2e\src\workflows\model-switching.spec.ts:135:27
]]>
</failure>
</testcase>
<testcase name="Model Switching and Multi-Model Queries › Single Model Query Execution › Should execute query successfully with mistral model" classname="workflows\model-switching.spec.ts" time="30.009">
<failure message="model-switching.spec.ts:162:9 Should execute query successfully with mistral model" type="FAILURE">
<![CDATA[  [chromium] › workflows\model-switching.spec.ts:162:9 › Model Switching and Multi-Model Queries › Single Model Query Execution › Should execute query successfully with mistral model 

    Test timeout of 30000ms exceeded.
]]>
</failure>
</testcase>
<testcase name="Model Switching and Multi-Model Queries › Single Model Query Execution › Should execute query successfully with neural-chat model" classname="workflows\model-switching.spec.ts" time="30.002">
<failure message="model-switching.spec.ts:194:9 Should execute query successfully with neural-chat model" type="FAILURE">
<![CDATA[  [chromium] › workflows\model-switching.spec.ts:194:9 › Model Switching and Multi-Model Queries › Single Model Query Execution › Should execute query successfully with neural-chat model 

    Test timeout of 30000ms exceeded.
]]>
</failure>
</testcase>
<testcase name="Model Switching and Multi-Model Queries › Model Switching with Sequential Queries › Should switch between all 4 models and execute queries" classname="workflows\model-switching.spec.ts" time="30.011">
<failure message="model-switching.spec.ts:228:9 Should switch between all 4 models and execute queries" type="FAILURE">
<![CDATA[  [chromium] › workflows\model-switching.spec.ts:228:9 › Model Switching and Multi-Model Queries › Model Switching with Sequential Queries › Should switch between all 4 models and execute queries 

    Test timeout of 30000ms exceeded.
]]>
</failure>
</testcase>
<testcase name="Model Switching and Multi-Model Queries › Model Switching with Sequential Queries › Should maintain model state across consecutive requests" classname="workflows\model-switching.spec.ts" time="0.132">
<failure message="model-switching.spec.ts:281:9 Should maintain model state across consecutive requests" type="FAILURE">
<![CDATA[  [chromium] › workflows\model-switching.spec.ts:281:9 › Model Switching and Multi-Model Queries › Model Switching with Sequential Queries › Should maintain model state across consecutive requests 

    Error: expect(received).toBe(expected) // Object.is equality

    Expected: true
    Received: false

      297 |         });
      298 |
    > 299 |         expect(response.ok).toBe(true);
          |                             ^
      300 |         expect(response.data).toBeDefined();
      301 |
      302 |         // Verify the model used is the one we requested
        at C:\repos\patriotchat\apps\api-e2e\src\workflows\model-switching.spec.ts:299:29
]]>
</failure>
</testcase>
<testcase name="Model Switching and Multi-Model Queries › Model-Specific Response Validation › Should return valid response structure from each model" classname="workflows\model-switching.spec.ts" time="0.112">
<failure message="model-switching.spec.ts:316:9 Should return valid response structure from each model" type="FAILURE">
<![CDATA[  [chromium] › workflows\model-switching.spec.ts:316:9 › Model Switching and Multi-Model Queries › Model-Specific Response Validation › Should return valid response structure from each model 

    Error: expect(received).toBe(expected) // Object.is equality

    Expected: true
    Received: false

      331 |         });
      332 |
    > 333 |         expect(response.ok).toBe(true);
          |                             ^
      334 |         const responseData = response.data as any;
      335 |
      336 |         // Response should have timestamp in data or wrapper
        at C:\repos\patriotchat\apps\api-e2e\src\workflows\model-switching.spec.ts:333:29
]]>
</failure>
</testcase>
<testcase name="Model Switching and Multi-Model Queries › Model-Specific Response Validation › Should include model identification in response" classname="workflows\model-switching.spec.ts" time="30.007">
<failure message="model-switching.spec.ts:357:9 Should include model identification in response" type="FAILURE">
<![CDATA[  [chromium] › workflows\model-switching.spec.ts:357:9 › Model Switching and Multi-Model Queries › Model-Specific Response Validation › Should include model identification in response 

    Test timeout of 30000ms exceeded.
]]>
</failure>
</testcase>
<testcase name="Model Switching and Multi-Model Queries › Error Handling and Edge Cases › Should return error for invalid model" classname="workflows\model-switching.spec.ts" time="0.101">
<system-out>
<![CDATA[✓ Invalid model correctly rejected with status: 500
]]>
</system-out>
</testcase>
<testcase name="Model Switching and Multi-Model Queries › Error Handling and Edge Cases › Should handle empty prompt gracefully" classname="workflows\model-switching.spec.ts" time="0.044">
<system-out>
<![CDATA[✓ Empty prompt correctly rejected
]]>
</system-out>
</testcase>
<testcase name="Model Switching and Multi-Model Queries › Error Handling and Edge Cases › Should validate model selection required" classname="workflows\model-switching.spec.ts" time="30.01">
<failure message="model-switching.spec.ts:424:9 Should validate model selection required" type="FAILURE">
<![CDATA[  [chromium] › workflows\model-switching.spec.ts:424:9 › Model Switching and Multi-Model Queries › Error Handling and Edge Cases › Should validate model selection required 

    Test timeout of 30000ms exceeded.
]]>
</failure>
</testcase>
<testcase name="Model Switching and Multi-Model Queries › Performance with Model Switching › Should handle rapid model switches under 2 seconds per query" classname="workflows\model-switching.spec.ts" time="0.096">
<failure message="model-switching.spec.ts:445:9 Should handle rapid model switches under 2 seconds per query" type="FAILURE">
<![CDATA[  [chromium] › workflows\model-switching.spec.ts:445:9 › Model Switching and Multi-Model Queries › Performance with Model Switching › Should handle rapid model switches under 2 seconds per query 

    Error: expect(received).toBe(expected) // Object.is equality

    Expected: true
    Received: false

      461 |         });
      462 |
    > 463 |         expect(response.ok).toBe(true);
          |                             ^
      464 |       }
      465 |
      466 |       const totalTime = Date.now() - startTime;
        at C:\repos\patriotchat\apps\api-e2e\src\workflows\model-switching.spec.ts:463:29
]]>
</failure>
</testcase>
<testcase name="Model Switching and Multi-Model Queries › Integration: Frontend Model Selector Scenario › Should complete full user workflow: list models &gt; select model &gt; generate query" classname="workflows\model-switching.spec.ts" time="30.011">
<failure message="model-switching.spec.ts:476:9 Should complete full user workflow: list models &gt; select model &gt; generate query" type="FAILURE">
<![CDATA[  [chromium] › workflows\model-switching.spec.ts:476:9 › Model Switching and Multi-Model Queries › Integration: Frontend Model Selector Scenario › Should complete full user workflow: list models > select model > generate query 

    Test timeout of 30000ms exceeded.
]]>
</failure>
<system-out>
<![CDATA[✓ Step 1: Loaded 4 models
✓ Step 2: Selected model - liberty-mistral-v1.0
]]>
</system-out>
</testcase>
<testcase name="Model Switching and Multi-Model Queries › Integration: Frontend Model Selector Scenario › Should persist selected model in UI state across multiple queries" classname="workflows\model-switching.spec.ts" time="30.016">
<failure message="model-switching.spec.ts:551:9 Should persist selected model in UI state across multiple queries" type="FAILURE">
<![CDATA[  [chromium] › workflows\model-switching.spec.ts:551:9 › Model Switching and Multi-Model Queries › Integration: Frontend Model Selector Scenario › Should persist selected model in UI state across multiple queries 

    Test timeout of 30000ms exceeded.
]]>
</failure>
</testcase>
</testsuite>
<testsuite name="workflows\resilience-and-recovery.spec.ts" timestamp="2026-02-05T21:00:08.601Z" hostname="chromium" tests="13" failures="8" skipped="0" time="180.937" errors="0">
<testcase name="E2E Resilience &amp; Error Recovery › Error Handling &amp; Recovery › Should recover from invalid login attempts" classname="workflows\resilience-and-recovery.spec.ts" time="0.265">
<system-out>
<![CDATA[✓ User registered: testuser_1770325214456_1@test.patriotchat.com
✓ Correctly rejected invalid password
✓ User recovered and logged in successfully
]]>
</system-out>
</testcase>
<testcase name="E2E Resilience &amp; Error Recovery › Error Handling &amp; Recovery › Should handle duplicate registration attempts" classname="workflows\resilience-and-recovery.spec.ts" time="0.156">
<system-out>
<![CDATA[✓ First registration succeeded
✓ Duplicate registration correctly rejected
]]>
</system-out>
</testcase>
<testcase name="E2E Resilience &amp; Error Recovery › Error Handling &amp; Recovery › Should handle invalid token validation" classname="workflows\resilience-and-recovery.spec.ts" time="0.012">
<system-out>
<![CDATA[✓ Invalid token correctly rejected
✓ Public endpoint accessible without token
]]>
</system-out>
</testcase>
<testcase name="E2E Resilience &amp; Error Recovery › Error Handling &amp; Recovery › Should handle malformed request bodies" classname="workflows\resilience-and-recovery.spec.ts" time="0.021">
<system-out>
<![CDATA[✓ Request without required field rejected
✓ Request with incomplete data rejected
]]>
</system-out>
</testcase>
<testcase name="E2E Resilience &amp; Error Recovery › Timeout &amp; Performance Handling › Should complete inference within timeout window" classname="workflows\resilience-and-recovery.spec.ts" time="30.009">
<failure message="resilience-and-recovery.spec.ts:141:9 Should complete inference within timeout window" type="FAILURE">
<![CDATA[  [chromium] › workflows\resilience-and-recovery.spec.ts:141:9 › E2E Resilience & Error Recovery › Timeout & Performance Handling › Should complete inference within timeout window 

    Test timeout of 30000ms exceeded.
]]>
</failure>
</testcase>
<testcase name="E2E Resilience &amp; Error Recovery › Timeout &amp; Performance Handling › Should handle concurrent inference requests" classname="workflows\resilience-and-recovery.spec.ts" time="30.013">
<failure message="resilience-and-recovery.spec.ts:182:9 Should handle concurrent inference requests" type="FAILURE">
<![CDATA[  [chromium] › workflows\resilience-and-recovery.spec.ts:182:9 › E2E Resilience & Error Recovery › Timeout & Performance Handling › Should handle concurrent inference requests 

    Test timeout of 30000ms exceeded.
]]>
</failure>
</testcase>
<testcase name="E2E Resilience &amp; Error Recovery › Timeout &amp; Performance Handling › Should rate-limit excessive requests appropriately" classname="workflows\resilience-and-recovery.spec.ts" time="30.006">
<failure message="resilience-and-recovery.spec.ts:231:9 Should rate-limit excessive requests appropriately" type="FAILURE">
<![CDATA[  [chromium] › workflows\resilience-and-recovery.spec.ts:231:9 › E2E Resilience & Error Recovery › Timeout & Performance Handling › Should rate-limit excessive requests appropriately 

    Test timeout of 30000ms exceeded.
]]>
</failure>
</testcase>
<testcase name="E2E Resilience &amp; Error Recovery › Data Consistency Across Services › Should maintain consistent user data across auth and analytics" classname="workflows\resilience-and-recovery.spec.ts" time="0.119">
<failure message="resilience-and-recovery.spec.ts:282:9 Should maintain consistent user data across auth and analytics" type="FAILURE">
<![CDATA[  [chromium] › workflows\resilience-and-recovery.spec.ts:282:9 › E2E Resilience & Error Recovery › Data Consistency Across Services › Should maintain consistent user data across auth and analytics 

    Error: expect(received).toBe(expected) // Object.is equality

    Expected: true
    Received: false

      309 |       });
      310 |
    > 311 |       expect(authProfileResponse.ok).toBe(true);
          |                                      ^
      312 |       console.log(`✓ User profile accessible in auth service`);
      313 |
      314 |       // Execute an analytics event
        at C:\repos\patriotchat\apps\api-e2e\src\workflows\resilience-and-recovery.spec.ts:311:38
]]>
</failure>
<system-out>
<![CDATA[✓ User created in auth service
]]>
</system-out>
</testcase>
<testcase name="E2E Resilience &amp; Error Recovery › Data Consistency Across Services › Should track inference requests with correct user context" classname="workflows\resilience-and-recovery.spec.ts" time="30.009">
<failure message="resilience-and-recovery.spec.ts:340:9 Should track inference requests with correct user context" type="FAILURE">
<![CDATA[  [chromium] › workflows\resilience-and-recovery.spec.ts:340:9 › E2E Resilience & Error Recovery › Data Consistency Across Services › Should track inference requests with correct user context 

    Test timeout of 30000ms exceeded.
]]>
</failure>
</testcase>
<testcase name="E2E Resilience &amp; Error Recovery › Service Failure Isolation › Should continue functioning when non-critical service is slow" classname="workflows\resilience-and-recovery.spec.ts" time="0.199">
<system-out>
<![CDATA[✓ Registration succeeded (independent of analytics service)
✓ Login succeeded (independent of analytics service)
]]>
</system-out>
</testcase>
<testcase name="E2E Resilience &amp; Error Recovery › Service Failure Isolation › Should gracefully degrade when LLM service is unavailable" classname="workflows\resilience-and-recovery.spec.ts" time="30.009">
<failure message="resilience-and-recovery.spec.ts:429:9 Should gracefully degrade when LLM service is unavailable" type="FAILURE">
<![CDATA[  [chromium] › workflows\resilience-and-recovery.spec.ts:429:9 › E2E Resilience & Error Recovery › Service Failure Isolation › Should gracefully degrade when LLM service is unavailable 

    Test timeout of 30000ms exceeded.
]]>
</failure>
<system-out>
<![CDATA[✓ User registered (auth service operational)
]]>
</system-out>
</testcase>
<testcase name="E2E Resilience &amp; Error Recovery › Session &amp; Token Management › Should maintain session across multiple requests" classname="workflows\resilience-and-recovery.spec.ts" time="30.008">
<failure message="resilience-and-recovery.spec.ts:480:9 Should maintain session across multiple requests" type="FAILURE">
<![CDATA[  [chromium] › workflows\resilience-and-recovery.spec.ts:480:9 › E2E Resilience & Error Recovery › Session & Token Management › Should maintain session across multiple requests 

    Test timeout of 30000ms exceeded.
]]>
</failure>
</testcase>
<testcase name="E2E Resilience &amp; Error Recovery › Session &amp; Token Management › Should prevent token reuse after expiration" classname="workflows\resilience-and-recovery.spec.ts" time="0.111">
<failure message="resilience-and-recovery.spec.ts:519:9 Should prevent token reuse after expiration" type="FAILURE">
<![CDATA[  [chromium] › workflows\resilience-and-recovery.spec.ts:519:9 › E2E Resilience & Error Recovery › Session & Token Management › Should prevent token reuse after expiration 

    Error: expect(received).toBe(expected) // Object.is equality

    Expected: true
    Received: false

      543 |       });
      544 |
    > 545 |       expect(immediateResponse.ok).toBe(true);
          |                                    ^
      546 |       console.log(`✓ Valid token accepted`);
      547 |
      548 |       // After expiration, token should be rejected
        at C:\repos\patriotchat\apps\api-e2e\src\workflows\resilience-and-recovery.spec.ts:545:36
]]>
</failure>
</testcase>
</testsuite>
<testsuite name="workflows\telemetry-validation.spec.ts" timestamp="2026-02-05T21:00:08.601Z" hostname="chromium" tests="14" failures="5" skipped="0" time="91.127" errors="0">
<testcase name="E2E Telemetry &amp; WebSocket Validation › Event Telemetry Pipeline › Should capture user registration events" classname="workflows\telemetry-validation.spec.ts" time="0.167">
<system-out>
<![CDATA[✓ Registration event should be captured: undefined
✓ Registration event telemetry accessible
]]>
</system-out>
</testcase>
<testcase name="E2E Telemetry &amp; WebSocket Validation › Event Telemetry Pipeline › Should capture authentication events" classname="workflows\telemetry-validation.spec.ts" time="0.207">
<system-out>
<![CDATA[✓ Login event should be captured
✓ Authentication event telemetry recorded
]]>
</system-out>
</testcase>
<testcase name="E2E Telemetry &amp; WebSocket Validation › Event Telemetry Pipeline › Should capture inference execution events" classname="workflows\telemetry-validation.spec.ts" time="30.009">
<failure message="telemetry-validation.spec.ts:79:9 Should capture inference execution events" type="FAILURE">
<![CDATA[  [chromium] › workflows\telemetry-validation.spec.ts:79:9 › E2E Telemetry & WebSocket Validation › Event Telemetry Pipeline › Should capture inference execution events 

    Test timeout of 30000ms exceeded.
]]>
</failure>
</testcase>
<testcase name="E2E Telemetry &amp; WebSocket Validation › Event Telemetry Pipeline › Should batch analytics events efficiently" classname="workflows\telemetry-validation.spec.ts" time="0.183">
<system-out>
<![CDATA[✓ Multiple analytics events accepted
✓ Analytics batch processing verified
]]>
</system-out>
</testcase>
<testcase name="E2E Telemetry &amp; WebSocket Validation › Telemetry Data Quality › Should include required telemetry fields" classname="workflows\telemetry-validation.spec.ts" time="0.108">
<failure message="telemetry-validation.spec.ts:177:9 Should include required telemetry fields" type="FAILURE">
<![CDATA[  [chromium] › workflows\telemetry-validation.spec.ts:177:9 › E2E Telemetry & WebSocket Validation › Telemetry Data Quality › Should include required telemetry fields 

    Error: expect(received).toBeDefined()

    Received: undefined

      194 |
      195 |       // Response should contain user ID for tracking
    > 196 |       expect(userId).toBeDefined();
          |                      ^
      197 |       expect(typeof userId).toBe('string');
      198 |       console.log(`✓ Telemetry user ID present in response`);
      199 |     });
        at C:\repos\patriotchat\apps\api-e2e\src\workflows\telemetry-validation.spec.ts:196:22
]]>
</failure>
</testcase>
<testcase name="E2E Telemetry &amp; WebSocket Validation › Telemetry Data Quality › Should handle invalid telemetry gracefully" classname="workflows\telemetry-validation.spec.ts" time="0.045">
<system-out>
<![CDATA[✓ Invalid telemetry event handled gracefully (status: 202)
]]>
</system-out>
</testcase>
<testcase name="E2E Telemetry &amp; WebSocket Validation › Telemetry Data Quality › Should correlate events with user session" classname="workflows\telemetry-validation.spec.ts" time="30.017">
<failure message="telemetry-validation.spec.ts:221:9 Should correlate events with user session" type="FAILURE">
<![CDATA[  [chromium] › workflows\telemetry-validation.spec.ts:221:9 › E2E Telemetry & WebSocket Validation › Telemetry Data Quality › Should correlate events with user session 

    Test timeout of 30000ms exceeded.
]]>
</failure>
</testcase>
<testcase name="E2E Telemetry &amp; WebSocket Validation › Telemetry Performance › Should not block main request for telemetry" classname="workflows\telemetry-validation.spec.ts" time="0.113">
<system-out>
<![CDATA[✓ Registration completed in 104ms (telemetry non-blocking)
]]>
</system-out>
</testcase>
<testcase name="E2E Telemetry &amp; WebSocket Validation › Telemetry Performance › Should handle high-volume analytics events" classname="workflows\telemetry-validation.spec.ts" time="0.117">
<system-out>
<![CDATA[✓ High-volume analytics events handled successfully
]]>
</system-out>
</testcase>
<testcase name="E2E Telemetry &amp; WebSocket Validation › WebSocket Stability (Real-time Events) › Should maintain health status endpoint" classname="workflows\telemetry-validation.spec.ts" time="0.008">
<system-out>
<![CDATA[✓ Health endpoint operational
]]>
</system-out>
</testcase>
<testcase name="E2E Telemetry &amp; WebSocket Validation › WebSocket Stability (Real-time Events) › Should report ready status when dependencies available" classname="workflows\telemetry-validation.spec.ts" time="0.007">
<failure message="telemetry-validation.spec.ts:356:9 Should report ready status when dependencies available" type="FAILURE">
<![CDATA[  [chromium] › workflows\telemetry-validation.spec.ts:356:9 › E2E Telemetry & WebSocket Validation › WebSocket Stability (Real-time Events) › Should report ready status when dependencies available 

    Error: expect(received).toBeLessThan(expected)

    Expected: < 500
    Received:   503

      362 |
      363 |       // Should be ready or not ready, but endpoint should exist
    > 364 |       expect(readyResponse.status).toBeLessThan(500);
          |                                    ^
      365 |       console.log(
      366 |         `✓ Readiness check available (status: ${readyResponse.status})`,
      367 |       );
        at C:\repos\patriotchat\apps\api-e2e\src\workflows\telemetry-validation.spec.ts:364:36
]]>
</failure>
</testcase>
<testcase name="E2E Telemetry &amp; WebSocket Validation › WebSocket Stability (Real-time Events) › Should provide consistent health metrics" classname="workflows\telemetry-validation.spec.ts" time="0.052">
<system-out>
<![CDATA[✓ Consistent health metrics across checks
]]>
</system-out>
</testcase>
<testcase name="E2E Telemetry &amp; WebSocket Validation › WebSocket Stability (Real-time Events) › Should handle telemetry service connection" classname="workflows\telemetry-validation.spec.ts" time="0.078">
<system-out>
<![CDATA[✓ Telemetry service connection maintained during registration
✓ Telemetry service operational
]]>
</system-out>
</testcase>
<testcase name="E2E Telemetry &amp; WebSocket Validation › End-to-End Message Flow › Should flow events through complete pipeline" classname="workflows\telemetry-validation.spec.ts" time="30.016">
<failure message="telemetry-validation.spec.ts:425:9 Should flow events through complete pipeline" type="FAILURE">
<![CDATA[  [chromium] › workflows\telemetry-validation.spec.ts:425:9 › E2E Telemetry & WebSocket Validation › End-to-End Message Flow › Should flow events through complete pipeline 

    Test timeout of 30000ms exceeded.
]]>
</failure>
<system-out>
<![CDATA[✓ Step 1: User registered
✓ Step 2: User logged in
]]>
</system-out>
</testcase>
</testsuite>
<testsuite name="workflows\user-journey.spec.ts" timestamp="2026-02-05T21:00:08.601Z" hostname="chromium" tests="9" failures="7" skipped="0" time="1.165" errors="0">
<testcase name="E2E Workflows › User Registration &amp; Login Flow › Should complete full registration workflow" classname="workflows\user-journey.spec.ts" time="0.109">
<failure message="user-journey.spec.ts:7:9 Should complete full registration workflow" type="FAILURE">
<![CDATA[  [chromium] › workflows\user-journey.spec.ts:7:9 › E2E Workflows › User Registration & Login Flow › Should complete full registration workflow 

    Error: expect(received).toBeDefined()

    Received: undefined

      21 |
      22 |       expect(registerResponse.ok).toBe(true);
    > 23 |       expect(registerResponse.data?.userId).toBeDefined();
         |                                             ^
      24 |       expect(registerResponse.data?.token).toBeDefined();
      25 |       console.log(`✓ User registered: ${testUser.email}`);
      26 |
        at C:\repos\patriotchat\apps\api-e2e\src\workflows\user-journey.spec.ts:23:45
]]>
</failure>
</testcase>
<testcase name="E2E Workflows › User Registration &amp; Login Flow › Should complete full login workflow" classname="workflows\user-journey.spec.ts" time="0.176">
<failure message="user-journey.spec.ts:43:9 Should complete full login workflow" type="FAILURE">
<![CDATA[  [chromium] › workflows\user-journey.spec.ts:43:9 › E2E Workflows › User Registration & Login Flow › Should complete full login workflow 

    Error: expect(received).toBe(expected) // Object.is equality

    Expected: true
    Received: false

      84 |       });
      85 |
    > 86 |       expect(profileResponse.ok).toBe(true);
         |                                  ^
      87 |       console.log(`✓ Authenticated request successful`);
      88 |     });
      89 |   });
        at C:\repos\patriotchat\apps\api-e2e\src\workflows\user-journey.spec.ts:86:34
]]>
</failure>
<system-out>
<![CDATA[✓ User registered
✓ User logged in successfully
]]>
</system-out>
</testcase>
<testcase name="E2E Workflows › Query &amp; Inference Workflow › Should execute complete query workflow" classname="workflows\user-journey.spec.ts" time="0.117">
<failure message="user-journey.spec.ts:92:9 Should execute complete query workflow" type="FAILURE">
<![CDATA[  [chromium] › workflows\user-journey.spec.ts:92:9 › E2E Workflows › Query & Inference Workflow › Should execute complete query workflow 

    Error: expect(received).toBe(expected) // Object.is equality

    Expected: true
    Received: false

      122 |       });
      123 |
    > 124 |       expect(queryResponse.ok).toBe(true);
          |                                ^
      125 |       expect(queryResponse.data?.response).toBeDefined();
      126 |       console.log(`✓ Inference executed with ${testQuery.model}`);
      127 |
        at C:\repos\patriotchat\apps\api-e2e\src\workflows\user-journey.spec.ts:124:32
]]>
</failure>
<system-out>
<![CDATA[✓ User authenticated
]]>
</system-out>
</testcase>
<testcase name="E2E Workflows › Query &amp; Inference Workflow › Should support multiple queries in session" classname="workflows\user-journey.spec.ts" time="0.11">
<failure message="user-journey.spec.ts:139:9 Should support multiple queries in session" type="FAILURE">
<![CDATA[  [chromium] › workflows\user-journey.spec.ts:139:9 › E2E Workflows › Query & Inference Workflow › Should support multiple queries in session 

    Error: expect(received).toBe(expected) // Object.is equality

    Expected: true
    Received: false

      174 |         });
      175 |
    > 176 |         expect(queryResponse.ok).toBe(true);
          |                                  ^
      177 |         queryResults.push(queryResponse.data);
      178 |         console.log(`✓ Query ${i + 1} executed with ${query.model}`);
      179 |       }
        at C:\repos\patriotchat\apps\api-e2e\src\workflows\user-journey.spec.ts:176:34
]]>
</failure>
</testcase>
<testcase name="E2E Workflows › Cross-Service Integration › Should coordinate between auth and inference services" classname="workflows\user-journey.spec.ts" time="0.121">
<failure message="user-journey.spec.ts:197:9 Should coordinate between auth and inference services" type="FAILURE">
<![CDATA[  [chromium] › workflows\user-journey.spec.ts:197:9 › E2E Workflows › Cross-Service Integration › Should coordinate between auth and inference services 

    Error: expect(received).toBe(expected) // Object.is equality

    Expected: true
    Received: false

      226 |       });
      227 |
    > 228 |       expect(queryResponse.ok).toBe(true);
          |                                ^
      229 |       console.log(`✓ LLM service: Query executed`);
      230 |
      231 |       // Step 3: Analytics service - Track
        at C:\repos\patriotchat\apps\api-e2e\src\workflows\user-journey.spec.ts:228:32
]]>
</failure>
<system-out>
<![CDATA[✓ Auth service: User registered
]]>
</system-out>
</testcase>
<testcase name="E2E Workflows › Cross-Service Integration › Should maintain session across services" classname="workflows\user-journey.spec.ts" time="0.106">
<failure message="user-journey.spec.ts:242:9 Should maintain session across services" type="FAILURE">
<![CDATA[  [chromium] › workflows\user-journey.spec.ts:242:9 › E2E Workflows › Cross-Service Integration › Should maintain session across services 

    Error: expect(received).toBe(expected) // Object.is equality

    Expected: true
    Received: false

      267 |       });
      268 |
    > 269 |       expect(authCheck.ok).toBe(true);
          |                            ^
      270 |
      271 |       const query = await apiRequest({
      272 |         method: 'POST',
        at C:\repos\patriotchat\apps\api-e2e\src\workflows\user-journey.spec.ts:269:28
]]>
</failure>
</testcase>
<testcase name="E2E Workflows › Error Handling &amp; Recovery › Should handle invalid credentials gracefully" classname="workflows\user-journey.spec.ts" time="0.216">
<system-out>
<![CDATA[✓ Invalid credentials rejected (status: 401)
]]>
</system-out>
</testcase>
<testcase name="E2E Workflows › Error Handling &amp; Recovery › Should recover from service failures" classname="workflows\user-journey.spec.ts" time="0.114">
<system-out>
<![CDATA[✓ Service handled response appropriately (status: 404)
]]>
</system-out>
</testcase>
<testcase name="E2E Workflows › Error Handling &amp; Recovery › Should handle invalid requests properly" classname="workflows\user-journey.spec.ts" time="0.096">
<failure message="user-journey.spec.ts:370:9 Should handle invalid requests properly" type="FAILURE">
<![CDATA[  [chromium] › workflows\user-journey.spec.ts:370:9 › E2E Workflows › Error Handling & Recovery › Should handle invalid requests properly 

    Error: expect(received).toBe(expected) // Object.is equality

    Expected: 400
    Received: 404

      398 |
      399 |       expect(invalidQuery.ok).toBe(false);
    > 400 |       expect(invalidQuery.status).toBe(400);
          |                                   ^
      401 |       console.log(
      402 |         `✓ Invalid request rejected (status: ${invalidQuery.status})`,
      403 |       );
        at C:\repos\patriotchat\apps\api-e2e\src\workflows\user-journey.spec.ts:400:35
]]>
</failure>
</testcase>
</testsuite>
<testsuite name="critical-requirements\audit-trail.spec.ts" timestamp="2026-02-05T21:00:08.601Z" hostname="firefox" tests="5" failures="5" skipped="0" time="0.653" errors="0">
<testcase name="Critical Requirement: Audit Trail (Immutable PostgreSQL Logs) › User Action Logging › Should log user registration" classname="critical-requirements\audit-trail.spec.ts" time="0.108">
<failure message="audit-trail.spec.ts:7:9 Should log user registration" type="FAILURE">
<![CDATA[  [firefox] › critical-requirements\audit-trail.spec.ts:7:9 › Critical Requirement: Audit Trail (Immutable PostgreSQL Logs) › User Action Logging › Should log user registration 

    Error: expect(received).toBeDefined()

    Received: undefined

      20 |
      21 |       expect(registerResponse.ok).toBe(true);
    > 22 |       expect(registerResponse.data?.userId).toBeDefined();
         |                                             ^
      23 |       console.log(`✓ Registration logged for user: ${testUser.email}`);
      24 |
      25 |       // Verify audit log exists
        at C:\repos\patriotchat\apps\api-e2e\src\critical-requirements\audit-trail.spec.ts:22:45
]]>
</failure>
</testcase>
<testcase name="Critical Requirement: Audit Trail (Immutable PostgreSQL Logs) › User Action Logging › Should log user login" classname="critical-requirements\audit-trail.spec.ts" time="0.202">
<failure message="audit-trail.spec.ts:39:9 Should log user login" type="FAILURE">
<![CDATA[  [firefox] › critical-requirements\audit-trail.spec.ts:39:9 › Critical Requirement: Audit Trail (Immutable PostgreSQL Logs) › User Action Logging › Should log user login 

    Error: expect(received).toBe(expected) // Object.is equality

    Expected: true
    Received: false

      75 |       });
      76 |
    > 77 |       expect(auditResponse.ok).toBe(true);
         |                                ^
      78 |       const logs = auditResponse.data?.logs || [];
      79 |       expect(logs.length).toBeGreaterThan(0);
      80 |       console.log(
        at C:\repos\patriotchat\apps\api-e2e\src\critical-requirements\audit-trail.spec.ts:77:32
]]>
</failure>
<system-out>
<![CDATA[✓ Login logged for user: testuser_1770325249673_1@test.patriotchat.com
]]>
</system-out>
</testcase>
<testcase name="Critical Requirement: Audit Trail (Immutable PostgreSQL Logs) › Query Tracking › Should track LLM inference queries" classname="critical-requirements\audit-trail.spec.ts" time="0.116">
<failure message="audit-trail.spec.ts:87:9 Should track LLM inference queries" type="FAILURE">
<![CDATA[  [firefox] › critical-requirements\audit-trail.spec.ts:87:9 › Critical Requirement: Audit Trail (Immutable PostgreSQL Logs) › Query Tracking › Should track LLM inference queries 

    Error: expect(received).toBe(expected) // Object.is equality

    Expected: true
    Received: false

      115 |       });
      116 |
    > 117 |       expect(inferenceResponse.ok).toBe(true);
          |                                    ^
      118 |       console.log(`✓ Inference query executed and tracked`);
      119 |
      120 |       // Verify tracking in analytics
        at C:\repos\patriotchat\apps\api-e2e\src\critical-requirements\audit-trail.spec.ts:117:36
]]>
</failure>
</testcase>
<testcase name="Critical Requirement: Audit Trail (Immutable PostgreSQL Logs) › Log Integrity › Logs should be immutable (no modification possible)" classname="critical-requirements\audit-trail.spec.ts" time="0.114">
<failure message="audit-trail.spec.ts:133:9 Logs should be immutable (no modification possible)" type="FAILURE">
<![CDATA[  [firefox] › critical-requirements\audit-trail.spec.ts:133:9 › Critical Requirement: Audit Trail (Immutable PostgreSQL Logs) › Log Integrity › Logs should be immutable (no modification possible) 

    Error: expect(received).toBe(expected) // Object.is equality

    Expected: 403
    Received: 404

      159 |
      160 |       // Should be forbidden
    > 161 |       expect(modifyResponse.status).toBe(403);
          |                                     ^
      162 |       console.log(
      163 |         `✓ Audit logs are protected from modification (status: ${modifyResponse.status})`,
      164 |       );
        at C:\repos\patriotchat\apps\api-e2e\src\critical-requirements\audit-trail.spec.ts:161:37
]]>
</failure>
</testcase>
<testcase name="Critical Requirement: Audit Trail (Immutable PostgreSQL Logs) › Log Integrity › All audit operations should be timestamped" classname="critical-requirements\audit-trail.spec.ts" time="0.113">
<failure message="audit-trail.spec.ts:167:9 All audit operations should be timestamped" type="FAILURE">
<![CDATA[  [firefox] › critical-requirements\audit-trail.spec.ts:167:9 › Critical Requirement: Audit Trail (Immutable PostgreSQL Logs) › Log Integrity › All audit operations should be timestamped 

    Error: expect(received).toBe(expected) // Object.is equality

    Expected: true
    Received: false

      188 |       });
      189 |
    > 190 |       expect(auditResponse.ok).toBe(true);
          |                                ^
      191 |       const logs = auditResponse.data?.logs || [];
      192 |
      193 |       // Verify all logs have timestamps
        at C:\repos\patriotchat\apps\api-e2e\src\critical-requirements\audit-trail.spec.ts:190:32
]]>
</failure>
</testcase>
</testsuite>
<testsuite name="critical-requirements\database.spec.ts" timestamp="2026-02-05T21:00:08.601Z" hostname="firefox" tests="7" failures="5" skipped="0" time="1.267" errors="0">
<testcase name="Critical Requirement: Database (PostgreSQL with Connection Pooling) › Connection Pooling › Should handle concurrent requests efficiently" classname="critical-requirements\database.spec.ts" time="0.284">
<system-out>
<![CDATA[✓ All 10 concurrent requests succeeded
]]>
</system-out>
</testcase>
<testcase name="Critical Requirement: Database (PostgreSQL with Connection Pooling) › Connection Pooling › Connection pool should recover after spike" classname="critical-requirements\database.spec.ts" time="0.466">
<system-out>
<![CDATA[✓ First spike succeeded (5 requests)
✓ Pool recovered - second spike succeeded (5 requests)
]]>
</system-out>
</testcase>
<testcase name="Critical Requirement: Database (PostgreSQL with Connection Pooling) › Data Persistence › Stored data should persist across requests" classname="critical-requirements\database.spec.ts" time="0.148">
<failure message="database.spec.ts:90:9 Stored data should persist across requests" type="FAILURE">
<![CDATA[  [firefox] › critical-requirements\database.spec.ts:90:9 › Critical Requirement: Database (PostgreSQL with Connection Pooling) › Data Persistence › Stored data should persist across requests 

    Error: expect(received).toBe(expected) // Object.is equality

    Expected: true
    Received: false

      114 |       });
      115 |
    > 116 |       expect(profileResponse.ok).toBe(true);
          |                                  ^
      117 |       expect(profileResponse.data?.email).toBe(email);
      118 |       console.log(`✓ User data persisted: ${email}`);
      119 |     });
        at C:\repos\patriotchat\apps\api-e2e\src\critical-requirements\database.spec.ts:116:34
]]>
</failure>
</testcase>
<testcase name="Critical Requirement: Database (PostgreSQL with Connection Pooling) › Data Persistence › Multiple database operations should maintain consistency" classname="critical-requirements\database.spec.ts" time="0.164">
<failure message="database.spec.ts:121:9 Multiple database operations should maintain consistency" type="FAILURE">
<![CDATA[  [firefox] › critical-requirements\database.spec.ts:121:9 › Critical Requirement: Database (PostgreSQL with Connection Pooling) › Data Persistence › Multiple database operations should maintain consistency 

    Error: expect(received).toBe(expected) // Object.is equality

    Expected: true
    Received: false

      147 |       });
      148 |
    > 149 |       expect(updateResponse.ok).toBe(true);
          |                                 ^
      150 |
      151 |       // Operation 3: Verify update
      152 |       const profileResponse = await apiRequest({
        at C:\repos\patriotchat\apps\api-e2e\src\critical-requirements\database.spec.ts:149:33
]]>
</failure>
</testcase>
<testcase name="Critical Requirement: Database (PostgreSQL with Connection Pooling) › Query Performance › Database queries should execute quickly" classname="critical-requirements\database.spec.ts" time="0.127">
<failure message="database.spec.ts:165:9 Database queries should execute quickly" type="FAILURE">
<![CDATA[  [firefox] › critical-requirements\database.spec.ts:165:9 › Critical Requirement: Database (PostgreSQL with Connection Pooling) › Query Performance › Database queries should execute quickly 

    Error: expect(received).toBe(expected) // Object.is equality

    Expected: true
    Received: false

      192 |       const queryTime = performance.now() - startTime;
      193 |
    > 194 |       expect(profileResponse.ok).toBe(true);
          |                                  ^
      195 |       expect(queryTime).toBeLessThan(500); // Should be under 500ms
      196 |       console.log(`✓ Query executed in ${queryTime.toFixed(2)}ms`);
      197 |     });
        at C:\repos\patriotchat\apps\api-e2e\src\critical-requirements\database.spec.ts:194:34
]]>
</failure>
</testcase>
<testcase name="Critical Requirement: Database (PostgreSQL with Connection Pooling) › Database Health › PostgreSQL connection should be healthy" classname="critical-requirements\database.spec.ts" time="0.041">
<failure message="database.spec.ts:201:9 PostgreSQL connection should be healthy" type="FAILURE">
<![CDATA[  [firefox] › critical-requirements\database.spec.ts:201:9 › Critical Requirement: Database (PostgreSQL with Connection Pooling) › Database Health › PostgreSQL connection should be healthy 

    Error: expect(received).toBeDefined()

    Received: undefined

      207 |
      208 |       expect(response.ok).toBe(true);
    > 209 |       expect(response.data?.database).toBeDefined();
          |                                       ^
      210 |       console.log(`✓ Database health: OK`);
      211 |     });
      212 |
        at C:\repos\patriotchat\apps\api-e2e\src\critical-requirements\database.spec.ts:209:39
]]>
</failure>
</testcase>
<testcase name="Critical Requirement: Database (PostgreSQL with Connection Pooling) › Database Health › Connection pool status should be available" classname="critical-requirements\database.spec.ts" time="0.037">
<failure message="database.spec.ts:213:9 Connection pool status should be available" type="FAILURE">
<![CDATA[  [firefox] › critical-requirements\database.spec.ts:213:9 › Critical Requirement: Database (PostgreSQL with Connection Pooling) › Database Health › Connection pool status should be available 

    Error: expect(received).toBe(expected) // Object.is equality

    Expected: true
    Received: false

      218 |       });
      219 |
    > 220 |       expect(response.ok).toBe(true);
          |                           ^
      221 |       expect(response.data?.poolSize).toBeDefined();
      222 |       expect(response.data?.activeConnections).toBeDefined();
      223 |       console.log(
        at C:\repos\patriotchat\apps\api-e2e\src\critical-requirements\database.spec.ts:220:27
]]>
</failure>
</testcase>
</testsuite>
<testsuite name="critical-requirements\llm-selector.spec.ts" timestamp="2026-02-05T21:00:08.601Z" hostname="firefox" tests="10" failures="7" skipped="0" time="0.887" errors="0">
<testcase name="Critical Requirement: LLM Model Selector › Model Availability › Should list available LLM models" classname="critical-requirements\llm-selector.spec.ts" time="0.036">
<system-out>
<![CDATA[✓ Available models: [object Object], [object Object], [object Object], [object Object]
]]>
</system-out>
</testcase>
<testcase name="Critical Requirement: LLM Model Selector › Model Availability › Should include required models" classname="critical-requirements\llm-selector.spec.ts" time="0.014">
<failure message="llm-selector.spec.ts:22:9 Should include required models" type="FAILURE">
[...]

    Test timeout of 30000ms exceeded.
]]>
</failure>
</testcase>
<testcase name="E2E Resilience &amp; Error Recovery › Timeout &amp; Performance Handling › Should handle concurrent inference requests" classname="workflows\resilience-and-recovery.spec.ts" time="30.007">
<failure message="resilience-and-recovery.spec.ts:182:9 Should handle concurrent inference requests" type="FAILURE">
<![CDATA[  [webkit] › workflows\resilience-and-recovery.spec.ts:182:9 › E2E Resilience & Error Recovery › Timeout & Performance Handling › Should handle concurrent inference requests 

    Test timeout of 30000ms exceeded.
]]>
</failure>
</testcase>
<testcase name="E2E Resilience &amp; Error Recovery › Timeout &amp; Performance Handling › Should rate-limit excessive requests appropriately" classname="workflows\resilience-and-recovery.spec.ts" time="30.013">
<failure message="resilience-and-recovery.spec.ts:231:9 Should rate-limit excessive requests appropriately" type="FAILURE">
<![CDATA[  [webkit] › workflows\resilience-and-recovery.spec.ts:231:9 › E2E Resilience & Error Recovery › Timeout & Performance Handling › Should rate-limit excessive requests appropriately 

    Test timeout of 30000ms exceeded.
]]>
</failure>
</testcase>
<testcase name="E2E Resilience &amp; Error Recovery › Data Consistency Across Services › Should maintain consistent user data across auth and analytics" classname="workflows\resilience-and-recovery.spec.ts" time="0.101">
<failure message="resilience-and-recovery.spec.ts:282:9 Should maintain consistent user data across auth and analytics" type="FAILURE">
<![CDATA[  [webkit] › workflows\resilience-and-recovery.spec.ts:282:9 › E2E Resilience & Error Recovery › Data Consistency Across Services › Should maintain consistent user data across auth and analytics 

    Error: expect(received).toBe(expected) // Object.is equality

    Expected: true
    Received: false

      309 |       });
      310 |
    > 311 |       expect(authProfileResponse.ok).toBe(true);
          |                                      ^
      312 |       console.log(`✓ User profile accessible in auth service`);
      313 |
      314 |       // Execute an analytics event
        at C:\repos\patriotchat\apps\api-e2e\src\workflows\resilience-and-recovery.spec.ts:311:38
]]>
</failure>
<system-out>
<![CDATA[✓ User created in auth service
]]>
</system-out>
</testcase>
<testcase name="E2E Resilience &amp; Error Recovery › Data Consistency Across Services › Should track inference requests with correct user context" classname="workflows\resilience-and-recovery.spec.ts" time="30.008">
<failure message="resilience-and-recovery.spec.ts:340:9 Should track inference requests with correct user context" type="FAILURE">
<![CDATA[  [webkit] › workflows\resilience-and-recovery.spec.ts:340:9 › E2E Resilience & Error Recovery › Data Consistency Across Services › Should track inference requests with correct user context 

    Test timeout of 30000ms exceeded.
]]>
</failure>
</testcase>
<testcase name="E2E Resilience &amp; Error Recovery › Service Failure Isolation › Should continue functioning when non-critical service is slow" classname="workflows\resilience-and-recovery.spec.ts" time="0.173">
<system-out>
<![CDATA[✓ Registration succeeded (independent of analytics service)
✓ Login succeeded (independent of analytics service)
]]>
</system-out>
</testcase>
<testcase name="E2E Resilience &amp; Error Recovery › Service Failure Isolation › Should gracefully degrade when LLM service is unavailable" classname="workflows\resilience-and-recovery.spec.ts" time="30.014">
<failure message="resilience-and-recovery.spec.ts:429:9 Should gracefully degrade when LLM service is unavailable" type="FAILURE">
<![CDATA[  [webkit] › workflows\resilience-and-recovery.spec.ts:429:9 › E2E Resilience & Error Recovery › Service Failure Isolation › Should gracefully degrade when LLM service is unavailable 

    Test timeout of 30000ms exceeded.
]]>
</failure>
<system-out>
<![CDATA[✓ User registered (auth service operational)
]]>
</system-out>
</testcase>
<testcase name="E2E Resilience &amp; Error Recovery › Session &amp; Token Management › Should maintain session across multiple requests" classname="workflows\resilience-and-recovery.spec.ts" time="30.013">
<failure message="resilience-and-recovery.spec.ts:480:9 Should maintain session across multiple requests" type="FAILURE">
<![CDATA[  [webkit] › workflows\resilience-and-recovery.spec.ts:480:9 › E2E Resilience & Error Recovery › Session & Token Management › Should maintain session across multiple requests 

    Test timeout of 30000ms exceeded.
]]>
</failure>
</testcase>
<testcase name="E2E Resilience &amp; Error Recovery › Session &amp; Token Management › Should prevent token reuse after expiration" classname="workflows\resilience-and-recovery.spec.ts" time="0.11">
<failure message="resilience-and-recovery.spec.ts:519:9 Should prevent token reuse after expiration" type="FAILURE">
<![CDATA[  [webkit] › workflows\resilience-and-recovery.spec.ts:519:9 › E2E Resilience & Error Recovery › Session & Token Management › Should prevent token reuse after expiration 

    Error: expect(received).toBe(expected) // Object.is equality

    Expected: true
    Received: false

      543 |       });
      544 |
    > 545 |       expect(immediateResponse.ok).toBe(true);
          |                                    ^
      546 |       console.log(`✓ Valid token accepted`);
      547 |
      548 |       // After expiration, token should be rejected
        at C:\repos\patriotchat\apps\api-e2e\src\workflows\resilience-and-recovery.spec.ts:545:36
]]>
</failure>
</testcase>
</testsuite>
<testsuite name="workflows\telemetry-validation.spec.ts" timestamp="2026-02-05T21:00:08.601Z" hostname="webkit" tests="14" failures="5" skipped="0" time="90.799" errors="0">
<testcase name="E2E Telemetry &amp; WebSocket Validation › Event Telemetry Pipeline › Should capture user registration events" classname="workflows\telemetry-validation.spec.ts" time="0.111">
<system-out>
<![CDATA[✓ Registration event should be captured: undefined
✓ Registration event telemetry accessible
]]>
</system-out>
</testcase>
<testcase name="E2E Telemetry &amp; WebSocket Validation › Event Telemetry Pipeline › Should capture authentication events" classname="workflows\telemetry-validation.spec.ts" time="0.149">
<system-out>
<![CDATA[✓ Login event should be captured
✓ Authentication event telemetry recorded
]]>
</system-out>
</testcase>
<testcase name="E2E Telemetry &amp; WebSocket Validation › Event Telemetry Pipeline › Should capture inference execution events" classname="workflows\telemetry-validation.spec.ts" time="30.009">
<failure message="telemetry-validation.spec.ts:79:9 Should capture inference execution events" type="FAILURE">
<![CDATA[  [webkit] › workflows\telemetry-validation.spec.ts:79:9 › E2E Telemetry & WebSocket Validation › Event Telemetry Pipeline › Should capture inference execution events 

    Test timeout of 30000ms exceeded.
]]>
</failure>
</testcase>
<testcase name="E2E Telemetry &amp; WebSocket Validation › Event Telemetry Pipeline › Should batch analytics events efficiently" classname="workflows\telemetry-validation.spec.ts" time="0.085">
<system-out>
<![CDATA[✓ Multiple analytics events accepted
✓ Analytics batch processing verified
]]>
</system-out>
</testcase>
<testcase name="E2E Telemetry &amp; WebSocket Validation › Telemetry Data Quality › Should include required telemetry fields" classname="workflows\telemetry-validation.spec.ts" time="0.073">
<failure message="telemetry-validation.spec.ts:177:9 Should include required telemetry fields" type="FAILURE">
<![CDATA[  [webkit] › workflows\telemetry-validation.spec.ts:177:9 › E2E Telemetry & WebSocket Validation › Telemetry Data Quality › Should include required telemetry fields 

    Error: expect(received).toBeDefined()

    Received: undefined

      194 |
      195 |       // Response should contain user ID for tracking
    > 196 |       expect(userId).toBeDefined();
          |                      ^
      197 |       expect(typeof userId).toBe('string');
      198 |       console.log(`✓ Telemetry user ID present in response`);
      199 |     });
        at C:\repos\patriotchat\apps\api-e2e\src\workflows\telemetry-validation.spec.ts:196:22
]]>
</failure>
</testcase>
<testcase name="E2E Telemetry &amp; WebSocket Validation › Telemetry Data Quality › Should handle invalid telemetry gracefully" classname="workflows\telemetry-validation.spec.ts" time="0.039">
<system-out>
<![CDATA[✓ Invalid telemetry event handled gracefully (status: 202)
]]>
</system-out>
</testcase>
<testcase name="E2E Telemetry &amp; WebSocket Validation › Telemetry Data Quality › Should correlate events with user session" classname="workflows\telemetry-validation.spec.ts" time="30.004">
<failure message="telemetry-validation.spec.ts:221:9 Should correlate events with user session" type="FAILURE">
<![CDATA[  [webkit] › workflows\telemetry-validation.spec.ts:221:9 › E2E Telemetry & WebSocket Validation › Telemetry Data Quality › Should correlate events with user session 

    Test timeout of 30000ms exceeded.
]]>
</failure>
</testcase>
<testcase name="E2E Telemetry &amp; WebSocket Validation › Telemetry Performance › Should not block main request for telemetry" classname="workflows\telemetry-validation.spec.ts" time="0.062">
<system-out>
<![CDATA[✓ Registration completed in 59ms (telemetry non-blocking)
]]>
</system-out>
</testcase>
<testcase name="E2E Telemetry &amp; WebSocket Validation › Telemetry Performance › Should handle high-volume analytics events" classname="workflows\telemetry-validation.spec.ts" time="0.096">
<system-out>
<![CDATA[✓ High-volume analytics events handled successfully
]]>
</system-out>
</testcase>
<testcase name="E2E Telemetry &amp; WebSocket Validation › WebSocket Stability (Real-time Events) › Should maintain health status endpoint" classname="workflows\telemetry-validation.spec.ts" time="0.01">
<system-out>
<![CDATA[✓ Health endpoint operational
]]>
</system-out>
</testcase>
<testcase name="E2E Telemetry &amp; WebSocket Validation › WebSocket Stability (Real-time Events) › Should report ready status when dependencies available" classname="workflows\telemetry-validation.spec.ts" time="0.006">
<failure message="telemetry-validation.spec.ts:356:9 Should report ready status when dependencies available" type="FAILURE">
<![CDATA[  [webkit] › workflows\telemetry-validation.spec.ts:356:9 › E2E Telemetry & WebSocket Validation › WebSocket Stability (Real-time Events) › Should report ready status when dependencies available 

    Error: expect(received).toBeLessThan(expected)

    Expected: < 500
    Received:   503

      362 |
      363 |       // Should be ready or not ready, but endpoint should exist
    > 364 |       expect(readyResponse.status).toBeLessThan(500);
          |                                    ^
      365 |       console.log(
      366 |         `✓ Readiness check available (status: ${readyResponse.status})`,
      367 |       );
        at C:\repos\patriotchat\apps\api-e2e\src\workflows\telemetry-validation.spec.ts:364:36
]]>
</failure>
</testcase>
<testcase name="E2E Telemetry &amp; WebSocket Validation › WebSocket Stability (Real-time Events) › Should provide consistent health metrics" classname="workflows\telemetry-validation.spec.ts" time="0.037">
<system-out>
<![CDATA[✓ Consistent health metrics across checks
]]>
</system-out>
</testcase>
<testcase name="E2E Telemetry &amp; WebSocket Validation › WebSocket Stability (Real-time Events) › Should handle telemetry service connection" classname="workflows\telemetry-validation.spec.ts" time="0.104">
<system-out>
<![CDATA[✓ Telemetry service connection maintained during registration
✓ Telemetry service operational
]]>
</system-out>
</testcase>
<testcase name="E2E Telemetry &amp; WebSocket Validation › End-to-End Message Flow › Should flow events through complete pipeline" classname="workflows\telemetry-validation.spec.ts" time="30.014">
<failure message="telemetry-validation.spec.ts:425:9 Should flow events through complete pipeline" type="FAILURE">
<![CDATA[  [webkit] › workflows\telemetry-validation.spec.ts:425:9 › E2E Telemetry & WebSocket Validation › End-to-End Message Flow › Should flow events through complete pipeline 

    Test timeout of 30000ms exceeded.
]]>
</failure>
<system-out>
<![CDATA[✓ Step 1: User registered
✓ Step 2: User logged in
]]>
</system-out>
</testcase>
</testsuite>
<testsuite name="workflows\user-journey.spec.ts" timestamp="2026-02-05T21:00:08.601Z" hostname="webkit" tests="9" failures="7" skipped="0" time="1.114" errors="0">
<testcase name="E2E Workflows › User Registration &amp; Login Flow › Should complete full registration workflow" classname="workflows\user-journey.spec.ts" time="0.082">
<failure message="user-journey.spec.ts:7:9 Should complete full registration workflow" type="FAILURE">
<![CDATA[  [webkit] › workflows\user-journey.spec.ts:7:9 › E2E Workflows › User Registration & Login Flow › Should complete full registration workflow 

    Error: expect(received).toBeDefined()

    Received: undefined

      21 |
      22 |       expect(registerResponse.ok).toBe(true);
    > 23 |       expect(registerResponse.data?.userId).toBeDefined();
         |                                             ^
      24 |       expect(registerResponse.data?.token).toBeDefined();
      25 |       console.log(`✓ User registered: ${testUser.email}`);
      26 |
        at C:\repos\patriotchat\apps\api-e2e\src\workflows\user-journey.spec.ts:23:45
]]>
</failure>
</testcase>
<testcase name="E2E Workflows › User Registration &amp; Login Flow › Should complete full login workflow" classname="workflows\user-journey.spec.ts" time="0.181">
<failure message="user-journey.spec.ts:43:9 Should complete full login workflow" type="FAILURE">
<![CDATA[  [webkit] › workflows\user-journey.spec.ts:43:9 › E2E Workflows › User Registration & Login Flow › Should complete full login workflow 

    Error: expect(received).toBe(expected) // Object.is equality

    Expected: true
    Received: false

      84 |       });
      85 |
    > 86 |       expect(profileResponse.ok).toBe(true);
         |                                  ^
      87 |       console.log(`✓ Authenticated request successful`);
      88 |     });
      89 |   });
        at C:\repos\patriotchat\apps\api-e2e\src\workflows\user-journey.spec.ts:86:34
]]>
</failure>
<system-out>
<![CDATA[✓ User registered
✓ User logged in successfully
]]>
</system-out>
</testcase>
<testcase name="E2E Workflows › Query &amp; Inference Workflow › Should execute complete query workflow" classname="workflows\user-journey.spec.ts" time="0.091">
<failure message="user-journey.spec.ts:92:9 Should execute complete query workflow" type="FAILURE">
<![CDATA[  [webkit] › workflows\user-journey.spec.ts:92:9 › E2E Workflows › Query & Inference Workflow › Should execute complete query workflow 

    Error: expect(received).toBe(expected) // Object.is equality

    Expected: true
    Received: false

      122 |       });
      123 |
    > 124 |       expect(queryResponse.ok).toBe(true);
          |                                ^
      125 |       expect(queryResponse.data?.response).toBeDefined();
      126 |       console.log(`✓ Inference executed with ${testQuery.model}`);
      127 |
        at C:\repos\patriotchat\apps\api-e2e\src\workflows\user-journey.spec.ts:124:32
]]>
</failure>
<system-out>
<![CDATA[✓ User authenticated
]]>
</system-out>
</testcase>
<testcase name="E2E Workflows › Query &amp; Inference Workflow › Should support multiple queries in session" classname="workflows\user-journey.spec.ts" time="0.116">
<failure message="user-journey.spec.ts:139:9 Should support multiple queries in session" type="FAILURE">
<![CDATA[  [webkit] › workflows\user-journey.spec.ts:139:9 › E2E Workflows › Query & Inference Workflow › Should support multiple queries in session 

    Error: expect(received).toBe(expected) // Object.is equality

    Expected: true
    Received: false

      174 |         });
      175 |
    > 176 |         expect(queryResponse.ok).toBe(true);
          |                                  ^
      177 |         queryResults.push(queryResponse.data);
      178 |         console.log(`✓ Query ${i + 1} executed with ${query.model}`);
      179 |       }
        at C:\repos\patriotchat\apps\api-e2e\src\workflows\user-journey.spec.ts:176:34
]]>
</failure>
</testcase>
<testcase name="E2E Workflows › Cross-Service Integration › Should coordinate between auth and inference services" classname="workflows\user-journey.spec.ts" time="0.107">
<failure message="user-journey.spec.ts:197:9 Should coordinate between auth and inference services" type="FAILURE">
<![CDATA[  [webkit] › workflows\user-journey.spec.ts:197:9 › E2E Workflows › Cross-Service Integration › Should coordinate between auth and inference services 

    Error: expect(received).toBe(expected) // Object.is equality

    Expected: true
    Received: false

      226 |       });
      227 |
    > 228 |       expect(queryResponse.ok).toBe(true);
          |                                ^
      229 |       console.log(`✓ LLM service: Query executed`);
      230 |
      231 |       // Step 3: Analytics service - Track
        at C:\repos\patriotchat\apps\api-e2e\src\workflows\user-journey.spec.ts:228:32
]]>
</failure>
<system-out>
<![CDATA[✓ Auth service: User registered
]]>
</system-out>
</testcase>
<testcase name="E2E Workflows › Cross-Service Integration › Should maintain session across services" classname="workflows\user-journey.spec.ts" time="0.157">
<failure message="user-journey.spec.ts:242:9 Should maintain session across services" type="FAILURE">
<![CDATA[  [webkit] › workflows\user-journey.spec.ts:242:9 › E2E Workflows › Cross-Service Integration › Should maintain session across services 

    Error: expect(received).toBe(expected) // Object.is equality

    Expected: true
    Received: false

      267 |       });
      268 |
    > 269 |       expect(authCheck.ok).toBe(true);
          |                            ^
      270 |
      271 |       const query = await apiRequest({
      272 |         method: 'POST',
        at C:\repos\patriotchat\apps\api-e2e\src\workflows\user-journey.spec.ts:269:28
]]>
</failure>
</testcase>
<testcase name="E2E Workflows › Error Handling &amp; Recovery › Should handle invalid credentials gracefully" classname="workflows\user-journey.spec.ts" time="0.191">
<system-out>
<![CDATA[✓ Invalid credentials rejected (status: 401)
]]>
</system-out>
</testcase>
<testcase name="E2E Workflows › Error Handling &amp; Recovery › Should recover from service failures" classname="workflows\user-journey.spec.ts" time="0.089">
<system-out>
<![CDATA[✓ Service handled response appropriately (status: 404)
]]>
</system-out>
</testcase>
<testcase name="E2E Workflows › Error Handling &amp; Recovery › Should handle invalid requests properly" classname="workflows\user-journey.spec.ts" time="0.1">
<failure message="user-journey.spec.ts:370:9 Should handle invalid requests properly" type="FAILURE">
<![CDATA[  [webkit] › workflows\user-journey.spec.ts:370:9 › E2E Workflows › Error Handling & Recovery › Should handle invalid requests properly 

    Error: expect(received).toBe(expected) // Object.is equality

    Expected: 400
    Received: 404

      398 |
      399 |       expect(invalidQuery.ok).toBe(false);
    > 400 |       expect(invalidQuery.status).toBe(400);
          |                                   ^
      401 |       console.log(
      402 |         `✓ Invalid request rejected (status: ${invalidQuery.status})`,
      403 |       );
        at C:\repos\patriotchat\apps\api-e2e\src\workflows\user-journey.spec.ts:400:35
]]>
</failure>
</testcase>
</testsuite>
</testsuites>