<testsuites id="" name="" tests="162" failures="105" skipped="0" errors="0" time="14.039947">
<testsuite name="critical-requirements\audit-trail.spec.ts" timestamp="2026-02-03T02:47:36.631Z" hostname="chromium" tests="5" failures="5" skipped="0" time="0.561" errors="0">
<testcase name="Critical Requirement: Audit Trail (Immutable PostgreSQL Logs) › User Action Logging › Should log user registration" classname="critical-requirements\audit-trail.spec.ts" time="0.099">
<failure message="audit-trail.spec.ts:7:9 Should log user registration" type="FAILURE">
<![CDATA[  [chromium] › critical-requirements\audit-trail.spec.ts:7:9 › Critical Requirement: Audit Trail (Immutable PostgreSQL Logs) › User Action Logging › Should log user registration 

    Error: expect(received).toBeDefined()

    Received: undefined

      20 |
      21 |       expect(registerResponse.ok).toBe(true);
    > 22 |       expect(registerResponse.data?.userId).toBeDefined();
         |                                             ^
      23 |       console.log(`✓ Registration logged for user: ${testUser.email}`);
      24 |
      25 |       // Verify audit log exists
        at C:\repos\patriotchat\apps\api-e2e\src\critical-requirements\audit-trail.spec.ts:22:45
]]>
</failure>
</testcase>
<testcase name="Critical Requirement: Audit Trail (Immutable PostgreSQL Logs) › User Action Logging › Should log user login" classname="critical-requirements\audit-trail.spec.ts" time="0.152">
<failure message="audit-trail.spec.ts:39:9 Should log user login" type="FAILURE">
<![CDATA[  [chromium] › critical-requirements\audit-trail.spec.ts:39:9 › Critical Requirement: Audit Trail (Immutable PostgreSQL Logs) › User Action Logging › Should log user login 

    Error: expect(received).toBe(expected) // Object.is equality

    Expected: true
    Received: false

      75 |       });
      76 |
    > 77 |       expect(auditResponse.ok).toBe(true);
         |                                ^
      78 |       const logs = auditResponse.data?.logs || [];
      79 |       expect(logs.length).toBeGreaterThan(0);
      80 |       console.log(
        at C:\repos\patriotchat\apps\api-e2e\src\critical-requirements\audit-trail.spec.ts:77:32
]]>
</failure>
<system-out>
<![CDATA[✓ Login logged for user: testuser_1770086857935_1@test.patriotchat.com
]]>
</system-out>
</testcase>
<testcase name="Critical Requirement: Audit Trail (Immutable PostgreSQL Logs) › Query Tracking › Should track LLM inference queries" classname="critical-requirements\audit-trail.spec.ts" time="0.119">
<failure message="audit-trail.spec.ts:87:9 Should track LLM inference queries" type="FAILURE">
<![CDATA[  [chromium] › critical-requirements\audit-trail.spec.ts:87:9 › Critical Requirement: Audit Trail (Immutable PostgreSQL Logs) › Query Tracking › Should track LLM inference queries 

    Error: expect(received).toBe(expected) // Object.is equality

    Expected: true
    Received: false

      115 |       });
      116 |
    > 117 |       expect(inferenceResponse.ok).toBe(true);
          |                                    ^
      118 |       console.log(`✓ Inference query executed and tracked`);
      119 |
      120 |       // Verify tracking in analytics
        at C:\repos\patriotchat\apps\api-e2e\src\critical-requirements\audit-trail.spec.ts:117:36
]]>
</failure>
</testcase>
<testcase name="Critical Requirement: Audit Trail (Immutable PostgreSQL Logs) › Log Integrity › Logs should be immutable (no modification possible)" classname="critical-requirements\audit-trail.spec.ts" time="0.091">
<failure message="audit-trail.spec.ts:133:9 Logs should be immutable (no modification possible)" type="FAILURE">
<![CDATA[  [chromium] › critical-requirements\audit-trail.spec.ts:133:9 › Critical Requirement: Audit Trail (Immutable PostgreSQL Logs) › Log Integrity › Logs should be immutable (no modification possible) 

    Error: expect(received).toBe(expected) // Object.is equality

    Expected: 403
    Received: 404

      159 |
      160 |       // Should be forbidden
    > 161 |       expect(modifyResponse.status).toBe(403);
          |                                     ^
      162 |       console.log(
      163 |         `✓ Audit logs are protected from modification (status: ${modifyResponse.status})`,
      164 |       );
        at C:\repos\patriotchat\apps\api-e2e\src\critical-requirements\audit-trail.spec.ts:161:37
]]>
</failure>
</testcase>
<testcase name="Critical Requirement: Audit Trail (Immutable PostgreSQL Logs) › Log Integrity › All audit operations should be timestamped" classname="critical-requirements\audit-trail.spec.ts" time="0.1">
<failure message="audit-trail.spec.ts:167:9 All audit operations should be timestamped" type="FAILURE">
<![CDATA[  [chromium] › critical-requirements\audit-trail.spec.ts:167:9 › Critical Requirement: Audit Trail (Immutable PostgreSQL Logs) › Log Integrity › All audit operations should be timestamped 

    Error: expect(received).toBe(expected) // Object.is equality

    Expected: true
    Received: false

      188 |       });
      189 |
    > 190 |       expect(auditResponse.ok).toBe(true);
          |                                ^
      191 |       const logs = auditResponse.data?.logs || [];
      192 |
      193 |       // Verify all logs have timestamps
        at C:\repos\patriotchat\apps\api-e2e\src\critical-requirements\audit-trail.spec.ts:190:32
]]>
</failure>
</testcase>
</testsuite>
<testsuite name="critical-requirements\database.spec.ts" timestamp="2026-02-03T02:47:36.631Z" hostname="chromium" tests="7" failures="5" skipped="0" time="0.744" errors="0">
<testcase name="Critical Requirement: Database (PostgreSQL with Connection Pooling) › Connection Pooling › Should handle concurrent requests efficiently" classname="critical-requirements\database.spec.ts" time="0.11">
<system-out>
<![CDATA[✓ All 10 concurrent requests succeeded
]]>
</system-out>
</testcase>
<testcase name="Critical Requirement: Database (PostgreSQL with Connection Pooling) › Connection Pooling › Connection pool should recover after spike" classname="critical-requirements\database.spec.ts" time="0.281">
<system-out>
<![CDATA[✓ First spike succeeded (5 requests)
✓ Pool recovered - second spike succeeded (5 requests)
]]>
</system-out>
</testcase>
<testcase name="Critical Requirement: Database (PostgreSQL with Connection Pooling) › Data Persistence › Stored data should persist across requests" classname="critical-requirements\database.spec.ts" time="0.099">
<failure message="database.spec.ts:90:9 Stored data should persist across requests" type="FAILURE">
<![CDATA[  [chromium] › critical-requirements\database.spec.ts:90:9 › Critical Requirement: Database (PostgreSQL with Connection Pooling) › Data Persistence › Stored data should persist across requests 

    Error: expect(received).toBe(expected) // Object.is equality

    Expected: true
    Received: false

      114 |       });
      115 |
    > 116 |       expect(profileResponse.ok).toBe(true);
          |                                  ^
      117 |       expect(profileResponse.data?.email).toBe(email);
      118 |       console.log(`✓ User data persisted: ${email}`);
      119 |     });
        at C:\repos\patriotchat\apps\api-e2e\src\critical-requirements\database.spec.ts:116:34
]]>
</failure>
</testcase>
<testcase name="Critical Requirement: Database (PostgreSQL with Connection Pooling) › Data Persistence › Multiple database operations should maintain consistency" classname="critical-requirements\database.spec.ts" time="0.1">
<failure message="database.spec.ts:121:9 Multiple database operations should maintain consistency" type="FAILURE">
<![CDATA[  [chromium] › critical-requirements\database.spec.ts:121:9 › Critical Requirement: Database (PostgreSQL with Connection Pooling) › Data Persistence › Multiple database operations should maintain consistency 

    Error: expect(received).toBe(expected) // Object.is equality

    Expected: true
    Received: false

      147 |       });
      148 |
    > 149 |       expect(updateResponse.ok).toBe(true);
          |                                 ^
      150 |
      151 |       // Operation 3: Verify update
      152 |       const profileResponse = await apiRequest({
        at C:\repos\patriotchat\apps\api-e2e\src\critical-requirements\database.spec.ts:149:33
]]>
</failure>
</testcase>
<testcase name="Critical Requirement: Database (PostgreSQL with Connection Pooling) › Query Performance › Database queries should execute quickly" classname="critical-requirements\database.spec.ts" time="0.1">
<failure message="database.spec.ts:165:9 Database queries should execute quickly" type="FAILURE">
<![CDATA[  [chromium] › critical-requirements\database.spec.ts:165:9 › Critical Requirement: Database (PostgreSQL with Connection Pooling) › Query Performance › Database queries should execute quickly 

    Error: expect(received).toBe(expected) // Object.is equality

    Expected: true
    Received: false

      192 |       const queryTime = performance.now() - startTime;
      193 |
    > 194 |       expect(profileResponse.ok).toBe(true);
          |                                  ^
      195 |       expect(queryTime).toBeLessThan(500); // Should be under 500ms
      196 |       console.log(`✓ Query executed in ${queryTime.toFixed(2)}ms`);
      197 |     });
        at C:\repos\patriotchat\apps\api-e2e\src\critical-requirements\database.spec.ts:194:34
]]>
</failure>
</testcase>
<testcase name="Critical Requirement: Database (PostgreSQL with Connection Pooling) › Database Health › PostgreSQL connection should be healthy" classname="critical-requirements\database.spec.ts" time="0.026">
<failure message="database.spec.ts:201:9 PostgreSQL connection should be healthy" type="FAILURE">
<![CDATA[  [chromium] › critical-requirements\database.spec.ts:201:9 › Critical Requirement: Database (PostgreSQL with Connection Pooling) › Database Health › PostgreSQL connection should be healthy 

    Error: expect(received).toBe(expected) // Object.is equality

    Expected: true
    Received: false

      206 |       });
      207 |
    > 208 |       expect(response.ok).toBe(true);
          |                           ^
      209 |       expect(response.data?.database).toBeDefined();
      210 |       console.log(`✓ Database health: OK`);
      211 |     });
        at C:\repos\patriotchat\apps\api-e2e\src\critical-requirements\database.spec.ts:208:27
]]>
</failure>
</testcase>
<testcase name="Critical Requirement: Database (PostgreSQL with Connection Pooling) › Database Health › Connection pool status should be available" classname="critical-requirements\database.spec.ts" time="0.028">
<failure message="database.spec.ts:213:9 Connection pool status should be available" type="FAILURE">
<![CDATA[  [chromium] › critical-requirements\database.spec.ts:213:9 › Critical Requirement: Database (PostgreSQL with Connection Pooling) › Database Health › Connection pool status should be available 

    Error: expect(received).toBe(expected) // Object.is equality

    Expected: true
    Received: false

      218 |       });
      219 |
    > 220 |       expect(response.ok).toBe(true);
          |                           ^
      221 |       expect(response.data?.poolSize).toBeDefined();
      222 |       expect(response.data?.activeConnections).toBeDefined();
      223 |       console.log(
        at C:\repos\patriotchat\apps\api-e2e\src\critical-requirements\database.spec.ts:220:27
]]>
</failure>
</testcase>
</testsuite>
<testsuite name="critical-requirements\llm-selector.spec.ts" timestamp="2026-02-03T02:47:36.631Z" hostname="chromium" tests="10" failures="6" skipped="0" time="0.57" errors="0">
<testcase name="Critical Requirement: LLM Model Selector › Model Availability › Should list available LLM models" classname="critical-requirements\llm-selector.spec.ts" time="0.032">
<system-out>
<![CDATA[✓ Available models: llama2, mistral, neural-chat
]]>
</system-out>
</testcase>
<testcase name="Critical Requirement: LLM Model Selector › Model Availability › Should include required models" classname="critical-requirements\llm-selector.spec.ts" time="0.031">
<system-out>
<![CDATA[✓ All required models present: llama2, mistral, neural-chat
]]>
</system-out>
</testcase>
<testcase name="Critical Requirement: LLM Model Selector › Model Availability › Model selector should be accessible via API" classname="critical-requirements\llm-selector.spec.ts" time="0.031">
<system-out>
<![CDATA[✓ Model selector API operational
]]>
</system-out>
</testcase>
<testcase name="Critical Requirement: LLM Model Selector › Model Selection › Should execute inference with llama2 model" classname="critical-requirements\llm-selector.spec.ts" time="0.09">
<failure message="llm-selector.spec.ts:57:9 Should execute inference with llama2 model" type="FAILURE">
<![CDATA[  [chromium] › critical-requirements\llm-selector.spec.ts:57:9 › Critical Requirement: LLM Model Selector › Model Selection › Should execute inference with llama2 model 

    Error: expect(received).toBe(expected) // Object.is equality

    Expected: true
    Received: false

      85 |       });
      86 |
    > 87 |       expect(queryResponse.ok).toBe(true);
         |                                ^
      88 |       expect(queryResponse.data?.response).toBeDefined();
      89 |       console.log(`✓ Inference successful with llama2 model`);
      90 |     });
        at C:\repos\patriotchat\apps\api-e2e\src\critical-requirements\llm-selector.spec.ts:87:32
]]>
</failure>
</testcase>
<testcase name="Critical Requirement: LLM Model Selector › Model Selection › Should execute inference with mistral model" classname="critical-requirements\llm-selector.spec.ts" time="0.06">
<failure message="llm-selector.spec.ts:92:9 Should execute inference with mistral model" type="FAILURE">
<![CDATA[  [chromium] › critical-requirements\llm-selector.spec.ts:92:9 › Critical Requirement: LLM Model Selector › Model Selection › Should execute inference with mistral model 

    Error: expect(received).toBe(expected) // Object.is equality

    Expected: true
    Received: false

      120 |       });
      121 |
    > 122 |       expect(queryResponse.ok).toBe(true);
          |                                ^
      123 |       expect(queryResponse.data?.response).toBeDefined();
      124 |       console.log(`✓ Inference successful with mistral model`);
      125 |     });
        at C:\repos\patriotchat\apps\api-e2e\src\critical-requirements\llm-selector.spec.ts:122:32
]]>
</failure>
</testcase>
<testcase name="Critical Requirement: LLM Model Selector › Model Selection › Should execute inference with neural-chat model" classname="critical-requirements\llm-selector.spec.ts" time="0.085">
<failure message="llm-selector.spec.ts:127:9 Should execute inference with neural-chat model" type="FAILURE">
<![CDATA[  [chromium] › critical-requirements\llm-selector.spec.ts:127:9 › Critical Requirement: LLM Model Selector › Model Selection › Should execute inference with neural-chat model 

    Error: expect(received).toBe(expected) // Object.is equality

    Expected: true
    Received: false

      155 |       });
      156 |
    > 157 |       expect(queryResponse.ok).toBe(true);
          |                                ^
      158 |       expect(queryResponse.data?.response).toBeDefined();
      159 |       console.log(`✓ Inference successful with neural-chat model`);
      160 |     });
        at C:\repos\patriotchat\apps\api-e2e\src\critical-requirements\llm-selector.spec.ts:157:32
]]>
</failure>
</testcase>
<testcase name="Critical Requirement: LLM Model Selector › Model Configuration › Should handle invalid model gracefully" classname="critical-requirements\llm-selector.spec.ts" time="0.088">
<failure message="llm-selector.spec.ts:164:9 Should handle invalid model gracefully" type="FAILURE">
<![CDATA[  [chromium] › critical-requirements\llm-selector.spec.ts:164:9 › Critical Requirement: LLM Model Selector › Model Configuration › Should handle invalid model gracefully 

    Error: expect(received).toBe(expected) // Object.is equality

    Expected: 400
    Received: 404

      193 |
      194 |       expect(queryResponse.ok).toBe(false);
    > 195 |       expect(queryResponse.status).toBe(400);
          |                                    ^
      196 |       console.log(
      197 |         `✓ Invalid model rejected with status ${queryResponse.status}`,
      198 |       );
        at C:\repos\patriotchat\apps\api-e2e\src\critical-requirements\llm-selector.spec.ts:195:36
]]>
</failure>
</testcase>
<testcase name="Critical Requirement: LLM Model Selector › Model Configuration › Model metadata should be available" classname="critical-requirements\llm-selector.spec.ts" time="0.031">
<failure message="llm-selector.spec.ts:201:9 Model metadata should be available" type="FAILURE">
<![CDATA[  [chromium] › critical-requirements\llm-selector.spec.ts:201:9 › Critical Requirement: LLM Model Selector › Model Configuration › Model metadata should be available 

    Error: expect(received).toBe(expected) // Object.is equality

    Expected: true
    Received: false

      206 |       });
      207 |
    > 208 |       expect(response.ok).toBe(true);
          |                           ^
      209 |       expect(response.data?.models).toBeDefined();
      210 |       expect(Array.isArray(response.data?.models)).toBe(true);
      211 |
        at C:\repos\patriotchat\apps\api-e2e\src\critical-requirements\llm-selector.spec.ts:208:27
]]>
</failure>
</testcase>
<testcase name="Critical Requirement: LLM Model Selector › Frontend Integration › Model selector should be available on frontend" classname="critical-requirements\llm-selector.spec.ts" time="0.032">
<system-out>
<![CDATA[✓ Model selector backend API available for frontend integration
]]>
</system-out>
</testcase>
<testcase name="Critical Requirement: LLM Model Selector › Frontend Integration › Should support model switching during session" classname="critical-requirements\llm-selector.spec.ts" time="0.09">
<failure message="llm-selector.spec.ts:240:9 Should support model switching during session" type="FAILURE">
<![CDATA[  [chromium] › critical-requirements\llm-selector.spec.ts:240:9 › Critical Requirement: LLM Model Selector › Frontend Integration › Should support model switching during session 

    Error: expect(received).toBe(expected) // Object.is equality

    Expected: true
    Received: false

      268 |       });
      269 |
    > 270 |       expect(query1.ok).toBe(true);
          |                         ^
      271 |
      272 |       // Query with model 2 (switch)
      273 |       const query2 = await apiRequest({
        at C:\repos\patriotchat\apps\api-e2e\src\critical-requirements\llm-selector.spec.ts:270:25
]]>
</failure>
</testcase>
</testsuite>
<testsuite name="critical-requirements\performance.spec.ts" timestamp="2026-02-03T02:47:36.631Z" hostname="chromium" tests="8" failures="7" skipped="0" time="0.151" errors="0">
<testcase name="Critical Requirement: Performance (Auth &lt; 100ms) › Service Latency › Auth service should respond in under 100ms" classname="critical-requirements\performance.spec.ts" time="0.029">
<failure message="performance.spec.ts:7:9 Auth service should respond in under 100ms" type="FAILURE">
<![CDATA[  [chromium] › critical-requirements\performance.spec.ts:7:9 › Critical Requirement: Performance (Auth < 100ms) › Service Latency › Auth service should respond in under 100ms 

    Error: expect(received).toBe(expected) // Object.is equality

    Expected: true
    Received: false

      12 |       });
      13 |
    > 14 |       expect(response.ok).toBe(true);
         |                           ^
      15 |       expect(latency).toBeLessThan(TEST_DATA.PERFORMANCE_THRESHOLD_MS);
      16 |       console.log(`✓ Auth latency: ${latency.toFixed(2)}ms`);
      17 |     });
        at C:\repos\patriotchat\apps\api-e2e\src\critical-requirements\performance.spec.ts:14:27
]]>
</failure>
</testcase>
<testcase name="Critical Requirement: Performance (Auth &lt; 100ms) › Service Latency › API Gateway should respond in under 100ms" classname="critical-requirements\performance.spec.ts" time="0.03">
<failure message="performance.spec.ts:19:9 API Gateway should respond in under 100ms" type="FAILURE">
<![CDATA[  [chromium] › critical-requirements\performance.spec.ts:19:9 › Critical Requirement: Performance (Auth < 100ms) › Service Latency › API Gateway should respond in under 100ms 

    Error: expect(received).toBe(expected) // Object.is equality

    Expected: true
    Received: false

      24 |       });
      25 |
    > 26 |       expect(response.ok).toBe(true);
         |                           ^
      27 |       expect(latency).toBeLessThan(TEST_DATA.PERFORMANCE_THRESHOLD_MS);
      28 |       console.log(`✓ Gateway latency: ${latency.toFixed(2)}ms`);
      29 |     });
        at C:\repos\patriotchat\apps\api-e2e\src\critical-requirements\performance.spec.ts:26:27
]]>
</failure>
</testcase>
<testcase name="Critical Requirement: Performance (Auth &lt; 100ms) › Service Latency › Funding service should respond in under 100ms" classname="critical-requirements\performance.spec.ts" time="0.007">
<failure message="performance.spec.ts:31:9 Funding service should respond in under 100ms" type="FAILURE">
<![CDATA[  [chromium] › critical-requirements\performance.spec.ts:31:9 › Critical Requirement: Performance (Auth < 100ms) › Service Latency › Funding service should respond in under 100ms 

    Error: expect(received).toBe(expected) // Object.is equality

    Expected: true
    Received: false

      36 |       });
      37 |
    > 38 |       expect(response.ok).toBe(true);
         |                           ^
      39 |       expect(latency).toBeLessThan(TEST_DATA.PERFORMANCE_THRESHOLD_MS);
      40 |       console.log(`✓ Funding latency: ${latency.toFixed(2)}ms`);
      41 |     });
        at C:\repos\patriotchat\apps\api-e2e\src\critical-requirements\performance.spec.ts:38:27
]]>
</failure>
</testcase>
<testcase name="Critical Requirement: Performance (Auth &lt; 100ms) › Service Latency › Policy service should respond in under 100ms" classname="critical-requirements\performance.spec.ts" time="0.028">
<failure message="performance.spec.ts:43:9 Policy service should respond in under 100ms" type="FAILURE">
<![CDATA[  [chromium] › critical-requirements\performance.spec.ts:43:9 › Critical Requirement: Performance (Auth < 100ms) › Service Latency › Policy service should respond in under 100ms 

    Error: expect(received).toBe(expected) // Object.is equality

    Expected: true
    Received: false

      48 |       });
      49 |
    > 50 |       expect(response.ok).toBe(true);
         |                           ^
      51 |       expect(latency).toBeLessThan(TEST_DATA.PERFORMANCE_THRESHOLD_MS);
      52 |       console.log(`✓ Policy latency: ${latency.toFixed(2)}ms`);
      53 |     });
        at C:\repos\patriotchat\apps\api-e2e\src\critical-requirements\performance.spec.ts:50:27
]]>
</failure>
</testcase>
<testcase name="Critical Requirement: Performance (Auth &lt; 100ms) › Service Latency › LLM service should respond in under 100ms" classname="critical-requirements\performance.spec.ts" time="0.007">
<failure message="performance.spec.ts:55:9 LLM service should respond in under 100ms" type="FAILURE">
<![CDATA[  [chromium] › critical-requirements\performance.spec.ts:55:9 › Critical Requirement: Performance (Auth < 100ms) › Service Latency › LLM service should respond in under 100ms 

    Error: expect(received).toBe(expected) // Object.is equality

    Expected: true
    Received: false

      60 |       });
      61 |
    > 62 |       expect(response.ok).toBe(true);
         |                           ^
      63 |       expect(latency).toBeLessThan(TEST_DATA.PERFORMANCE_THRESHOLD_MS);
      64 |       console.log(`✓ LLM latency: ${latency.toFixed(2)}ms`);
      65 |     });
        at C:\repos\patriotchat\apps\api-e2e\src\critical-requirements\performance.spec.ts:62:27
]]>
</failure>
</testcase>
<testcase name="Critical Requirement: Performance (Auth &lt; 100ms) › Service Latency › Analytics service should respond in under 100ms" classname="critical-requirements\performance.spec.ts" time="0.028">
<failure message="performance.spec.ts:67:9 Analytics service should respond in under 100ms" type="FAILURE">
<![CDATA[  [chromium] › critical-requirements\performance.spec.ts:67:9 › Critical Requirement: Performance (Auth < 100ms) › Service Latency › Analytics service should respond in under 100ms 

    Error: expect(received).toBe(expected) // Object.is equality

    Expected: true
    Received: false

      72 |       });
      73 |
    > 74 |       expect(response.ok).toBe(true);
         |                           ^
      75 |       expect(latency).toBeLessThan(TEST_DATA.PERFORMANCE_THRESHOLD_MS);
      76 |       console.log(`✓ Analytics latency: ${latency.toFixed(2)}ms`);
      77 |     });
        at C:\repos\patriotchat\apps\api-e2e\src\critical-requirements\performance.spec.ts:74:27
]]>
</failure>
</testcase>
<testcase name="Critical Requirement: Performance (Auth &lt; 100ms) › Performance Baseline › Should maintain consistent response times under load" classname="critical-requirements\performance.spec.ts" time="0.013">
<system-out>
<![CDATA[✓ Avg latency: 1.95ms, Max: 2.84ms
]]>
</system-out>
</testcase>
<testcase name="Critical Requirement: Performance (Auth &lt; 100ms) › Performance Baseline › All services should be operational" classname="critical-requirements\performance.spec.ts" time="0.009">
<failure message="performance.spec.ts:104:9 All services should be operational" type="FAILURE">
<![CDATA[  [chromium] › critical-requirements\performance.spec.ts:104:9 › Critical Requirement: Performance (Auth < 100ms) › Performance Baseline › All services should be operational 

    Error: expect(received).toBe(expected) // Object.is equality

    Expected: true
    Received: false

      119 |         });
      120 |
    > 121 |         expect(response.ok).toBe(true);
          |                             ^
      122 |       }
      123 |
      124 |       console.log(`✓ All ${services.length} services operational`);
        at C:\repos\patriotchat\apps\api-e2e\src\critical-requirements\performance.spec.ts:121:29
]]>
</failure>
</testcase>
</testsuite>
<testsuite name="critical-requirements\rate-limiting.spec.ts" timestamp="2026-02-03T02:47:36.631Z" hostname="chromium" tests="6" failures="5" skipped="0" time="0.497" errors="0">
<testcase name="Critical Requirement: Rate Limiting (4-Dimensional Guards) › Per-User Rate Limiting › Should track requests per user" classname="critical-requirements\rate-limiting.spec.ts" time="0.082">
<failure message="rate-limiting.spec.ts:7:9 Should track requests per user" type="FAILURE">
<![CDATA[  [chromium] › critical-requirements\rate-limiting.spec.ts:7:9 › Critical Requirement: Rate Limiting (4-Dimensional Guards) › Per-User Rate Limiting › Should track requests per user 

    Error: expect(received).toBe(expected) // Object.is equality

    Expected: true
    Received: false

      35 |       });
      36 |
    > 37 |       expect(response.ok).toBe(true);
         |                           ^
      38 |       // Check for rate limit headers
      39 |       const rateLimitLimit = response.headers['x-ratelimit-limit'];
      40 |       const rateLimitRemaining = response.headers['x-ratelimit-remaining'];
        at C:\repos\patriotchat\apps\api-e2e\src\critical-requirements\rate-limiting.spec.ts:37:27
]]>
</failure>
</testcase>
<testcase name="Critical Requirement: Rate Limiting (4-Dimensional Guards) › Per-IP Rate Limiting › Should limit requests from same IP" classname="critical-requirements\rate-limiting.spec.ts" time="0.078">
<system-out>
<![CDATA[✓ Per-IP rate limiting configured (no block within 10 requests)
]]>
</system-out>
</testcase>
<testcase name="Critical Requirement: Rate Limiting (4-Dimensional Guards) › Per-Endpoint Rate Limiting › Should apply endpoint-specific limits" classname="critical-requirements\rate-limiting.spec.ts" time="0.065">
<failure message="rate-limiting.spec.ts:105:9 Should apply endpoint-specific limits" type="FAILURE">
<![CDATA[  [chromium] › critical-requirements\rate-limiting.spec.ts:105:9 › Critical Requirement: Rate Limiting (4-Dimensional Guards) › Per-Endpoint Rate Limiting › Should apply endpoint-specific limits 

    Error: expect(received).toBe(expected) // Object.is equality

    Expected: true
    Received: false

      133 |       });
      134 |
    > 135 |       expect(inferenceResponse.ok).toBe(true);
          |                                    ^
      136 |
      137 |       // Test profile endpoint (different limit)
      138 |       const profileResponse = await apiRequest({
        at C:\repos\patriotchat\apps\api-e2e\src\critical-requirements\rate-limiting.spec.ts:135:36
]]>
</failure>
</testcase>
<testcase name="Critical Requirement: Rate Limiting (4-Dimensional Guards) › Time-Window Rate Limiting › Should reset limits on time window" classname="critical-requirements\rate-limiting.spec.ts" time="0.084">
<failure message="rate-limiting.spec.ts:151:9 Should reset limits on time window" type="FAILURE">
<![CDATA[  [chromium] › critical-requirements\rate-limiting.spec.ts:151:9 › Critical Requirement: Rate Limiting (4-Dimensional Guards) › Time-Window Rate Limiting › Should reset limits on time window 

    Error: expect(received).toBe(expected) // Object.is equality

    Expected: true
    Received: false

      179 |       });
      180 |
    > 181 |       expect(response1.ok).toBe(true);
          |                            ^
      182 |
      183 |       // Wait and make another request in new window
      184 |       await new Promise((resolve) => setTimeout(resolve, 1100));
        at C:\repos\patriotchat\apps\api-e2e\src\critical-requirements\rate-limiting.spec.ts:181:28
]]>
</failure>
</testcase>
<testcase name="Critical Requirement: Rate Limiting (4-Dimensional Guards) › Rate Limit Headers › Should include rate limit information in response headers" classname="critical-requirements\rate-limiting.spec.ts" time="0.088">
<failure message="rate-limiting.spec.ts:203:9 Should include rate limit information in response headers" type="FAILURE">
<![CDATA[  [chromium] › critical-requirements\rate-limiting.spec.ts:203:9 › Critical Requirement: Rate Limiting (4-Dimensional Guards) › Rate Limit Headers › Should include rate limit information in response headers 

    Error: expect(received).toBe(expected) // Object.is equality

    Expected: true
    Received: false

      231 |       });
      232 |
    > 233 |       expect(response.ok).toBe(true);
          |                           ^
      234 |
      235 |       // Check for standard rate limit headers
      236 |       const hasRateLimitHeaders =
        at C:\repos\patriotchat\apps\api-e2e\src\critical-requirements\rate-limiting.spec.ts:233:27
]]>
</failure>
</testcase>
<testcase name="Critical Requirement: Rate Limiting (4-Dimensional Guards) › Rate Limit Protection › Should protect against denial of service" classname="critical-requirements\rate-limiting.spec.ts" time="0.1">
<failure message="rate-limiting.spec.ts:250:9 Should protect against denial of service" type="FAILURE">
<![CDATA[  [chromium] › critical-requirements\rate-limiting.spec.ts:250:9 › Critical Requirement: Rate Limiting (4-Dimensional Guards) › Rate Limit Protection › Should protect against denial of service 

    Error: expect(received).toBeGreaterThan(expected)

    Expected: > 0
    Received:   0

      287 |       // At least most should succeed (rate limit protection doesn't reject all)
      288 |       const successCount = results.filter((r) => r.ok).length;
    > 289 |       expect(successCount).toBeGreaterThan(0);
          |                            ^
      290 |
      291 |       console.log(
      292 |         `✓ Rate limiting protects service (${successCount}/5 requests succeeded)`,
        at C:\repos\patriotchat\apps\api-e2e\src\critical-requirements\rate-limiting.spec.ts:289:28
]]>
</failure>
</testcase>
</testsuite>
<testsuite name="performance\service-latency.spec.ts" timestamp="2026-02-03T02:47:36.631Z" hostname="chromium" tests="9" failures="0" skipped="0" time="0.308" errors="0">
<testcase name="Performance Tests › Service Latency Benchmarks › Should measure auth service latency" classname="performance\service-latency.spec.ts" time="0.043">
<system-out>
<![CDATA[Auth Service Latency:
  Average: 3.57ms
  Min: 0.64ms
  Max: 24.09ms
]]>
</system-out>
</testcase>
<testcase name="Performance Tests › Service Latency Benchmarks › Should measure gateway latency" classname="performance\service-latency.spec.ts" time="0.046">
<system-out>
<![CDATA[Gateway Latency:
  Average: 3.74ms
  Min: 1.72ms
  Max: 18.72ms
]]>
</system-out>
</testcase>
<testcase name="Performance Tests › Service Latency Benchmarks › Should measure funding service latency" classname="performance\service-latency.spec.ts" time="0.044">
<system-out>
<![CDATA[Funding Service Latency:
  Average: 3.87ms
  Min: 1.46ms
  Max: 20.69ms
]]>
</system-out>
</testcase>
<testcase name="Performance Tests › Service Latency Benchmarks › Should measure policy service latency" classname="performance\service-latency.spec.ts" time="0.045">
<system-out>
<![CDATA[Policy Service Latency:
  Average: 3.92ms
  Min: 1.47ms
  Max: 20.62ms
]]>
</system-out>
</testcase>
<testcase name="Performance Tests › Service Latency Benchmarks › Should measure LLM service latency" classname="performance\service-latency.spec.ts" time="0.05">
<system-out>
<![CDATA[LLM Service Latency:
  Average: 4.29ms
  Min: 1.46ms
  Max: 24.17ms
]]>
</system-out>
</testcase>
<testcase name="Performance Tests › Service Latency Benchmarks › Should measure analytics service latency" classname="performance\service-latency.spec.ts" time="0.018">
<system-out>
<![CDATA[Analytics Service Latency:
  Average: 1.61ms
  Min: 0.91ms
  Max: 3.71ms
]]>
</system-out>
</testcase>
<testcase name="Performance Tests › Throughput Benchmarks › Should handle concurrent requests efficiently" classname="performance\service-latency.spec.ts" time="0.01">
<system-out>
<![CDATA[Concurrent Request Performance (10 requests):
  Total time: 8.36ms
  Average latency: 5.50ms
  Max latency: 6.85ms
  Throughput: 1195.64 req/s
]]>
</system-out>
</testcase>
<testcase name="Performance Tests › Database Query Performance › Should execute queries within acceptable time" classname="performance\service-latency.spec.ts" time="0.029">
<system-out>
<![CDATA[Database Query Performance:
  Average: 4.68ms
]]>
</system-out>
</testcase>
<testcase name="Performance Tests › API Response Times › Health check responses should be fast" classname="performance\service-latency.spec.ts" time="0.023">
<system-out>
<![CDATA[Health Check Response Times:
  Auth: 2.93ms
  Gateway: 3.28ms
  Funding: 3.56ms
  Policy: 4.16ms
  LLM: 1.47ms
  Analytics: 1.58ms
]]>
</system-out>
</testcase>
</testsuite>
<testsuite name="workflows\user-journey.spec.ts" timestamp="2026-02-03T02:47:36.631Z" hostname="chromium" tests="9" failures="7" skipped="0" time="0.771" errors="0">
<testcase name="E2E Workflows › User Registration &amp; Login Flow › Should complete full registration workflow" classname="workflows\user-journey.spec.ts" time="0.053">
<failure message="user-journey.spec.ts:7:9 Should complete full registration workflow" type="FAILURE">
<![CDATA[  [chromium] › workflows\user-journey.spec.ts:7:9 › E2E Workflows › User Registration & Login Flow › Should complete full registration workflow 

    Error: expect(received).toBeDefined()

    Received: undefined

      21 |
      22 |       expect(registerResponse.ok).toBe(true);
    > 23 |       expect(registerResponse.data?.userId).toBeDefined();
         |                                             ^
      24 |       expect(registerResponse.data?.token).toBeDefined();
      25 |       console.log(`✓ User registered: ${testUser.email}`);
      26 |
        at C:\repos\patriotchat\apps\api-e2e\src\workflows\user-journey.spec.ts:23:45
]]>
</failure>
</testcase>
<testcase name="E2E Workflows › User Registration &amp; Login Flow › Should complete full login workflow" classname="workflows\user-journey.spec.ts" time="0.142">
<failure message="user-journey.spec.ts:43:9 Should complete full login workflow" type="FAILURE">
<![CDATA[  [chromium] › workflows\user-journey.spec.ts:43:9 › E2E Workflows › User Registration & Login Flow › Should complete full login workflow 

    Error: expect(received).toBe(expected) // Object.is equality

    Expected: true
    Received: false

      84 |       });
      85 |
    > 86 |       expect(profileResponse.ok).toBe(true);
         |                                  ^
      87 |       console.log(`✓ Authenticated request successful`);
      88 |     });
      89 |   });
        at C:\repos\patriotchat\apps\api-e2e\src\workflows\user-journey.spec.ts:86:34
]]>
</failure>
<system-out>
<![CDATA[✓ User registered
✓ User logged in successfully
]]>
</system-out>
</testcase>
<testcase name="E2E Workflows › Query &amp; Inference Workflow › Should execute complete query workflow" classname="workflows\user-journey.spec.ts" time="0.087">
<failure message="user-journey.spec.ts:92:9 Should execute complete query workflow" type="FAILURE">
<![CDATA[  [chromium] › workflows\user-journey.spec.ts:92:9 › E2E Workflows › Query & Inference Workflow › Should execute complete query workflow 

    Error: expect(received).toBe(expected) // Object.is equality

    Expected: true
    Received: false

      122 |       });
      123 |
    > 124 |       expect(queryResponse.ok).toBe(true);
          |                                ^
      125 |       expect(queryResponse.data?.response).toBeDefined();
      126 |       console.log(`✓ Inference executed with ${testQuery.model}`);
      127 |
        at C:\repos\patriotchat\apps\api-e2e\src\workflows\user-journey.spec.ts:124:32
]]>
</failure>
<system-out>
<![CDATA[✓ User authenticated
]]>
</system-out>
</testcase>
<testcase name="E2E Workflows › Query &amp; Inference Workflow › Should support multiple queries in session" classname="workflows\user-journey.spec.ts" time="0.09">
<failure message="user-journey.spec.ts:139:9 Should support multiple queries in session" type="FAILURE">
<![CDATA[  [chromium] › workflows\user-journey.spec.ts:139:9 › E2E Workflows › Query & Inference Workflow › Should support multiple queries in session 

    Error: expect(received).toBe(expected) // Object.is equality

    Expected: true
    Received: false

      174 |         });
      175 |
    > 176 |         expect(queryResponse.ok).toBe(true);
          |                                  ^
      177 |         queryResults.push(queryResponse.data);
      178 |         console.log(`✓ Query ${i + 1} executed with ${query.model}`);
      179 |       }
        at C:\repos\patriotchat\apps\api-e2e\src\workflows\user-journey.spec.ts:176:34
]]>
</failure>
</testcase>
<testcase name="E2E Workflows › Cross-Service Integration › Should coordinate between auth and inference services" classname="workflows\user-journey.spec.ts" time="0.091">
<failure message="user-journey.spec.ts:197:9 Should coordinate between auth and inference services" type="FAILURE">
<![CDATA[  [chromium] › workflows\user-journey.spec.ts:197:9 › E2E Workflows › Cross-Service Integration › Should coordinate between auth and inference services 

    Error: expect(received).toBe(expected) // Object.is equality

    Expected: true
    Received: false

      226 |       });
      227 |
    > 228 |       expect(queryResponse.ok).toBe(true);
          |                                ^
      229 |       console.log(`✓ LLM service: Query executed`);
      230 |
      231 |       // Step 3: Analytics service - Track
        at C:\repos\patriotchat\apps\api-e2e\src\workflows\user-journey.spec.ts:228:32
]]>
</failure>
<system-out>
<![CDATA[✓ Auth service: User registered
]]>
</system-out>
</testcase>
<testcase name="E2E Workflows › Cross-Service Integration › Should maintain session across services" classname="workflows\user-journey.spec.ts" time="0.064">
<failure message="user-journey.spec.ts:242:9 Should maintain session across services" type="FAILURE">
<![CDATA[  [chromium] › workflows\user-journey.spec.ts:242:9 › E2E Workflows › Cross-Service Integration › Should maintain session across services 

    Error: expect(received).toBe(expected) // Object.is equality

    Expected: true
    Received: false

      267 |       });
      268 |
    > 269 |       expect(authCheck.ok).toBe(true);
          |                            ^
      270 |
      271 |       const query = await apiRequest({
      272 |         method: 'POST',
        at C:\repos\patriotchat\apps\api-e2e\src\workflows\user-journey.spec.ts:269:28
]]>
</failure>
</testcase>
<testcase name="E2E Workflows › Error Handling &amp; Recovery › Should handle invalid credentials gracefully" classname="workflows\user-journey.spec.ts" time="0.109">
<system-out>
<![CDATA[✓ Invalid credentials rejected (status: 401)
]]>
</system-out>
</testcase>
<testcase name="E2E Workflows › Error Handling &amp; Recovery › Should recover from service failures" classname="workflows\user-journey.spec.ts" time="0.06">
<system-out>
<![CDATA[✓ Service handled response appropriately (status: 404)
]]>
</system-out>
</testcase>
<testcase name="E2E Workflows › Error Handling &amp; Recovery › Should handle invalid requests properly" classname="workflows\user-journey.spec.ts" time="0.075">
<failure message="user-journey.spec.ts:370:9 Should handle invalid requests properly" type="FAILURE">
<![CDATA[  [chromium] › workflows\user-journey.spec.ts:370:9 › E2E Workflows › Error Handling & Recovery › Should handle invalid requests properly 

    Error: expect(received).toBe(expected) // Object.is equality

    Expected: 400
    Received: 404

      398 |
      399 |       expect(invalidQuery.ok).toBe(false);
    > 400 |       expect(invalidQuery.status).toBe(400);
          |                                   ^
      401 |       console.log(
      402 |         `✓ Invalid request rejected (status: ${invalidQuery.status})`,
      403 |       );
        at C:\repos\patriotchat\apps\api-e2e\src\workflows\user-journey.spec.ts:400:35
]]>
</failure>
</testcase>
</testsuite>
<testsuite name="critical-requirements\audit-trail.spec.ts" timestamp="2026-02-03T02:47:36.631Z" hostname="firefox" tests="5" failures="5" skipped="0" time="0.505" errors="0">
<testcase name="Critical Requirement: Audit Trail (Immutable PostgreSQL Logs) › User Action Logging › Should log user registration" classname="critical-requirements\audit-trail.spec.ts" time="0.081">
<failure message="audit-trail.spec.ts:7:9 Should log user registration" type="FAILURE">
<![CDATA[  [firefox] › critical-requirements\audit-trail.spec.ts:7:9 › Critical Requirement: Audit Trail (Immutable PostgreSQL Logs) › User Action Logging › Should log user registration 

    Error: expect(received).toBeDefined()

    Received: undefined

      20 |
      21 |       expect(registerResponse.ok).toBe(true);
    > 22 |       expect(registerResponse.data?.userId).toBeDefined();
         |                                             ^
      23 |       console.log(`✓ Registration logged for user: ${testUser.email}`);
      24 |
      25 |       // Verify audit log exists
        at C:\repos\patriotchat\apps\api-e2e\src\critical-requirements\audit-trail.spec.ts:22:45
]]>
</failure>
</testcase>
<testcase name="Critical Requirement: Audit Trail (Immutable PostgreSQL Logs) › User Action Logging › Should log user login" classname="critical-requirements\audit-trail.spec.ts" time="0.153">
<failure message="audit-trail.spec.ts:39:9 Should log user login" type="FAILURE">
<![CDATA[  [firefox] › critical-requirements\audit-trail.spec.ts:39:9 › Critical Requirement: Audit Trail (Immutable PostgreSQL Logs) › User Action Logging › Should log user login 

    Error: expect(received).toBe(expected) // Object.is equality

    Expected: true
    Received: false

      75 |       });
      76 |
    > 77 |       expect(auditResponse.ok).toBe(true);
         |                                ^
      78 |       const logs = auditResponse.data?.logs || [];
      79 |       expect(logs.length).toBeGreaterThan(0);
      80 |       console.log(
        at C:\repos\patriotchat\apps\api-e2e\src\critical-requirements\audit-trail.spec.ts:77:32
]]>
</failure>
<system-out>
<![CDATA[✓ Login logged for user: testuser_1770086862077_1@test.patriotchat.com
]]>
</system-out>
</testcase>
<testcase name="Critical Requirement: Audit Trail (Immutable PostgreSQL Logs) › Query Tracking › Should track LLM inference queries" classname="critical-requirements\audit-trail.spec.ts" time="0.097">
<failure message="audit-trail.spec.ts:87:9 Should track LLM inference queries" type="FAILURE">
<![CDATA[  [firefox] › critical-requirements\audit-trail.spec.ts:87:9 › Critical Requirement: Audit Trail (Immutable PostgreSQL Logs) › Query Tracking › Should track LLM inference queries 

    Error: expect(received).toBe(expected) // Object.is equality

    Expected: true
    Received: false

      115 |       });
      116 |
    > 117 |       expect(inferenceResponse.ok).toBe(true);
          |                                    ^
      118 |       console.log(`✓ Inference query executed and tracked`);
      119 |
      120 |       // Verify tracking in analytics
        at C:\repos\patriotchat\apps\api-e2e\src\critical-requirements\audit-trail.spec.ts:117:36
]]>
</failure>
</testcase>
<testcase name="Critical Requirement: Audit Trail (Immutable PostgreSQL Logs) › Log Integrity › Logs should be immutable (no modification possible)" classname="critical-requirements\audit-trail.spec.ts" time="0.086">
<failure message="audit-trail.spec.ts:133:9 Logs should be immutable (no modification possible)" type="FAILURE">
<![CDATA[  [firefox] › critical-requirements\audit-trail.spec.ts:133:9 › Critical Requirement: Audit Trail (Immutable PostgreSQL Logs) › Log Integrity › Logs should be immutable (no modification possible) 

    Error: expect(received).toBe(expected) // Object.is equality

    Expected: 403
    Received: 404

      159 |
      160 |       // Should be forbidden
    > 161 |       expect(modifyResponse.status).toBe(403);
          |                                     ^
      162 |       console.log(
      163 |         `✓ Audit logs are protected from modification (status: ${modifyResponse.status})`,
      164 |       );
        at C:\repos\patriotchat\apps\api-e2e\src\critical-requirements\audit-trail.spec.ts:161:37
]]>
</failure>
</testcase>
<testcase name="Critical Requirement: Audit Trail (Immutable PostgreSQL Logs) › Log Integrity › All audit operations should be timestamped" classname="critical-requirements\audit-trail.spec.ts" time="0.088">
<failure message="audit-trail.spec.ts:167:9 All audit operations should be timestamped" type="FAILURE">
<![CDATA[  [firefox] › critical-requirements\audit-trail.spec.ts:167:9 › Critical Requirement: Audit Trail (Immutable PostgreSQL Logs) › Log Integrity › All audit operations should be timestamped 

    Error: expect(received).toBe(expected) // Object.is equality

    Expected: true
    Received: false

      188 |       });
      189 |
    > 190 |       expect(auditResponse.ok).toBe(true);
          |                                ^
      191 |       const logs = auditResponse.data?.logs || [];
      192 |
      193 |       // Verify all logs have timestamps
        at C:\repos\patriotchat\apps\api-e2e\src\critical-requirements\audit-trail.spec.ts:190:32
]]>
</failure>
</testcase>
</testsuite>
<testsuite name="critical-requirements\database.spec.ts" timestamp="2026-02-03T02:47:36.631Z" hostname="firefox" tests="7" failures="5" skipped="0" time="0.675" errors="0">
<testcase name="Critical Requirement: Database (PostgreSQL with Connection Pooling) › Connection Pooling › Should handle concurrent requests efficiently" classname="critical-requirements\database.spec.ts" time="0.107">
<system-out>
<![CDATA[✓ All 10 concurrent requests succeeded
]]>
</system-out>
</testcase>
<testcase name="Critical Requirement: Database (PostgreSQL with Connection Pooling) › Connection Pooling › Connection pool should recover after spike" classname="critical-requirements\database.spec.ts" time="0.254">
<system-out>
<![CDATA[✓ First spike succeeded (5 requests)
✓ Pool recovered - second spike succeeded (5 requests)
]]>
</system-out>
</testcase>
<testcase name="Critical Requirement: Database (PostgreSQL with Connection Pooling) › Data Persistence › Stored data should persist across requests" classname="critical-requirements\database.spec.ts" time="0.088">
<failure message="database.spec.ts:90:9 Stored data should persist across requests" type="FAILURE">
<![CDATA[  [firefox] › critical-requirements\database.spec.ts:90:9 › Critical Requirement: Database (PostgreSQL with Connection Pooling) › Data Persistence › Stored data should persist across requests 

    Error: expect(received).toBe(expected) // Object.is equality

    Expected: true
    Received: false

      114 |       });
      115 |
    > 116 |       expect(profileResponse.ok).toBe(true);
          |                                  ^
      117 |       expect(profileResponse.data?.email).toBe(email);
      118 |       console.log(`✓ User data persisted: ${email}`);
      119 |     });
        at C:\repos\patriotchat\apps\api-e2e\src\critical-requirements\database.spec.ts:116:34
]]>
</failure>
</testcase>
<testcase name="Critical Requirement: Database (PostgreSQL with Connection Pooling) › Data Persistence › Multiple database operations should maintain consistency" classname="critical-requirements\database.spec.ts" time="0.088">
<failure message="database.spec.ts:121:9 Multiple database operations should maintain consistency" type="FAILURE">
<![CDATA[  [firefox] › critical-requirements\database.spec.ts:121:9 › Critical Requirement: Database (PostgreSQL with Connection Pooling) › Data Persistence › Multiple database operations should maintain consistency 

    Error: expect(received).toBe(expected) // Object.is equality

    Expected: true
    Received: false

      147 |       });
      148 |
    > 149 |       expect(updateResponse.ok).toBe(true);
          |                                 ^
      150 |
      151 |       // Operation 3: Verify update
      152 |       const profileResponse = await apiRequest({
        at C:\repos\patriotchat\apps\api-e2e\src\critical-requirements\database.spec.ts:149:33
]]>
</failure>
</testcase>
<testcase name="Critical Requirement: Database (PostgreSQL with Connection Pooling) › Query Performance › Database queries should execute quickly" classname="critical-requirements\database.spec.ts" time="0.085">
<failure message="database.spec.ts:165:9 Database queries should execute quickly" type="FAILURE">
<![CDATA[  [firefox] › critical-requirements\database.spec.ts:165:9 › Critical Requirement: Database (PostgreSQL with Connection Pooling) › Query Performance › Database queries should execute quickly 

    Error: expect(received).toBe(expected) // Object.is equality

    Expected: true
    Received: false

      192 |       const queryTime = performance.now() - startTime;
      193 |
    > 194 |       expect(profileResponse.ok).toBe(true);
          |                                  ^
      195 |       expect(queryTime).toBeLessThan(500); // Should be under 500ms
      196 |       console.log(`✓ Query executed in ${queryTime.toFixed(2)}ms`);
      197 |     });
        at C:\repos\patriotchat\apps\api-e2e\src\critical-requirements\database.spec.ts:194:34
]]>
</failure>
</testcase>
<testcase name="Critical Requirement: Database (PostgreSQL with Connection Pooling) › Database Health › PostgreSQL connection should be healthy" classname="critical-requirements\database.spec.ts" time="0.024">
<failure message="database.spec.ts:201:9 PostgreSQL connection should be healthy" type="FAILURE">
<![CDATA[  [firefox] › critical-requirements\database.spec.ts:201:9 › Critical Requirement: Database (PostgreSQL with Connection Pooling) › Database Health › PostgreSQL connection should be healthy 

    Error: expect(received).toBe(expected) // Object.is equality

    Expected: true
    Received: false

      206 |       });
      207 |
    > 208 |       expect(response.ok).toBe(true);
          |                           ^
      209 |       expect(response.data?.database).toBeDefined();
      210 |       console.log(`✓ Database health: OK`);
      211 |     });
        at C:\repos\patriotchat\apps\api-e2e\src\critical-requirements\database.spec.ts:208:27
]]>
</failure>
</testcase>
<testcase name="Critical Requirement: Database (PostgreSQL with Connection Pooling) › Database Health › Connection pool status should be available" classname="critical-requirements\database.spec.ts" time="0.029">
<failure message="database.spec.ts:213:9 Connection pool status should be available" type="FAILURE">
<![CDATA[  [firefox] › critical-requirements\database.spec.ts:213:9 › Critical Requirement: Database (PostgreSQL with Connection Pooling) › Database Health › Connection pool status should be available 

    Error: expect(received).toBe(expected) // Object.is equality

    Expected: true
    Received: false

      218 |       });
      219 |
    > 220 |       expect(response.ok).toBe(true);
          |                           ^
      221 |       expect(response.data?.poolSize).toBeDefined();
      222 |       expect(response.data?.activeConnections).toBeDefined();
      223 |       console.log(
        at C:\repos\patriotchat\apps\api-e2e\src\critical-requirements\database.spec.ts:220:27
]]>
</failure>
</testcase>
</testsuite>
<testsuite name="critical-requirements\llm-selector.spec.ts" timestamp="2026-02-03T02:47:36.631Z" hostname="firefox" tests="10" failures="6" skipped="0" time="0.534" errors="0">
<testcase name="Critical Requirement: LLM Model Selector › Model Availability › Should list available LLM models" classname="critical-requirements\llm-selector.spec.ts" time="0.033">
<system-out>
<![CDATA[✓ Available models: llama2, mistral, neural-chat
]]>
</system-out>
</testcase>
<testcase name="Critical Requirement: LLM Model Selector › Model Availability › Should include required models" classname="critical-requirements\llm-selector.spec.ts" time="0.037">
<system-out>
<![CDATA[✓ All required models present: llama2, mistral, neural-chat
]]>
</system-out>
</testcase>
<testcase name="Critical Requirement: LLM Model Selector › Model Availability › Model selector should be accessible via API" classname="critical-requirements\llm-selector.spec.ts" time="0.032">
<system-out>
<![CDATA[✓ Model selector API operational
]]>
</system-out>
</testcase>
<testcase name="Critical Requirement: LLM Model Selector › Model Selection › Should execute inference with llama2 model" classname="critical-requirements\llm-selector.spec.ts" time="0.091">
<failure message="llm-selector.spec.ts:57:9 Should execute inference with llama2 model" type="FAILURE">
<![CDATA[  [firefox] › critical-requirements\llm-selector.spec.ts:57:9 › Critical Requirement: LLM Model Selector › Model Selection › Should execute inference with llama2 model 

    Error: expect(received).toBe(expected) // Object.is equality

    Expected: true
    Received: false

      85 |       });
      86 |
    > 87 |       expect(queryResponse.ok).toBe(true);
         |                                ^
      88 |       expect(queryResponse.data?.response).toBeDefined();
      89 |       console.log(`✓ Inference successful with llama2 model`);
      90 |     });
        at C:\repos\patriotchat\apps\api-e2e\src\critical-requirements\llm-selector.spec.ts:87:32
]]>
</failure>
</testcase>
<testcase name="Critical Requirement: LLM Model Selector › Model Selection › Should execute inference with mistral model" classname="critical-requirements\llm-selector.spec.ts" time="0.065">
<failure message="llm-selector.spec.ts:92:9 Should execute inference with mistral model" type="FAILURE">
<![CDATA[  [firefox] › critical-requirements\llm-selector.spec.ts:92:9 › Critical Requirement: LLM Model Selector › Model Selection › Should execute inference with mistral model 

    Error: expect(received).toBe(expected) // Object.is equality

    Expected: true
    Received: false

      120 |       });
      121 |
    > 122 |       expect(queryResponse.ok).toBe(true);
          |                                ^
      123 |       expect(queryResponse.data?.response).toBeDefined();
      124 |       console.log(`✓ Inference successful with mistral model`);
      125 |     });
        at C:\repos\patriotchat\apps\api-e2e\src\critical-requirements\llm-selector.spec.ts:122:32
]]>
</failure>
</testcase>
<testcase name="Critical Requirement: LLM Model Selector › Model Selection › Should execute inference with neural-chat model" classname="critical-requirements\llm-selector.spec.ts" time="0.093">
<failure message="llm-selector.spec.ts:127:9 Should execute inference with neural-chat model" type="FAILURE">
<![CDATA[  [firefox] › critical-requirements\llm-selector.spec.ts:127:9 › Critical Requirement: LLM Model Selector › Model Selection › Should execute inference with neural-chat model 

    Error: expect(received).toBe(expected) // Object.is equality

    Expected: true
    Received: false

      155 |       });
      156 |
    > 157 |       expect(queryResponse.ok).toBe(true);
          |                                ^
      158 |       expect(queryResponse.data?.response).toBeDefined();
      159 |       console.log(`✓ Inference successful with neural-chat model`);
      160 |     });
        at C:\repos\patriotchat\apps\api-e2e\src\critical-requirements\llm-selector.spec.ts:157:32
]]>
</failure>
</testcase>
<testcase name="Critical Requirement: LLM Model Selector › Model Configuration › Should handle invalid model gracefully" classname="critical-requirements\llm-selector.spec.ts" time="0.092">
<failure message="llm-selector.spec.ts:164:9 Should handle invalid model gracefully" type="FAILURE">
<![CDATA[  [firefox] › critical-requirements\llm-selector.spec.ts:164:9 › Critical Requirement: LLM Model Selector › Model Configuration › Should handle invalid model gracefully 

    Error: expect(received).toBe(expected) // Object.is equality

    Expected: 400
    Received: 404

      193 |
      194 |       expect(queryResponse.ok).toBe(false);
    > 195 |       expect(queryResponse.status).toBe(400);
          |                                    ^
      196 |       console.log(
      197 |         `✓ Invalid model rejected with status ${queryResponse.status}`,
      198 |       );
        at C:\repos\patriotchat\apps\api-e2e\src\critical-requirements\llm-selector.spec.ts:195:36
]]>
</failure>
</testcase>
<testcase name="Critical Requirement: LLM Model Selector › Model Configuration › Model metadata should be available" classname="critical-requirements\llm-selector.spec.ts" time="0.027">
<failure message="llm-selector.spec.ts:201:9 Model metadata should be available" type="FAILURE">
<![CDATA[  [firefox] › critical-requirements\llm-selector.spec.ts:201:9 › Critical Requirement: LLM Model Selector › Model Configuration › Model metadata should be available 

    Error: expect(received).toBe(expected) // Object.is equality

    Expected: true
    Received: false

      206 |       });
      207 |
    > 208 |       expect(response.ok).toBe(true);
          |                           ^
      209 |       expect(response.data?.models).toBeDefined();
      210 |       expect(Array.isArray(response.data?.models)).toBe(true);
      211 |
        at C:\repos\patriotchat\apps\api-e2e\src\critical-requirements\llm-selector.spec.ts:208:27
]]>
</failure>
</testcase>
<testcase name="Critical Requirement: LLM Model Selector › Frontend Integration › Model selector should be available on frontend" classname="critical-requirements\llm-selector.spec.ts" time="0.007">
<system-out>
<![CDATA[✓ Model selector backend API available for frontend integration
]]>
</system-out>
</testcase>
<testcase name="Critical Requirement: LLM Model Selector › Frontend Integration › Should support model switching during session" classname="critical-requirements\llm-selector.spec.ts" time="0.057">
<failure message="llm-selector.spec.ts:240:9 Should support model switching during session" type="FAILURE">
<![CDATA[  [firefox] › critical-requirements\llm-selector.spec.ts:240:9 › Critical Requirement: LLM Model Selector › Frontend Integration › Should support model switching during session 

    Error: expect(received).toBe(expected) // Object.is equality

    Expected: true
    Received: false

      268 |       });
      269 |
    > 270 |       expect(query1.ok).toBe(true);
          |                         ^
      271 |
      272 |       // Query with model 2 (switch)
      273 |       const query2 = await apiRequest({
        at C:\repos\patriotchat\apps\api-e2e\src\critical-requirements\llm-selector.spec.ts:270:25
]]>
</failure>
</testcase>
</testsuite>
<testsuite name="critical-requirements\performance.spec.ts" timestamp="2026-02-03T02:47:36.631Z" hostname="firefox" tests="8" failures="7" skipped="0" time="0.198" errors="0">
<testcase name="Critical Requirement: Performance (Auth &lt; 100ms) › Service Latency › Auth service should respond in under 100ms" classname="critical-requirements\performance.spec.ts" time="0.036">
<failure message="performance.spec.ts:7:9 Auth service should respond in under 100ms" type="FAILURE">
<![CDATA[  [firefox] › critical-requirements\performance.spec.ts:7:9 › Critical Requirement: Performance (Auth < 100ms) › Service Latency › Auth service should respond in under 100ms 

    Error: expect(received).toBe(expected) // Object.is equality

    Expected: true
    Received: false

      12 |       });
      13 |
    > 14 |       expect(response.ok).toBe(true);
         |                           ^
      15 |       expect(latency).toBeLessThan(TEST_DATA.PERFORMANCE_THRESHOLD_MS);
      16 |       console.log(`✓ Auth latency: ${latency.toFixed(2)}ms`);
      17 |     });
        at C:\repos\patriotchat\apps\api-e2e\src\critical-requirements\performance.spec.ts:14:27
]]>
</failure>
</testcase>
<testcase name="Critical Requirement: Performance (Auth &lt; 100ms) › Service Latency › API Gateway should respond in under 100ms" classname="critical-requirements\performance.spec.ts" time="0.024">
<failure message="performance.spec.ts:19:9 API Gateway should respond in under 100ms" type="FAILURE">
<![CDATA[  [firefox] › critical-requirements\performance.spec.ts:19:9 › Critical Requirement: Performance (Auth < 100ms) › Service Latency › API Gateway should respond in under 100ms 

    Error: expect(received).toBe(expected) // Object.is equality

    Expected: true
    Received: false

      24 |       });
      25 |
    > 26 |       expect(response.ok).toBe(true);
         |                           ^
      27 |       expect(latency).toBeLessThan(TEST_DATA.PERFORMANCE_THRESHOLD_MS);
      28 |       console.log(`✓ Gateway latency: ${latency.toFixed(2)}ms`);
      29 |     });
        at C:\repos\patriotchat\apps\api-e2e\src\critical-requirements\performance.spec.ts:26:27
]]>
</failure>
</testcase>
<testcase name="Critical Requirement: Performance (Auth &lt; 100ms) › Service Latency › Funding service should respond in under 100ms" classname="critical-requirements\performance.spec.ts" time="0.027">
<failure message="performance.spec.ts:31:9 Funding service should respond in under 100ms" type="FAILURE">
<![CDATA[  [firefox] › critical-requirements\performance.spec.ts:31:9 › Critical Requirement: Performance (Auth < 100ms) › Service Latency › Funding service should respond in under 100ms 

    Error: expect(received).toBe(expected) // Object.is equality

    Expected: true
    Received: false

      36 |       });
      37 |
    > 38 |       expect(response.ok).toBe(true);
         |                           ^
      39 |       expect(latency).toBeLessThan(TEST_DATA.PERFORMANCE_THRESHOLD_MS);
      40 |       console.log(`✓ Funding latency: ${latency.toFixed(2)}ms`);
      41 |     });
        at C:\repos\patriotchat\apps\api-e2e\src\critical-requirements\performance.spec.ts:38:27
]]>
</failure>
</testcase>
<testcase name="Critical Requirement: Performance (Auth &lt; 100ms) › Service Latency › Policy service should respond in under 100ms" classname="critical-requirements\performance.spec.ts" time="0.028">
<failure message="performance.spec.ts:43:9 Policy service should respond in under 100ms" type="FAILURE">
<![CDATA[  [firefox] › critical-requirements\performance.spec.ts:43:9 › Critical Requirement: Performance (Auth < 100ms) › Service Latency › Policy service should respond in under 100ms 

    Error: expect(received).toBe(expected) // Object.is equality

    Expected: true
    Received: false

      48 |       });
      49 |
    > 50 |       expect(response.ok).toBe(true);
         |                           ^
      51 |       expect(latency).toBeLessThan(TEST_DATA.PERFORMANCE_THRESHOLD_MS);
      52 |       console.log(`✓ Policy latency: ${latency.toFixed(2)}ms`);
      53 |     });
        at C:\repos\patriotchat\apps\api-e2e\src\critical-requirements\performance.spec.ts:50:27
]]>
</failure>
</testcase>
<testcase name="Critical Requirement: Performance (Auth &lt; 100ms) › Service Latency › LLM service should respond in under 100ms" classname="critical-requirements\performance.spec.ts" time="0.032">
<failure message="performance.spec.ts:55:9 LLM service should respond in under 100ms" type="FAILURE">
<![CDATA[  [firefox] › critical-requirements\performance.spec.ts:55:9 › Critical Requirement: Performance (Auth < 100ms) › Service Latency › LLM service should respond in under 100ms 

    Error: expect(received).toBe(expected) // Object.is equality

    Expected: true
    Received: false

      60 |       });
      61 |
    > 62 |       expect(response.ok).toBe(true);
         |                           ^
      63 |       expect(latency).toBeLessThan(TEST_DATA.PERFORMANCE_THRESHOLD_MS);
      64 |       console.log(`✓ LLM latency: ${latency.toFixed(2)}ms`);
      65 |     });
        at C:\repos\patriotchat\apps\api-e2e\src\critical-requirements\performance.spec.ts:62:27
]]>
</failure>
</testcase>
<testcase name="Critical Requirement: Performance (Auth &lt; 100ms) › Service Latency › Analytics service should respond in under 100ms" classname="critical-requirements\performance.spec.ts" time="0.01">
<failure message="performance.spec.ts:67:9 Analytics service should respond in under 100ms" type="FAILURE">
<![CDATA[  [firefox] › critical-requirements\performance.spec.ts:67:9 › Critical Requirement: Performance (Auth < 100ms) › Service Latency › Analytics service should respond in under 100ms 

    Error: expect(received).toBe(expected) // Object.is equality

    Expected: true
    Received: false

      72 |       });
      73 |
    > 74 |       expect(response.ok).toBe(true);
         |                           ^
      75 |       expect(latency).toBeLessThan(TEST_DATA.PERFORMANCE_THRESHOLD_MS);
      76 |       console.log(`✓ Analytics latency: ${latency.toFixed(2)}ms`);
      77 |     });
        at C:\repos\patriotchat\apps\api-e2e\src\critical-requirements\performance.spec.ts:74:27
]]>
</failure>
</testcase>
<testcase name="Critical Requirement: Performance (Auth &lt; 100ms) › Performance Baseline › Should maintain consistent response times under load" classname="critical-requirements\performance.spec.ts" time="0.011">
<system-out>
<![CDATA[✓ Avg latency: 1.57ms, Max: 2.77ms
]]>
</system-out>
</testcase>
<testcase name="Critical Requirement: Performance (Auth &lt; 100ms) › Performance Baseline › All services should be operational" classname="critical-requirements\performance.spec.ts" time="0.03">
<failure message="performance.spec.ts:104:9 All services should be operational" type="FAILURE">
<![CDATA[  [firefox] › critical-requirements\performance.spec.ts:104:9 › Critical Requirement: Performance (Auth < 100ms) › Performance Baseline › All services should be operational 

    Error: expect(received).toBe(expected) // Object.is equality

    Expected: true
    Received: false

      119 |         });
      120 |
    > 121 |         expect(response.ok).toBe(true);
          |                             ^
      122 |       }
      123 |
      124 |       console.log(`✓ All ${services.length} services operational`);
        at C:\repos\patriotchat\apps\api-e2e\src\critical-requirements\performance.spec.ts:121:29
]]>
</failure>
</testcase>
</testsuite>
<testsuite name="critical-requirements\rate-limiting.spec.ts" timestamp="2026-02-03T02:47:36.631Z" hostname="firefox" tests="6" failures="5" skipped="0" time="0.467" errors="0">
<testcase name="Critical Requirement: Rate Limiting (4-Dimensional Guards) › Per-User Rate Limiting › Should track requests per user" classname="critical-requirements\rate-limiting.spec.ts" time="0.061">
<failure message="rate-limiting.spec.ts:7:9 Should track requests per user" type="FAILURE">
<![CDATA[  [firefox] › critical-requirements\rate-limiting.spec.ts:7:9 › Critical Requirement: Rate Limiting (4-Dimensional Guards) › Per-User Rate Limiting › Should track requests per user 

    Error: expect(received).toBe(expected) // Object.is equality

    Expected: true
    Received: false

      35 |       });
      36 |
    > 37 |       expect(response.ok).toBe(true);
         |                           ^
      38 |       // Check for rate limit headers
      39 |       const rateLimitLimit = response.headers['x-ratelimit-limit'];
      40 |       const rateLimitRemaining = response.headers['x-ratelimit-remaining'];
        at C:\repos\patriotchat\apps\api-e2e\src\critical-requirements\rate-limiting.spec.ts:37:27
]]>
</failure>
</testcase>
<testcase name="Critical Requirement: Rate Limiting (4-Dimensional Guards) › Per-IP Rate Limiting › Should limit requests from same IP" classname="critical-requirements\rate-limiting.spec.ts" time="0.083">
<system-out>
<![CDATA[✓ Per-IP rate limiting configured (no block within 10 requests)
]]>
</system-out>
</testcase>
<testcase name="Critical Requirement: Rate Limiting (4-Dimensional Guards) › Per-Endpoint Rate Limiting › Should apply endpoint-specific limits" classname="critical-requirements\rate-limiting.spec.ts" time="0.088">
<failure message="rate-limiting.spec.ts:105:9 Should apply endpoint-specific limits" type="FAILURE">
<![CDATA[  [firefox] › critical-requirements\rate-limiting.spec.ts:105:9 › Critical Requirement: Rate Limiting (4-Dimensional Guards) › Per-Endpoint Rate Limiting › Should apply endpoint-specific limits 

    Error: expect(received).toBe(expected) // Object.is equality

    Expected: true
    Received: false

      133 |       });
      134 |
    > 135 |       expect(inferenceResponse.ok).toBe(true);
          |                                    ^
      136 |
      137 |       // Test profile endpoint (different limit)
      138 |       const profileResponse = await apiRequest({
        at C:\repos\patriotchat\apps\api-e2e\src\critical-requirements\rate-limiting.spec.ts:135:36
]]>
</failure>
</testcase>
<testcase name="Critical Requirement: Rate Limiting (4-Dimensional Guards) › Time-Window Rate Limiting › Should reset limits on time window" classname="critical-requirements\rate-limiting.spec.ts" time="0.057">
<failure message="rate-limiting.spec.ts:151:9 Should reset limits on time window" type="FAILURE">
<![CDATA[  [firefox] › critical-requirements\rate-limiting.spec.ts:151:9 › Critical Requirement: Rate Limiting (4-Dimensional Guards) › Time-Window Rate Limiting › Should reset limits on time window 

    Error: expect(received).toBe(expected) // Object.is equality

    Expected: true
    Received: false

      179 |       });
      180 |
    > 181 |       expect(response1.ok).toBe(true);
          |                            ^
      182 |
      183 |       // Wait and make another request in new window
      184 |       await new Promise((resolve) => setTimeout(resolve, 1100));
        at C:\repos\patriotchat\apps\api-e2e\src\critical-requirements\rate-limiting.spec.ts:181:28
]]>
</failure>
</testcase>
<testcase name="Critical Requirement: Rate Limiting (4-Dimensional Guards) › Rate Limit Headers › Should include rate limit information in response headers" classname="critical-requirements\rate-limiting.spec.ts" time="0.085">
<failure message="rate-limiting.spec.ts:203:9 Should include rate limit information in response headers" type="FAILURE">
<![CDATA[  [firefox] › critical-requirements\rate-limiting.spec.ts:203:9 › Critical Requirement: Rate Limiting (4-Dimensional Guards) › Rate Limit Headers › Should include rate limit information in response headers 

    Error: expect(received).toBe(expected) // Object.is equality

    Expected: true
    Received: false

      231 |       });
      232 |
    > 233 |       expect(response.ok).toBe(true);
          |                           ^
      234 |
      235 |       // Check for standard rate limit headers
      236 |       const hasRateLimitHeaders =
        at C:\repos\patriotchat\apps\api-e2e\src\critical-requirements\rate-limiting.spec.ts:233:27
]]>
</failure>
</testcase>
<testcase name="Critical Requirement: Rate Limiting (4-Dimensional Guards) › Rate Limit Protection › Should protect against denial of service" classname="critical-requirements\rate-limiting.spec.ts" time="0.093">
<failure message="rate-limiting.spec.ts:250:9 Should protect against denial of service" type="FAILURE">
<![CDATA[  [firefox] › critical-requirements\rate-limiting.spec.ts:250:9 › Critical Requirement: Rate Limiting (4-Dimensional Guards) › Rate Limit Protection › Should protect against denial of service 

    Error: expect(received).toBeGreaterThan(expected)

    Expected: > 0
    Received:   0

      287 |       // At least most should succeed (rate limit protection doesn't reject all)
      288 |       const successCount = results.filter((r) => r.ok).length;
    > 289 |       expect(successCount).toBeGreaterThan(0);
          |                            ^
      290 |
      291 |       console.log(
      292 |         `✓ Rate limiting protects service (${successCount}/5 requests succeeded)`,
        at C:\repos\patriotchat\apps\api-e2e\src\critical-requirements\rate-limiting.spec.ts:289:28
]]>
</failure>
</testcase>
</testsuite>
<testsuite name="performance\service-latency.spec.ts" timestamp="2026-02-03T02:47:36.631Z" hostname="firefox" tests="9" failures="0" skipped="0" time="0.403" errors="0">
<testcase name="Performance Tests › Service Latency Benchmarks › Should measure auth service latency" classname="performance\service-latency.spec.ts" time="0.041">
<system-out>
<![CDATA[Auth Service Latency:
  Average: 3.50ms
  Min: 0.94ms
  Max: 21.51ms
]]>
</system-out>
</testcase>
<testcase name="Performance Tests › Service Latency Benchmarks › Should measure gateway latency" classname="performance\service-latency.spec.ts" time="0.042">
<system-out>
<![CDATA[Gateway Latency:
  Average: 3.61ms
  Min: 1.76ms
  Max: 15.59ms
]]>
</system-out>
</testcase>
<testcase name="Performance Tests › Service Latency Benchmarks › Should measure funding service latency" classname="performance\service-latency.spec.ts" time="0.05">
<system-out>
<![CDATA[Funding Service Latency:
  Average: 4.25ms
  Min: 1.85ms
  Max: 21.45ms
]]>
</system-out>
</testcase>
<testcase name="Performance Tests › Service Latency Benchmarks › Should measure policy service latency" classname="performance\service-latency.spec.ts" time="0.05">
<system-out>
<![CDATA[Policy Service Latency:
  Average: 4.34ms
  Min: 1.76ms
  Max: 23.46ms
]]>
</system-out>
</testcase>
<testcase name="Performance Tests › Service Latency Benchmarks › Should measure LLM service latency" classname="performance\service-latency.spec.ts" time="0.051">
<system-out>
<![CDATA[LLM Service Latency:
  Average: 4.37ms
  Min: 1.63ms
  Max: 22.65ms
]]>
</system-out>
</testcase>
<testcase name="Performance Tests › Service Latency Benchmarks › Should measure analytics service latency" classname="performance\service-latency.spec.ts" time="0.047">
<system-out>
<![CDATA[Analytics Service Latency:
  Average: 4.22ms
  Min: 1.29ms
  Max: 21.68ms
]]>
</system-out>
</testcase>
<testcase name="Performance Tests › Throughput Benchmarks › Should handle concurrent requests efficiently" classname="performance\service-latency.spec.ts" time="0.036">
<system-out>
<![CDATA[Concurrent Request Performance (10 requests):
  Total time: 31.41ms
  Average latency: 18.25ms
  Max latency: 27.03ms
  Throughput: 318.38 req/s
]]>
</system-out>
</testcase>
<testcase name="Performance Tests › Database Query Performance › Should execute queries within acceptable time" classname="performance\service-latency.spec.ts" time="0.03">
<system-out>
<![CDATA[Database Query Performance:
  Average: 4.75ms
]]>
</system-out>
</testcase>
<testcase name="Performance Tests › API Response Times › Health check responses should be fast" classname="performance\service-latency.spec.ts" time="0.056">
<system-out>
<![CDATA[Health Check Response Times:
  Auth: 21.68ms
  Gateway: 3.98ms
  Funding: 4.38ms
  Policy: 4.51ms
  LLM: 4.40ms
  Analytics: 4.32ms
]]>
</system-out>
</testcase>
</testsuite>
<testsuite name="workflows\user-journey.spec.ts" timestamp="2026-02-03T02:47:36.631Z" hostname="firefox" tests="9" failures="7" skipped="0" time="0.794" errors="0">
<testcase name="E2E Workflows › User Registration &amp; Login Flow › Should complete full registration workflow" classname="workflows\user-journey.spec.ts" time="0.085">
<failure message="user-journey.spec.ts:7:9 Should complete full registration workflow" type="FAILURE">
<![CDATA[  [firefox] › workflows\user-journey.spec.ts:7:9 › E2E Workflows › User Registration & Login Flow › Should complete full registration workflow 

    Error: expect(received).toBeDefined()

    Received: undefined

      21 |
      22 |       expect(registerResponse.ok).toBe(true);
    > 23 |       expect(registerResponse.data?.userId).toBeDefined();
         |                                             ^
      24 |       expect(registerResponse.data?.token).toBeDefined();
      25 |       console.log(`✓ User registered: ${testUser.email}`);
      26 |
        at C:\repos\patriotchat\apps\api-e2e\src\workflows\user-journey.spec.ts:23:45
]]>
</failure>
</testcase>
<testcase name="E2E Workflows › User Registration &amp; Login Flow › Should complete full login workflow" classname="workflows\user-journey.spec.ts" time="0.131">
<failure message="user-journey.spec.ts:43:9 Should complete full login workflow" type="FAILURE">
<![CDATA[  [firefox] › workflows\user-journey.spec.ts:43:9 › E2E Workflows › User Registration & Login Flow › Should complete full login workflow 

    Error: expect(received).toBe(expected) // Object.is equality

    Expected: true
    Received: false

      84 |       });
      85 |
    > 86 |       expect(profileResponse.ok).toBe(true);
         |                                  ^
      87 |       console.log(`✓ Authenticated request successful`);
      88 |     });
      89 |   });
        at C:\repos\patriotchat\apps\api-e2e\src\workflows\user-journey.spec.ts:86:34
]]>
</failure>
<system-out>
<![CDATA[✓ User registered
✓ User logged in successfully
]]>
</system-out>
</testcase>
<testcase name="E2E Workflows › Query &amp; Inference Workflow › Should execute complete query workflow" classname="workflows\user-journey.spec.ts" time="0.089">
<failure message="user-journey.spec.ts:92:9 Should execute complete query workflow" type="FAILURE">
<![CDATA[  [firefox] › workflows\user-journey.spec.ts:92:9 › E2E Workflows › Query & Inference Workflow › Should execute complete query workflow 

    Error: expect(received).toBe(expected) // Object.is equality

[...]

    Error: expect(received).toBe(expected) // Object.is equality

    Expected: true
    Received: false

      48 |       });
      49 |
    > 50 |       expect(response.ok).toBe(true);
         |                           ^
      51 |       expect(latency).toBeLessThan(TEST_DATA.PERFORMANCE_THRESHOLD_MS);
      52 |       console.log(`✓ Policy latency: ${latency.toFixed(2)}ms`);
      53 |     });
        at C:\repos\patriotchat\apps\api-e2e\src\critical-requirements\performance.spec.ts:50:27
]]>
</failure>
</testcase>
<testcase name="Critical Requirement: Performance (Auth &lt; 100ms) › Service Latency › LLM service should respond in under 100ms" classname="critical-requirements\performance.spec.ts" time="0.023">
<failure message="performance.spec.ts:55:9 LLM service should respond in under 100ms" type="FAILURE">
<![CDATA[  [webkit] › critical-requirements\performance.spec.ts:55:9 › Critical Requirement: Performance (Auth < 100ms) › Service Latency › LLM service should respond in under 100ms 

    Error: expect(received).toBe(expected) // Object.is equality

    Expected: true
    Received: false

      60 |       });
      61 |
    > 62 |       expect(response.ok).toBe(true);
         |                           ^
      63 |       expect(latency).toBeLessThan(TEST_DATA.PERFORMANCE_THRESHOLD_MS);
      64 |       console.log(`✓ LLM latency: ${latency.toFixed(2)}ms`);
      65 |     });
        at C:\repos\patriotchat\apps\api-e2e\src\critical-requirements\performance.spec.ts:62:27
]]>
</failure>
</testcase>
<testcase name="Critical Requirement: Performance (Auth &lt; 100ms) › Service Latency › Analytics service should respond in under 100ms" classname="critical-requirements\performance.spec.ts" time="0.025">
<failure message="performance.spec.ts:67:9 Analytics service should respond in under 100ms" type="FAILURE">
<![CDATA[  [webkit] › critical-requirements\performance.spec.ts:67:9 › Critical Requirement: Performance (Auth < 100ms) › Service Latency › Analytics service should respond in under 100ms 

    Error: expect(received).toBe(expected) // Object.is equality

    Expected: true
    Received: false

      72 |       });
      73 |
    > 74 |       expect(response.ok).toBe(true);
         |                           ^
      75 |       expect(latency).toBeLessThan(TEST_DATA.PERFORMANCE_THRESHOLD_MS);
      76 |       console.log(`✓ Analytics latency: ${latency.toFixed(2)}ms`);
      77 |     });
        at C:\repos\patriotchat\apps\api-e2e\src\critical-requirements\performance.spec.ts:74:27
]]>
</failure>
</testcase>
<testcase name="Critical Requirement: Performance (Auth &lt; 100ms) › Performance Baseline › Should maintain consistent response times under load" classname="critical-requirements\performance.spec.ts" time="0.013">
<system-out>
<![CDATA[✓ Avg latency: 1.87ms, Max: 3.15ms
]]>
</system-out>
</testcase>
<testcase name="Critical Requirement: Performance (Auth &lt; 100ms) › Performance Baseline › All services should be operational" classname="critical-requirements\performance.spec.ts" time="0.007">
<failure message="performance.spec.ts:104:9 All services should be operational" type="FAILURE">
<![CDATA[  [webkit] › critical-requirements\performance.spec.ts:104:9 › Critical Requirement: Performance (Auth < 100ms) › Performance Baseline › All services should be operational 

    Error: expect(received).toBe(expected) // Object.is equality

    Expected: true
    Received: false

      119 |         });
      120 |
    > 121 |         expect(response.ok).toBe(true);
          |                             ^
      122 |       }
      123 |
      124 |       console.log(`✓ All ${services.length} services operational`);
        at C:\repos\patriotchat\apps\api-e2e\src\critical-requirements\performance.spec.ts:121:29
]]>
</failure>
</testcase>
</testsuite>
<testsuite name="critical-requirements\rate-limiting.spec.ts" timestamp="2026-02-03T02:47:36.631Z" hostname="webkit" tests="6" failures="5" skipped="0" time="0.532" errors="0">
<testcase name="Critical Requirement: Rate Limiting (4-Dimensional Guards) › Per-User Rate Limiting › Should track requests per user" classname="critical-requirements\rate-limiting.spec.ts" time="0.066">
<failure message="rate-limiting.spec.ts:7:9 Should track requests per user" type="FAILURE">
<![CDATA[  [webkit] › critical-requirements\rate-limiting.spec.ts:7:9 › Critical Requirement: Rate Limiting (4-Dimensional Guards) › Per-User Rate Limiting › Should track requests per user 

    Error: expect(received).toBe(expected) // Object.is equality

    Expected: true
    Received: false

      35 |       });
      36 |
    > 37 |       expect(response.ok).toBe(true);
         |                           ^
      38 |       // Check for rate limit headers
      39 |       const rateLimitLimit = response.headers['x-ratelimit-limit'];
      40 |       const rateLimitRemaining = response.headers['x-ratelimit-remaining'];
        at C:\repos\patriotchat\apps\api-e2e\src\critical-requirements\rate-limiting.spec.ts:37:27
]]>
</failure>
</testcase>
<testcase name="Critical Requirement: Rate Limiting (4-Dimensional Guards) › Per-IP Rate Limiting › Should limit requests from same IP" classname="critical-requirements\rate-limiting.spec.ts" time="0.109">
<system-out>
<![CDATA[✓ Per-IP rate limiting configured (no block within 10 requests)
]]>
</system-out>
</testcase>
<testcase name="Critical Requirement: Rate Limiting (4-Dimensional Guards) › Per-Endpoint Rate Limiting › Should apply endpoint-specific limits" classname="critical-requirements\rate-limiting.spec.ts" time="0.087">
<failure message="rate-limiting.spec.ts:105:9 Should apply endpoint-specific limits" type="FAILURE">
<![CDATA[  [webkit] › critical-requirements\rate-limiting.spec.ts:105:9 › Critical Requirement: Rate Limiting (4-Dimensional Guards) › Per-Endpoint Rate Limiting › Should apply endpoint-specific limits 

    Error: expect(received).toBe(expected) // Object.is equality

    Expected: true
    Received: false

      133 |       });
      134 |
    > 135 |       expect(inferenceResponse.ok).toBe(true);
          |                                    ^
      136 |
      137 |       // Test profile endpoint (different limit)
      138 |       const profileResponse = await apiRequest({
        at C:\repos\patriotchat\apps\api-e2e\src\critical-requirements\rate-limiting.spec.ts:135:36
]]>
</failure>
</testcase>
<testcase name="Critical Requirement: Rate Limiting (4-Dimensional Guards) › Time-Window Rate Limiting › Should reset limits on time window" classname="critical-requirements\rate-limiting.spec.ts" time="0.09">
<failure message="rate-limiting.spec.ts:151:9 Should reset limits on time window" type="FAILURE">
<![CDATA[  [webkit] › critical-requirements\rate-limiting.spec.ts:151:9 › Critical Requirement: Rate Limiting (4-Dimensional Guards) › Time-Window Rate Limiting › Should reset limits on time window 

    Error: expect(received).toBe(expected) // Object.is equality

    Expected: true
    Received: false

      179 |       });
      180 |
    > 181 |       expect(response1.ok).toBe(true);
          |                            ^
      182 |
      183 |       // Wait and make another request in new window
      184 |       await new Promise((resolve) => setTimeout(resolve, 1100));
        at C:\repos\patriotchat\apps\api-e2e\src\critical-requirements\rate-limiting.spec.ts:181:28
]]>
</failure>
</testcase>
<testcase name="Critical Requirement: Rate Limiting (4-Dimensional Guards) › Rate Limit Headers › Should include rate limit information in response headers" classname="critical-requirements\rate-limiting.spec.ts" time="0.085">
<failure message="rate-limiting.spec.ts:203:9 Should include rate limit information in response headers" type="FAILURE">
<![CDATA[  [webkit] › critical-requirements\rate-limiting.spec.ts:203:9 › Critical Requirement: Rate Limiting (4-Dimensional Guards) › Rate Limit Headers › Should include rate limit information in response headers 

    Error: expect(received).toBe(expected) // Object.is equality

    Expected: true
    Received: false

      231 |       });
      232 |
    > 233 |       expect(response.ok).toBe(true);
          |                           ^
      234 |
      235 |       // Check for standard rate limit headers
      236 |       const hasRateLimitHeaders =
        at C:\repos\patriotchat\apps\api-e2e\src\critical-requirements\rate-limiting.spec.ts:233:27
]]>
</failure>
</testcase>
<testcase name="Critical Requirement: Rate Limiting (4-Dimensional Guards) › Rate Limit Protection › Should protect against denial of service" classname="critical-requirements\rate-limiting.spec.ts" time="0.095">
<failure message="rate-limiting.spec.ts:250:9 Should protect against denial of service" type="FAILURE">
<![CDATA[  [webkit] › critical-requirements\rate-limiting.spec.ts:250:9 › Critical Requirement: Rate Limiting (4-Dimensional Guards) › Rate Limit Protection › Should protect against denial of service 

    Error: expect(received).toBeGreaterThan(expected)

    Expected: > 0
    Received:   0

      287 |       // At least most should succeed (rate limit protection doesn't reject all)
      288 |       const successCount = results.filter((r) => r.ok).length;
    > 289 |       expect(successCount).toBeGreaterThan(0);
          |                            ^
      290 |
      291 |       console.log(
      292 |         `✓ Rate limiting protects service (${successCount}/5 requests succeeded)`,
        at C:\repos\patriotchat\apps\api-e2e\src\critical-requirements\rate-limiting.spec.ts:289:28
]]>
</failure>
</testcase>
</testsuite>
<testsuite name="performance\service-latency.spec.ts" timestamp="2026-02-03T02:47:36.631Z" hostname="webkit" tests="9" failures="0" skipped="0" time="0.247" errors="0">
<testcase name="Performance Tests › Service Latency Benchmarks › Should measure auth service latency" classname="performance\service-latency.spec.ts" time="0.018">
<system-out>
<![CDATA[Auth Service Latency:
  Average: 1.47ms
  Min: 0.54ms
  Max: 2.66ms
]]>
</system-out>
</testcase>
<testcase name="Performance Tests › Service Latency Benchmarks › Should measure gateway latency" classname="performance\service-latency.spec.ts" time="0.026">
<system-out>
<![CDATA[Gateway Latency:
  Average: 2.40ms
  Min: 1.15ms
  Max: 7.78ms
]]>
</system-out>
</testcase>
<testcase name="Performance Tests › Service Latency Benchmarks › Should measure funding service latency" classname="performance\service-latency.spec.ts" time="0.048">
<system-out>
<![CDATA[Funding Service Latency:
  Average: 4.12ms
  Min: 1.24ms
  Max: 23.18ms
]]>
</system-out>
</testcase>
<testcase name="Performance Tests › Service Latency Benchmarks › Should measure policy service latency" classname="performance\service-latency.spec.ts" time="0.048">
<system-out>
<![CDATA[Policy Service Latency:
  Average: 3.94ms
  Min: 1.47ms
  Max: 18.94ms
]]>
</system-out>
</testcase>
<testcase name="Performance Tests › Service Latency Benchmarks › Should measure LLM service latency" classname="performance\service-latency.spec.ts" time="0.018">
<system-out>
<![CDATA[LLM Service Latency:
  Average: 1.54ms
  Min: 0.85ms
  Max: 3.94ms
]]>
</system-out>
</testcase>
<testcase name="Performance Tests › Service Latency Benchmarks › Should measure analytics service latency" classname="performance\service-latency.spec.ts" time="0.048">
<system-out>
<![CDATA[Analytics Service Latency:
  Average: 4.20ms
  Min: 1.34ms
  Max: 20.71ms
]]>
</system-out>
</testcase>
<testcase name="Performance Tests › Throughput Benchmarks › Should handle concurrent requests efficiently" classname="performance\service-latency.spec.ts" time="0.009">
<system-out>
<![CDATA[Concurrent Request Performance (10 requests):
  Total time: 7.48ms
  Average latency: 4.88ms
  Max latency: 5.76ms
  Throughput: 1337.15 req/s
]]>
</system-out>
</testcase>
<testcase name="Performance Tests › Database Query Performance › Should execute queries within acceptable time" classname="performance\service-latency.spec.ts" time="0.01">
<system-out>
<![CDATA[Database Query Performance:
  Average: 1.67ms
]]>
</system-out>
</testcase>
<testcase name="Performance Tests › API Response Times › Health check responses should be fast" classname="performance\service-latency.spec.ts" time="0.022">
<system-out>
<![CDATA[Health Check Response Times:
  Auth: 1.00ms
  Gateway: 1.39ms
  Funding: 3.80ms
  Policy: 4.44ms
  LLM: 1.73ms
  Analytics: 3.35ms
]]>
</system-out>
</testcase>
</testsuite>
<testsuite name="workflows\user-journey.spec.ts" timestamp="2026-02-03T02:47:36.631Z" hostname="webkit" tests="9" failures="7" skipped="0" time="0.752" errors="0">
<testcase name="E2E Workflows › User Registration &amp; Login Flow › Should complete full registration workflow" classname="workflows\user-journey.spec.ts" time="0.077">
<failure message="user-journey.spec.ts:7:9 Should complete full registration workflow" type="FAILURE">
<![CDATA[  [webkit] › workflows\user-journey.spec.ts:7:9 › E2E Workflows › User Registration & Login Flow › Should complete full registration workflow 

    Error: expect(received).toBeDefined()

    Received: undefined

      21 |
      22 |       expect(registerResponse.ok).toBe(true);
    > 23 |       expect(registerResponse.data?.userId).toBeDefined();
         |                                             ^
      24 |       expect(registerResponse.data?.token).toBeDefined();
      25 |       console.log(`✓ User registered: ${testUser.email}`);
      26 |
        at C:\repos\patriotchat\apps\api-e2e\src\workflows\user-journey.spec.ts:23:45
]]>
</failure>
</testcase>
<testcase name="E2E Workflows › User Registration &amp; Login Flow › Should complete full login workflow" classname="workflows\user-journey.spec.ts" time="0.111">
<failure message="user-journey.spec.ts:43:9 Should complete full login workflow" type="FAILURE">
<![CDATA[  [webkit] › workflows\user-journey.spec.ts:43:9 › E2E Workflows › User Registration & Login Flow › Should complete full login workflow 

    Error: expect(received).toBe(expected) // Object.is equality

    Expected: true
    Received: false

      84 |       });
      85 |
    > 86 |       expect(profileResponse.ok).toBe(true);
         |                                  ^
      87 |       console.log(`✓ Authenticated request successful`);
      88 |     });
      89 |   });
        at C:\repos\patriotchat\apps\api-e2e\src\workflows\user-journey.spec.ts:86:34
]]>
</failure>
<system-out>
<![CDATA[✓ User registered
✓ User logged in successfully
]]>
</system-out>
</testcase>
<testcase name="E2E Workflows › Query &amp; Inference Workflow › Should execute complete query workflow" classname="workflows\user-journey.spec.ts" time="0.078">
<failure message="user-journey.spec.ts:92:9 Should execute complete query workflow" type="FAILURE">
<![CDATA[  [webkit] › workflows\user-journey.spec.ts:92:9 › E2E Workflows › Query & Inference Workflow › Should execute complete query workflow 

    Error: expect(received).toBe(expected) // Object.is equality

    Expected: true
    Received: false

      122 |       });
      123 |
    > 124 |       expect(queryResponse.ok).toBe(true);
          |                                ^
      125 |       expect(queryResponse.data?.response).toBeDefined();
      126 |       console.log(`✓ Inference executed with ${testQuery.model}`);
      127 |
        at C:\repos\patriotchat\apps\api-e2e\src\workflows\user-journey.spec.ts:124:32
]]>
</failure>
<system-out>
<![CDATA[✓ User authenticated
]]>
</system-out>
</testcase>
<testcase name="E2E Workflows › Query &amp; Inference Workflow › Should support multiple queries in session" classname="workflows\user-journey.spec.ts" time="0.083">
<failure message="user-journey.spec.ts:139:9 Should support multiple queries in session" type="FAILURE">
<![CDATA[  [webkit] › workflows\user-journey.spec.ts:139:9 › E2E Workflows › Query & Inference Workflow › Should support multiple queries in session 

    Error: expect(received).toBe(expected) // Object.is equality

    Expected: true
    Received: false

      174 |         });
      175 |
    > 176 |         expect(queryResponse.ok).toBe(true);
          |                                  ^
      177 |         queryResults.push(queryResponse.data);
      178 |         console.log(`✓ Query ${i + 1} executed with ${query.model}`);
      179 |       }
        at C:\repos\patriotchat\apps\api-e2e\src\workflows\user-journey.spec.ts:176:34
]]>
</failure>
</testcase>
<testcase name="E2E Workflows › Cross-Service Integration › Should coordinate between auth and inference services" classname="workflows\user-journey.spec.ts" time="0.081">
<failure message="user-journey.spec.ts:197:9 Should coordinate between auth and inference services" type="FAILURE">
<![CDATA[  [webkit] › workflows\user-journey.spec.ts:197:9 › E2E Workflows › Cross-Service Integration › Should coordinate between auth and inference services 

    Error: expect(received).toBe(expected) // Object.is equality

    Expected: true
    Received: false

      226 |       });
      227 |
    > 228 |       expect(queryResponse.ok).toBe(true);
          |                                ^
      229 |       console.log(`✓ LLM service: Query executed`);
      230 |
      231 |       // Step 3: Analytics service - Track
        at C:\repos\patriotchat\apps\api-e2e\src\workflows\user-journey.spec.ts:228:32
]]>
</failure>
<system-out>
<![CDATA[✓ Auth service: User registered
]]>
</system-out>
</testcase>
<testcase name="E2E Workflows › Cross-Service Integration › Should maintain session across services" classname="workflows\user-journey.spec.ts" time="0.059">
<failure message="user-journey.spec.ts:242:9 Should maintain session across services" type="FAILURE">
<![CDATA[  [webkit] › workflows\user-journey.spec.ts:242:9 › E2E Workflows › Cross-Service Integration › Should maintain session across services 

    Error: expect(received).toBe(expected) // Object.is equality

    Expected: true
    Received: false

      267 |       });
      268 |
    > 269 |       expect(authCheck.ok).toBe(true);
          |                            ^
      270 |
      271 |       const query = await apiRequest({
      272 |         method: 'POST',
        at C:\repos\patriotchat\apps\api-e2e\src\workflows\user-journey.spec.ts:269:28
]]>
</failure>
</testcase>
<testcase name="E2E Workflows › Error Handling &amp; Recovery › Should handle invalid credentials gracefully" classname="workflows\user-journey.spec.ts" time="0.115">
<system-out>
<![CDATA[✓ Invalid credentials rejected (status: 401)
]]>
</system-out>
</testcase>
<testcase name="E2E Workflows › Error Handling &amp; Recovery › Should recover from service failures" classname="workflows\user-journey.spec.ts" time="0.073">
<system-out>
<![CDATA[✓ Service handled response appropriately (status: 404)
]]>
</system-out>
</testcase>
<testcase name="E2E Workflows › Error Handling &amp; Recovery › Should handle invalid requests properly" classname="workflows\user-journey.spec.ts" time="0.075">
<failure message="user-journey.spec.ts:370:9 Should handle invalid requests properly" type="FAILURE">
<![CDATA[  [webkit] › workflows\user-journey.spec.ts:370:9 › E2E Workflows › Error Handling & Recovery › Should handle invalid requests properly 

    Error: expect(received).toBe(expected) // Object.is equality

    Expected: 400
    Received: 404

      398 |
      399 |       expect(invalidQuery.ok).toBe(false);
    > 400 |       expect(invalidQuery.status).toBe(400);
          |                                   ^
      401 |       console.log(
      402 |         `✓ Invalid request rejected (status: ${invalidQuery.status})`,
      403 |       );
        at C:\repos\patriotchat\apps\api-e2e\src\workflows\user-journey.spec.ts:400:35
]]>
</failure>
</testcase>
</testsuite>
</testsuites>