<testsuites id="" name="" tests="243" failures="142" skipped="0" errors="0" time="52.72521">
<testsuite name="critical-requirements\audit-trail.spec.ts" timestamp="2026-02-04T04:02:11.480Z" hostname="chromium" tests="5" failures="5" skipped="0" time="0.759" errors="0">
<testcase name="Critical Requirement: Audit Trail (Immutable PostgreSQL Logs) › User Action Logging › Should log user registration" classname="critical-requirements\audit-trail.spec.ts" time="0.112">
<failure message="audit-trail.spec.ts:7:9 Should log user registration" type="FAILURE">
<![CDATA[  [chromium] › critical-requirements\audit-trail.spec.ts:7:9 › Critical Requirement: Audit Trail (Immutable PostgreSQL Logs) › User Action Logging › Should log user registration 

    Error: expect(received).toBeDefined()

    Received: undefined

      20 |
      21 |       expect(registerResponse.ok).toBe(true);
    > 22 |       expect(registerResponse.data?.userId).toBeDefined();
         |                                             ^
      23 |       console.log(`✓ Registration logged for user: ${testUser.email}`);
      24 |
      25 |       // Verify audit log exists
        at C:\repos\patriotchat\apps\api-e2e\src\critical-requirements\audit-trail.spec.ts:22:45
]]>
</failure>
</testcase>
<testcase name="Critical Requirement: Audit Trail (Immutable PostgreSQL Logs) › User Action Logging › Should log user login" classname="critical-requirements\audit-trail.spec.ts" time="0.215">
<failure message="audit-trail.spec.ts:39:9 Should log user login" type="FAILURE">
<![CDATA[  [chromium] › critical-requirements\audit-trail.spec.ts:39:9 › Critical Requirement: Audit Trail (Immutable PostgreSQL Logs) › User Action Logging › Should log user login 

    Error: expect(received).toBe(expected) // Object.is equality

    Expected: true
    Received: false

      75 |       });
      76 |
    > 77 |       expect(auditResponse.ok).toBe(true);
         |                                ^
      78 |       const logs = auditResponse.data?.logs || [];
      79 |       expect(logs.length).toBeGreaterThan(0);
      80 |       console.log(
        at C:\repos\patriotchat\apps\api-e2e\src\critical-requirements\audit-trail.spec.ts:77:32
]]>
</failure>
<system-out>
<![CDATA[✓ Login logged for user: testuser_1770177733028_1@test.patriotchat.com
]]>
</system-out>
</testcase>
<testcase name="Critical Requirement: Audit Trail (Immutable PostgreSQL Logs) › Query Tracking › Should track LLM inference queries" classname="critical-requirements\audit-trail.spec.ts" time="0.156">
<failure message="audit-trail.spec.ts:87:9 Should track LLM inference queries" type="FAILURE">
<![CDATA[  [chromium] › critical-requirements\audit-trail.spec.ts:87:9 › Critical Requirement: Audit Trail (Immutable PostgreSQL Logs) › Query Tracking › Should track LLM inference queries 

    Error: expect(received).toBe(expected) // Object.is equality

    Expected: true
    Received: false

      115 |       });
      116 |
    > 117 |       expect(inferenceResponse.ok).toBe(true);
          |                                    ^
      118 |       console.log(`✓ Inference query executed and tracked`);
      119 |
      120 |       // Verify tracking in analytics
        at C:\repos\patriotchat\apps\api-e2e\src\critical-requirements\audit-trail.spec.ts:117:36
]]>
</failure>
</testcase>
<testcase name="Critical Requirement: Audit Trail (Immutable PostgreSQL Logs) › Log Integrity › Logs should be immutable (no modification possible)" classname="critical-requirements\audit-trail.spec.ts" time="0.118">
<failure message="audit-trail.spec.ts:133:9 Logs should be immutable (no modification possible)" type="FAILURE">
<![CDATA[  [chromium] › critical-requirements\audit-trail.spec.ts:133:9 › Critical Requirement: Audit Trail (Immutable PostgreSQL Logs) › Log Integrity › Logs should be immutable (no modification possible) 

    Error: expect(received).toBe(expected) // Object.is equality

    Expected: 403
    Received: 404

      159 |
      160 |       // Should be forbidden
    > 161 |       expect(modifyResponse.status).toBe(403);
          |                                     ^
      162 |       console.log(
      163 |         `✓ Audit logs are protected from modification (status: ${modifyResponse.status})`,
      164 |       );
        at C:\repos\patriotchat\apps\api-e2e\src\critical-requirements\audit-trail.spec.ts:161:37
]]>
</failure>
</testcase>
<testcase name="Critical Requirement: Audit Trail (Immutable PostgreSQL Logs) › Log Integrity › All audit operations should be timestamped" classname="critical-requirements\audit-trail.spec.ts" time="0.158">
<failure message="audit-trail.spec.ts:167:9 All audit operations should be timestamped" type="FAILURE">
<![CDATA[  [chromium] › critical-requirements\audit-trail.spec.ts:167:9 › Critical Requirement: Audit Trail (Immutable PostgreSQL Logs) › Log Integrity › All audit operations should be timestamped 

    Error: expect(received).toBe(expected) // Object.is equality

    Expected: true
    Received: false

      188 |       });
      189 |
    > 190 |       expect(auditResponse.ok).toBe(true);
          |                                ^
      191 |       const logs = auditResponse.data?.logs || [];
      192 |
      193 |       // Verify all logs have timestamps
        at C:\repos\patriotchat\apps\api-e2e\src\critical-requirements\audit-trail.spec.ts:190:32
]]>
</failure>
</testcase>
</testsuite>
<testsuite name="critical-requirements\database.spec.ts" timestamp="2026-02-04T04:02:11.480Z" hostname="chromium" tests="7" failures="5" skipped="0" time="0.922" errors="0">
<testcase name="Critical Requirement: Database (PostgreSQL with Connection Pooling) › Connection Pooling › Should handle concurrent requests efficiently" classname="critical-requirements\database.spec.ts" time="0.164">
<system-out>
<![CDATA[✓ All 10 concurrent requests succeeded
]]>
</system-out>
</testcase>
<testcase name="Critical Requirement: Database (PostgreSQL with Connection Pooling) › Connection Pooling › Connection pool should recover after spike" classname="critical-requirements\database.spec.ts" time="0.333">
<system-out>
<![CDATA[✓ First spike succeeded (5 requests)
✓ Pool recovered - second spike succeeded (5 requests)
]]>
</system-out>
</testcase>
<testcase name="Critical Requirement: Database (PostgreSQL with Connection Pooling) › Data Persistence › Stored data should persist across requests" classname="critical-requirements\database.spec.ts" time="0.124">
<failure message="database.spec.ts:90:9 Stored data should persist across requests" type="FAILURE">
<![CDATA[  [chromium] › critical-requirements\database.spec.ts:90:9 › Critical Requirement: Database (PostgreSQL with Connection Pooling) › Data Persistence › Stored data should persist across requests 

    Error: expect(received).toBe(expected) // Object.is equality

    Expected: true
    Received: false

      103 |       });
      104 |
    > 105 |       expect(registerResponse.ok).toBe(true);
          |                                   ^
      106 |       const userId = registerResponse.data?.userId;
      107 |       const email = registerResponse.data?.email;
      108 |
        at C:\repos\patriotchat\apps\api-e2e\src\critical-requirements\database.spec.ts:105:35
]]>
</failure>
</testcase>
<testcase name="Critical Requirement: Database (PostgreSQL with Connection Pooling) › Data Persistence › Multiple database operations should maintain consistency" classname="critical-requirements\database.spec.ts" time="0.104">
<failure message="database.spec.ts:121:9 Multiple database operations should maintain consistency" type="FAILURE">
<![CDATA[  [chromium] › critical-requirements\database.spec.ts:121:9 › Critical Requirement: Database (PostgreSQL with Connection Pooling) › Data Persistence › Multiple database operations should maintain consistency 

    Error: expect(received).toBe(expected) // Object.is equality

    Expected: true
    Received: false

      147 |       });
      148 |
    > 149 |       expect(updateResponse.ok).toBe(true);
          |                                 ^
      150 |
      151 |       // Operation 3: Verify update
      152 |       const profileResponse = await apiRequest({
        at C:\repos\patriotchat\apps\api-e2e\src\critical-requirements\database.spec.ts:149:33
]]>
</failure>
</testcase>
<testcase name="Critical Requirement: Database (PostgreSQL with Connection Pooling) › Query Performance › Database queries should execute quickly" classname="critical-requirements\database.spec.ts" time="0.135">
<failure message="database.spec.ts:165:9 Database queries should execute quickly" type="FAILURE">
<![CDATA[  [chromium] › critical-requirements\database.spec.ts:165:9 › Critical Requirement: Database (PostgreSQL with Connection Pooling) › Query Performance › Database queries should execute quickly 

    Error: expect(received).toBe(expected) // Object.is equality

    Expected: true
    Received: false

      192 |       const queryTime = performance.now() - startTime;
      193 |
    > 194 |       expect(profileResponse.ok).toBe(true);
          |                                  ^
      195 |       expect(queryTime).toBeLessThan(500); // Should be under 500ms
      196 |       console.log(`✓ Query executed in ${queryTime.toFixed(2)}ms`);
      197 |     });
        at C:\repos\patriotchat\apps\api-e2e\src\critical-requirements\database.spec.ts:194:34
]]>
</failure>
</testcase>
<testcase name="Critical Requirement: Database (PostgreSQL with Connection Pooling) › Database Health › PostgreSQL connection should be healthy" classname="critical-requirements\database.spec.ts" time="0.031">
<failure message="database.spec.ts:201:9 PostgreSQL connection should be healthy" type="FAILURE">
<![CDATA[  [chromium] › critical-requirements\database.spec.ts:201:9 › Critical Requirement: Database (PostgreSQL with Connection Pooling) › Database Health › PostgreSQL connection should be healthy 

    Error: expect(received).toBeDefined()

    Received: undefined

      207 |
      208 |       expect(response.ok).toBe(true);
    > 209 |       expect(response.data?.database).toBeDefined();
          |                                       ^
      210 |       console.log(`✓ Database health: OK`);
      211 |     });
      212 |
        at C:\repos\patriotchat\apps\api-e2e\src\critical-requirements\database.spec.ts:209:39
]]>
</failure>
</testcase>
<testcase name="Critical Requirement: Database (PostgreSQL with Connection Pooling) › Database Health › Connection pool status should be available" classname="critical-requirements\database.spec.ts" time="0.031">
<failure message="database.spec.ts:213:9 Connection pool status should be available" type="FAILURE">
<![CDATA[  [chromium] › critical-requirements\database.spec.ts:213:9 › Critical Requirement: Database (PostgreSQL with Connection Pooling) › Database Health › Connection pool status should be available 

    Error: expect(received).toBe(expected) // Object.is equality

    Expected: true
    Received: false

      218 |       });
      219 |
    > 220 |       expect(response.ok).toBe(true);
          |                           ^
      221 |       expect(response.data?.poolSize).toBeDefined();
      222 |       expect(response.data?.activeConnections).toBeDefined();
      223 |       console.log(
        at C:\repos\patriotchat\apps\api-e2e\src\critical-requirements\database.spec.ts:220:27
]]>
</failure>
</testcase>
</testsuite>
<testsuite name="critical-requirements\llm-selector.spec.ts" timestamp="2026-02-04T04:02:11.480Z" hostname="chromium" tests="10" failures="6" skipped="0" time="0.661" errors="0">
<testcase name="Critical Requirement: LLM Model Selector › Model Availability › Should list available LLM models" classname="critical-requirements\llm-selector.spec.ts" time="0.037">
<system-out>
<![CDATA[✓ Available models: llama2, mistral, neural-chat
]]>
</system-out>
</testcase>
<testcase name="Critical Requirement: LLM Model Selector › Model Availability › Should include required models" classname="critical-requirements\llm-selector.spec.ts" time="0.043">
<system-out>
<![CDATA[✓ All required models present: llama2, mistral, neural-chat
]]>
</system-out>
</testcase>
<testcase name="Critical Requirement: LLM Model Selector › Model Availability › Model selector should be accessible via API" classname="critical-requirements\llm-selector.spec.ts" time="0.038">
<system-out>
<![CDATA[✓ Model selector API operational
]]>
</system-out>
</testcase>
<testcase name="Critical Requirement: LLM Model Selector › Model Selection › Should execute inference with llama2 model" classname="critical-requirements\llm-selector.spec.ts" time="0.114">
<failure message="llm-selector.spec.ts:57:9 Should execute inference with llama2 model" type="FAILURE">
<![CDATA[  [chromium] › critical-requirements\llm-selector.spec.ts:57:9 › Critical Requirement: LLM Model Selector › Model Selection › Should execute inference with llama2 model 

    Error: expect(received).toBe(expected) // Object.is equality

    Expected: true
    Received: false

      85 |       });
      86 |
    > 87 |       expect(queryResponse.ok).toBe(true);
         |                                ^
      88 |       expect(queryResponse.data?.response).toBeDefined();
      89 |       console.log(`✓ Inference successful with llama2 model`);
      90 |     });
        at C:\repos\patriotchat\apps\api-e2e\src\critical-requirements\llm-selector.spec.ts:87:32
]]>
</failure>
</testcase>
<testcase name="Critical Requirement: LLM Model Selector › Model Selection › Should execute inference with mistral model" classname="critical-requirements\llm-selector.spec.ts" time="0.1">
<failure message="llm-selector.spec.ts:92:9 Should execute inference with mistral model" type="FAILURE">
<![CDATA[  [chromium] › critical-requirements\llm-selector.spec.ts:92:9 › Critical Requirement: LLM Model Selector › Model Selection › Should execute inference with mistral model 

    Error: expect(received).toBe(expected) // Object.is equality

    Expected: true
    Received: false

      120 |       });
      121 |
    > 122 |       expect(queryResponse.ok).toBe(true);
          |                                ^
      123 |       expect(queryResponse.data?.response).toBeDefined();
      124 |       console.log(`✓ Inference successful with mistral model`);
      125 |     });
        at C:\repos\patriotchat\apps\api-e2e\src\critical-requirements\llm-selector.spec.ts:122:32
]]>
</failure>
</testcase>
<testcase name="Critical Requirement: LLM Model Selector › Model Selection › Should execute inference with neural-chat model" classname="critical-requirements\llm-selector.spec.ts" time="0.101">
<failure message="llm-selector.spec.ts:127:9 Should execute inference with neural-chat model" type="FAILURE">
<![CDATA[  [chromium] › critical-requirements\llm-selector.spec.ts:127:9 › Critical Requirement: LLM Model Selector › Model Selection › Should execute inference with neural-chat model 

    Error: expect(received).toBe(expected) // Object.is equality

    Expected: true
    Received: false

      155 |       });
      156 |
    > 157 |       expect(queryResponse.ok).toBe(true);
          |                                ^
      158 |       expect(queryResponse.data?.response).toBeDefined();
      159 |       console.log(`✓ Inference successful with neural-chat model`);
      160 |     });
        at C:\repos\patriotchat\apps\api-e2e\src\critical-requirements\llm-selector.spec.ts:157:32
]]>
</failure>
</testcase>
<testcase name="Critical Requirement: LLM Model Selector › Model Configuration › Should handle invalid model gracefully" classname="critical-requirements\llm-selector.spec.ts" time="0.098">
<failure message="llm-selector.spec.ts:164:9 Should handle invalid model gracefully" type="FAILURE">
<![CDATA[  [chromium] › critical-requirements\llm-selector.spec.ts:164:9 › Critical Requirement: LLM Model Selector › Model Configuration › Should handle invalid model gracefully 

    Error: expect(received).toBe(expected) // Object.is equality

    Expected: 400
    Received: 404

      193 |
      194 |       expect(queryResponse.ok).toBe(false);
    > 195 |       expect(queryResponse.status).toBe(400);
          |                                    ^
      196 |       console.log(
      197 |         `✓ Invalid model rejected with status ${queryResponse.status}`,
      198 |       );
        at C:\repos\patriotchat\apps\api-e2e\src\critical-requirements\llm-selector.spec.ts:195:36
]]>
</failure>
</testcase>
<testcase name="Critical Requirement: LLM Model Selector › Model Configuration › Model metadata should be available" classname="critical-requirements\llm-selector.spec.ts" time="0.03">
<failure message="llm-selector.spec.ts:201:9 Model metadata should be available" type="FAILURE">
<![CDATA[  [chromium] › critical-requirements\llm-selector.spec.ts:201:9 › Critical Requirement: LLM Model Selector › Model Configuration › Model metadata should be available 

    Error: expect(received).toBe(expected) // Object.is equality

    Expected: true
    Received: false

      206 |       });
      207 |
    > 208 |       expect(response.ok).toBe(true);
          |                           ^
      209 |       expect(response.data?.models).toBeDefined();
      210 |       expect(Array.isArray(response.data?.models)).toBe(true);
      211 |
        at C:\repos\patriotchat\apps\api-e2e\src\critical-requirements\llm-selector.spec.ts:208:27
]]>
</failure>
</testcase>
<testcase name="Critical Requirement: LLM Model Selector › Frontend Integration › Model selector should be available on frontend" classname="critical-requirements\llm-selector.spec.ts" time="0.033">
<system-out>
<![CDATA[✓ Model selector backend API available for frontend integration
]]>
</system-out>
</testcase>
<testcase name="Critical Requirement: LLM Model Selector › Frontend Integration › Should support model switching during session" classname="critical-requirements\llm-selector.spec.ts" time="0.067">
<failure message="llm-selector.spec.ts:240:9 Should support model switching during session" type="FAILURE">
<![CDATA[  [chromium] › critical-requirements\llm-selector.spec.ts:240:9 › Critical Requirement: LLM Model Selector › Frontend Integration › Should support model switching during session 

    Error: expect(received).toBe(expected) // Object.is equality

    Expected: true
    Received: false

      268 |       });
      269 |
    > 270 |       expect(query1.ok).toBe(true);
          |                         ^
      271 |
      272 |       // Query with model 2 (switch)
      273 |       const query2 = await apiRequest({
        at C:\repos\patriotchat\apps\api-e2e\src\critical-requirements\llm-selector.spec.ts:270:25
]]>
</failure>
</testcase>
</testsuite>
<testsuite name="critical-requirements\performance.spec.ts" timestamp="2026-02-04T04:02:11.480Z" hostname="chromium" tests="8" failures="6" skipped="0" time="0.228" errors="0">
<testcase name="Critical Requirement: Performance (Auth &lt; 100ms) › Service Latency › Auth service should respond in under 100ms" classname="critical-requirements\performance.spec.ts" time="0.04">
<failure message="performance.spec.ts:7:9 Auth service should respond in under 100ms" type="FAILURE">
<![CDATA[  [chromium] › critical-requirements\performance.spec.ts:7:9 › Critical Requirement: Performance (Auth < 100ms) › Service Latency › Auth service should respond in under 100ms 

    Error: expect(received).toBe(expected) // Object.is equality

    Expected: true
    Received: false

      12 |       });
      13 |
    > 14 |       expect(response.ok).toBe(true);
         |                           ^
      15 |       expect(latency).toBeLessThan(TEST_DATA.PERFORMANCE_THRESHOLD_MS);
      16 |       console.log(`✓ Auth latency: ${latency.toFixed(2)}ms`);
      17 |     });
        at C:\repos\patriotchat\apps\api-e2e\src\critical-requirements\performance.spec.ts:14:27
]]>
</failure>
</testcase>
<testcase name="Critical Requirement: Performance (Auth &lt; 100ms) › Service Latency › API Gateway should respond in under 100ms" classname="critical-requirements\performance.spec.ts" time="0.038">
<system-out>
<![CDATA[✓ Gateway latency: 29.34ms
]]>
</system-out>
</testcase>
<testcase name="Critical Requirement: Performance (Auth &lt; 100ms) › Service Latency › Funding service should respond in under 100ms" classname="critical-requirements\performance.spec.ts" time="0.018">
<failure message="performance.spec.ts:31:9 Funding service should respond in under 100ms" type="FAILURE">
<![CDATA[  [chromium] › critical-requirements\performance.spec.ts:31:9 › Critical Requirement: Performance (Auth < 100ms) › Service Latency › Funding service should respond in under 100ms 

    Error: expect(received).toBe(expected) // Object.is equality

    Expected: true
    Received: false

      36 |       });
      37 |
    > 38 |       expect(response.ok).toBe(true);
         |                           ^
      39 |       expect(latency).toBeLessThan(TEST_DATA.PERFORMANCE_THRESHOLD_MS);
      40 |       console.log(`✓ Funding latency: ${latency.toFixed(2)}ms`);
      41 |     });
        at C:\repos\patriotchat\apps\api-e2e\src\critical-requirements\performance.spec.ts:38:27
]]>
</failure>
</testcase>
<testcase name="Critical Requirement: Performance (Auth &lt; 100ms) › Service Latency › Policy service should respond in under 100ms" classname="critical-requirements\performance.spec.ts" time="0.035">
<failure message="performance.spec.ts:43:9 Policy service should respond in under 100ms" type="FAILURE">
<![CDATA[  [chromium] › critical-requirements\performance.spec.ts:43:9 › Critical Requirement: Performance (Auth < 100ms) › Service Latency › Policy service should respond in under 100ms 

    Error: expect(received).toBe(expected) // Object.is equality

    Expected: true
    Received: false

      48 |       });
      49 |
    > 50 |       expect(response.ok).toBe(true);
         |                           ^
      51 |       expect(latency).toBeLessThan(TEST_DATA.PERFORMANCE_THRESHOLD_MS);
      52 |       console.log(`✓ Policy latency: ${latency.toFixed(2)}ms`);
      53 |     });
        at C:\repos\patriotchat\apps\api-e2e\src\critical-requirements\performance.spec.ts:50:27
]]>
</failure>
</testcase>
<testcase name="Critical Requirement: Performance (Auth &lt; 100ms) › Service Latency › LLM service should respond in under 100ms" classname="critical-requirements\performance.spec.ts" time="0.008">
<failure message="performance.spec.ts:55:9 LLM service should respond in under 100ms" type="FAILURE">
<![CDATA[  [chromium] › critical-requirements\performance.spec.ts:55:9 › Critical Requirement: Performance (Auth < 100ms) › Service Latency › LLM service should respond in under 100ms 

    Error: expect(received).toBe(expected) // Object.is equality

    Expected: true
    Received: false

      60 |       });
      61 |
    > 62 |       expect(response.ok).toBe(true);
         |                           ^
      63 |       expect(latency).toBeLessThan(TEST_DATA.PERFORMANCE_THRESHOLD_MS);
      64 |       console.log(`✓ LLM latency: ${latency.toFixed(2)}ms`);
      65 |     });
        at C:\repos\patriotchat\apps\api-e2e\src\critical-requirements\performance.spec.ts:62:27
]]>
</failure>
</testcase>
<testcase name="Critical Requirement: Performance (Auth &lt; 100ms) › Service Latency › Analytics service should respond in under 100ms" classname="critical-requirements\performance.spec.ts" time="0.009">
<failure message="performance.spec.ts:67:9 Analytics service should respond in under 100ms" type="FAILURE">
<![CDATA[  [chromium] › critical-requirements\performance.spec.ts:67:9 › Critical Requirement: Performance (Auth < 100ms) › Service Latency › Analytics service should respond in under 100ms 

    Error: expect(received).toBe(expected) // Object.is equality

    Expected: true
    Received: false

      72 |       });
      73 |
    > 74 |       expect(response.ok).toBe(true);
         |                           ^
      75 |       expect(latency).toBeLessThan(TEST_DATA.PERFORMANCE_THRESHOLD_MS);
      76 |       console.log(`✓ Analytics latency: ${latency.toFixed(2)}ms`);
      77 |     });
        at C:\repos\patriotchat\apps\api-e2e\src\critical-requirements\performance.spec.ts:74:27
]]>
</failure>
</testcase>
<testcase name="Critical Requirement: Performance (Auth &lt; 100ms) › Performance Baseline › Should maintain consistent response times under load" classname="critical-requirements\performance.spec.ts" time="0.042">
<system-out>
<![CDATA[✓ Avg latency: 6.61ms, Max: 25.42ms
]]>
</system-out>
</testcase>
<testcase name="Critical Requirement: Performance (Auth &lt; 100ms) › Performance Baseline › All services should be operational" classname="critical-requirements\performance.spec.ts" time="0.038">
<failure message="performance.spec.ts:104:9 All services should be operational" type="FAILURE">
<![CDATA[  [chromium] › critical-requirements\performance.spec.ts:104:9 › Critical Requirement: Performance (Auth < 100ms) › Performance Baseline › All services should be operational 

    Error: expect(received).toBe(expected) // Object.is equality

    Expected: true
    Received: false

      119 |         });
      120 |
    > 121 |         expect(response.ok).toBe(true);
          |                             ^
      122 |       }
      123 |
      124 |       console.log(`✓ All ${services.length} services operational`);
        at C:\repos\patriotchat\apps\api-e2e\src\critical-requirements\performance.spec.ts:121:29
]]>
</failure>
</testcase>
</testsuite>
<testsuite name="critical-requirements\rate-limiting.spec.ts" timestamp="2026-02-04T04:02:11.480Z" hostname="chromium" tests="6" failures="5" skipped="0" time="0.614" errors="0">
<testcase name="Critical Requirement: Rate Limiting (4-Dimensional Guards) › Per-User Rate Limiting › Should track requests per user" classname="critical-requirements\rate-limiting.spec.ts" time="0.069">
<failure message="rate-limiting.spec.ts:7:9 Should track requests per user" type="FAILURE">
<![CDATA[  [chromium] › critical-requirements\rate-limiting.spec.ts:7:9 › Critical Requirement: Rate Limiting (4-Dimensional Guards) › Per-User Rate Limiting › Should track requests per user 

    Error: expect(received).toBe(expected) // Object.is equality

    Expected: true
    Received: false

      35 |       });
      36 |
    > 37 |       expect(response.ok).toBe(true);
         |                           ^
      38 |       // Check for rate limit headers
      39 |       const rateLimitLimit = response.headers['x-ratelimit-limit'];
      40 |       const rateLimitRemaining = response.headers['x-ratelimit-remaining'];
        at C:\repos\patriotchat\apps\api-e2e\src\critical-requirements\rate-limiting.spec.ts:37:27
]]>
</failure>
</testcase>
<testcase name="Critical Requirement: Rate Limiting (4-Dimensional Guards) › Per-IP Rate Limiting › Should limit requests from same IP" classname="critical-requirements\rate-limiting.spec.ts" time="0.158">
<system-out>
<![CDATA[✓ Per-IP rate limiting configured (no block within 10 requests)
]]>
</system-out>
</testcase>
<testcase name="Critical Requirement: Rate Limiting (4-Dimensional Guards) › Per-Endpoint Rate Limiting › Should apply endpoint-specific limits" classname="critical-requirements\rate-limiting.spec.ts" time="0.071">
<failure message="rate-limiting.spec.ts:105:9 Should apply endpoint-specific limits" type="FAILURE">
<![CDATA[  [chromium] › critical-requirements\rate-limiting.spec.ts:105:9 › Critical Requirement: Rate Limiting (4-Dimensional Guards) › Per-Endpoint Rate Limiting › Should apply endpoint-specific limits 

    Error: expect(received).toBe(expected) // Object.is equality

    Expected: true
    Received: false

      133 |       });
      134 |
    > 135 |       expect(inferenceResponse.ok).toBe(true);
          |                                    ^
      136 |
      137 |       // Test profile endpoint (different limit)
      138 |       const profileResponse = await apiRequest({
        at C:\repos\patriotchat\apps\api-e2e\src\critical-requirements\rate-limiting.spec.ts:135:36
]]>
</failure>
</testcase>
<testcase name="Critical Requirement: Rate Limiting (4-Dimensional Guards) › Time-Window Rate Limiting › Should reset limits on time window" classname="critical-requirements\rate-limiting.spec.ts" time="0.107">
<failure message="rate-limiting.spec.ts:151:9 Should reset limits on time window" type="FAILURE">
<![CDATA[  [chromium] › critical-requirements\rate-limiting.spec.ts:151:9 › Critical Requirement: Rate Limiting (4-Dimensional Guards) › Time-Window Rate Limiting › Should reset limits on time window 

    Error: expect(received).toBe(expected) // Object.is equality

    Expected: true
    Received: false

      179 |       });
      180 |
    > 181 |       expect(response1.ok).toBe(true);
          |                            ^
      182 |
      183 |       // Wait and make another request in new window
      184 |       await new Promise((resolve) => setTimeout(resolve, 1100));
        at C:\repos\patriotchat\apps\api-e2e\src\critical-requirements\rate-limiting.spec.ts:181:28
]]>
</failure>
</testcase>
<testcase name="Critical Requirement: Rate Limiting (4-Dimensional Guards) › Rate Limit Headers › Should include rate limit information in response headers" classname="critical-requirements\rate-limiting.spec.ts" time="0.116">
<failure message="rate-limiting.spec.ts:203:9 Should include rate limit information in response headers" type="FAILURE">
<![CDATA[  [chromium] › critical-requirements\rate-limiting.spec.ts:203:9 › Critical Requirement: Rate Limiting (4-Dimensional Guards) › Rate Limit Headers › Should include rate limit information in response headers 

    Error: expect(received).toBe(expected) // Object.is equality

    Expected: true
    Received: false

      231 |       });
      232 |
    > 233 |       expect(response.ok).toBe(true);
          |                           ^
      234 |
      235 |       // Check for standard rate limit headers
      236 |       const hasRateLimitHeaders =
        at C:\repos\patriotchat\apps\api-e2e\src\critical-requirements\rate-limiting.spec.ts:233:27
]]>
</failure>
</testcase>
<testcase name="Critical Requirement: Rate Limiting (4-Dimensional Guards) › Rate Limit Protection › Should protect against denial of service" classname="critical-requirements\rate-limiting.spec.ts" time="0.093">
<failure message="rate-limiting.spec.ts:250:9 Should protect against denial of service" type="FAILURE">
<![CDATA[  [chromium] › critical-requirements\rate-limiting.spec.ts:250:9 › Critical Requirement: Rate Limiting (4-Dimensional Guards) › Rate Limit Protection › Should protect against denial of service 

    Error: expect(received).toBe(expected) // Object.is equality

    Expected: true
    Received: false

      263 |       });
      264 |
    > 265 |       expect(registerResponse.ok).toBe(true);
          |                                   ^
      266 |       const token = registerResponse.data?.token;
      267 |
      268 |       // Attempt rapid-fire requests
        at C:\repos\patriotchat\apps\api-e2e\src\critical-requirements\rate-limiting.spec.ts:265:35
]]>
</failure>
</testcase>
</testsuite>
<testsuite name="performance\service-latency.spec.ts" timestamp="2026-02-04T04:02:11.480Z" hostname="chromium" tests="9" failures="0" skipped="0" time="0.39" errors="0">
<testcase name="Performance Tests › Service Latency Benchmarks › Should measure auth service latency" classname="performance\service-latency.spec.ts" time="0.046">
<system-out>
<![CDATA[Auth Service Latency:
  Average: 3.80ms
  Min: 0.73ms
  Max: 24.73ms
]]>
</system-out>
</testcase>
<testcase name="Performance Tests › Service Latency Benchmarks › Should measure gateway latency" classname="performance\service-latency.spec.ts" time="0.059">
<system-out>
<![CDATA[Gateway Latency:
  Average: 5.22ms
  Min: 2.17ms
  Max: 26.25ms
]]>
</system-out>
</testcase>
<testcase name="Performance Tests › Service Latency Benchmarks › Should measure funding service latency" classname="performance\service-latency.spec.ts" time="0.071">
<system-out>
<![CDATA[Funding Service Latency:
  Average: 6.08ms
  Min: 1.65ms
  Max: 34.24ms
]]>
</system-out>
</testcase>
<testcase name="Performance Tests › Service Latency Benchmarks › Should measure policy service latency" classname="performance\service-latency.spec.ts" time="0.066">
<system-out>
<![CDATA[Policy Service Latency:
  Average: 5.74ms
  Min: 1.89ms
  Max: 28.70ms
]]>
</system-out>
</testcase>
<testcase name="Performance Tests › Service Latency Benchmarks › Should measure LLM service latency" classname="performance\service-latency.spec.ts" time="0.032">
<system-out>
<![CDATA[LLM Service Latency:
  Average: 2.91ms
  Min: 1.67ms
  Max: 8.40ms
]]>
</system-out>
</testcase>
<testcase name="Performance Tests › Service Latency Benchmarks › Should measure analytics service latency" classname="performance\service-latency.spec.ts" time="0.023">
<system-out>
<![CDATA[Analytics Service Latency:
  Average: 1.99ms
  Min: 1.02ms
  Max: 5.09ms
]]>
</system-out>
</testcase>
<testcase name="Performance Tests › Throughput Benchmarks › Should handle concurrent requests efficiently" classname="performance\service-latency.spec.ts" time="0.05">
<system-out>
<![CDATA[Concurrent Request Performance (10 requests):
  Total time: 42.03ms
  Average latency: 25.14ms
  Max latency: 37.00ms
  Throughput: 237.93 req/s
]]>
</system-out>
</testcase>
<testcase name="Performance Tests › Database Query Performance › Should execute queries within acceptable time" classname="performance\service-latency.spec.ts" time="0.015">
<system-out>
<![CDATA[Database Query Performance:
  Average: 2.57ms
]]>
</system-out>
</testcase>
<testcase name="Performance Tests › API Response Times › Health check responses should be fast" classname="performance\service-latency.spec.ts" time="0.028">
<system-out>
<![CDATA[Health Check Response Times:
  Auth: 6.66ms
  Gateway: 2.13ms
  Funding: 3.98ms
  Policy: 4.27ms
  LLM: 1.41ms
  Analytics: 1.62ms
]]>
</system-out>
</testcase>
</testsuite>
<testsuite name="workflows\resilience-and-recovery.spec.ts" timestamp="2026-02-04T04:02:11.480Z" hostname="chromium" tests="13" failures="8" skipped="0" time="61.045" errors="0">
<testcase name="E2E Resilience &amp; Error Recovery › Error Handling &amp; Recovery › Should recover from invalid login attempts" classname="workflows\resilience-and-recovery.spec.ts" time="0.186">
<system-out>
<![CDATA[✓ User registered: testuser_1770177735178_1@test.patriotchat.com
✓ Correctly rejected invalid password
✓ User recovered and logged in successfully
]]>
</system-out>
</testcase>
<testcase name="E2E Resilience &amp; Error Recovery › Error Handling &amp; Recovery › Should handle duplicate registration attempts" classname="workflows\resilience-and-recovery.spec.ts" time="0.117">
<system-out>
<![CDATA[✓ First registration succeeded
✓ Duplicate registration correctly rejected
]]>
</system-out>
</testcase>
<testcase name="E2E Resilience &amp; Error Recovery › Error Handling &amp; Recovery › Should handle invalid token validation" classname="workflows\resilience-and-recovery.spec.ts" time="0.005">
<system-out>
<![CDATA[✓ Invalid token correctly rejected
✓ Public endpoint accessible without token
]]>
</system-out>
</testcase>
<testcase name="E2E Resilience &amp; Error Recovery › Error Handling &amp; Recovery › Should handle malformed request bodies" classname="workflows\resilience-and-recovery.spec.ts" time="0.008">
<system-out>
<![CDATA[✓ Request without required field rejected
✓ Request with incomplete data rejected
]]>
</system-out>
</testcase>
<testcase name="E2E Resilience &amp; Error Recovery › Timeout &amp; Performance Handling › Should complete inference within timeout window" classname="workflows\resilience-and-recovery.spec.ts" time="0.063">
<failure message="resilience-and-recovery.spec.ts:141:9 Should complete inference within timeout window" type="FAILURE">
<![CDATA[  [chromium] › workflows\resilience-and-recovery.spec.ts:141:9 › E2E Resilience & Error Recovery › Timeout & Performance Handling › Should complete inference within timeout window 

    Error: expect(received).toBe(expected) // Object.is equality

    Expected: true
    Received: false

      174 |       const duration = Date.now() - startTime;
      175 |
    > 176 |       expect(inferenceResponse.ok).toBe(true);
          |                                    ^
      177 |       // Inference should complete within reasonable time (e.g., 30 seconds)
      178 |       expect(duration).toBeLessThan(30000);
      179 |       console.log(`✓ Inference completed in ${duration}ms (within timeout)`);
        at C:\repos\patriotchat\apps\api-e2e\src\workflows\resilience-and-recovery.spec.ts:176:36
]]>
</failure>
</testcase>
<testcase name="E2E Resilience &amp; Error Recovery › Timeout &amp; Performance Handling › Should handle concurrent inference requests" classname="workflows\resilience-and-recovery.spec.ts" time="30.011">
<failure message="resilience-and-recovery.spec.ts:182:9 Should handle concurrent inference requests" type="FAILURE">
<![CDATA[  [chromium] › workflows\resilience-and-recovery.spec.ts:182:9 › E2E Resilience & Error Recovery › Timeout & Performance Handling › Should handle concurrent inference requests 

    Test timeout of 30000ms exceeded.
]]>
</failure>
</testcase>
<testcase name="E2E Resilience &amp; Error Recovery › Timeout &amp; Performance Handling › Should rate-limit excessive requests appropriately" classname="workflows\resilience-and-recovery.spec.ts" time="30.011">
<failure message="resilience-and-recovery.spec.ts:229:9 Should rate-limit excessive requests appropriately" type="FAILURE">
<![CDATA[  [chromium] › workflows\resilience-and-recovery.spec.ts:229:9 › E2E Resilience & Error Recovery › Timeout & Performance Handling › Should rate-limit excessive requests appropriately 

    Test timeout of 30000ms exceeded.
]]>
</failure>
</testcase>
<testcase name="E2E Resilience &amp; Error Recovery › Data Consistency Across Services › Should maintain consistent user data across auth and analytics" classname="workflows\resilience-and-recovery.spec.ts" time="0.106">
<failure message="resilience-and-recovery.spec.ts:280:9 Should maintain consistent user data across auth and analytics" type="FAILURE">
<![CDATA[  [chromium] › workflows\resilience-and-recovery.spec.ts:280:9 › E2E Resilience & Error Recovery › Data Consistency Across Services › Should maintain consistent user data across auth and analytics 

    Error: expect(received).toBe(expected) // Object.is equality

    Expected: true
    Received: false

      307 |       });
      308 |
    > 309 |       expect(authProfileResponse.ok).toBe(true);
          |                                      ^
      310 |       console.log(`✓ User profile accessible in auth service`);
      311 |
      312 |       // Execute an analytics event
        at C:\repos\patriotchat\apps\api-e2e\src\workflows\resilience-and-recovery.spec.ts:309:38
]]>
</failure>
<system-out>
<![CDATA[✓ User created in auth service
]]>
</system-out>
</testcase>
<testcase name="E2E Resilience &amp; Error Recovery › Data Consistency Across Services › Should track inference requests with correct user context" classname="workflows\resilience-and-recovery.spec.ts" time="0.106">
<failure message="resilience-and-recovery.spec.ts:338:9 Should track inference requests with correct user context" type="FAILURE">
<![CDATA[  [chromium] › workflows\resilience-and-recovery.spec.ts:338:9 › E2E Resilience & Error Recovery › Data Consistency Across Services › Should track inference requests with correct user context 

    Error: expect(received).toBe(expected) // Object.is equality

    Expected: true
    Received: false

      369 |       });
      370 |
    > 371 |       expect(queryResponse.ok).toBe(true);
          |                                ^
      372 |       console.log(`✓ Inference query executed with user context`);
      373 |
      374 |       // Verify query is tracked with correct user
        at C:\repos\patriotchat\apps\api-e2e\src\workflows\resilience-and-recovery.spec.ts:371:32
]]>
</failure>
</testcase>
<testcase name="E2E Resilience &amp; Error Recovery › Service Failure Isolation › Should continue functioning when non-critical service is slow" classname="workflows\resilience-and-recovery.spec.ts" time="0.138">
<system-out>
<![CDATA[✓ Registration succeeded (independent of analytics service)
✓ Login succeeded (independent of analytics service)
]]>
</system-out>
</testcase>
<testcase name="E2E Resilience &amp; Error Recovery › Service Failure Isolation › Should gracefully degrade when LLM service is unavailable" classname="workflows\resilience-and-recovery.spec.ts" time="0.1">
<failure message="resilience-and-recovery.spec.ts:425:9 Should gracefully degrade when LLM service is unavailable" type="FAILURE">
<![CDATA[  [chromium] › workflows\resilience-and-recovery.spec.ts:425:9 › E2E Resilience & Error Recovery › Service Failure Isolation › Should gracefully degrade when LLM service is unavailable 

    Error: expect(received).toBe(expected) // Object.is equality

    Expected: true
    Received: false

      461 |           inferenceResponse.status === 503 ||
      462 |           inferenceResponse.status === 502
    > 463 |       ).toBe(true);
          |         ^
      464 |
      465 |       if (!inferenceResponse.ok) {
      466 |         console.log(
        at C:\repos\patriotchat\apps\api-e2e\src\workflows\resilience-and-recovery.spec.ts:463:9
]]>
</failure>
<system-out>
<![CDATA[✓ User registered (auth service operational)
]]>
</system-out>
</testcase>
<testcase name="E2E Resilience &amp; Error Recovery › Session &amp; Token Management › Should maintain session across multiple requests" classname="workflows\resilience-and-recovery.spec.ts" time="0.103">
<failure message="resilience-and-recovery.spec.ts:476:9 Should maintain session across multiple requests" type="FAILURE">
<![CDATA[  [chromium] › workflows\resilience-and-recovery.spec.ts:476:9 › E2E Resilience & Error Recovery › Session & Token Management › Should maintain session across multiple requests 

    Error: expect(received).toBe(expected) // Object.is equality

    Expected: true
    Received: false

      506 |         });
      507 |
    > 508 |         expect(response.ok).toBe(true);
          |                             ^
      509 |         console.log(`✓ Request ${i + 1} with same token succeeded`);
      510 |       }
      511 |
        at C:\repos\patriotchat\apps\api-e2e\src\workflows\resilience-and-recovery.spec.ts:508:29
]]>
</failure>
</testcase>
<testcase name="E2E Resilience &amp; Error Recovery › Session &amp; Token Management › Should prevent token reuse after expiration" classname="workflows\resilience-and-recovery.spec.ts" time="0.091">
<failure message="resilience-and-recovery.spec.ts:515:9 Should prevent token reuse after expiration" type="FAILURE">
<![CDATA[  [chromium] › workflows\resilience-and-recovery.spec.ts:515:9 › E2E Resilience & Error Recovery › Session & Token Management › Should prevent token reuse after expiration 

    Error: expect(received).toBe(expected) // Object.is equality

    Expected: true
    Received: false

      539 |       });
      540 |
    > 541 |       expect(immediateResponse.ok).toBe(true);
          |                                    ^
      542 |       console.log(`✓ Valid token accepted`);
      543 |
      544 |       // After expiration, token should be rejected
        at C:\repos\patriotchat\apps\api-e2e\src\workflows\resilience-and-recovery.spec.ts:541:36
]]>
</failure>
</testcase>
</testsuite>
<testsuite name="workflows\telemetry-validation.spec.ts" timestamp="2026-02-04T04:02:11.480Z" hostname="chromium" tests="14" failures="5" skipped="0" time="0.987" errors="0">
<testcase name="E2E Telemetry &amp; WebSocket Validation › Event Telemetry Pipeline › Should capture user registration events" classname="workflows\telemetry-validation.spec.ts" time="0.062">
<system-out>
<![CDATA[✓ Registration event should be captured: undefined
✓ Registration event telemetry accessible
]]>
</system-out>
</testcase>
<testcase name="E2E Telemetry &amp; WebSocket Validation › Event Telemetry Pipeline › Should capture authentication events" classname="workflows\telemetry-validation.spec.ts" time="0.131">
<system-out>
<![CDATA[✓ Login event should be captured
✓ Authentication event telemetry recorded
]]>
</system-out>
</testcase>
<testcase name="E2E Telemetry &amp; WebSocket Validation › Event Telemetry Pipeline › Should capture inference execution events" classname="workflows\telemetry-validation.spec.ts" time="0.073">
<failure message="telemetry-validation.spec.ts:79:9 Should capture inference execution events" type="FAILURE">
<![CDATA[  [chromium] › workflows\telemetry-validation.spec.ts:79:9 › E2E Telemetry & WebSocket Validation › Event Telemetry Pipeline › Should capture inference execution events 

    Error: expect(received).toBe(expected) // Object.is equality

    Expected: true
    Received: false

      109 |       });
      110 |
    > 111 |       expect(inferenceResponse.ok).toBe(true);
          |                                    ^
      112 |       console.log(`✓ Inference event executed`);
      113 |
      114 |       // Verify telemetry captured
        at C:\repos\patriotchat\apps\api-e2e\src\workflows\telemetry-validation.spec.ts:111:36
]]>
</failure>
</testcase>
<testcase name="E2E Telemetry &amp; WebSocket Validation › Event Telemetry Pipeline › Should batch analytics events efficiently" classname="workflows\telemetry-validation.spec.ts" time="0.082">
<system-out>
<![CDATA[✓ Multiple analytics events accepted
✓ Analytics batch processing verified
]]>
</system-out>
</testcase>
<testcase name="E2E Telemetry &amp; WebSocket Validation › Telemetry Data Quality › Should include required telemetry fields" classname="workflows\telemetry-validation.spec.ts" time="0.091">
<failure message="telemetry-validation.spec.ts:177:9 Should include required telemetry fields" type="FAILURE">
<![CDATA[  [chromium] › workflows\telemetry-validation.spec.ts:177:9 › E2E Telemetry & WebSocket Validation › Telemetry Data Quality › Should include required telemetry fields 

    Error: expect(received).toBeDefined()

    Received: undefined

      194 |
      195 |       // Response should contain user ID for tracking
    > 196 |       expect(userId).toBeDefined();
          |                      ^
      197 |       expect(typeof userId).toBe('string');
      198 |       console.log(`✓ Telemetry user ID present in response`);
      199 |     });
        at C:\repos\patriotchat\apps\api-e2e\src\workflows\telemetry-validation.spec.ts:196:22
]]>
</failure>
</testcase>
<testcase name="E2E Telemetry &amp; WebSocket Validation › Telemetry Data Quality › Should handle invalid telemetry gracefully" classname="workflows\telemetry-validation.spec.ts" time="0.008">
<system-out>
<![CDATA[✓ Invalid telemetry event handled gracefully (status: 202)
]]>
</system-out>
</testcase>
<testcase name="E2E Telemetry &amp; WebSocket Validation › Telemetry Data Quality › Should correlate events with user session" classname="workflows\telemetry-validation.spec.ts" time="0.062">
<failure message="telemetry-validation.spec.ts:221:9 Should correlate events with user session" type="FAILURE">
<![CDATA[  [chromium] › workflows\telemetry-validation.spec.ts:221:9 › E2E Telemetry & WebSocket Validation › Telemetry Data Quality › Should correlate events with user session 

    Error: expect(received).toBe(expected) // Object.is equality

    Expected: true
    Received: false

      251 |       });
      252 |
    > 253 |       expect(inferenceResponse.ok).toBe(true);
          |                                    ^
      254 |       console.log(`✓ Session-correlated event executed`);
      255 |
      256 |       // Verify all events are associated with same user
        at C:\repos\patriotchat\apps\api-e2e\src\workflows\telemetry-validation.spec.ts:253:36
]]>
</failure>
</testcase>
<testcase name="E2E Telemetry &amp; WebSocket Validation › Telemetry Performance › Should not block main request for telemetry" classname="workflows\telemetry-validation.spec.ts" time="0.089">
<system-out>
<![CDATA[✓ Registration completed in 83ms (telemetry non-blocking)
]]>
</system-out>
</testcase>
<testcase name="E2E Telemetry &amp; WebSocket Validation › Telemetry Performance › Should handle high-volume analytics events" classname="workflows\telemetry-validation.spec.ts" time="0.084">
<system-out>
<![CDATA[✓ High-volume analytics events handled successfully
]]>
</system-out>
</testcase>
<testcase name="E2E Telemetry &amp; WebSocket Validation › WebSocket Stability (Real-time Events) › Should maintain health status endpoint" classname="workflows\telemetry-validation.spec.ts" time="0.013">
<system-out>
<![CDATA[✓ Health endpoint operational
]]>
</system-out>
</testcase>
<testcase name="E2E Telemetry &amp; WebSocket Validation › WebSocket Stability (Real-time Events) › Should report ready status when dependencies available" classname="workflows\telemetry-validation.spec.ts" time="0.007">
<failure message="telemetry-validation.spec.ts:352:9 Should report ready status when dependencies available" type="FAILURE">
<![CDATA[  [chromium] › workflows\telemetry-validation.spec.ts:352:9 › E2E Telemetry & WebSocket Validation › WebSocket Stability (Real-time Events) › Should report ready status when dependencies available 

    Error: expect(received).toBeLessThan(expected)

    Expected: < 500
    Received:   500

      358 |
      359 |       // Should be ready or not ready, but endpoint should exist
    > 360 |       expect(readyResponse.status).toBeLessThan(500);
          |                                    ^
      361 |       console.log(`✓ Readiness check available (status: ${readyResponse.status})`);
      362 |     });
      363 |
        at C:\repos\patriotchat\apps\api-e2e\src\workflows\telemetry-validation.spec.ts:360:36
]]>
</failure>
</testcase>
<testcase name="E2E Telemetry &amp; WebSocket Validation › WebSocket Stability (Real-time Events) › Should provide consistent health metrics" classname="workflows\telemetry-validation.spec.ts" time="0.023">
<system-out>
<![CDATA[✓ Consistent health metrics across checks
]]>
</system-out>
</testcase>
<testcase name="E2E Telemetry &amp; WebSocket Validation › WebSocket Stability (Real-time Events) › Should handle telemetry service connection" classname="workflows\telemetry-validation.spec.ts" time="0.097">
<system-out>
<![CDATA[✓ Telemetry service connection maintained during registration
✓ Telemetry service operational
]]>
</system-out>
</testcase>
<testcase name="E2E Telemetry &amp; WebSocket Validation › End-to-End Message Flow › Should flow events through complete pipeline" classname="workflows\telemetry-validation.spec.ts" time="0.165">
<failure message="telemetry-validation.spec.ts:417:9 Should flow events through complete pipeline" type="FAILURE">
<![CDATA[  [chromium] › workflows\telemetry-validation.spec.ts:417:9 › E2E Telemetry & WebSocket Validation › End-to-End Message Flow › Should flow events through complete pipeline 

    Error: expect(received).toBe(expected) // Object.is equality

    Expected: true
    Received: false

      462 |       });
      463 |
    > 464 |       expect(inferenceResponse.ok).toBe(true);
          |                                    ^
      465 |       console.log(`✓ Step 3: Inference executed`);
      466 |
      467 |       // 4. Verify analytics tracked all events
        at C:\repos\patriotchat\apps\api-e2e\src\workflows\telemetry-validation.spec.ts:464:36
]]>
</failure>
<system-out>
<![CDATA[✓ Step 1: User registered
✓ Step 2: User logged in
]]>
</system-out>
</testcase>
</testsuite>
<testsuite name="workflows\user-journey.spec.ts" timestamp="2026-02-04T04:02:11.480Z" hostname="chromium" tests="9" failures="7" skipped="0" time="0.907" errors="0">
<testcase name="E2E Workflows › User Registration &amp; Login Flow › Should complete full registration workflow" classname="workflows\user-journey.spec.ts" time="0.06">
<failure message="user-journey.spec.ts:7:9 Should complete full registration workflow" type="FAILURE">
<![CDATA[  [chromium] › workflows\user-journey.spec.ts:7:9 › E2E Workflows › User Registration & Login Flow › Should complete full registration workflow 

    Error: expect(received).toBeDefined()

    Received: undefined

      21 |
      22 |       expect(registerResponse.ok).toBe(true);
    > 23 |       expect(registerResponse.data?.userId).toBeDefined();
         |                                             ^
      24 |       expect(registerResponse.data?.token).toBeDefined();
      25 |       console.log(`✓ User registered: ${testUser.email}`);
      26 |
        at C:\repos\patriotchat\apps\api-e2e\src\workflows\user-journey.spec.ts:23:45
]]>
</failure>
</testcase>
<testcase name="E2E Workflows › User Registration &amp; Login Flow › Should complete full login workflow" classname="workflows\user-journey.spec.ts" time="0.124">
<failure message="user-journey.spec.ts:43:9 Should complete full login workflow" type="FAILURE">
<![CDATA[  [chromium] › workflows\user-journey.spec.ts:43:9 › E2E Workflows › User Registration & Login Flow › Should complete full login workflow 

    Error: expect(received).toBe(expected) // Object.is equality

    Expected: true
    Received: false

      84 |       });
      85 |
    > 86 |       expect(profileResponse.ok).toBe(true);
         |                                  ^
      87 |       console.log(`✓ Authenticated request successful`);
      88 |     });
      89 |   });
        at C:\repos\patriotchat\apps\api-e2e\src\workflows\user-journey.spec.ts:86:34
]]>
</failure>
<system-out>
<![CDATA[✓ User registered
✓ User logged in successfully
]]>
</system-out>
</testcase>
<testcase name="E2E Workflows › Query &amp; Inference Workflow › Should execute complete query workflow" classname="workflows\user-journey.spec.ts" time="0.099">
<failure message="user-journey.spec.ts:92:9 Should execute complete query workflow" type="FAILURE">
<![CDATA[  [chromium] › workflows\user-journey.spec.ts:92:9 › E2E Workflows › Query & Inference Workflow › Should execute complete query workflow 

    Error: expect(received).toBe(expected) // Object.is equality

    Expected: true
    Received: false

      122 |       });
      123 |
    > 124 |       expect(queryResponse.ok).toBe(true);
          |                                ^
      125 |       expect(queryResponse.data?.response).toBeDefined();
      126 |       console.log(`✓ Inference executed with ${testQuery.model}`);
      127 |
        at C:\repos\patriotchat\apps\api-e2e\src\workflows\user-journey.spec.ts:124:32
]]>
</failure>
<system-out>
<![CDATA[✓ User authenticated
]]>
</system-out>
</testcase>
<testcase name="E2E Workflows › Query &amp; Inference Workflow › Should support multiple queries in session" classname="workflows\user-journey.spec.ts" time="0.105">
<failure message="user-journey.spec.ts:139:9 Should support multiple queries in session" type="FAILURE">
<![CDATA[  [chromium] › workflows\user-journey.spec.ts:139:9 › E2E Workflows › Query & Inference Workflow › Should support multiple queries in session 

    Error: expect(received).toBe(expected) // Object.is equality

    Expected: true
    Received: false

      174 |         });
      175 |
    > 176 |         expect(queryResponse.ok).toBe(true);
          |                                  ^
      177 |         queryResults.push(queryResponse.data);
      178 |         console.log(`✓ Query ${i + 1} executed with ${query.model}`);
      179 |       }
        at C:\repos\patriotchat\apps\api-e2e\src\workflows\user-journey.spec.ts:176:34
]]>
</failure>
</testcase>
<testcase name="E2E Workflows › Cross-Service Integration › Should coordinate between auth and inference services" classname="workflows\user-journey.spec.ts" time="0.108">
<failure message="user-journey.spec.ts:197:9 Should coordinate between auth and inference services" type="FAILURE">
<![CDATA[  [chromium] › workflows\user-journey.spec.ts:197:9 › E2E Workflows › Cross-Service Integration › Should coordinate between auth and inference services 

    Error: expect(received).toBe(expected) // Object.is equality

    Expected: true
    Received: false

      226 |       });
      227 |
    > 228 |       expect(queryResponse.ok).toBe(true);
          |                                ^
      229 |       console.log(`✓ LLM service: Query executed`);
      230 |
      231 |       // Step 3: Analytics service - Track
        at C:\repos\patriotchat\apps\api-e2e\src\workflows\user-journey.spec.ts:228:32
]]>
</failure>
<system-out>
<![CDATA[✓ Auth service: User registered
]]>
</system-out>
</testcase>
<testcase name="E2E Workflows › Cross-Service Integration › Should maintain session across services" classname="workflows\user-journey.spec.ts" time="0.091">
<failure message="user-journey.spec.ts:242:9 Should maintain session across services" type="FAILURE">
<![CDATA[  [chromium] › workflows\user-journey.spec.ts:242:9 › E2E Workflows › Cross-Service Integration › Should maintain session across services 

    Error: expect(received).toBe(expected) // Object.is equality

    Expected: true
    Received: false

      267 |       });
      268 |
    > 269 |       expect(authCheck.ok).toBe(true);
          |                            ^
      270 |
      271 |       const query = await apiRequest({
      272 |         method: 'POST',
        at C:\repos\patriotchat\apps\api-e2e\src\workflows\user-journey.spec.ts:269:28
]]>
</failure>
</testcase>
<testcase name="E2E Workflows › Error Handling &amp; Recovery › Should handle invalid credentials gracefully" classname="workflows\user-journey.spec.ts" time="0.154">
<system-out>
<![CDATA[✓ Invalid credentials rejected (status: 401)
]]>
</system-out>
</testcase>
<testcase name="E2E Workflows › Error Handling &amp; Recovery › Should recover from service failures" classname="workflows\user-journey.spec.ts" time="0.098">
<system-out>
<![CDATA[✓ Service handled response appropriately (status: 404)
]]>
</system-out>
</testcase>
<testcase name="E2E Workflows › Error Handling &amp; Recovery › Should handle invalid requests properly" classname="workflows\user-journey.spec.ts" time="0.068">
<failure message="user-journey.spec.ts:370:9 Should handle invalid requests properly" type="FAILURE">
<![CDATA[  [chromium] › workflows\user-journey.spec.ts:370:9 › E2E Workflows › Error Handling & Recovery › Should handle invalid requests properly 

    Error: expect(received).toBe(expected) // Object.is equality

    Expected: 400
    Received: 404

      398 |
      399 |       expect(invalidQuery.ok).toBe(false);
    > 400 |       expect(invalidQuery.status).toBe(400);
          |                                   ^
      401 |       console.log(
      402 |         `✓ Invalid request rejected (status: ${invalidQuery.status})`,
      403 |       );
        at C:\repos\patriotchat\apps\api-e2e\src\workflows\user-journey.spec.ts:400:35
]]>
</failure>
</testcase>
</testsuite>
<testsuite name="critical-requirements\audit-trail.spec.ts" timestamp="2026-02-04T04:02:11.480Z" hostname="firefox" tests="5" failures="5" skipped="0" time="0.543" errors="0">
<testcase name="Critical Requirement: Audit Trail (Immutable PostgreSQL Logs) › User Action Logging › Should log user registration" classname="critical-requirements\audit-trail.spec.ts" time="0.1">
<failure message="audit-trail.spec.ts:7:9 Should log user registration" type="FAILURE">
<![CDATA[  [firefox] › critical-requirements\audit-trail.spec.ts:7:9 › Critical Requirement: Audit Trail (Immutable PostgreSQL Logs) › User Action Logging › Should log user registration 

    Error: expect(received).toBeDefined()

    Received: undefined

      20 |
      21 |       expect(registerResponse.ok).toBe(true);
    > 22 |       expect(registerResponse.data?.userId).toBeDefined();
         |                                             ^
      23 |       console.log(`✓ Registration logged for user: ${testUser.email}`);
      24 |
      25 |       // Verify audit log exists
        at C:\repos\patriotchat\apps\api-e2e\src\critical-requirements\audit-trail.spec.ts:22:45
]]>
</failure>
</testcase>
<testcase name="Critical Requirement: Audit Trail (Immutable PostgreSQL Logs) › User Action Logging › Should log user login" classname="critical-requirements\audit-trail.spec.ts" time="0.152">
<failure message="audit-trail.spec.ts:39:9 Should log user login" type="FAILURE">
<![CDATA[  [firefox] › critical-requirements\audit-trail.spec.ts:39:9 › Critical Requirement: Audit Trail (Immutable PostgreSQL Logs) › User Action Logging › Should log user login 

    Error: expect(received).toBe(expected) // Object.is equality

    Expected: true
    Received: false

      75 |       });
      76 |
    > 77 |       expect(auditResponse.ok).toBe(true);
         |                                ^
      78 |       const logs = auditResponse.data?.logs || [];
      79 |       expect(logs.length).toBeGreaterThan(0);
      80 |       console.log(
        at C:\repos\patriotchat\apps\api-e2e\src\critical-requirements\audit-trail.spec.ts:77:32
]]>
</failure>
<system-out>
<![CDATA[✓ Login logged for user: testuser_1770177739945_1@test.patriotchat.com
]]>
</system-out>
</testcase>
<testcase name="Critical Requirement: Audit Trail (Immutable PostgreSQL Logs) › Query Tracking › Should track LLM inference queries" classname="critical-requirements\audit-trail.spec.ts" time="0.095">
<failure message="audit-trail.spec.ts:87:9 Should track LLM inference queries" type="FAILURE">
<![CDATA[  [firefox] › critical-requirements\audit-trail.spec.ts:87:9 › Critical Requirement: Audit Trail (Immutable PostgreSQL Logs) › Query Tracking › Should track LLM inference queries 

    Error: expect(received).toBe(expected) // Object.is equality

    Expected: true
    Received: false

      115 |       });
      116 |
    > 117 |       expect(inferenceResponse.ok).toBe(true);
          |                                    ^
      118 |       console.log(`✓ Inference query executed and tracked`);
      119 |
      120 |       // Verify tracking in analytics
        at C:\repos\patriotchat\apps\api-e2e\src\critical-requirements\audit-trail.spec.ts:117:36
]]>
</failure>
</testcase>
<testcase name="Critical Requirement: Audit Trail (Immutable PostgreSQL Logs) › Log Integrity › Logs should be immutable (no modification possible)" classname="critical-requirements\audit-trail.spec.ts" time="0.1">
<failure message="audit-trail.spec.ts:133:9 Logs should be immutable (no modification possible)" type="FAILURE">
<![CDATA[  [firefox] › critical-requirements\audit-trail.spec.ts:133:9 › Critical Requirement: Audit Trail (Immutable PostgreSQL Logs) › Log Integrity › Logs should be immutable (no modification possible) 

    Error: expect(received).toBe(expected) // Object.is equality

    Expected: 403
    Received: 404

      159 |
      160 |       // Should be forbidden
    > 161 |       expect(modifyResponse.status).toBe(403);
          |                                     ^
      162 |       console.log(
      163 |         `✓ Audit logs are protected from modification (status: ${modifyResponse.status})`,
      164 |       );
        at C:\repos\patriotchat\apps\api-e2e\src\critical-requirements\audit-trail.spec.ts:161:37
]]>
</failure>
</testcase>
<testcase name="Critical Requirement: Audit Trail (Immutable PostgreSQL Logs) › Log Integrity › All audit operations should be timestamped" classname="critical-requirements\audit-trail.spec.ts" time="0.096">
<failure message="audit-trail.spec.ts:167:9 All audit operations should be timestamped" type="FAILURE">
<![CDATA[  [firefox] › critical-requirements\audit-trail.spec.ts:167:9 › Critical Requirement: Audit Trail (Immutable PostgreSQL Logs) › Log Integrity › All audit operations should be timestamped 

    Error: expect(received).toBe(expected) // Object.is equality

    Expected: true
    Received: false

      188 |       });
      189 |
    > 190 |       expect(auditResponse.ok).toBe(true);
          |                                ^
      191 |       const logs = auditResponse.data?.logs || [];
      192 |
      193 |       // Verify all logs have timestamps
        at C:\repos\patriotchat\apps\api-e2e\src\critical-requirements\audit-trail.spec.ts:190:32
]]>
</failure>
</testcase>
</testsuite>
<testsuite name="critical-requirements\database.spec.ts" timestamp="2026-02-04T04:02:11.480Z" hostname="firefox" tests="7" failures="5" skipped="0" time="0.782" errors="0">
<testcase name="Critical Requirement: Database (PostgreSQL with Connection Pooling) › Connection Pooling › Should handle concurrent requests efficiently" classname="critical-requirements\database.spec.ts" time="0.127">
<system-out>
<![CDATA[✓ All 10 concurrent requests succeeded
]]>
</system-out>
</testcase>
<testcase name="Critical Requirement: Database (PostgreSQL with Connection Pooling) › Connection Pooling › Connection pool should recover after spike" classname="critical-requirements\database.spec.ts" time="0.29">
<system-out>
<![CDATA[✓ First spike succeeded (5 requests)
✓ Pool recovered - second spike succeeded (5 requests)
]]>
</system-out>
</testcase>
<testcase name="Critical Requirement: Database (PostgreSQL with Connection Pooling) › Data Persistence › Stored data should persist across requests" classname="critical-requirements\database.spec.ts" time="0.096">
<failure message="database.spec.ts:90:9 Stored data should persist across requests" type="FAILURE">
<![CDATA[  [firefox] › critical-requirements\database.spec.ts:90:9 › Critical Requirement: Database (PostgreSQL with Connection Pooling) › Data Persistence › Stored data should persist across requests 

    Error: expect(received).toBe(expected) // Object.is equality

    Expected: true
    Received: false

      114 |       });
      115 |
    > 116 |       expect(profileResponse.ok).toBe(true);
          |                                  ^
      117 |       expect(profileResponse.data?.email).toBe(email);
      118 |       console.log(`✓ User data persisted: ${email}`);
      119 |     });
        at C:\repos\patriotchat\apps\api-e2e\src\critical-requirements\database.spec.ts:116:34
]]>
</failure>
</testcase>
<testcase name="Critical Requirement: Database (PostgreSQL with Connection Pooling) › Data Persistence › Multiple database operations should maintain consistency" classname="critical-requirements\database.spec.ts" time="0.098">
<failure message="database.spec.ts:121:9 Multiple database operations should maintain consistency" type="FAILURE">
<![CDATA[  [firefox] › critical-requirements\database.spec.ts:121:9 › Critical Requirement: Database (PostgreSQL with Connection Pooling) › Data Persistence › Multiple database operations should maintain consistency 

    Error: expect(received).toBe(expected) // Object.is equality

    Expected: true
    Received: false

      147 |       });
      148 |
    > 149 |       expect(updateResponse.ok).toBe(true);
          |                                 ^
      150 |
      151 |       // Operation 3: Verify update
      152 |       const profileResponse = await apiRequest({
        at C:\repos\patriotchat\apps\api-e2e\src\critical-requirements\database.spec.ts:149:33
]]>
</failure>
</testcase>
<testcase name="Critical Requirement: Database (PostgreSQL with Connection Pooling) › Query Performance › Database queries should execute quickly" classname="critical-requirements\database.spec.ts" time="0.099">
<failure message="database.spec.ts:165:9 Database queries should execute quickly" type="FAILURE">
<![CDATA[  [firefox] › critical-requirements\database.spec.ts:165:9 › Critical Requirement: Database (PostgreSQL with Connection Pooling) › Query Performance › Database queries should execute quickly 

    Error: expect(received).toBe(expected) // Object.is equality

    Expected: true
    Received: false

      192 |       const queryTime = performance.now() - startTime;
      193 |
    > 194 |       expect(profileResponse.ok).toBe(true);
          |                                  ^
      195 |       expect(queryTime).toBeLessThan(500); // Should be under 500ms
      196 |       console.log(`✓ Query executed in ${queryTime.toFixed(2)}ms`);
      197 |     });
        at C:\repos\patriotchat\apps\api-e2e\src\critical-requirements\database.spec.ts:194:34
]]>
</failure>
</testcase>
<testcase name="Critical Requirement: Database (PostgreSQL with Connection Pooling) › Database Health › PostgreSQL connection should be healthy" classname="critical-requirements\database.spec.ts" time="0.034">
<failure message="database.spec.ts:201:9 PostgreSQL connection should be healthy" type="FAILURE">
<![CDATA[  [firefox] › critical-requirements\database.spec.ts:201:9 › Critical Requirement: Database (PostgreSQL with Connection Pooling) › Database Health › PostgreSQL connection should be healthy 

    Error: expect(received).toBeDefined()

    Received: undefined

      207 |
      208 |       expect(response.ok).toBe(true);
    > 209 |       expect(response.data?.database).toBeDefined();
          |                                       ^
      210 |       console.log(`✓ Database health: OK`);
      211 |     });
      212 |
        at C:\repos\patriotchat\apps\api-e2e\src\critical-requirements\database.spec.ts:209:39
]]>
</failure>
</testcase>
<testcase name="Critical Requirement: Database (PostgreSQL with Connection Pooling) › Database Health › Connection pool status should be available" classname="critical-requirements\database.spec.ts" time="0.038">
<failure message="database.spec.ts:213:9 Connection pool status should be available" type="FAILURE">
<![CDATA[  [firefox] › critical-requirements\database.spec.ts:213:9 › Critical Requirement: Database (PostgreSQL with Connection Pooling) › Database Health › Connection pool status should be available 

    Error: expect(received).toBe(expected) // Object.is equality

    Expected: true
    Received: false

      218 |       });
      219 |
    > 220 |       expect(response.ok).toBe(true);
          |                           ^
      221 |       expect(response.data?.poolSize).toBeDefined();
      222 |       expect(response.data?.activeConnections).toBeDefined();
      223 |       console.log(
        at C:\repos\patriotchat\apps\api-e2e\src\critical-requirements\database.spec.ts:220:27
]]>
</failure>
</testcase>
</testsuite>
<testsuite name="critical-requirements\llm-selector.spec.ts" timestamp="2026-02-04T04:02:11.480Z" hostname="firefox" tests="10" failures="6" skipped="0" time="0.662" errors="0">
<testcase name="Critical Requirement: LLM Model Selector › Model Availability › Should list available LLM models" classname="critical-requirements\llm-selector.spec.ts" time="0.036">
<system-out>
<![CDATA[✓ Available models: llama2, mistral, neural-chat
]]>
</system-out>
</testcase>
<testcase name="Critical Requirement: LLM Model Selector › Model Availability › Should include required models" classname="critical-requirements\llm-selector.spec.ts" time="0.038">
<system-out>
<![CDATA[✓ All required models present: llama2, mistral, neural-chat
]]>
</system-out>
</testcase>
<testcase name="Critical Requirement: LLM Model Selector › Model Availability › Model selector should be accessible via API" classname="critical-requirements\llm-selector.spec.ts" time="0.032">
<system-out>
<![CDATA[✓ Model selector API operational
]]>
</system-out>
</testcase>
<testcase name="Critical Requirement: LLM Model Selector › Model Selection › Should execute inference with llama2 model" classname="critical-requirements\llm-selector.spec.ts" time="0.074">
<failure message="llm-selector.spec.ts:57:9 Should execute inference with llama2 model" type="FAILURE">
<![CDATA[  [firefox] › critical-requirements\llm-selector.spec.ts:57:9 › Critical Requirement: LLM Model Selector › Model Selection › Should execute inference with llama2 model 

    Error: expect(received).toBe(expected) // Object.is equality

    Expected: true
    Received: false

      85 |       });
      86 |
    > 87 |       expect(queryResponse.ok).toBe(true);
         |                                ^
      88 |       expect(queryResponse.data?.response).toBeDefined();
      89 |       console.log(`✓ Inference successful with llama2 model`);
      90 |     });
        at C:\repos\patriotchat\apps\api-e2e\src\critical-requirements\llm-selector.spec.ts:87:32
]]>
</failure>
</testcase>
<testcase name="Critical Requirement: LLM Model Selector › Model Selection › Should execute inference with mistral model" classname="critical-requirements\llm-selector.spec.ts" time="0.102">
<failure message="llm-selector.spec.ts:92:9 Should execute inference with mistral model" type="FAILURE">
<![CDATA[  [firefox] › critical-requirements\llm-selector.spec.ts:92:9 › Critical Requirement: LLM Model Selector › Model Selection › Should execute inference with mistral model 

    Error: expect(received).toBe(expected) // Object.is equality

    Expected: true
    Received: false

      120 |       });
      121 |
    > 122 |       expect(queryResponse.ok).toBe(true);
          |                                ^
      123 |       expect(queryResponse.data?.response).toBeDefined();
      124 |       console.log(`✓ Inference successful with mistral model`);
      125 |     });
        at C:\repos\patriotchat\apps\api-e2e\src\critical-requirements\llm-selector.spec.ts:122:32
]]>
</failure>
</testcase>
<testcase name="Critical Requirement: LLM Model Selector › Model Selection › Should execute inference with neural-chat model" classname="critical-requirements\llm-selector.spec.ts" time="0.11">
<failure message="llm-selector.spec.ts:127:9 Should execute inference with neural-chat model" type="FAILURE">
<![CDATA[  [firefox] › critical-requirements\llm-selector.spec.ts:127:9 › Critical Requirement: LLM Model Selector › Model Selection › Should execute inference with neural-chat model 

    Error: expect(received).toBe(expected) // Object.is equality

    Expected: true
    Received: false

      155 |       });
      156 |
    > 157 |       expect(queryResponse.ok).toBe(true);
          |                                ^
      158 |       expect(queryResponse.data?.response).toBeDefined();
      159 |       console.log(`✓ Inference successful with neural-chat model`);
      160 |     });
        at C:\repos\patriotchat\apps\api-e2e\src\critical-requirements\llm-selector.spec.ts:157:32
]]>
</failure>
</testcase>
<testcase name="Critical Requirement: LLM Model Selector › Model Configuration › Should handle invalid model gracefully" classname="critical-requirements\llm-selector.spec.ts" time="0.106">
<failure message="llm-selector.spec.ts:164:9 Should handle invalid model gracefully" type="FAILURE">
<![CDATA[  [firefox] › critical-requirements\llm-selector.spec.ts:164:9 › Critical Requirement: LLM Model Selector › Model Configuration › Should handle invalid model gracefully 

    Error: expect(received).toBe(expected) // Object.is equality

    Expected: 400
    Received: 404

      193 |
      194 |       expect(queryResponse.ok).toBe(false);
    > 195 |       expect(queryResponse.status).toBe(400);
          |                                    ^
      196 |       console.log(
      197 |         `✓ Invalid model rejected with status ${queryResponse.status}`,
      198 |       );
        at C:\repos\patriotchat\apps\api-e2e\src\critical-requirements\llm-selector.spec.ts:195:36
]]>
</failure>
</testcase>
<testcase name="Critical Requirement: LLM Model Selector › Model Configuration › Model metadata should be available" classname="critical-requirements\llm-selector.spec.ts" time="0.03">
<failure message="llm-selector.spec.ts:201:9 Model metadata should be available" type="FAILURE">
<![CDATA[  [firefox] › critical-requirements\llm-selector.spec.ts:201:9 › Critical Requirement: LLM Model Selector › Model Configuration › Model metadata should be available 

    Error: expect(received).toBe(expected) // Object.is equality

    Expected: true
    Received: false

      206 |       });
      207 |
    > 208 |       expect(response.ok).toBe(true);
          |                           ^
      209 |       expect(response.data?.models).toBeDefined();
      210 |       expect(Array.isArray(response.data?.models)).toBe(true);
      211 |
        at C:\repos\patriotchat\apps\api-e2e\src\critical-requirements\llm-selector.spec.ts:208:27
]]>
</failure>
</testcase>
<testcase name="Critical Requirement: LLM Model Selector › Frontend Integration › Model selector should be available on frontend" classname="critical-requirements\llm-selector.spec.ts" time="0.03">
<system-out>
<![CDATA[✓ Model selector backend API available for frontend integration
]]>
</system-out>
</testcase>
<testcase name="Critical Requirement: LLM Model Selector › Frontend Integration › Should support model switching during session" classname="critical-requirements\llm-selector.spec.ts" time="0.104">
<failure message="llm-selector.spec.ts:240:9 Should support model switching during session" type="FAILURE">
<![CDATA[  [firefox] › critical-requirements\llm-selector.spec.ts:240:9 › Critical Requirement: LLM Model Selector › Frontend Integration › Should support model switching during session 

    Error: expect(received).toBe(expected) // Object.is equality

    Expected: true
    Received: false

      268 |       });
      269 |
    > 270 |       expect(query1.ok).toBe(true);
          |                         ^
      271 |
      272 |       // Query with model 2 (switch)
      273 |       const query2 = await apiRequest({
        at C:\repos\patriotchat\apps\api-e2e\src\critical-requirements\llm-selector.spec.ts:270:25
]]>
</failure>
</testcase>
</testsuite>
<testsuite name="critical-requirements\performance.spec.ts" timestamp="2026-02-04T04:02:11.480Z" hostname="firefox" tests="8" failures="6" skipped="0" time="0.161" errors="0">
<testcase name="Critical Requirement: Performance (Auth &lt; 100ms) › Service Latency › Auth service should respond in under 100ms" classname="critical-requirements\performance.spec.ts" time="0.006">
<failure message="performance.spec.ts:7:9 Auth service should respond in under 100ms" type="FAILURE">
<![CDATA[  [firefox] › critical-requirements\performance.spec.ts:7:9 › Critical Requirement: Performance (Auth < 100ms) › Service Latency › Auth service should respond in under 100ms 

    Error: expect(received).toBe(expected) // Object.is equality

    Expected: true
    Received: false

      12 |       });
      13 |
    > 14 |       expect(response.ok).toBe(true);
         |                           ^
      15 |       expect(latency).toBeLessThan(TEST_DATA.PERFORMANCE_THRESHOLD_MS);
      16 |       console.log(`✓ Auth latency: ${latency.toFixed(2)}ms`);
      17 |     });
        at C:\repos\patriotchat\apps\api-e2e\src\critical-requirements\performance.spec.ts:14:27
]]>
</failure>
</testcase>
<testcase name="Critical Requirement: Performance (Auth &lt; 100ms) › Service Latency › API Gateway should respond in under 100ms" classname="critical-requirements\performance.spec.ts" time="0.008">
<system-out>
<![CDATA[✓ Gateway latency: 4.70ms
]]>
</system-out>
</testcase>
<testcase name="Critical Requirement: Performance (Auth &lt; 100ms) › Service Latency › Funding service should respond in under 100ms" classname="critical-requirements\performance.spec.ts" time="0.033">
<failure message="performance.spec.ts:31:9 Funding service should respond in under 100ms" type="FAILURE">
<![CDATA[  [firefox] › critical-requirements\performance.spec.ts:31:9 › Critical Requirement: Performance (Auth < 100ms) › Service Latency › Funding service should respond in under 100ms 

[...]
<failure message="resilience-and-recovery.spec.ts:338:9 Should track inference requests with correct user context" type="FAILURE">
<![CDATA[  [webkit] › workflows\resilience-and-recovery.spec.ts:338:9 › E2E Resilience & Error Recovery › Data Consistency Across Services › Should track inference requests with correct user context 

    Error: expect(received).toBe(expected) // Object.is equality

    Expected: true
    Received: false

      369 |       });
      370 |
    > 371 |       expect(queryResponse.ok).toBe(true);
          |                                ^
      372 |       console.log(`✓ Inference query executed with user context`);
      373 |
      374 |       // Verify query is tracked with correct user
        at C:\repos\patriotchat\apps\api-e2e\src\workflows\resilience-and-recovery.spec.ts:371:32
]]>
</failure>
</testcase>
<testcase name="E2E Resilience &amp; Error Recovery › Service Failure Isolation › Should continue functioning when non-critical service is slow" classname="workflows\resilience-and-recovery.spec.ts" time="0.146">
<system-out>
<![CDATA[✓ Registration succeeded (independent of analytics service)
✓ Login succeeded (independent of analytics service)
]]>
</system-out>
</testcase>
<testcase name="E2E Resilience &amp; Error Recovery › Service Failure Isolation › Should gracefully degrade when LLM service is unavailable" classname="workflows\resilience-and-recovery.spec.ts" time="0.095">
<failure message="resilience-and-recovery.spec.ts:425:9 Should gracefully degrade when LLM service is unavailable" type="FAILURE">
<![CDATA[  [webkit] › workflows\resilience-and-recovery.spec.ts:425:9 › E2E Resilience & Error Recovery › Service Failure Isolation › Should gracefully degrade when LLM service is unavailable 

    Error: expect(received).toBe(expected) // Object.is equality

    Expected: true
    Received: false

      461 |           inferenceResponse.status === 503 ||
      462 |           inferenceResponse.status === 502
    > 463 |       ).toBe(true);
          |         ^
      464 |
      465 |       if (!inferenceResponse.ok) {
      466 |         console.log(
        at C:\repos\patriotchat\apps\api-e2e\src\workflows\resilience-and-recovery.spec.ts:463:9
]]>
</failure>
<system-out>
<![CDATA[✓ User registered (auth service operational)
]]>
</system-out>
</testcase>
<testcase name="E2E Resilience &amp; Error Recovery › Session &amp; Token Management › Should maintain session across multiple requests" classname="workflows\resilience-and-recovery.spec.ts" time="0.079">
<failure message="resilience-and-recovery.spec.ts:476:9 Should maintain session across multiple requests" type="FAILURE">
<![CDATA[  [webkit] › workflows\resilience-and-recovery.spec.ts:476:9 › E2E Resilience & Error Recovery › Session & Token Management › Should maintain session across multiple requests 

    Error: expect(received).toBe(expected) // Object.is equality

    Expected: true
    Received: false

      506 |         });
      507 |
    > 508 |         expect(response.ok).toBe(true);
          |                             ^
      509 |         console.log(`✓ Request ${i + 1} with same token succeeded`);
      510 |       }
      511 |
        at C:\repos\patriotchat\apps\api-e2e\src\workflows\resilience-and-recovery.spec.ts:508:29
]]>
</failure>
</testcase>
<testcase name="E2E Resilience &amp; Error Recovery › Session &amp; Token Management › Should prevent token reuse after expiration" classname="workflows\resilience-and-recovery.spec.ts" time="0.089">
<failure message="resilience-and-recovery.spec.ts:515:9 Should prevent token reuse after expiration" type="FAILURE">
<![CDATA[  [webkit] › workflows\resilience-and-recovery.spec.ts:515:9 › E2E Resilience & Error Recovery › Session & Token Management › Should prevent token reuse after expiration 

    Error: expect(received).toBe(expected) // Object.is equality

    Expected: true
    Received: false

      539 |       });
      540 |
    > 541 |       expect(immediateResponse.ok).toBe(true);
          |                                    ^
      542 |       console.log(`✓ Valid token accepted`);
      543 |
      544 |       // After expiration, token should be rejected
        at C:\repos\patriotchat\apps\api-e2e\src\workflows\resilience-and-recovery.spec.ts:541:36
]]>
</failure>
</testcase>
</testsuite>
<testsuite name="workflows\telemetry-validation.spec.ts" timestamp="2026-02-04T04:02:11.480Z" hostname="webkit" tests="14" failures="5" skipped="0" time="1.107" errors="0">
<testcase name="E2E Telemetry &amp; WebSocket Validation › Event Telemetry Pipeline › Should capture user registration events" classname="workflows\telemetry-validation.spec.ts" time="0.095">
<system-out>
<![CDATA[✓ Registration event should be captured: undefined
✓ Registration event telemetry accessible
]]>
</system-out>
</testcase>
<testcase name="E2E Telemetry &amp; WebSocket Validation › Event Telemetry Pipeline › Should capture authentication events" classname="workflows\telemetry-validation.spec.ts" time="0.164">
<system-out>
<![CDATA[✓ Login event should be captured
✓ Authentication event telemetry recorded
]]>
</system-out>
</testcase>
<testcase name="E2E Telemetry &amp; WebSocket Validation › Event Telemetry Pipeline › Should capture inference execution events" classname="workflows\telemetry-validation.spec.ts" time="0.098">
<failure message="telemetry-validation.spec.ts:79:9 Should capture inference execution events" type="FAILURE">
<![CDATA[  [webkit] › workflows\telemetry-validation.spec.ts:79:9 › E2E Telemetry & WebSocket Validation › Event Telemetry Pipeline › Should capture inference execution events 

    Error: expect(received).toBe(expected) // Object.is equality

    Expected: true
    Received: false

      109 |       });
      110 |
    > 111 |       expect(inferenceResponse.ok).toBe(true);
          |                                    ^
      112 |       console.log(`✓ Inference event executed`);
      113 |
      114 |       // Verify telemetry captured
        at C:\repos\patriotchat\apps\api-e2e\src\workflows\telemetry-validation.spec.ts:111:36
]]>
</failure>
</testcase>
<testcase name="E2E Telemetry &amp; WebSocket Validation › Event Telemetry Pipeline › Should batch analytics events efficiently" classname="workflows\telemetry-validation.spec.ts" time="0.104">
<system-out>
<![CDATA[✓ Multiple analytics events accepted
✓ Analytics batch processing verified
]]>
</system-out>
</testcase>
<testcase name="E2E Telemetry &amp; WebSocket Validation › Telemetry Data Quality › Should include required telemetry fields" classname="workflows\telemetry-validation.spec.ts" time="0.06">
<failure message="telemetry-validation.spec.ts:177:9 Should include required telemetry fields" type="FAILURE">
<![CDATA[  [webkit] › workflows\telemetry-validation.spec.ts:177:9 › E2E Telemetry & WebSocket Validation › Telemetry Data Quality › Should include required telemetry fields 

    Error: expect(received).toBeDefined()

    Received: undefined

      194 |
      195 |       // Response should contain user ID for tracking
    > 196 |       expect(userId).toBeDefined();
          |                      ^
      197 |       expect(typeof userId).toBe('string');
      198 |       console.log(`✓ Telemetry user ID present in response`);
      199 |     });
        at C:\repos\patriotchat\apps\api-e2e\src\workflows\telemetry-validation.spec.ts:196:22
]]>
</failure>
</testcase>
<testcase name="E2E Telemetry &amp; WebSocket Validation › Telemetry Data Quality › Should handle invalid telemetry gracefully" classname="workflows\telemetry-validation.spec.ts" time="0.036">
<system-out>
<![CDATA[✓ Invalid telemetry event handled gracefully (status: 202)
]]>
</system-out>
</testcase>
<testcase name="E2E Telemetry &amp; WebSocket Validation › Telemetry Data Quality › Should correlate events with user session" classname="workflows\telemetry-validation.spec.ts" time="0.101">
<failure message="telemetry-validation.spec.ts:221:9 Should correlate events with user session" type="FAILURE">
<![CDATA[  [webkit] › workflows\telemetry-validation.spec.ts:221:9 › E2E Telemetry & WebSocket Validation › Telemetry Data Quality › Should correlate events with user session 

    Error: expect(received).toBe(expected) // Object.is equality

    Expected: true
    Received: false

      251 |       });
      252 |
    > 253 |       expect(inferenceResponse.ok).toBe(true);
          |                                    ^
      254 |       console.log(`✓ Session-correlated event executed`);
      255 |
      256 |       // Verify all events are associated with same user
        at C:\repos\patriotchat\apps\api-e2e\src\workflows\telemetry-validation.spec.ts:253:36
]]>
</failure>
</testcase>
<testcase name="E2E Telemetry &amp; WebSocket Validation › Telemetry Performance › Should not block main request for telemetry" classname="workflows\telemetry-validation.spec.ts" time="0.059">
<system-out>
<![CDATA[✓ Registration completed in 57ms (telemetry non-blocking)
]]>
</system-out>
</testcase>
<testcase name="E2E Telemetry &amp; WebSocket Validation › Telemetry Performance › Should handle high-volume analytics events" classname="workflows\telemetry-validation.spec.ts" time="0.118">
<system-out>
<![CDATA[✓ High-volume analytics events handled successfully
]]>
</system-out>
</testcase>
<testcase name="E2E Telemetry &amp; WebSocket Validation › WebSocket Stability (Real-time Events) › Should maintain health status endpoint" classname="workflows\telemetry-validation.spec.ts" time="0.008">
<system-out>
<![CDATA[✓ Health endpoint operational
]]>
</system-out>
</testcase>
<testcase name="E2E Telemetry &amp; WebSocket Validation › WebSocket Stability (Real-time Events) › Should report ready status when dependencies available" classname="workflows\telemetry-validation.spec.ts" time="0.006">
<failure message="telemetry-validation.spec.ts:352:9 Should report ready status when dependencies available" type="FAILURE">
<![CDATA[  [webkit] › workflows\telemetry-validation.spec.ts:352:9 › E2E Telemetry & WebSocket Validation › WebSocket Stability (Real-time Events) › Should report ready status when dependencies available 

    Error: expect(received).toBeLessThan(expected)

    Expected: < 500
    Received:   500

      358 |
      359 |       // Should be ready or not ready, but endpoint should exist
    > 360 |       expect(readyResponse.status).toBeLessThan(500);
          |                                    ^
      361 |       console.log(`✓ Readiness check available (status: ${readyResponse.status})`);
      362 |     });
      363 |
        at C:\repos\patriotchat\apps\api-e2e\src\workflows\telemetry-validation.spec.ts:360:36
]]>
</failure>
</testcase>
<testcase name="E2E Telemetry &amp; WebSocket Validation › WebSocket Stability (Real-time Events) › Should provide consistent health metrics" classname="workflows\telemetry-validation.spec.ts" time="0.049">
<system-out>
<![CDATA[✓ Consistent health metrics across checks
]]>
</system-out>
</testcase>
<testcase name="E2E Telemetry &amp; WebSocket Validation › WebSocket Stability (Real-time Events) › Should handle telemetry service connection" classname="workflows\telemetry-validation.spec.ts" time="0.073">
<system-out>
<![CDATA[✓ Telemetry service connection maintained during registration
✓ Telemetry service operational
]]>
</system-out>
</testcase>
<testcase name="E2E Telemetry &amp; WebSocket Validation › End-to-End Message Flow › Should flow events through complete pipeline" classname="workflows\telemetry-validation.spec.ts" time="0.136">
<failure message="telemetry-validation.spec.ts:417:9 Should flow events through complete pipeline" type="FAILURE">
<![CDATA[  [webkit] › workflows\telemetry-validation.spec.ts:417:9 › E2E Telemetry & WebSocket Validation › End-to-End Message Flow › Should flow events through complete pipeline 

    Error: expect(received).toBe(expected) // Object.is equality

    Expected: true
    Received: false

      462 |       });
      463 |
    > 464 |       expect(inferenceResponse.ok).toBe(true);
          |                                    ^
      465 |       console.log(`✓ Step 3: Inference executed`);
      466 |
      467 |       // 4. Verify analytics tracked all events
        at C:\repos\patriotchat\apps\api-e2e\src\workflows\telemetry-validation.spec.ts:464:36
]]>
</failure>
<system-out>
<![CDATA[✓ Step 1: User registered
✓ Step 2: User logged in
]]>
</system-out>
</testcase>
</testsuite>
<testsuite name="workflows\user-journey.spec.ts" timestamp="2026-02-04T04:02:11.480Z" hostname="webkit" tests="9" failures="7" skipped="0" time="0.83" errors="0">
<testcase name="E2E Workflows › User Registration &amp; Login Flow › Should complete full registration workflow" classname="workflows\user-journey.spec.ts" time="0.086">
<failure message="user-journey.spec.ts:7:9 Should complete full registration workflow" type="FAILURE">
<![CDATA[  [webkit] › workflows\user-journey.spec.ts:7:9 › E2E Workflows › User Registration & Login Flow › Should complete full registration workflow 

    Error: expect(received).toBeDefined()

    Received: undefined

      21 |
      22 |       expect(registerResponse.ok).toBe(true);
    > 23 |       expect(registerResponse.data?.userId).toBeDefined();
         |                                             ^
      24 |       expect(registerResponse.data?.token).toBeDefined();
      25 |       console.log(`✓ User registered: ${testUser.email}`);
      26 |
        at C:\repos\patriotchat\apps\api-e2e\src\workflows\user-journey.spec.ts:23:45
]]>
</failure>
</testcase>
<testcase name="E2E Workflows › User Registration &amp; Login Flow › Should complete full login workflow" classname="workflows\user-journey.spec.ts" time="0.148">
<failure message="user-journey.spec.ts:43:9 Should complete full login workflow" type="FAILURE">
<![CDATA[  [webkit] › workflows\user-journey.spec.ts:43:9 › E2E Workflows › User Registration & Login Flow › Should complete full login workflow 

    Error: expect(received).toBe(expected) // Object.is equality

    Expected: true
    Received: false

      84 |       });
      85 |
    > 86 |       expect(profileResponse.ok).toBe(true);
         |                                  ^
      87 |       console.log(`✓ Authenticated request successful`);
      88 |     });
      89 |   });
        at C:\repos\patriotchat\apps\api-e2e\src\workflows\user-journey.spec.ts:86:34
]]>
</failure>
<system-out>
<![CDATA[✓ User registered
✓ User logged in successfully
]]>
</system-out>
</testcase>
<testcase name="E2E Workflows › Query &amp; Inference Workflow › Should execute complete query workflow" classname="workflows\user-journey.spec.ts" time="0.072">
<failure message="user-journey.spec.ts:92:9 Should execute complete query workflow" type="FAILURE">
<![CDATA[  [webkit] › workflows\user-journey.spec.ts:92:9 › E2E Workflows › Query & Inference Workflow › Should execute complete query workflow 

    Error: expect(received).toBe(expected) // Object.is equality

    Expected: true
    Received: false

      122 |       });
      123 |
    > 124 |       expect(queryResponse.ok).toBe(true);
          |                                ^
      125 |       expect(queryResponse.data?.response).toBeDefined();
      126 |       console.log(`✓ Inference executed with ${testQuery.model}`);
      127 |
        at C:\repos\patriotchat\apps\api-e2e\src\workflows\user-journey.spec.ts:124:32
]]>
</failure>
<system-out>
<![CDATA[✓ User authenticated
]]>
</system-out>
</testcase>
<testcase name="E2E Workflows › Query &amp; Inference Workflow › Should support multiple queries in session" classname="workflows\user-journey.spec.ts" time="0.071">
<failure message="user-journey.spec.ts:139:9 Should support multiple queries in session" type="FAILURE">
<![CDATA[  [webkit] › workflows\user-journey.spec.ts:139:9 › E2E Workflows › Query & Inference Workflow › Should support multiple queries in session 

    Error: expect(received).toBe(expected) // Object.is equality

    Expected: true
    Received: false

      174 |         });
      175 |
    > 176 |         expect(queryResponse.ok).toBe(true);
          |                                  ^
      177 |         queryResults.push(queryResponse.data);
      178 |         console.log(`✓ Query ${i + 1} executed with ${query.model}`);
      179 |       }
        at C:\repos\patriotchat\apps\api-e2e\src\workflows\user-journey.spec.ts:176:34
]]>
</failure>
</testcase>
<testcase name="E2E Workflows › Cross-Service Integration › Should coordinate between auth and inference services" classname="workflows\user-journey.spec.ts" time="0.089">
<failure message="user-journey.spec.ts:197:9 Should coordinate between auth and inference services" type="FAILURE">
<![CDATA[  [webkit] › workflows\user-journey.spec.ts:197:9 › E2E Workflows › Cross-Service Integration › Should coordinate between auth and inference services 

    Error: expect(received).toBe(expected) // Object.is equality

    Expected: true
    Received: false

      226 |       });
      227 |
    > 228 |       expect(queryResponse.ok).toBe(true);
          |                                ^
      229 |       console.log(`✓ LLM service: Query executed`);
      230 |
      231 |       // Step 3: Analytics service - Track
        at C:\repos\patriotchat\apps\api-e2e\src\workflows\user-journey.spec.ts:228:32
]]>
</failure>
<system-out>
<![CDATA[✓ Auth service: User registered
]]>
</system-out>
</testcase>
<testcase name="E2E Workflows › Cross-Service Integration › Should maintain session across services" classname="workflows\user-journey.spec.ts" time="0.09">
<failure message="user-journey.spec.ts:242:9 Should maintain session across services" type="FAILURE">
<![CDATA[  [webkit] › workflows\user-journey.spec.ts:242:9 › E2E Workflows › Cross-Service Integration › Should maintain session across services 

    Error: expect(received).toBe(expected) // Object.is equality

    Expected: true
    Received: false

      267 |       });
      268 |
    > 269 |       expect(authCheck.ok).toBe(true);
          |                            ^
      270 |
      271 |       const query = await apiRequest({
      272 |         method: 'POST',
        at C:\repos\patriotchat\apps\api-e2e\src\workflows\user-journey.spec.ts:269:28
]]>
</failure>
</testcase>
<testcase name="E2E Workflows › Error Handling &amp; Recovery › Should handle invalid credentials gracefully" classname="workflows\user-journey.spec.ts" time="0.133">
<system-out>
<![CDATA[✓ Invalid credentials rejected (status: 401)
]]>
</system-out>
</testcase>
<testcase name="E2E Workflows › Error Handling &amp; Recovery › Should recover from service failures" classname="workflows\user-journey.spec.ts" time="0.069">
<system-out>
<![CDATA[✓ Service handled response appropriately (status: 404)
]]>
</system-out>
</testcase>
<testcase name="E2E Workflows › Error Handling &amp; Recovery › Should handle invalid requests properly" classname="workflows\user-journey.spec.ts" time="0.072">
<failure message="user-journey.spec.ts:370:9 Should handle invalid requests properly" type="FAILURE">
<![CDATA[  [webkit] › workflows\user-journey.spec.ts:370:9 › E2E Workflows › Error Handling & Recovery › Should handle invalid requests properly 

    Error: expect(received).toBe(expected) // Object.is equality

    Expected: 400
    Received: 404

      398 |
      399 |       expect(invalidQuery.ok).toBe(false);
    > 400 |       expect(invalidQuery.status).toBe(400);
          |                                   ^
      401 |       console.log(
      402 |         `✓ Invalid request rejected (status: ${invalidQuery.status})`,
      403 |       );
        at C:\repos\patriotchat\apps\api-e2e\src\workflows\user-journey.spec.ts:400:35
]]>
</failure>
</testcase>
</testsuite>
</testsuites>