<testsuites id="" name="" tests="294" failures="202" skipped="24" errors="0" time="547.3731280000001">
<testsuite name="critical-requirements\audit-trail.spec.ts" timestamp="2026-02-06T03:04:11.257Z" hostname="chromium" tests="5" failures="5" skipped="0" time="1.689" errors="0">
<testcase name="Critical Requirement: Audit Trail (Immutable PostgreSQL Logs) › User Action Logging › Should log user registration" classname="critical-requirements\audit-trail.spec.ts" time="0.334">
<failure message="audit-trail.spec.ts:7:9 Should log user registration" type="FAILURE">
<![CDATA[  [chromium] › critical-requirements\audit-trail.spec.ts:7:9 › Critical Requirement: Audit Trail (Immutable PostgreSQL Logs) › User Action Logging › Should log user registration 

    Error: expect(received).toBe(expected) // Object.is equality

    Expected: true
    Received: false

      19 |       });
      20 |
    > 21 |       expect(registerResponse.ok).toBe(true);
         |                                   ^
      22 |       expect(registerResponse.data?.userId).toBeDefined();
      23 |       console.log(`✓ Registration logged for user: ${testUser.email}`);
      24 |
        at C:\repos\patriotchat\apps\api-e2e\src\critical-requirements\audit-trail.spec.ts:21:35
]]>
</failure>
</testcase>
<testcase name="Critical Requirement: Audit Trail (Immutable PostgreSQL Logs) › User Action Logging › Should log user login" classname="critical-requirements\audit-trail.spec.ts" time="0.346">
<failure message="audit-trail.spec.ts:39:9 Should log user login" type="FAILURE">
<![CDATA[  [chromium] › critical-requirements\audit-trail.spec.ts:39:9 › Critical Requirement: Audit Trail (Immutable PostgreSQL Logs) › User Action Logging › Should log user login 

    Error: expect(received).toBe(expected) // Object.is equality

    Expected: true
    Received: false

      52 |       });
      53 |
    > 54 |       expect(registerResponse.ok).toBe(true);
         |                                   ^
      55 |
      56 |       // Login
      57 |       const loginResponse = await apiRequest({
        at C:\repos\patriotchat\apps\api-e2e\src\critical-requirements\audit-trail.spec.ts:54:35
]]>
</failure>
</testcase>
<testcase name="Critical Requirement: Audit Trail (Immutable PostgreSQL Logs) › Query Tracking › Should track LLM inference queries" classname="critical-requirements\audit-trail.spec.ts" time="0.337">
<failure message="audit-trail.spec.ts:87:9 Should track LLM inference queries" type="FAILURE">
<![CDATA[  [chromium] › critical-requirements\audit-trail.spec.ts:87:9 › Critical Requirement: Audit Trail (Immutable PostgreSQL Logs) › Query Tracking › Should track LLM inference queries 

    Error: expect(received).toBe(expected) // Object.is equality

    Expected: true
    Received: false

      100 |       });
      101 |
    > 102 |       expect(registerResponse.ok).toBe(true);
          |                                   ^
      103 |       const token = registerResponse.data?.token;
      104 |
      105 |       // Make inference request
        at C:\repos\patriotchat\apps\api-e2e\src\critical-requirements\audit-trail.spec.ts:102:35
]]>
</failure>
</testcase>
<testcase name="Critical Requirement: Audit Trail (Immutable PostgreSQL Logs) › Log Integrity › Logs should be immutable (no modification possible)" classname="critical-requirements\audit-trail.spec.ts" time="0.339">
<failure message="audit-trail.spec.ts:133:9 Logs should be immutable (no modification possible)" type="FAILURE">
<![CDATA[  [chromium] › critical-requirements\audit-trail.spec.ts:133:9 › Critical Requirement: Audit Trail (Immutable PostgreSQL Logs) › Log Integrity › Logs should be immutable (no modification possible) 

    Error: expect(received).toBe(expected) // Object.is equality

    Expected: true
    Received: false

      147 |       });
      148 |
    > 149 |       expect(registerResponse.ok).toBe(true);
          |                                   ^
      150 |       const userId = registerResponse.data?.userId;
      151 |
      152 |       // Attempt to modify audit log (should fail)
        at C:\repos\patriotchat\apps\api-e2e\src\critical-requirements\audit-trail.spec.ts:149:35
]]>
</failure>
</testcase>
<testcase name="Critical Requirement: Audit Trail (Immutable PostgreSQL Logs) › Log Integrity › All audit operations should be timestamped" classname="critical-requirements\audit-trail.spec.ts" time="0.333">
<failure message="audit-trail.spec.ts:167:9 All audit operations should be timestamped" type="FAILURE">
<![CDATA[  [chromium] › critical-requirements\audit-trail.spec.ts:167:9 › Critical Requirement: Audit Trail (Immutable PostgreSQL Logs) › Log Integrity › All audit operations should be timestamped 

    Error: expect(received).toBe(expected) // Object.is equality

    Expected: true
    Received: false

      179 |       });
      180 |
    > 181 |       expect(registerResponse.ok).toBe(true);
          |                                   ^
      182 |
      183 |       // Get audit logs
      184 |       const auditResponse = await apiRequest({
        at C:\repos\patriotchat\apps\api-e2e\src\critical-requirements\audit-trail.spec.ts:181:35
]]>
</failure>
</testcase>
</testsuite>
<testsuite name="critical-requirements\database.spec.ts" timestamp="2026-02-06T03:04:11.257Z" hostname="chromium" tests="7" failures="7" skipped="0" time="1.865" errors="0">
<testcase name="Critical Requirement: Database (PostgreSQL with Connection Pooling) › Connection Pooling › Should handle concurrent requests efficiently" classname="critical-requirements\database.spec.ts" time="0.368">
<failure message="database.spec.ts:7:9 Should handle concurrent requests efficiently" type="FAILURE">
<![CDATA[  [chromium] › critical-requirements\database.spec.ts:7:9 › Critical Requirement: Database (PostgreSQL with Connection Pooling) › Connection Pooling › Should handle concurrent requests efficiently 

    Error: expect(received).toBe(expected) // Object.is equality

    Expected: 10
    Received: 0

      31 |       // Verify all succeeded
      32 |       const successCount = results.filter((r) => r.ok).length;
    > 33 |       expect(successCount).toBe(TEST_DATA.CONCURRENT_REQUEST_COUNT);
         |                            ^
      34 |       console.log(
      35 |         `✓ All ${TEST_DATA.CONCURRENT_REQUEST_COUNT} concurrent requests succeeded`,
      36 |       );
        at C:\repos\patriotchat\apps\api-e2e\src\critical-requirements\database.spec.ts:33:28
]]>
</failure>
</testcase>
<testcase name="Critical Requirement: Database (PostgreSQL with Connection Pooling) › Connection Pooling › Connection pool should recover after spike" classname="critical-requirements\database.spec.ts" time="0.356">
<failure message="database.spec.ts:39:9 Connection pool should recover after spike" type="FAILURE">
<![CDATA[  [chromium] › critical-requirements\database.spec.ts:39:9 › Critical Requirement: Database (PostgreSQL with Connection Pooling) › Connection Pooling › Connection pool should recover after spike 

    Error: expect(received).toBe(expected) // Object.is equality

    Expected: true
    Received: false

      57 |
      58 |       const spike1Results = await Promise.all(spike1);
    > 59 |       expect(spike1Results.every((r) => r.ok)).toBe(true);
         |                                                ^
      60 |       console.log(`✓ First spike succeeded (5 requests)`);
      61 |
      62 |       // Small delay
        at C:\repos\patriotchat\apps\api-e2e\src\critical-requirements\database.spec.ts:59:48
]]>
</failure>
</testcase>
<testcase name="Critical Requirement: Database (PostgreSQL with Connection Pooling) › Data Persistence › Stored data should persist across requests" classname="critical-requirements\database.spec.ts" time="0.351">
<failure message="database.spec.ts:90:9 Stored data should persist across requests" type="FAILURE">
<![CDATA[  [chromium] › critical-requirements\database.spec.ts:90:9 › Critical Requirement: Database (PostgreSQL with Connection Pooling) › Data Persistence › Stored data should persist across requests 

    Error: expect(received).toBe(expected) // Object.is equality

    Expected: true
    Received: false

      103 |       });
      104 |
    > 105 |       expect(registerResponse.ok).toBe(true);
          |                                   ^
      106 |       const userId = registerResponse.data?.userId;
      107 |       const email = registerResponse.data?.email;
      108 |
        at C:\repos\patriotchat\apps\api-e2e\src\critical-requirements\database.spec.ts:105:35
]]>
</failure>
</testcase>
<testcase name="Critical Requirement: Database (PostgreSQL with Connection Pooling) › Data Persistence › Multiple database operations should maintain consistency" classname="critical-requirements\database.spec.ts" time="0.36">
<failure message="database.spec.ts:121:9 Multiple database operations should maintain consistency" type="FAILURE">
<![CDATA[  [chromium] › critical-requirements\database.spec.ts:121:9 › Critical Requirement: Database (PostgreSQL with Connection Pooling) › Data Persistence › Multiple database operations should maintain consistency 

    Error: expect(received).toBe(expected) // Object.is equality

    Expected: true
    Received: false

      134 |       });
      135 |
    > 136 |       expect(registerResponse.ok).toBe(true);
          |                                   ^
      137 |       const userId = registerResponse.data?.userId;
      138 |
      139 |       // Operation 2: Update profile
        at C:\repos\patriotchat\apps\api-e2e\src\critical-requirements\database.spec.ts:136:35
]]>
</failure>
</testcase>
<testcase name="Critical Requirement: Database (PostgreSQL with Connection Pooling) › Query Performance › Database queries should execute quickly" classname="critical-requirements\database.spec.ts" time="0.362">
<failure message="database.spec.ts:165:9 Database queries should execute quickly" type="FAILURE">
<![CDATA[  [chromium] › critical-requirements\database.spec.ts:165:9 › Critical Requirement: Database (PostgreSQL with Connection Pooling) › Query Performance › Database queries should execute quickly 

    Error: expect(received).toBe(expected) // Object.is equality

    Expected: true
    Received: false

      178 |       });
      179 |
    > 180 |       expect(registerResponse.ok).toBe(true);
          |                                   ^
      181 |       const userId = registerResponse.data?.userId;
      182 |
      183 |       // Measure query performance
        at C:\repos\patriotchat\apps\api-e2e\src\critical-requirements\database.spec.ts:180:35
]]>
</failure>
</testcase>
<testcase name="Critical Requirement: Database (PostgreSQL with Connection Pooling) › Database Health › PostgreSQL connection should be healthy" classname="critical-requirements\database.spec.ts" time="0.034">
<failure message="database.spec.ts:201:9 PostgreSQL connection should be healthy" type="FAILURE">
<![CDATA[  [chromium] › critical-requirements\database.spec.ts:201:9 › Critical Requirement: Database (PostgreSQL with Connection Pooling) › Database Health › PostgreSQL connection should be healthy 

    Error: expect(received).toBeDefined()

    Received: undefined

      207 |
      208 |       expect(response.ok).toBe(true);
    > 209 |       expect(response.data?.database).toBeDefined();
          |                                       ^
      210 |       console.log(`✓ Database health: OK`);
      211 |     });
      212 |
        at C:\repos\patriotchat\apps\api-e2e\src\critical-requirements\database.spec.ts:209:39
]]>
</failure>
</testcase>
<testcase name="Critical Requirement: Database (PostgreSQL with Connection Pooling) › Database Health › Connection pool status should be available" classname="critical-requirements\database.spec.ts" time="0.034">
<failure message="database.spec.ts:213:9 Connection pool status should be available" type="FAILURE">
<![CDATA[  [chromium] › critical-requirements\database.spec.ts:213:9 › Critical Requirement: Database (PostgreSQL with Connection Pooling) › Database Health › Connection pool status should be available 

    Error: expect(received).toBe(expected) // Object.is equality

    Expected: true
    Received: false

      218 |       });
      219 |
    > 220 |       expect(response.ok).toBe(true);
          |                           ^
      221 |       expect(response.data?.poolSize).toBeDefined();
      222 |       expect(response.data?.activeConnections).toBeDefined();
      223 |       console.log(
        at C:\repos\patriotchat\apps\api-e2e\src\critical-requirements\database.spec.ts:220:27
]]>
</failure>
</testcase>
</testsuite>
<testsuite name="critical-requirements\llm-selector.spec.ts" timestamp="2026-02-06T03:04:11.257Z" hostname="chromium" tests="11" failures="3" skipped="3" time="1.548" errors="0">
<testcase name="Critical Requirement: LLM Model Selector › Model Availability › Should list available LLM models" classname="critical-requirements\llm-selector.spec.ts" time="0.096">
<system-out>
<![CDATA[✓ Available models: [object Object], [object Object], [object Object], [object Object]
]]>
</system-out>
</testcase>
<testcase name="Critical Requirement: LLM Model Selector › Model Availability › Should include required models" classname="critical-requirements\llm-selector.spec.ts" time="0.091">
<system-out>
<![CDATA[✓ All required models present: liberty-mistral-v1.0, mistral, llama2, neural-chat
]]>
</system-out>
</testcase>
<testcase name="Critical Requirement: LLM Model Selector › Model Availability › Model selector should be accessible via API" classname="critical-requirements\llm-selector.spec.ts" time="0.103">
<system-out>
<![CDATA[✓ Model selector API operational
]]>
</system-out>
</testcase>
<testcase name="Critical Requirement: LLM Model Selector › Model Selection › Should execute inference with llama2 model" classname="critical-requirements\llm-selector.spec.ts" time="0.386">
<failure message="llm-selector.spec.ts:63:9 Should execute inference with llama2 model" type="FAILURE">
<![CDATA[  [chromium] › critical-requirements\llm-selector.spec.ts:63:9 › Critical Requirement: LLM Model Selector › Model Selection › Should execute inference with llama2 model 

    Error: expect(received).toBe(expected) // Object.is equality

    Expected: true
    Received: false

      76 |       });
      77 |
    > 78 |       expect(registerResponse.ok).toBe(true);
         |                                   ^
      79 |       const token = registerResponse.data?.token as string;
      80 |
      81 |       // Query with llama2
        at C:\repos\patriotchat\apps\api-e2e\src\critical-requirements\llm-selector.spec.ts:78:35
]]>
</failure>
</testcase>
<testcase name="Critical Requirement: LLM Model Selector › Model Selection › Should execute inference with liberty-mistral-v1.0 model" classname="critical-requirements\llm-selector.spec.ts" time="0">
<skipped>
</skipped>
</testcase>
<testcase name="Critical Requirement: LLM Model Selector › Model Selection › Should execute inference with mistral model" classname="critical-requirements\llm-selector.spec.ts" time="0">
<skipped>
</skipped>
</testcase>
<testcase name="Critical Requirement: LLM Model Selector › Model Selection › Should execute inference with neural-chat model" classname="critical-requirements\llm-selector.spec.ts" time="0">
<skipped>
</skipped>
</testcase>
<testcase name="Critical Requirement: LLM Model Selector › Model Configuration › Should handle invalid model gracefully" classname="critical-requirements\llm-selector.spec.ts" time="0.365">
<failure message="llm-selector.spec.ts:205:9 Should handle invalid model gracefully" type="FAILURE">
<![CDATA[  [chromium] › critical-requirements\llm-selector.spec.ts:205:9 › Critical Requirement: LLM Model Selector › Model Configuration › Should handle invalid model gracefully 

    Error: expect(received).toBe(expected) // Object.is equality

    Expected: true
    Received: false

      218 |       });
      219 |
    > 220 |       expect(registerResponse.ok).toBe(true);
          |                                   ^
      221 |       const token = registerResponse.data?.token as string;
      222 |
      223 |       // Query with invalid model
        at C:\repos\patriotchat\apps\api-e2e\src\critical-requirements\llm-selector.spec.ts:220:35
]]>
</failure>
</testcase>
<testcase name="Critical Requirement: LLM Model Selector › Model Configuration › Model metadata should be available" classname="critical-requirements\llm-selector.spec.ts" time="0.06">
<system-out>
<![CDATA[✓ Model metadata available for 4 models
]]>
</system-out>
</testcase>
<testcase name="Critical Requirement: LLM Model Selector › Frontend Integration › Model selector should be available on frontend" classname="critical-requirements\llm-selector.spec.ts" time="0.078">
<system-out>
<![CDATA[✓ Model selector backend API available for frontend integration
]]>
</system-out>
</testcase>
<testcase name="Critical Requirement: LLM Model Selector › Frontend Integration › Should support model switching during session" classname="critical-requirements\llm-selector.spec.ts" time="0.369">
<failure message="llm-selector.spec.ts:283:9 Should support model switching during session" type="FAILURE">
<![CDATA[  [chromium] › critical-requirements\llm-selector.spec.ts:283:9 › Critical Requirement: LLM Model Selector › Frontend Integration › Should support model switching during session 

    Error: expect(received).toBe(expected) // Object.is equality

    Expected: true
    Received: false

      296 |       });
      297 |
    > 298 |       expect(registerResponse.ok).toBe(true);
          |                                   ^
      299 |       const token = registerResponse.data?.token as string;
      300 |
      301 |       // Query with model 1
        at C:\repos\patriotchat\apps\api-e2e\src\critical-requirements\llm-selector.spec.ts:298:35
]]>
</failure>
</testcase>
</testsuite>
<testsuite name="critical-requirements\performance.spec.ts" timestamp="2026-02-06T03:04:11.257Z" hostname="chromium" tests="8" failures="7" skipped="0" time="2.835" errors="0">
<testcase name="Critical Requirement: Performance (Auth &lt; 100ms) › Service Latency › Auth service should respond in under 100ms" classname="critical-requirements\performance.spec.ts" time="0.367">
<failure message="performance.spec.ts:7:9 Auth service should respond in under 100ms" type="FAILURE">
<![CDATA[  [chromium] › critical-requirements\performance.spec.ts:7:9 › Critical Requirement: Performance (Auth < 100ms) › Service Latency › Auth service should respond in under 100ms 

    Error: expect(received).toBe(expected) // Object.is equality

    Expected: true
    Received: false

      12 |       });
      13 |
    > 14 |       expect(response.ok).toBe(true);
         |                           ^
      15 |       expect(latency).toBeLessThan(TEST_DATA.PERFORMANCE_THRESHOLD_MS);
      16 |       console.log(`✓ Auth latency: ${latency.toFixed(2)}ms`);
      17 |     });
        at C:\repos\patriotchat\apps\api-e2e\src\critical-requirements\performance.spec.ts:14:27
]]>
</failure>
</testcase>
<testcase name="Critical Requirement: Performance (Auth &lt; 100ms) › Service Latency › API Gateway should respond in under 100ms" classname="critical-requirements\performance.spec.ts" time="0.048">
<system-out>
<![CDATA[✓ Gateway latency: 39.00ms
]]>
</system-out>
</testcase>
<testcase name="Critical Requirement: Performance (Auth &lt; 100ms) › Service Latency › Funding service should respond in under 100ms" classname="critical-requirements\performance.spec.ts" time="0.066">
<failure message="performance.spec.ts:31:9 Funding service should respond in under 100ms" type="FAILURE">
<![CDATA[  [chromium] › critical-requirements\performance.spec.ts:31:9 › Critical Requirement: Performance (Auth < 100ms) › Service Latency › Funding service should respond in under 100ms 

    Error: expect(received).toBe(expected) // Object.is equality

    Expected: true
    Received: false

      36 |       });
      37 |
    > 38 |       expect(response.ok).toBe(true);
         |                           ^
      39 |       expect(latency).toBeLessThan(TEST_DATA.PERFORMANCE_THRESHOLD_MS);
      40 |       console.log(`✓ Funding latency: ${latency.toFixed(2)}ms`);
      41 |     });
        at C:\repos\patriotchat\apps\api-e2e\src\critical-requirements\performance.spec.ts:38:27
]]>
</failure>
</testcase>
<testcase name="Critical Requirement: Performance (Auth &lt; 100ms) › Service Latency › Policy service should respond in under 100ms" classname="critical-requirements\performance.spec.ts" time="0.056">
<failure message="performance.spec.ts:43:9 Policy service should respond in under 100ms" type="FAILURE">
<![CDATA[  [chromium] › critical-requirements\performance.spec.ts:43:9 › Critical Requirement: Performance (Auth < 100ms) › Service Latency › Policy service should respond in under 100ms 

    Error: expect(received).toBe(expected) // Object.is equality

    Expected: true
    Received: false

      48 |       });
      49 |
    > 50 |       expect(response.ok).toBe(true);
         |                           ^
      51 |       expect(latency).toBeLessThan(TEST_DATA.PERFORMANCE_THRESHOLD_MS);
      52 |       console.log(`✓ Policy latency: ${latency.toFixed(2)}ms`);
      53 |     });
        at C:\repos\patriotchat\apps\api-e2e\src\critical-requirements\performance.spec.ts:50:27
]]>
</failure>
</testcase>
<testcase name="Critical Requirement: Performance (Auth &lt; 100ms) › Service Latency › LLM service should respond in under 100ms" classname="critical-requirements\performance.spec.ts" time="0.031">
<failure message="performance.spec.ts:55:9 LLM service should respond in under 100ms" type="FAILURE">
<![CDATA[  [chromium] › critical-requirements\performance.spec.ts:55:9 › Critical Requirement: Performance (Auth < 100ms) › Service Latency › LLM service should respond in under 100ms 

    Error: expect(received).toBe(expected) // Object.is equality

    Expected: true
    Received: false

      60 |       });
      61 |
    > 62 |       expect(response.ok).toBe(true);
         |                           ^
      63 |       expect(latency).toBeLessThan(TEST_DATA.PERFORMANCE_THRESHOLD_MS);
      64 |       console.log(`✓ LLM latency: ${latency.toFixed(2)}ms`);
      65 |     });
        at C:\repos\patriotchat\apps\api-e2e\src\critical-requirements\performance.spec.ts:62:27
]]>
</failure>
</testcase>
<testcase name="Critical Requirement: Performance (Auth &lt; 100ms) › Service Latency › Analytics service should respond in under 100ms" classname="critical-requirements\performance.spec.ts" time="0.06">
<failure message="performance.spec.ts:67:9 Analytics service should respond in under 100ms" type="FAILURE">
<![CDATA[  [chromium] › critical-requirements\performance.spec.ts:67:9 › Critical Requirement: Performance (Auth < 100ms) › Service Latency › Analytics service should respond in under 100ms 

    Error: expect(received).toBe(expected) // Object.is equality

    Expected: true
    Received: false

      72 |       });
      73 |
    > 74 |       expect(response.ok).toBe(true);
         |                           ^
      75 |       expect(latency).toBeLessThan(TEST_DATA.PERFORMANCE_THRESHOLD_MS);
      76 |       console.log(`✓ Analytics latency: ${latency.toFixed(2)}ms`);
      77 |     });
        at C:\repos\patriotchat\apps\api-e2e\src\critical-requirements\performance.spec.ts:74:27
]]>
</failure>
</testcase>
<testcase name="Critical Requirement: Performance (Auth &lt; 100ms) › Performance Baseline › Should maintain consistent response times under load" classname="critical-requirements\performance.spec.ts" time="1.784">
<failure message="performance.spec.ts:81:9 Should maintain consistent response times under load" type="FAILURE">
<![CDATA[  [chromium] › critical-requirements\performance.spec.ts:81:9 › Critical Requirement: Performance (Auth < 100ms) › Performance Baseline › Should maintain consistent response times under load 

    Error: expect(received).toBeLessThan(expected)

    Expected: < 100
    Received:   354.79666

       95 |       const maxLatency = Math.max(...measurements);
       96 |
    >  97 |       expect(avgLatency).toBeLessThan(TEST_DATA.PERFORMANCE_THRESHOLD_MS);
          |                          ^
       98 |       expect(maxLatency).toBeLessThan(TEST_DATA.PERFORMANCE_THRESHOLD_MS * 1.5);
       99 |       console.log(
      100 |         `✓ Avg latency: ${avgLatency.toFixed(2)}ms, Max: ${maxLatency.toFixed(2)}ms`,
        at C:\repos\patriotchat\apps\api-e2e\src\critical-requirements\performance.spec.ts:97:26
]]>
</failure>
</testcase>
<testcase name="Critical Requirement: Performance (Auth &lt; 100ms) › Performance Baseline › All services should be operational" classname="critical-requirements\performance.spec.ts" time="0.423">
<failure message="performance.spec.ts:104:9 All services should be operational" type="FAILURE">
<![CDATA[  [chromium] › critical-requirements\performance.spec.ts:104:9 › Critical Requirement: Performance (Auth < 100ms) › Performance Baseline › All services should be operational 

    Error: expect(received).toBe(expected) // Object.is equality

    Expected: true
    Received: false

      119 |         });
      120 |
    > 121 |         expect(response.ok).toBe(true);
          |                             ^
      122 |       }
      123 |
      124 |       console.log(`✓ All ${services.length} services operational`);
        at C:\repos\patriotchat\apps\api-e2e\src\critical-requirements\performance.spec.ts:121:29
]]>
</failure>
</testcase>
</testsuite>
<testsuite name="critical-requirements\rate-limiting.spec.ts" timestamp="2026-02-06T03:04:11.257Z" hostname="chromium" tests="6" failures="6" skipped="0" time="2.178" errors="0">
<testcase name="Critical Requirement: Rate Limiting (4-Dimensional Guards) › Per-User Rate Limiting › Should track requests per user" classname="critical-requirements\rate-limiting.spec.ts" time="0.341">
<failure message="rate-limiting.spec.ts:7:9 Should track requests per user" type="FAILURE">
<![CDATA[  [chromium] › critical-requirements\rate-limiting.spec.ts:7:9 › Critical Requirement: Rate Limiting (4-Dimensional Guards) › Per-User Rate Limiting › Should track requests per user 

    Error: expect(received).toBe(expected) // Object.is equality

    Expected: true
    Received: false

      20 |       });
      21 |
    > 22 |       expect(registerResponse.ok).toBe(true);
         |                                   ^
      23 |       const token = registerResponse.data?.token;
      24 |
      25 |       // Make multiple requests and verify headers
        at C:\repos\patriotchat\apps\api-e2e\src\critical-requirements\rate-limiting.spec.ts:22:35
]]>
</failure>
</testcase>
<testcase name="Critical Requirement: Rate Limiting (4-Dimensional Guards) › Per-IP Rate Limiting › Should limit requests from same IP" classname="critical-requirements\rate-limiting.spec.ts" time="0.357">
<failure message="rate-limiting.spec.ts:53:9 Should limit requests from same IP" type="FAILURE">
<![CDATA[  [chromium] › critical-requirements\rate-limiting.spec.ts:53:9 › Critical Requirement: Rate Limiting (4-Dimensional Guards) › Per-IP Rate Limiting › Should limit requests from same IP 

    Error: expect(received).toBe(expected) // Object.is equality

    Expected: true
    Received: false

      66 |       });
      67 |
    > 68 |       expect(registerResponse.ok).toBe(true);
         |                                   ^
      69 |       const token = registerResponse.data?.token;
      70 |
      71 |       let blocked = false;
        at C:\repos\patriotchat\apps\api-e2e\src\critical-requirements\rate-limiting.spec.ts:68:35
]]>
</failure>
</testcase>
<testcase name="Critical Requirement: Rate Limiting (4-Dimensional Guards) › Per-Endpoint Rate Limiting › Should apply endpoint-specific limits" classname="critical-requirements\rate-limiting.spec.ts" time="0.402">
<failure message="rate-limiting.spec.ts:105:9 Should apply endpoint-specific limits" type="FAILURE">
<![CDATA[  [chromium] › critical-requirements\rate-limiting.spec.ts:105:9 › Critical Requirement: Rate Limiting (4-Dimensional Guards) › Per-Endpoint Rate Limiting › Should apply endpoint-specific limits 

    Error: expect(received).toBe(expected) // Object.is equality

    Expected: true
    Received: false

      118 |       });
      119 |
    > 120 |       expect(registerResponse.ok).toBe(true);
          |                                   ^
      121 |       const token = registerResponse.data?.token;
      122 |
      123 |       // Test inference endpoint
        at C:\repos\patriotchat\apps\api-e2e\src\critical-requirements\rate-limiting.spec.ts:120:35
]]>
</failure>
</testcase>
<testcase name="Critical Requirement: Rate Limiting (4-Dimensional Guards) › Time-Window Rate Limiting › Should reset limits on time window" classname="critical-requirements\rate-limiting.spec.ts" time="0.351">
<failure message="rate-limiting.spec.ts:151:9 Should reset limits on time window" type="FAILURE">
<![CDATA[  [chromium] › critical-requirements\rate-limiting.spec.ts:151:9 › Critical Requirement: Rate Limiting (4-Dimensional Guards) › Time-Window Rate Limiting › Should reset limits on time window 

    Error: expect(received).toBe(expected) // Object.is equality

    Expected: true
    Received: false

      164 |       });
      165 |
    > 166 |       expect(registerResponse.ok).toBe(true);
          |                                   ^
      167 |       const token = registerResponse.data?.token;
      168 |
      169 |       // Make request
        at C:\repos\patriotchat\apps\api-e2e\src\critical-requirements\rate-limiting.spec.ts:166:35
]]>
</failure>
</testcase>
<testcase name="Critical Requirement: Rate Limiting (4-Dimensional Guards) › Rate Limit Headers › Should include rate limit information in response headers" classname="critical-requirements\rate-limiting.spec.ts" time="0.358">
<failure message="rate-limiting.spec.ts:203:9 Should include rate limit information in response headers" type="FAILURE">
<![CDATA[  [chromium] › critical-requirements\rate-limiting.spec.ts:203:9 › Critical Requirement: Rate Limiting (4-Dimensional Guards) › Rate Limit Headers › Should include rate limit information in response headers 

    Error: expect(received).toBe(expected) // Object.is equality

    Expected: true
    Received: false

      216 |       });
      217 |
    > 218 |       expect(registerResponse.ok).toBe(true);
          |                                   ^
      219 |       const token = registerResponse.data?.token;
      220 |
      221 |       // Make request
        at C:\repos\patriotchat\apps\api-e2e\src\critical-requirements\rate-limiting.spec.ts:218:35
]]>
</failure>
</testcase>
<testcase name="Critical Requirement: Rate Limiting (4-Dimensional Guards) › Rate Limit Protection › Should protect against denial of service" classname="critical-requirements\rate-limiting.spec.ts" time="0.369">
<failure message="rate-limiting.spec.ts:250:9 Should protect against denial of service" type="FAILURE">
<![CDATA[  [chromium] › critical-requirements\rate-limiting.spec.ts:250:9 › Critical Requirement: Rate Limiting (4-Dimensional Guards) › Rate Limit Protection › Should protect against denial of service 

    Error: expect(received).toBe(expected) // Object.is equality

    Expected: true
    Received: false

      263 |       });
      264 |
    > 265 |       expect(registerResponse.ok).toBe(true);
          |                                   ^
      266 |       const token = registerResponse.data?.token;
      267 |
      268 |       // Attempt rapid-fire requests
        at C:\repos\patriotchat\apps\api-e2e\src\critical-requirements\rate-limiting.spec.ts:265:35
]]>
</failure>
</testcase>
</testsuite>
<testsuite name="performance\service-latency.spec.ts" timestamp="2026-02-06T03:04:11.257Z" hostname="chromium" tests="9" failures="3" skipped="0" time="4.932" errors="0">
<testcase name="Performance Tests › Service Latency Benchmarks › Should measure auth service latency" classname="performance\service-latency.spec.ts" time="3.342">
<failure message="service-latency.spec.ts:7:9 Should measure auth service latency" type="FAILURE">
<![CDATA[  [chromium] › performance\service-latency.spec.ts:7:9 › Performance Tests › Service Latency Benchmarks › Should measure auth service latency 

    Error: expect(received).toBeLessThan(expected)

    Expected: < 100
    Received:   333.33835000000005

      21 |       const max = Math.max(...measurements);
      22 |
    > 23 |       expect(avg).toBeLessThan(TEST_DATA.PERFORMANCE_THRESHOLD_MS);
         |                   ^
      24 |
      25 |       console.log(`Auth Service Latency:`);
      26 |       console.log(`  Average: ${avg.toFixed(2)}ms`);
        at C:\repos\patriotchat\apps\api-e2e\src\performance\service-latency.spec.ts:23:19
]]>
</failure>
</testcase>
<testcase name="Performance Tests › Service Latency Benchmarks › Should measure gateway latency" classname="performance\service-latency.spec.ts" time="0.206">
<system-out>
<![CDATA[Gateway Latency:
  Average: 19.98ms
  Min: 4.05ms
  Max: 79.39ms
]]>
</system-out>
</testcase>
<testcase name="Performance Tests › Service Latency Benchmarks › Should measure funding service latency" classname="performance\service-latency.spec.ts" time="0.161">
<system-out>
<![CDATA[Funding Service Latency:
  Average: 15.39ms
  Min: 1.18ms
  Max: 47.60ms
]]>
</system-out>
</testcase>
<testcase name="Performance Tests › Service Latency Benchmarks › Should measure policy service latency" classname="performance\service-latency.spec.ts" time="0.151">
<system-out>
<![CDATA[Policy Service Latency:
  Average: 14.37ms
  Min: 1.37ms
  Max: 77.30ms
]]>
</system-out>
</testcase>
<testcase name="Performance Tests › Service Latency Benchmarks › Should measure LLM service latency" classname="performance\service-latency.spec.ts" time="0.155">
<system-out>
<![CDATA[LLM Service Latency:
  Average: 14.80ms
  Min: 1.20ms
  Max: 68.05ms
]]>
</system-out>
</testcase>
<testcase name="Performance Tests › Service Latency Benchmarks › Should measure analytics service latency" classname="performance\service-latency.spec.ts" time="0.093">
<system-out>
<![CDATA[Analytics Service Latency:
  Average: 8.59ms
  Min: 1.19ms
  Max: 31.86ms
]]>
</system-out>
</testcase>
<testcase name="Performance Tests › Throughput Benchmarks › Should handle concurrent requests efficiently" classname="performance\service-latency.spec.ts" time="0.36">
<failure message="service-latency.spec.ts:153:9 Should handle concurrent requests efficiently" type="FAILURE">
<![CDATA[  [chromium] › performance\service-latency.spec.ts:153:9 › Performance Tests › Throughput Benchmarks › Should handle concurrent requests efficiently 

    Error: expect(received).toBeLessThan(expected)

    Expected: < 100
    Received:   334.82559000000003

      172 |       const avgLatency = latencies.reduce((a, b) => a + b) / latencies.length;
      173 |
    > 174 |       expect(avgLatency).toBeLessThan(TEST_DATA.PERFORMANCE_THRESHOLD_MS);
          |                          ^
      175 |
      176 |       console.log(
      177 |         `Concurrent Request Performance (${concurrentCount} requests):`,
        at C:\repos\patriotchat\apps\api-e2e\src\performance\service-latency.spec.ts:174:26
]]>
</failure>
</testcase>
<testcase name="Performance Tests › Database Query Performance › Should execute queries within acceptable time" classname="performance\service-latency.spec.ts" time="0.114">
<system-out>
<![CDATA[Database Query Performance:
  Average: 21.50ms
]]>
</system-out>
</testcase>
<testcase name="Performance Tests › API Response Times › Health check responses should be fast" classname="performance\service-latency.spec.ts" time="0.35">
<failure message="service-latency.spec.ts:216:9 Health check responses should be fast" type="FAILURE">
<![CDATA[  [chromium] › performance\service-latency.spec.ts:216:9 › Performance Tests › API Response Times › Health check responses should be fast 

    Error: expect(received).toBeLessThan(expected)

    Expected: < 100
    Received:   341.6243999999999

      234 |
      235 |         results[name] = latency;
    > 236 |         expect(latency).toBeLessThan(TEST_DATA.PERFORMANCE_THRESHOLD_MS);
          |                         ^
      237 |       }
      238 |
      239 |       console.log('Health Check Response Times:');
        at C:\repos\patriotchat\apps\api-e2e\src\performance\service-latency.spec.ts:236:25
]]>
</failure>
</testcase>
</testsuite>
<testsuite name="workflows\model-switching.spec.ts" timestamp="2026-02-06T03:04:11.257Z" hostname="chromium" tests="16" failures="9" skipped="2" time="2700.562" errors="0">
<testcase name="Model Switching and Multi-Model Queries › Model Availability and Switching › Should retrieve list of 4 available models" classname="workflows\model-switching.spec.ts" time="0.045">
<system-out>
<![CDATA[✓ Available models (4): liberty-mistral-v1.0, mistral, llama2, neural-chat
]]>
</system-out>
</testcase>
<testcase name="Model Switching and Multi-Model Queries › Model Availability and Switching › Should have expected model properties" classname="workflows\model-switching.spec.ts" time="0.054">
<system-out>
<![CDATA[✓ All models have required properties (id, name)
]]>
</system-out>
</testcase>
<testcase name="Model Switching and Multi-Model Queries › Model Availability and Switching › Should include expected models: llama2, mistral, neural-chat" classname="workflows\model-switching.spec.ts" time="0.041">
<system-out>
<![CDATA[✓ All expected models present: llama2, mistral, neural-chat
]]>
</system-out>
</testcase>
<testcase name="Model Switching and Multi-Model Queries › Single Model Query Execution › Should execute query successfully with llama2 model" classname="workflows\model-switching.spec.ts" time="300.012">
<failure message="model-switching.spec.ts:120:9 Should execute query successfully with llama2 model" type="FAILURE">
<![CDATA[  [chromium] › workflows\model-switching.spec.ts:120:9 › Model Switching and Multi-Model Queries › Single Model Query Execution › Should execute query successfully with llama2 model 

    Test timeout of 300000ms exceeded.
]]>
</failure>
</testcase>
<testcase name="Model Switching and Multi-Model Queries › Single Model Query Execution › Should execute query successfully with mistral model" classname="workflows\model-switching.spec.ts" time="0">
<skipped>
</skipped>
</testcase>
<testcase name="Model Switching and Multi-Model Queries › Single Model Query Execution › Should execute query successfully with neural-chat model" classname="workflows\model-switching.spec.ts" time="0">
<skipped>
</skipped>
</testcase>
<testcase name="Model Switching and Multi-Model Queries › Model Switching with Sequential Queries › Should switch between all 4 models and execute queries" classname="workflows\model-switching.spec.ts" time="300.005">
<failure message="model-switching.spec.ts:228:9 Should switch between all 4 models and execute queries" type="FAILURE">
<![CDATA[  [chromium] › workflows\model-switching.spec.ts:228:9 › Model Switching and Multi-Model Queries › Model Switching with Sequential Queries › Should switch between all 4 models and execute queries 

    Test timeout of 300000ms exceeded.
]]>
</failure>
</testcase>
<testcase name="Model Switching and Multi-Model Queries › Model Switching with Sequential Queries › Should maintain model state across consecutive requests" classname="workflows\model-switching.spec.ts" time="300.007">
<failure message="model-switching.spec.ts:281:9 Should maintain model state across consecutive requests" type="FAILURE">
<![CDATA[  [chromium] › workflows\model-switching.spec.ts:281:9 › Model Switching and Multi-Model Queries › Model Switching with Sequential Queries › Should maintain model state across consecutive requests 

    Test timeout of 300000ms exceeded.
]]>
</failure>
</testcase>
<testcase name="Model Switching and Multi-Model Queries › Model-Specific Response Validation › Should return valid response structure from each model" classname="workflows\model-switching.spec.ts" time="300.005">
<failure message="model-switching.spec.ts:316:9 Should return valid response structure from each model" type="FAILURE">
<![CDATA[  [chromium] › workflows\model-switching.spec.ts:316:9 › Model Switching and Multi-Model Queries › Model-Specific Response Validation › Should return valid response structure from each model 

    Test timeout of 300000ms exceeded.
]]>
</failure>
</testcase>
<testcase name="Model Switching and Multi-Model Queries › Model-Specific Response Validation › Should include model identification in response" classname="workflows\model-switching.spec.ts" time="300.007">
<failure message="model-switching.spec.ts:357:9 Should include model identification in response" type="FAILURE">
<![CDATA[  [chromium] › workflows\model-switching.spec.ts:357:9 › Model Switching and Multi-Model Queries › Model-Specific Response Validation › Should include model identification in response 

    Test timeout of 300000ms exceeded.
]]>
</failure>
</testcase>
<testcase name="Model Switching and Multi-Model Queries › Error Handling and Edge Cases › Should return error for invalid model" classname="workflows\model-switching.spec.ts" time="0.306">
<system-out>
<![CDATA[✓ Invalid model correctly rejected with status: 500
]]>
</system-out>
</testcase>
<testcase name="Model Switching and Multi-Model Queries › Error Handling and Edge Cases › Should handle empty prompt gracefully" classname="workflows\model-switching.spec.ts" time="0.033">
<system-out>
<![CDATA[✓ Empty prompt correctly rejected
]]>
</system-out>
</testcase>
<testcase name="Model Switching and Multi-Model Queries › Error Handling and Edge Cases › Should validate model selection required" classname="workflows\model-switching.spec.ts" time="300.008">
<failure message="model-switching.spec.ts:424:9 Should validate model selection required" type="FAILURE">
<![CDATA[  [chromium] › workflows\model-switching.spec.ts:424:9 › Model Switching and Multi-Model Queries › Error Handling and Edge Cases › Should validate model selection required 

    Test timeout of 300000ms exceeded.
]]>
</failure>
</testcase>
<testcase name="Model Switching and Multi-Model Queries › Performance with Model Switching › Should handle rapid model switches under 2 seconds per query" classname="workflows\model-switching.spec.ts" time="300.013">
<failure message="model-switching.spec.ts:445:9 Should handle rapid model switches under 2 seconds per query" type="FAILURE">
<![CDATA[  [chromium] › workflows\model-switching.spec.ts:445:9 › Model Switching and Multi-Model Queries › Performance with Model Switching › Should handle rapid model switches under 2 seconds per query 

    Test timeout of 300000ms exceeded.
]]>
</failure>
</testcase>
<testcase name="Model Switching and Multi-Model Queries › Integration: Frontend Model Selector Scenario › Should complete full user workflow: list models &gt; select model &gt; generate query" classname="workflows\model-switching.spec.ts" time="300.017">
<failure message="model-switching.spec.ts:476:9 Should complete full user workflow: list models &gt; select model &gt; generate query" type="FAILURE">
<![CDATA[  [chromium] › workflows\model-switching.spec.ts:476:9 › Model Switching and Multi-Model Queries › Integration: Frontend Model Selector Scenario › Should complete full user workflow: list models > select model > generate query 

    Test timeout of 300000ms exceeded.
]]>
</failure>
<system-out>
<![CDATA[✓ Step 1: Loaded 4 models
✓ Step 2: Selected model - liberty-mistral-v1.0
]]>
</system-out>
</testcase>
<testcase name="Model Switching and Multi-Model Queries › Integration: Frontend Model Selector Scenario › Should persist selected model in UI state across multiple queries" classname="workflows\model-switching.spec.ts" time="300.009">
<failure message="model-switching.spec.ts:551:9 Should persist selected model in UI state across multiple queries" type="FAILURE">
<![CDATA[  [chromium] › workflows\model-switching.spec.ts:551:9 › Model Switching and Multi-Model Queries › Integration: Frontend Model Selector Scenario › Should persist selected model in UI state across multiple queries 

    Test timeout of 300000ms exceeded.
]]>
</failure>
</testcase>
</testsuite>
<testsuite name="workflows\resilience-and-recovery.spec.ts" timestamp="2026-02-06T03:04:11.257Z" hostname="chromium" tests="13" failures="9" skipped="2" time="4.065" errors="0">
<testcase name="E2E Resilience &amp; Error Recovery › Error Handling &amp; Recovery › Should recover from invalid login attempts" classname="workflows\resilience-and-recovery.spec.ts" time="0.35">
<failure message="resilience-and-recovery.spec.ts:7:9 Should recover from invalid login attempts" type="FAILURE">
<![CDATA[  [chromium] › workflows\resilience-and-recovery.spec.ts:7:9 › E2E Resilience & Error Recovery › Error Handling & Recovery › Should recover from invalid login attempts 

    Error: expect(received).toBe(expected) // Object.is equality

    Expected: true
    Received: false

      20 |       });
      21 |
    > 22 |       expect(registerResponse.ok).toBe(true);
         |                                   ^
      23 |       console.log(`✓ User registered: ${testUser.email}`);
      24 |
      25 |       // Attempt login with wrong password (should fail)
        at C:\repos\patriotchat\apps\api-e2e\src\workflows\resilience-and-recovery.spec.ts:22:35
]]>
</failure>
</testcase>
<testcase name="E2E Resilience &amp; Error Recovery › Error Handling &amp; Recovery › Should handle duplicate registration attempts" classname="workflows\resilience-and-recovery.spec.ts" time="0.342">
<failure message="resilience-and-recovery.spec.ts:56:9 Should handle duplicate registration attempts" type="FAILURE">
<![CDATA[  [chromium] › workflows\resilience-and-recovery.spec.ts:56:9 › E2E Resilience & Error Recovery › Error Handling & Recovery › Should handle duplicate registration attempts 

    Error: expect(received).toBe(expected) // Object.is equality

    Expected: true
    Received: false

      69 |       });
      70 |
    > 71 |       expect(firstRegister.ok).toBe(true);
         |                                ^
      72 |       console.log(`✓ First registration succeeded`);
      73 |
      74 |       // Second registration with same email should fail
        at C:\repos\patriotchat\apps\api-e2e\src\workflows\resilience-and-recovery.spec.ts:71:32
]]>
</failure>
</testcase>
<testcase name="E2E Resilience &amp; Error Recovery › Error Handling &amp; Recovery › Should handle invalid token validation" classname="workflows\resilience-and-recovery.spec.ts" time="0.349">
<system-out>
<![CDATA[✓ Invalid token correctly rejected
✓ Public endpoint accessible without token
]]>
</system-out>
</testcase>
<testcase name="E2E Resilience &amp; Error Recovery › Error Handling &amp; Recovery › Should handle malformed request bodies" classname="workflows\resilience-and-recovery.spec.ts" time="0.665">
<system-out>
<![CDATA[✓ Request without required field rejected
✓ Request with incomplete data rejected
]]>
</system-out>
</testcase>
<testcase name="E2E Resilience &amp; Error Recovery › Timeout &amp; Performance Handling › Should complete inference within timeout window" classname="workflows\resilience-and-recovery.spec.ts" time="0.354">
<failure message="resilience-and-recovery.spec.ts:141:9 Should complete inference within timeout window" type="FAILURE">
<![CDATA[  [chromium] › workflows\resilience-and-recovery.spec.ts:141:9 › E2E Resilience & Error Recovery › Timeout & Performance Handling › Should complete inference within timeout window 

    Error: expect(received).toBe(expected) // Object.is equality

    Expected: true
    Received: false

      155 |       });
      156 |
    > 157 |       expect(registerResponse.ok).toBe(true);
          |                                   ^
      158 |       const token = registerResponse.data?.token;
      159 |
      160 |       // Measure inference execution time
        at C:\repos\patriotchat\apps\api-e2e\src\workflows\resilience-and-recovery.spec.ts:157:35
]]>
</failure>
</testcase>
<testcase name="E2E Resilience &amp; Error Recovery › Timeout &amp; Performance Handling › Should handle concurrent inference requests" classname="workflows\resilience-and-recovery.spec.ts" time="0">
<skipped>
</skipped>
</testcase>
<testcase name="E2E Resilience &amp; Error Recovery › Timeout &amp; Performance Handling › Should rate-limit excessive requests appropriately" classname="workflows\resilience-and-recovery.spec.ts" time="0">
<skipped>
</skipped>
</testcase>
<testcase name="E2E Resilience &amp; Error Recovery › Data Consistency Across Services › Should maintain consistent user data across auth and analytics" classname="workflows\resilience-and-recovery.spec.ts" time="0.321">
<failure message="resilience-and-recovery.spec.ts:282:9 Should maintain consistent user data across auth and analytics" type="FAILURE">
<![CDATA[  [chromium] › workflows\resilience-and-recovery.spec.ts:282:9 › E2E Resilience & Error Recovery › Data Consistency Across Services › Should maintain consistent user data across auth and analytics 

    Error: expect(received).toBe(expected) // Object.is equality

    Expected: true
    Received: false

      295 |       });
      296 |
    > 297 |       expect(registerResponse.ok).toBe(true);
          |                                   ^
      298 |       const userId = registerResponse.data?.userId;
      299 |       const token = registerResponse.data?.token;
      300 |
        at C:\repos\patriotchat\apps\api-e2e\src\workflows\resilience-and-recovery.spec.ts:297:35
]]>
</failure>
</testcase>
<testcase name="E2E Resilience &amp; Error Recovery › Data Consistency Across Services › Should track inference requests with correct user context" classname="workflows\resilience-and-recovery.spec.ts" time="0.336">
<failure message="resilience-and-recovery.spec.ts:340:9 Should track inference requests with correct user context" type="FAILURE">
<![CDATA[  [chromium] › workflows\resilience-and-recovery.spec.ts:340:9 › E2E Resilience & Error Recovery › Data Consistency Across Services › Should track inference requests with correct user context 

    Error: expect(received).toBe(expected) // Object.is equality

    Expected: true
    Received: false

      354 |       });
      355 |
    > 356 |       expect(registerResponse.ok).toBe(true);
          |                                   ^
      357 |       const userId = registerResponse.data?.userId;
      358 |       const token = registerResponse.data?.token;
      359 |
        at C:\repos\patriotchat\apps\api-e2e\src\workflows\resilience-and-recovery.spec.ts:356:35
]]>
</failure>
</testcase>
<testcase name="E2E Resilience &amp; Error Recovery › Service Failure Isolation › Should continue functioning when non-critical service is slow" classname="workflows\resilience-and-recovery.spec.ts" time="0.322">
<failure message="resilience-and-recovery.spec.ts:391:9 Should continue functioning when non-critical service is slow" type="FAILURE">
<![CDATA[  [chromium] › workflows\resilience-and-recovery.spec.ts:391:9 › E2E Resilience & Error Recovery › Service Failure Isolation › Should continue functioning when non-critical service is slow 

    Error: expect(received).toBe(expected) // Object.is equality

    Expected: true
    Received: false

      404 |       });
      405 |
    > 406 |       expect(registerResponse.ok).toBe(true);
          |                                   ^
      407 |       console.log(
      408 |         `✓ Registration succeeded (independent of analytics service)`,
      409 |       );
        at C:\repos\patriotchat\apps\api-e2e\src\workflows\resilience-and-recovery.spec.ts:406:35
]]>
</failure>
</testcase>
<testcase name="E2E Resilience &amp; Error Recovery › Service Failure Isolation › Should gracefully degrade when LLM service is unavailable" classname="workflows\resilience-and-recovery.spec.ts" time="0.336">
<failure message="resilience-and-recovery.spec.ts:429:9 Should gracefully degrade when LLM service is unavailable" type="FAILURE">
<![CDATA[  [chromium] › workflows\resilience-and-recovery.spec.ts:429:9 › E2E Resilience & Error Recovery › Service Failure Isolation › Should gracefully degrade when LLM service is unavailable 

    Error: expect(received).toBe(expected) // Object.is equality

    Expected: true
    Received: false

      442 |       });
      443 |
    > 444 |       expect(registerResponse.ok).toBe(true);
          |                                   ^
      445 |       console.log(`✓ User registered (auth service operational)`);
      446 |
      447 |       // Attempt inference when service might be unavailable
        at C:\repos\patriotchat\apps\api-e2e\src\workflows\resilience-and-recovery.spec.ts:444:35
]]>
</failure>
</testcase>
<testcase name="E2E Resilience &amp; Error Recovery › Session &amp; Token Management › Should maintain session across multiple requests" classname="workflows\resilience-and-recovery.spec.ts" time="0.352">
<failure message="resilience-and-recovery.spec.ts:480:9 Should maintain session across multiple requests" type="FAILURE">
<![CDATA[  [chromium] › workflows\resilience-and-recovery.spec.ts:480:9 › E2E Resilience & Error Recovery › Session & Token Management › Should maintain session across multiple requests 

    Error: expect(received).toBe(expected) // Object.is equality

    Expected: true
    Received: false

      493 |       });
      494 |
    > 495 |       expect(registerResponse.ok).toBe(true);
          |                                   ^
      496 |       const token = registerResponse.data?.token;
      497 |
      498 |       // Make multiple authenticated requests with same token
        at C:\repos\patriotchat\apps\api-e2e\src\workflows\resilience-and-recovery.spec.ts:495:35
]]>
</failure>
</testcase>
<testcase name="E2E Resilience &amp; Error Recovery › Session &amp; Token Management › Should prevent token reuse after expiration" classname="workflows\resilience-and-recovery.spec.ts" time="0.338">
<failure message="resilience-and-recovery.spec.ts:519:9 Should prevent token reuse after expiration" type="FAILURE">
<![CDATA[  [chromium] › workflows\resilience-and-recovery.spec.ts:519:9 › E2E Resilience & Error Recovery › Session & Token Management › Should prevent token reuse after expiration 

    Error: expect(received).toBe(expected) // Object.is equality

    Expected: true
    Received: false

      532 |       });
      533 |
    > 534 |       expect(registerResponse.ok).toBe(true);
          |                                   ^
      535 |       const token = registerResponse.data?.token;
      536 |
      537 |       // Token should work immediately
        at C:\repos\patriotchat\apps\api-e2e\src\workflows\resilience-and-recovery.spec.ts:534:35
]]>
</failure>
</testcase>
</testsuite>
<testsuite name="workflows\telemetry-validation.spec.ts" timestamp="2026-02-06T03:04:11.257Z" hostname="chromium" tests="14" failures="11" skipped="0" time="3.634" errors="0">
<testcase name="E2E Telemetry &amp; WebSocket Validation › Event Telemetry Pipeline › Should capture user registration events" classname="workflows\telemetry-validation.spec.ts" time="0.356">
<failure message="telemetry-validation.spec.ts:7:9 Should capture user registration events" type="FAILURE">
<![CDATA[  [chromium] › workflows\telemetry-validation.spec.ts:7:9 › E2E Telemetry & WebSocket Validation › Event Telemetry Pipeline › Should capture user registration events 

    Error: expect(received).toBe(expected) // Object.is equality

    Expected: true
    Received: false

      19 |       });
      20 |
    > 21 |       expect(registerResponse.ok).toBe(true);
         |                                   ^
      22 |       const userId = registerResponse.data?.userId;
      23 |       console.log(`✓ Registration event should be captured: ${userId}`);
      24 |
        at C:\repos\patriotchat\apps\api-e2e\src\workflows\telemetry-validation.spec.ts:21:35
]]>
</failure>
</testcase>
<testcase name="E2E Telemetry &amp; WebSocket Validation › Event Telemetry Pipeline › Should capture authentication events" classname="workflows\telemetry-validation.spec.ts" time="0.339">
<failure message="telemetry-validation.spec.ts:36:9 Should capture authentication events" type="FAILURE">
<![CDATA[  [chromium] › workflows\telemetry-validation.spec.ts:36:9 › E2E Telemetry & WebSocket Validation › Event Telemetry Pipeline › Should capture authentication events 

    Error: expect(received).toBe(expected) // Object.is equality

    Expected: true
    Received: false

      49 |       });
      50 |
    > 51 |       expect(registerResponse.ok).toBe(true);
         |                                   ^
      52 |       const userId = registerResponse.data?.userId;
      53 |
      54 |       // Login
        at C:\repos\patriotchat\apps\api-e2e\src\workflows\telemetry-validation.spec.ts:51:35
]]>
</failure>
</testcase>
<testcase name="E2E Telemetry &amp; WebSocket Validation › Event Telemetry Pipeline › Should capture inference execution events" classname="workflows\telemetry-validation.spec.ts" time="0.36">
<failure message="telemetry-validation.spec.ts:79:9 Should capture inference execution events" type="FAILURE">
<![CDATA[  [chromium] › workflows\telemetry-validation.spec.ts:79:9 › E2E Telemetry & WebSocket Validation › Event Telemetry Pipeline › Should capture inference execution events 

    Error: expect(received).toBe(expected) // Object.is equality

    Expected: true
    Received: false

      93 |       });
      94 |
    > 95 |       expect(registerResponse.ok).toBe(true);
         |                                   ^
      96 |       const userId = registerResponse.data?.userId;
      97 |       const token = registerResponse.data?.token;
      98 |
        at C:\repos\patriotchat\apps\api-e2e\src\workflows\telemetry-validation.spec.ts:95:35
]]>
</failure>
</testcase>
<testcase name="E2E Telemetry &amp; WebSocket Validation › Event Telemetry Pipeline › Should batch analytics events efficiently" classname="workflows\telemetry-validation.spec.ts" time="0.348">
<failure message="telemetry-validation.spec.ts:125:9 Should batch analytics events efficiently" type="FAILURE">
<![CDATA[  [chromium] › workflows\telemetry-validation.spec.ts:125:9 › E2E Telemetry & WebSocket Validation › Event Telemetry Pipeline › Should batch analytics events efficiently 

    Error: expect(received).toBe(expected) // Object.is equality

    Expected: true
    Received: false

      138 |       });
      139 |
    > 140 |       expect(registerResponse.ok).toBe(true);
          |                                   ^
      141 |       const userId = registerResponse.data?.userId;
      142 |       // Token obtained but not needed for analytics tracking in this test
      143 |       void registerResponse.data?.token;
        at C:\repos\patriotchat\apps\api-e2e\src\workflows\telemetry-validation.spec.ts:140:35
]]>
</failure>
</testcase>
<testcase name="E2E Telemetry &amp; WebSocket Validation › Telemetry Data Quality › Should include required telemetry fields" classname="workflows\telemetry-validation.spec.ts" time="0.347">
<failure message="telemetry-validation.spec.ts:177:9 Should include required telemetry fields" type="FAILURE">
<![CDATA[  [chromium] › workflows\telemetry-validation.spec.ts:177:9 › E2E Telemetry & WebSocket Validation › Telemetry Data Quality › Should include required telemetry fields 

    Error: expect(received).toBe(expected) // Object.is equality

    Expected: true
    Received: false

      190 |       });
      191 |
    > 192 |       expect(registerResponse.ok).toBe(true);
          |                                   ^
      193 |       const userId = registerResponse.data?.userId;
      194 |
      195 |       // Response should contain user ID for tracking
        at C:\repos\patriotchat\apps\api-e2e\src\workflows\telemetry-validation.spec.ts:192:35
]]>
</failure>
</testcase>
<testcase name="E2E Telemetry &amp; WebSocket Validation › Telemetry Data Quality › Should handle invalid telemetry gracefully" classname="workflows\telemetry-validation.spec.ts" time="0.033">
<system-out>
<![CDATA[✓ Invalid telemetry event handled gracefully (status: 202)
]]>
</system-out>
</testcase>
<testcase name="E2E Telemetry &amp; WebSocket Validation › Telemetry Data Quality › Should correlate events with user session" classname="workflows\telemetry-validation.spec.ts" time="0.347">
<failure message="telemetry-validation.spec.ts:221:9 Should correlate events with user session" type="FAILURE">
<![CDATA[  [chromium] › workflows\telemetry-validation.spec.ts:221:9 › E2E Telemetry & WebSocket Validation › Telemetry Data Quality › Should correlate events with user session 

    Error: expect(received).toBe(expected) // Object.is equality

    Expected: true
    Received: false

      234 |       });
      235 |
    > 236 |       expect(registerResponse.ok).toBe(true);
          |                                   ^
      237 |       const userId = registerResponse.data?.userId;
      238 |       const token = registerResponse.data?.token;
      239 |
        at C:\repos\patriotchat\apps\api-e2e\src\workflows\telemetry-validation.spec.ts:236:35
]]>
</failure>
</testcase>
<testcase name="E2E Telemetry &amp; WebSocket Validation › Telemetry Performance › Should not block main request for telemetry" classname="workflows\telemetry-validation.spec.ts" time="0.363">
<failure message="telemetry-validation.spec.ts:271:9 Should not block main request for telemetry" type="FAILURE">
<![CDATA[  [chromium] › workflows\telemetry-validation.spec.ts:271:9 › E2E Telemetry & WebSocket Validation › Telemetry Performance › Should not block main request for telemetry 

    Error: expect(received).toBe(expected) // Object.is equality

    Expected: true
    Received: false

      287 |       const duration = Date.now() - startTime;
      288 |
    > 289 |       expect(registerResponse.ok).toBe(true);
          |                                   ^
      290 |       // Registration should be fast (telemetry should be async)
      291 |       expect(duration).toBeLessThan(5000);
      292 |       console.log(
        at C:\repos\patriotchat\apps\api-e2e\src\workflows\telemetry-validation.spec.ts:289:35
]]>
</failure>
</testcase>
<testcase name="E2E Telemetry &amp; WebSocket Validation › Telemetry Performance › Should handle high-volume analytics events" classname="workflows\telemetry-validation.spec.ts" time="0.328">
<failure message="telemetry-validation.spec.ts:297:9 Should handle high-volume analytics events" type="FAILURE">
<![CDATA[  [chromium] › workflows\telemetry-validation.spec.ts:297:9 › E2E Telemetry & WebSocket Validation › Telemetry Performance › Should handle high-volume analytics events 

    Error: expect(received).toBe(expected) // Object.is equality

    Expected: true
    Received: false

      310 |       });
      311 |
    > 312 |       expect(registerResponse.ok).toBe(true);
          |                                   ^
      313 |       const userId = registerResponse.data?.userId;
      314 |
      315 |       // Send high volume of events rapidly
        at C:\repos\patriotchat\apps\api-e2e\src\workflows\telemetry-validation.spec.ts:312:35
]]>
</failure>
</testcase>
<testcase name="E2E Telemetry &amp; WebSocket Validation › WebSocket Stability (Real-time Events) › Should maintain health status endpoint" classname="workflows\telemetry-validation.spec.ts" time="0.038">
<system-out>
<![CDATA[✓ Health endpoint operational
]]>
</system-out>
</testcase>
<testcase name="E2E Telemetry &amp; WebSocket Validation › WebSocket Stability (Real-time Events) › Should report ready status when dependencies available" classname="workflows\telemetry-validation.spec.ts" time="0.029">
<failure message="telemetry-validation.spec.ts:356:9 Should report ready status when dependencies available" type="FAILURE">
<![CDATA[  [chromium] › workflows\telemetry-validation.spec.ts:356:9 › E2E Telemetry & WebSocket Validation › WebSocket Stability (Real-time Events) › Should report ready status when dependencies available 

    Error: expect(received).toBeLessThan(expected)

    Expected: < 500
    Received:   503

      362 |
      363 |       // Should be ready or not ready, but endpoint should exist
    > 364 |       expect(readyResponse.status).toBeLessThan(500);
          |                                    ^
      365 |       console.log(
      366 |         `✓ Readiness check available (status: ${readyResponse.status})`,
      367 |       );
        at C:\repos\patriotchat\apps\api-e2e\src\workflows\telemetry-validation.spec.ts:364:36
]]>
</failure>
</testcase>
<testcase name="E2E Telemetry &amp; WebSocket Validation › WebSocket Stability (Real-time Events) › Should provide consistent health metrics" classname="workflows\telemetry-validation.spec.ts" time="0.056">
<system-out>
<![CDATA[✓ Consistent health metrics across checks
]]>
</system-out>
</testcase>
<testcase name="E2E Telemetry &amp; WebSocket Validation › WebSocket Stability (Real-time Events) › Should handle telemetry service connection" classname="workflows\telemetry-validation.spec.ts" time="0.335">
<failure message="telemetry-validation.spec.ts:391:9 Should handle telemetry service connection" type="FAILURE">
<![CDATA[  [chromium] › workflows\telemetry-validation.spec.ts:391:9 › E2E Telemetry & WebSocket Validation › WebSocket Stability (Real-time Events) › Should handle telemetry service connection 

    Error: expect(received).toBe(expected) // Object.is equality

    Expected: true
    Received: false

      404 |       });
      405 |
    > 406 |       expect(registerResponse.ok).toBe(true);
          |                                   ^
      407 |       console.log(
      408 |         `✓ Telemetry service connection maintained during registration`,
      409 |       );
        at C:\repos\patriotchat\apps\api-e2e\src\workflows\telemetry-validation.spec.ts:406:35
]]>
</failure>
</testcase>
<testcase name="E2E Telemetry &amp; WebSocket Validation › End-to-End Message Flow › Should flow events through complete pipeline" classname="workflows\telemetry-validation.spec.ts" time="0.355">
<failure message="telemetry-validation.spec.ts:425:9 Should flow events through complete pipeline" type="FAILURE">
<![CDATA[  [chromium] › workflows\telemetry-validation.spec.ts:425:9 › E2E Telemetry & WebSocket Validation › End-to-End Message Flow › Should flow events through complete pipeline 

    Error: expect(received).toBe(expected) // Object.is equality

    Expected: true
    Received: false

      439 |       });
      440 |
    > 441 |       expect(registerResponse.ok).toBe(true);
          |                                   ^
      442 |       const userId = registerResponse.data?.userId;
      443 |       const token = registerResponse.data?.token;
      444 |       console.log(`✓ Step 1: User registered`);
        at C:\repos\patriotchat\apps\api-e2e\src\workflows\telemetry-validation.spec.ts:441:35
]]>
</failure>
</testcase>
</testsuite>
<testsuite name="workflows\user-journey.spec.ts" timestamp="2026-02-06T03:04:11.257Z" hostname="chromium" tests="9" failures="8" skipped="1" time="2.709" errors="0">
<testcase name="E2E Workflows › User Registration &amp; Login Flow › Should complete full registration workflow" classname="workflows\user-journey.spec.ts" time="0.349">
<failure message="user-journey.spec.ts:7:9 Should complete full registration workflow" type="FAILURE">
<![CDATA[  [chromium] › workflows\user-journey.spec.ts:7:9 › E2E Workflows › User Registration & Login Flow › Should complete full registration workflow 

    Error: expect(received).toBe(expected) // Object.is equality

    Expected: true
    Received: false

      20 |       });
      21 |
    > 22 |       expect(registerResponse.ok).toBe(true);
         |                                   ^
      23 |       expect(registerResponse.data?.userId).toBeDefined();
      24 |       expect(registerResponse.data?.token).toBeDefined();
      25 |       console.log(`✓ User registered: ${testUser.email}`);
        at C:\repos\patriotchat\apps\api-e2e\src\workflows\user-journey.spec.ts:22:35
]]>
</failure>
</testcase>
<testcase name="E2E Workflows › User Registration &amp; Login Flow › Should complete full login workflow" classname="workflows\user-journey.spec.ts" time="0.315">
<failure message="user-journey.spec.ts:43:9 Should complete full login workflow" type="FAILURE">
<![CDATA[  [chromium] › workflows\user-journey.spec.ts:43:9 › E2E Workflows › User Registration & Login Flow › Should complete full login workflow 

    Error: expect(received).toBe(expected) // Object.is equality

    Expected: true
    Received: false

      56 |       });
      57 |
    > 58 |       expect(registerResponse.ok).toBe(true);
         |                                   ^
      59 |       console.log(`✓ User registered`);
      60 |
      61 |       // Step 1: Login
        at C:\repos\patriotchat\apps\api-e2e\src\workflows\user-journey.spec.ts:58:35
]]>
</failure>
</testcase>
<testcase name="E2E Workflows › Query &amp; Inference Workflow › Should execute complete query workflow" classname="workflows\user-journey.spec.ts" time="0.357">
<failure message="user-journey.spec.ts:92:9 Should execute complete query workflow" type="FAILURE">
<![CDATA[  [chromium] › workflows\user-journey.spec.ts:92:9 › E2E Workflows › Query & Inference Workflow › Should execute complete query workflow 

    Error: expect(received).toBe(expected) // Object.is equality

    Expected: true
    Received: false

      106 |       });
      107 |
    > 108 |       expect(registerResponse.ok).toBe(true);
          |                                   ^
      109 |       const token = registerResponse.data?.token;
      110 |       console.log(`✓ User authenticated`);
      111 |
        at C:\repos\patriotchat\apps\api-e2e\src\workflows\user-journey.spec.ts:108:35
]]>
</failure>
</testcase>
<testcase name="E2E Workflows › Query &amp; Inference Workflow › Should support multiple queries in session" classname="workflows\user-journey.spec.ts" time="0">
<skipped>
</skipped>
</testcase>
<testcase name="E2E Workflows › Cross-Service Integration › Should coordinate between auth and inference services" classname="workflows\user-journey.spec.ts" time="0.33">
<failure message="user-journey.spec.ts:197:9 Should coordinate between auth and inference services" type="FAILURE">
<![CDATA[  [chromium] › workflows\user-journey.spec.ts:197:9 › E2E Workflows › Cross-Service Integration › Should coordinate between auth and inference services 

    Error: expect(received).toBe(expected) // Object.is equality

    Expected: true
    Received: false

      210 |       });
      211 |
    > 212 |       expect(registerResponse.ok).toBe(true);
          |                                   ^
      213 |       const token = registerResponse.data?.token;
      214 |       console.log(`✓ Auth service: User registered`);
      215 |
        at C:\repos\patriotchat\apps\api-e2e\src\workflows\user-journey.spec.ts:212:35
]]>
</failure>
</testcase>
<testcase name="E2E Workflows › Cross-Service Integration › Should maintain session across services" classname="workflows\user-journey.spec.ts" time="0.334">
<failure message="user-journey.spec.ts:242:9 Should maintain session across services" type="FAILURE">
<![CDATA[  [chromium] › workflows\user-journey.spec.ts:242:9 › E2E Workflows › Cross-Service Integration › Should maintain session across services 

    Error: expect(received).toBe(expected) // Object.is equality

    Expected: true
    Received: false

      255 |       });
      256 |
    > 257 |       expect(registerResponse.ok).toBe(true);
          |                                   ^
      258 |       const token = registerResponse.data?.token;
      259 |       const userId = registerResponse.data?.userId;
      260 |
        at C:\repos\patriotchat\apps\api-e2e\src\workflows\user-journey.spec.ts:257:35
]]>
</failure>
</testcase>
<testcase name="E2E Workflows › Error Handling &amp; Recovery › Should handle invalid credentials gracefully" classname="workflows\user-journey.spec.ts" time="0.345">
<failure message="user-journey.spec.ts:298:9 Should handle invalid credentials gracefully" type="FAILURE">
<![CDATA[  [chromium] › workflows\user-journey.spec.ts:298:9 › E2E Workflows › Error Handling & Recovery › Should handle invalid credentials gracefully 

    Error: expect(received).toBe(expected) // Object.is equality

    Expected: true
    Received: false

      311 |       });
      312 |
    > 313 |       expect(registerResponse.ok).toBe(true);
          |                                   ^
      314 |
      315 |       // Try login with wrong password
      316 |       const loginResponse = await apiRequest({
        at C:\repos\patriotchat\apps\api-e2e\src\workflows\user-journey.spec.ts:313:35
]]>
</failure>
</testcase>
<testcase name="E2E Workflows › Error Handling &amp; Recovery › Should recover from service failures" classname="workflows\user-journey.spec.ts" time="0.352">
<failure message="user-journey.spec.ts:333:9 Should recover from service failures" type="FAILURE">
<![CDATA[  [chromium] › workflows\user-journey.spec.ts:333:9 › E2E Workflows › Error Handling & Recovery › Should recover from service failures 

    Error: expect(received).toBe(expected) // Object.is equality

    Expected: true
    Received: false

      346 |       });
      347 |
    > 348 |       expect(registerResponse.ok).toBe(true);
          |                                   ^
      349 |       const token = registerResponse.data?.token;
      350 |
      351 |       // Make request that might fail
        at C:\repos\patriotchat\apps\api-e2e\src\workflows\user-journey.spec.ts:348:35
]]>
</failure>
</testcase>
<testcase name="E2E Workflows › Error Handling &amp; Recovery › Should handle invalid requests properly" classname="workflows\user-journey.spec.ts" time="0.327">
<failure message="user-journey.spec.ts:370:9 Should handle invalid requests properly" type="FAILURE">
<![CDATA[  [chromium] › workflows\user-journey.spec.ts:370:9 › E2E Workflows › Error Handling & Recovery › Should handle invalid requests properly 

    Error: expect(received).toBe(expected) // Object.is equality

    Expected: true
    Received: false

      383 |       });
      384 |
    > 385 |       expect(registerResponse.ok).toBe(true);
          |                                   ^
      386 |       const token = registerResponse.data?.token;
      387 |
      388 |       // Make invalid request (missing required fields)
        at C:\repos\patriotchat\apps\api-e2e\src\workflows\user-journey.spec.ts:385:35
]]>
</failure>
</testcase>
</testsuite>
<testsuite name="critical-requirements\audit-trail.spec.ts" timestamp="2026-02-06T03:04:11.257Z" hostname="firefox" tests="5" failures="5" skipped="0" time="1.723" errors="0">
<testcase name="Critical Requirement: Audit Trail (Immutable PostgreSQL Logs) › User Action Logging › Should log user registration" classname="critical-requirements\audit-trail.spec.ts" time="0.343">
<failure message="audit-trail.spec.ts:7:9 Should log user registration" type="FAILURE">
<![CDATA[  [firefox] › critical-requirements\audit-trail.spec.ts:7:9 › Critical Requirement: Audit Trail (Immutable PostgreSQL Logs) › User Action Logging › Should log user registration 

    Error: expect(received).toBe(expected) // Object.is equality

    Expected: true
    Received: false

      19 |       });
      20 |
    > 21 |       expect(registerResponse.ok).toBe(true);
         |                                   ^
      22 |       expect(registerResponse.data?.userId).toBeDefined();
      23 |       console.log(`✓ Registration logged for user: ${testUser.email}`);
      24 |
        at C:\repos\patriotchat\apps\api-e2e\src\critical-requirements\audit-trail.spec.ts:21:35
]]>
</failure>
</testcase>
<testcase name="Critical Requirement: Audit Trail (Immutable PostgreSQL Logs) › User Action Logging › Should log user login" classname="critical-requirements\audit-trail.spec.ts" time="0.341">
<failure message="audit-trail.spec.ts:39:9 Should log user login" type="FAILURE">
<![CDATA[  [firefox] › critical-requirements\audit-trail.spec.ts:39:9 › Critical Requirement: Audit Trail (Immutable PostgreSQL Logs) › User Action Logging › Should log user login 

    Error: expect(received).toBe(expected) // Object.is equality

    Expected: true
    Received: false

      52 |       });
      53 |
    > 54 |       expect(registerResponse.ok).toBe(true);
         |                                   ^
      55 |
      56 |       // Login
      57 |       const loginResponse = await apiRequest({
        at C:\repos\patriotchat\apps\api-e2e\src\critical-requirements\audit-trail.spec.ts:54:35
]]>
</failure>
</testcase>
<testcase name="Critical Requirement: Audit Trail (Immutable PostgreSQL Logs) › Query Tracking › Should track LLM inference queries" classname="critical-requirements\audit-trail.spec.ts" time="0.346">
<failure message="audit-trail.spec.ts:87:9 Should track LLM inference queries" type="FAILURE">
<![CDATA[  [firefox] › critical-requirements\audit-trail.spec.ts:87:9 › Critical Requirement: Audit Trail (Immutable PostgreSQL Logs) › Query Tracking › Should track LLM inference queries 

    Error: expect(received).toBe(expected) // Object.is equality

    Expected: true
    Received: false

      100 |       });
      101 |
    > 102 |       expect(registerResponse.ok).toBe(true);
          |                                   ^
      103 |       const token = registerResponse.data?.token;
      104 |
      105 |       // Make inference request
        at C:\repos\patriotchat\apps\api-e2e\src\critical-requirements\audit-trail.spec.ts:102:35
]]>
</failure>
</testcase>
<testcase name="Critical Requirement: Audit Trail (Immutable PostgreSQL Logs) › Log Integrity › Logs should be immutable (no modification possible)" classname="critical-requirements\audit-trail.spec.ts" time="0.35">
<failure message="audit-trail.spec.ts:133:9 Logs should be immutable (no modification possible)" type="FAILURE">
<![CDATA[  [firefox] › critical-requirements\audit-trail.spec.ts:133:9 › Critical Requirement: Audit Trail (Immutable PostgreSQL Logs) › Log Integrity › Logs should be immutable (no modification possible) 

    Error: expect(received).toBe(expected) // Object.is equality

    Expected: true
    Received: false

      147 |       });
      148 |
    > 149 |       expect(registerResponse.ok).toBe(true);
          |                                   ^
      150 |       const userId = registerResponse.data?.userId;
      151 |
      152 |       // Attempt to modify audit log (should fail)
        at C:\repos\patriotchat\apps\api-e2e\src\critical-requirements\audit-trail.spec.ts:149:35
]]>
</failure>
</testcase>
<testcase name="Critical Requirement: Audit Trail (Immutable PostgreSQL Logs) › Log Integrity › All audit operations should be timestamped" classname="critical-requirements\audit-trail.spec.ts" time="0.343">
<failure message="audit-trail.spec.ts:167:9 All audit operations should be timestamped" type="FAILURE">
<![CDATA[  [firefox] › critical-requirements\audit-trail.spec.ts:167:9 › Critical Requirement: Audit Trail (Immutable PostgreSQL Logs) › Log Integrity › All audit operations should be timestamped 

    Error: expect(received).toBe(expected) // Object.is equality

    Expected: true
    Received: false

      179 |       });
      180 |
    > 181 |       expect(registerResponse.ok).toBe(true);
          |                                   ^
      182 |
[...]
]]>
</failure>
</testcase>
</testsuite>
<testsuite name="workflows\telemetry-validation.spec.ts" timestamp="2026-02-06T03:04:11.257Z" hostname="webkit" tests="14" failures="11" skipped="0" time="3.56" errors="0">
<testcase name="E2E Telemetry &amp; WebSocket Validation › Event Telemetry Pipeline › Should capture user registration events" classname="workflows\telemetry-validation.spec.ts" time="0.362">
<failure message="telemetry-validation.spec.ts:7:9 Should capture user registration events" type="FAILURE">
<![CDATA[  [webkit] › workflows\telemetry-validation.spec.ts:7:9 › E2E Telemetry & WebSocket Validation › Event Telemetry Pipeline › Should capture user registration events 

    Error: expect(received).toBe(expected) // Object.is equality

    Expected: true
    Received: false

      19 |       });
      20 |
    > 21 |       expect(registerResponse.ok).toBe(true);
         |                                   ^
      22 |       const userId = registerResponse.data?.userId;
      23 |       console.log(`✓ Registration event should be captured: ${userId}`);
      24 |
        at C:\repos\patriotchat\apps\api-e2e\src\workflows\telemetry-validation.spec.ts:21:35
]]>
</failure>
</testcase>
<testcase name="E2E Telemetry &amp; WebSocket Validation › Event Telemetry Pipeline › Should capture authentication events" classname="workflows\telemetry-validation.spec.ts" time="0.352">
<failure message="telemetry-validation.spec.ts:36:9 Should capture authentication events" type="FAILURE">
<![CDATA[  [webkit] › workflows\telemetry-validation.spec.ts:36:9 › E2E Telemetry & WebSocket Validation › Event Telemetry Pipeline › Should capture authentication events 

    Error: expect(received).toBe(expected) // Object.is equality

    Expected: true
    Received: false

      49 |       });
      50 |
    > 51 |       expect(registerResponse.ok).toBe(true);
         |                                   ^
      52 |       const userId = registerResponse.data?.userId;
      53 |
      54 |       // Login
        at C:\repos\patriotchat\apps\api-e2e\src\workflows\telemetry-validation.spec.ts:51:35
]]>
</failure>
</testcase>
<testcase name="E2E Telemetry &amp; WebSocket Validation › Event Telemetry Pipeline › Should capture inference execution events" classname="workflows\telemetry-validation.spec.ts" time="0.329">
<failure message="telemetry-validation.spec.ts:79:9 Should capture inference execution events" type="FAILURE">
<![CDATA[  [webkit] › workflows\telemetry-validation.spec.ts:79:9 › E2E Telemetry & WebSocket Validation › Event Telemetry Pipeline › Should capture inference execution events 

    Error: expect(received).toBe(expected) // Object.is equality

    Expected: true
    Received: false

      93 |       });
      94 |
    > 95 |       expect(registerResponse.ok).toBe(true);
         |                                   ^
      96 |       const userId = registerResponse.data?.userId;
      97 |       const token = registerResponse.data?.token;
      98 |
        at C:\repos\patriotchat\apps\api-e2e\src\workflows\telemetry-validation.spec.ts:95:35
]]>
</failure>
</testcase>
<testcase name="E2E Telemetry &amp; WebSocket Validation › Event Telemetry Pipeline › Should batch analytics events efficiently" classname="workflows\telemetry-validation.spec.ts" time="0.34">
<failure message="telemetry-validation.spec.ts:125:9 Should batch analytics events efficiently" type="FAILURE">
<![CDATA[  [webkit] › workflows\telemetry-validation.spec.ts:125:9 › E2E Telemetry & WebSocket Validation › Event Telemetry Pipeline › Should batch analytics events efficiently 

    Error: expect(received).toBe(expected) // Object.is equality

    Expected: true
    Received: false

      138 |       });
      139 |
    > 140 |       expect(registerResponse.ok).toBe(true);
          |                                   ^
      141 |       const userId = registerResponse.data?.userId;
      142 |       // Token obtained but not needed for analytics tracking in this test
      143 |       void registerResponse.data?.token;
        at C:\repos\patriotchat\apps\api-e2e\src\workflows\telemetry-validation.spec.ts:140:35
]]>
</failure>
</testcase>
<testcase name="E2E Telemetry &amp; WebSocket Validation › Telemetry Data Quality › Should include required telemetry fields" classname="workflows\telemetry-validation.spec.ts" time="0.359">
<failure message="telemetry-validation.spec.ts:177:9 Should include required telemetry fields" type="FAILURE">
<![CDATA[  [webkit] › workflows\telemetry-validation.spec.ts:177:9 › E2E Telemetry & WebSocket Validation › Telemetry Data Quality › Should include required telemetry fields 

    Error: expect(received).toBe(expected) // Object.is equality

    Expected: true
    Received: false

      190 |       });
      191 |
    > 192 |       expect(registerResponse.ok).toBe(true);
          |                                   ^
      193 |       const userId = registerResponse.data?.userId;
      194 |
      195 |       // Response should contain user ID for tracking
        at C:\repos\patriotchat\apps\api-e2e\src\workflows\telemetry-validation.spec.ts:192:35
]]>
</failure>
</testcase>
<testcase name="E2E Telemetry &amp; WebSocket Validation › Telemetry Data Quality › Should handle invalid telemetry gracefully" classname="workflows\telemetry-validation.spec.ts" time="0.025">
<system-out>
<![CDATA[✓ Invalid telemetry event handled gracefully (status: 202)
]]>
</system-out>
</testcase>
<testcase name="E2E Telemetry &amp; WebSocket Validation › Telemetry Data Quality › Should correlate events with user session" classname="workflows\telemetry-validation.spec.ts" time="0.349">
<failure message="telemetry-validation.spec.ts:221:9 Should correlate events with user session" type="FAILURE">
<![CDATA[  [webkit] › workflows\telemetry-validation.spec.ts:221:9 › E2E Telemetry & WebSocket Validation › Telemetry Data Quality › Should correlate events with user session 

    Error: expect(received).toBe(expected) // Object.is equality

    Expected: true
    Received: false

      234 |       });
      235 |
    > 236 |       expect(registerResponse.ok).toBe(true);
          |                                   ^
      237 |       const userId = registerResponse.data?.userId;
      238 |       const token = registerResponse.data?.token;
      239 |
        at C:\repos\patriotchat\apps\api-e2e\src\workflows\telemetry-validation.spec.ts:236:35
]]>
</failure>
</testcase>
<testcase name="E2E Telemetry &amp; WebSocket Validation › Telemetry Performance › Should not block main request for telemetry" classname="workflows\telemetry-validation.spec.ts" time="0.342">
<failure message="telemetry-validation.spec.ts:271:9 Should not block main request for telemetry" type="FAILURE">
<![CDATA[  [webkit] › workflows\telemetry-validation.spec.ts:271:9 › E2E Telemetry & WebSocket Validation › Telemetry Performance › Should not block main request for telemetry 

    Error: expect(received).toBe(expected) // Object.is equality

    Expected: true
    Received: false

      287 |       const duration = Date.now() - startTime;
      288 |
    > 289 |       expect(registerResponse.ok).toBe(true);
          |                                   ^
      290 |       // Registration should be fast (telemetry should be async)
      291 |       expect(duration).toBeLessThan(5000);
      292 |       console.log(
        at C:\repos\patriotchat\apps\api-e2e\src\workflows\telemetry-validation.spec.ts:289:35
]]>
</failure>
</testcase>
<testcase name="E2E Telemetry &amp; WebSocket Validation › Telemetry Performance › Should handle high-volume analytics events" classname="workflows\telemetry-validation.spec.ts" time="0.346">
<failure message="telemetry-validation.spec.ts:297:9 Should handle high-volume analytics events" type="FAILURE">
<![CDATA[  [webkit] › workflows\telemetry-validation.spec.ts:297:9 › E2E Telemetry & WebSocket Validation › Telemetry Performance › Should handle high-volume analytics events 

    Error: expect(received).toBe(expected) // Object.is equality

    Expected: true
    Received: false

      310 |       });
      311 |
    > 312 |       expect(registerResponse.ok).toBe(true);
          |                                   ^
      313 |       const userId = registerResponse.data?.userId;
      314 |
      315 |       // Send high volume of events rapidly
        at C:\repos\patriotchat\apps\api-e2e\src\workflows\telemetry-validation.spec.ts:312:35
]]>
</failure>
</testcase>
<testcase name="E2E Telemetry &amp; WebSocket Validation › WebSocket Stability (Real-time Events) › Should maintain health status endpoint" classname="workflows\telemetry-validation.spec.ts" time="0.024">
<system-out>
<![CDATA[✓ Health endpoint operational
]]>
</system-out>
</testcase>
<testcase name="E2E Telemetry &amp; WebSocket Validation › WebSocket Stability (Real-time Events) › Should report ready status when dependencies available" classname="workflows\telemetry-validation.spec.ts" time="0.022">
<failure message="telemetry-validation.spec.ts:356:9 Should report ready status when dependencies available" type="FAILURE">
<![CDATA[  [webkit] › workflows\telemetry-validation.spec.ts:356:9 › E2E Telemetry & WebSocket Validation › WebSocket Stability (Real-time Events) › Should report ready status when dependencies available 

    Error: expect(received).toBeLessThan(expected)

    Expected: < 500
    Received:   503

      362 |
      363 |       // Should be ready or not ready, but endpoint should exist
    > 364 |       expect(readyResponse.status).toBeLessThan(500);
          |                                    ^
      365 |       console.log(
      366 |         `✓ Readiness check available (status: ${readyResponse.status})`,
      367 |       );
        at C:\repos\patriotchat\apps\api-e2e\src\workflows\telemetry-validation.spec.ts:364:36
]]>
</failure>
</testcase>
<testcase name="E2E Telemetry &amp; WebSocket Validation › WebSocket Stability (Real-time Events) › Should provide consistent health metrics" classname="workflows\telemetry-validation.spec.ts" time="0.028">
<system-out>
<![CDATA[✓ Consistent health metrics across checks
]]>
</system-out>
</testcase>
<testcase name="E2E Telemetry &amp; WebSocket Validation › WebSocket Stability (Real-time Events) › Should handle telemetry service connection" classname="workflows\telemetry-validation.spec.ts" time="0.336">
<failure message="telemetry-validation.spec.ts:391:9 Should handle telemetry service connection" type="FAILURE">
<![CDATA[  [webkit] › workflows\telemetry-validation.spec.ts:391:9 › E2E Telemetry & WebSocket Validation › WebSocket Stability (Real-time Events) › Should handle telemetry service connection 

    Error: expect(received).toBe(expected) // Object.is equality

    Expected: true
    Received: false

      404 |       });
      405 |
    > 406 |       expect(registerResponse.ok).toBe(true);
          |                                   ^
      407 |       console.log(
      408 |         `✓ Telemetry service connection maintained during registration`,
      409 |       );
        at C:\repos\patriotchat\apps\api-e2e\src\workflows\telemetry-validation.spec.ts:406:35
]]>
</failure>
</testcase>
<testcase name="E2E Telemetry &amp; WebSocket Validation › End-to-End Message Flow › Should flow events through complete pipeline" classname="workflows\telemetry-validation.spec.ts" time="0.346">
<failure message="telemetry-validation.spec.ts:425:9 Should flow events through complete pipeline" type="FAILURE">
<![CDATA[  [webkit] › workflows\telemetry-validation.spec.ts:425:9 › E2E Telemetry & WebSocket Validation › End-to-End Message Flow › Should flow events through complete pipeline 

    Error: expect(received).toBe(expected) // Object.is equality

    Expected: true
    Received: false

      439 |       });
      440 |
    > 441 |       expect(registerResponse.ok).toBe(true);
          |                                   ^
      442 |       const userId = registerResponse.data?.userId;
      443 |       const token = registerResponse.data?.token;
      444 |       console.log(`✓ Step 1: User registered`);
        at C:\repos\patriotchat\apps\api-e2e\src\workflows\telemetry-validation.spec.ts:441:35
]]>
</failure>
</testcase>
</testsuite>
<testsuite name="workflows\user-journey.spec.ts" timestamp="2026-02-06T03:04:11.257Z" hostname="webkit" tests="9" failures="8" skipped="1" time="2.724" errors="0">
<testcase name="E2E Workflows › User Registration &amp; Login Flow › Should complete full registration workflow" classname="workflows\user-journey.spec.ts" time="0.355">
<failure message="user-journey.spec.ts:7:9 Should complete full registration workflow" type="FAILURE">
<![CDATA[  [webkit] › workflows\user-journey.spec.ts:7:9 › E2E Workflows › User Registration & Login Flow › Should complete full registration workflow 

    Error: expect(received).toBe(expected) // Object.is equality

    Expected: true
    Received: false

      20 |       });
      21 |
    > 22 |       expect(registerResponse.ok).toBe(true);
         |                                   ^
      23 |       expect(registerResponse.data?.userId).toBeDefined();
      24 |       expect(registerResponse.data?.token).toBeDefined();
      25 |       console.log(`✓ User registered: ${testUser.email}`);
        at C:\repos\patriotchat\apps\api-e2e\src\workflows\user-journey.spec.ts:22:35
]]>
</failure>
</testcase>
<testcase name="E2E Workflows › User Registration &amp; Login Flow › Should complete full login workflow" classname="workflows\user-journey.spec.ts" time="0.347">
<failure message="user-journey.spec.ts:43:9 Should complete full login workflow" type="FAILURE">
<![CDATA[  [webkit] › workflows\user-journey.spec.ts:43:9 › E2E Workflows › User Registration & Login Flow › Should complete full login workflow 

    Error: expect(received).toBe(expected) // Object.is equality

    Expected: true
    Received: false

      56 |       });
      57 |
    > 58 |       expect(registerResponse.ok).toBe(true);
         |                                   ^
      59 |       console.log(`✓ User registered`);
      60 |
      61 |       // Step 1: Login
        at C:\repos\patriotchat\apps\api-e2e\src\workflows\user-journey.spec.ts:58:35
]]>
</failure>
</testcase>
<testcase name="E2E Workflows › Query &amp; Inference Workflow › Should execute complete query workflow" classname="workflows\user-journey.spec.ts" time="0.335">
<failure message="user-journey.spec.ts:92:9 Should execute complete query workflow" type="FAILURE">
<![CDATA[  [webkit] › workflows\user-journey.spec.ts:92:9 › E2E Workflows › Query & Inference Workflow › Should execute complete query workflow 

    Error: expect(received).toBe(expected) // Object.is equality

    Expected: true
    Received: false

      106 |       });
      107 |
    > 108 |       expect(registerResponse.ok).toBe(true);
          |                                   ^
      109 |       const token = registerResponse.data?.token;
      110 |       console.log(`✓ User authenticated`);
      111 |
        at C:\repos\patriotchat\apps\api-e2e\src\workflows\user-journey.spec.ts:108:35
]]>
</failure>
</testcase>
<testcase name="E2E Workflows › Query &amp; Inference Workflow › Should support multiple queries in session" classname="workflows\user-journey.spec.ts" time="0">
<skipped>
</skipped>
</testcase>
<testcase name="E2E Workflows › Cross-Service Integration › Should coordinate between auth and inference services" classname="workflows\user-journey.spec.ts" time="0.336">
<failure message="user-journey.spec.ts:197:9 Should coordinate between auth and inference services" type="FAILURE">
<![CDATA[  [webkit] › workflows\user-journey.spec.ts:197:9 › E2E Workflows › Cross-Service Integration › Should coordinate between auth and inference services 

    Error: expect(received).toBe(expected) // Object.is equality

    Expected: true
    Received: false

      210 |       });
      211 |
    > 212 |       expect(registerResponse.ok).toBe(true);
          |                                   ^
      213 |       const token = registerResponse.data?.token;
      214 |       console.log(`✓ Auth service: User registered`);
      215 |
        at C:\repos\patriotchat\apps\api-e2e\src\workflows\user-journey.spec.ts:212:35
]]>
</failure>
</testcase>
<testcase name="E2E Workflows › Cross-Service Integration › Should maintain session across services" classname="workflows\user-journey.spec.ts" time="0.334">
<failure message="user-journey.spec.ts:242:9 Should maintain session across services" type="FAILURE">
<![CDATA[  [webkit] › workflows\user-journey.spec.ts:242:9 › E2E Workflows › Cross-Service Integration › Should maintain session across services 

    Error: expect(received).toBe(expected) // Object.is equality

    Expected: true
    Received: false

      255 |       });
      256 |
    > 257 |       expect(registerResponse.ok).toBe(true);
          |                                   ^
      258 |       const token = registerResponse.data?.token;
      259 |       const userId = registerResponse.data?.userId;
      260 |
        at C:\repos\patriotchat\apps\api-e2e\src\workflows\user-journey.spec.ts:257:35
]]>
</failure>
</testcase>
<testcase name="E2E Workflows › Error Handling &amp; Recovery › Should handle invalid credentials gracefully" classname="workflows\user-journey.spec.ts" time="0.332">
<failure message="user-journey.spec.ts:298:9 Should handle invalid credentials gracefully" type="FAILURE">
<![CDATA[  [webkit] › workflows\user-journey.spec.ts:298:9 › E2E Workflows › Error Handling & Recovery › Should handle invalid credentials gracefully 

    Error: expect(received).toBe(expected) // Object.is equality

    Expected: true
    Received: false

      311 |       });
      312 |
    > 313 |       expect(registerResponse.ok).toBe(true);
          |                                   ^
      314 |
      315 |       // Try login with wrong password
      316 |       const loginResponse = await apiRequest({
        at C:\repos\patriotchat\apps\api-e2e\src\workflows\user-journey.spec.ts:313:35
]]>
</failure>
</testcase>
<testcase name="E2E Workflows › Error Handling &amp; Recovery › Should recover from service failures" classname="workflows\user-journey.spec.ts" time="0.342">
<failure message="user-journey.spec.ts:333:9 Should recover from service failures" type="FAILURE">
<![CDATA[  [webkit] › workflows\user-journey.spec.ts:333:9 › E2E Workflows › Error Handling & Recovery › Should recover from service failures 

    Error: expect(received).toBe(expected) // Object.is equality

    Expected: true
    Received: false

      346 |       });
      347 |
    > 348 |       expect(registerResponse.ok).toBe(true);
          |                                   ^
      349 |       const token = registerResponse.data?.token;
      350 |
      351 |       // Make request that might fail
        at C:\repos\patriotchat\apps\api-e2e\src\workflows\user-journey.spec.ts:348:35
]]>
</failure>
</testcase>
<testcase name="E2E Workflows › Error Handling &amp; Recovery › Should handle invalid requests properly" classname="workflows\user-journey.spec.ts" time="0.343">
<failure message="user-journey.spec.ts:370:9 Should handle invalid requests properly" type="FAILURE">
<![CDATA[  [webkit] › workflows\user-journey.spec.ts:370:9 › E2E Workflows › Error Handling & Recovery › Should handle invalid requests properly 

    Error: expect(received).toBe(expected) // Object.is equality

    Expected: true
    Received: false

      383 |       });
      384 |
    > 385 |       expect(registerResponse.ok).toBe(true);
          |                                   ^
      386 |       const token = registerResponse.data?.token;
      387 |
      388 |       // Make invalid request (missing required fields)
        at C:\repos\patriotchat\apps\api-e2e\src\workflows\user-journey.spec.ts:385:35
]]>
</failure>
</testcase>
</testsuite>
</testsuites>